 
ANSYS Electronics Desktop Version 2021.1.0, Build: 2020-11-16 21:49:12
Location: D:\Program Files\AnsysEM\AnsysEM21.1\Win64\ansysedt.exe
Batch Solve/Save: d:\andre\paper_sweeps\project_storage\clt_sweep_3970um_140um.aedt
Starting Batch Run: 9:21:06 PM  Nov 09, 2023
Running as user: DTS\lfl
Temp directory: D:\lfl\AppData\Local\Temp
Project directory: D:\lfl\Documents\Ansoft
Simulation settings:

Design type: HFSS
Allow off core: True
Using automatic settings
16 optimetrics variations will be solved simultaneously.
Partitions:
Machine: localhost, Cores: 1, GPUs: 0, GPU Indexes:<>, RAM pct: 5.625000
Machine: localhost, Cores: 1, GPUs: 0, GPU Indexes:<>, RAM pct: 5.625000
Machine: localhost, Cores: 1, GPUs: 0, GPU Indexes:<>, RAM pct: 5.625000
Machine: localhost, Cores: 1, GPUs: 0, GPU Indexes:<>, RAM pct: 5.625000
Machine: localhost, Cores: 1, GPUs: 0, GPU Indexes:<>, RAM pct: 5.625000
Machine: localhost, Cores: 1, GPUs: 0, GPU Indexes:<>, RAM pct: 5.625000
Machine: localhost, Cores: 1, GPUs: 0, GPU Indexes:<>, RAM pct: 5.625000
Machine: localhost, Cores: 1, GPUs: 0, GPU Indexes:<>, RAM pct: 5.625000
Machine: localhost, Cores: 1, GPUs: 0, GPU Indexes:<>, RAM pct: 5.625000
Machine: localhost, Cores: 1, GPUs: 0, GPU Indexes:<>, RAM pct: 5.625000
Machine: localhost, Cores: 1, GPUs: 0, GPU Indexes:<>, RAM pct: 5.625000
Machine: localhost, Cores: 1, GPUs: 0, GPU Indexes:<>, RAM pct: 5.625000
Machine: localhost, Cores: 1, GPUs: 0, GPU Indexes:<>, RAM pct: 5.625000
Machine: localhost, Cores: 1, GPUs: 0, GPU Indexes:<>, RAM pct: 5.625000
Machine: localhost, Cores: 1, GPUs: 0, GPU Indexes:<>, RAM pct: 5.625000
Machine: localhost, Cores: 1, GPUs: 0, GPU Indexes:<>, RAM pct: 5.625000

Machines:
localhost RAM: 90%, 16 cores, 1 GPUs

[info] Using command line: "D:\Program Files\AnsysEM\AnsysEM21.1\Win64\ansysedt.exe -jobid RSM_1031 -distributed -machinelist list=localhost:-1:16:90%:1 -auto NumDistributedVariations=16 -monitor -waitforlicense -useelectronicsppe -ng -batchoptions  'HFSS/AllowOffCore'=1 'HFSS/DefaultProcessPriority'='Normal' 'HFSS/EnableGPU'=0 'HFSS/EnableGPUForSBR'=1 'HFSS/MPIVendor'='Intel' 'HFSS/RemoteSpawnCommand'='SSH' -batchsolve d:\andre\paper_sweeps\project_storage\clt_sweep_3970um_140um.aedt".
[info] Project:clt_sweep_3970um_140um, Setup : [PROFILE] Solution Process : Time:  11/09/2023 21:21:11; Host: DTS-MJ0GK06Y; Processor: 32; OS: NT 10.0; HFSS Version 2021.1.0 (9:21:11 PM  Nov 09, 2023)
[info] Project:clt_sweep_3970um_140um, Setup : [PROFILE]        Executing from D:\Program Files\AnsysEM\AnsysEM21.1\Win64\HFSSCOMENGINE.exe (9:21:11 PM  Nov 09, 2023)
[info] Project:clt_sweep_3970um_140um, Setup : [PROFILE]        HPC Enabled (9:21:11 PM  Nov 09, 2023)
[info] Project:clt_sweep_3970um_140um, Setup : [PROFILE]        Allow off core: True (9:21:11 PM  Nov 09, 2023)
[info] Project:clt_sweep_3970um_140um, Setup : [PROFILE]        Using automatic settings (9:21:11 PM  Nov 09, 2023)
[info] Project:clt_sweep_3970um_140um, Setup : [PROFILE]        Machines: (9:21:11 PM  Nov 09, 2023)
[info] Project:clt_sweep_3970um_140um, Setup : [PROFILE]        DTS-MJ0GK06Y [128 GB]: RAM Limit: 90.000000%, 16 cores (9:21:11 PM  Nov 09, 2023)
[info] Project:clt_sweep_3970um_140um, Setup : [PROFILE]        Solution Basis Order: Mixed (9:21:11 PM  Nov 09, 2023)
[error] Project:clt_sweep_3970um_140um, Design:CavitySweep (Eigenmode), There are no objects in the design. (9:21:11 PM  Nov 09, 2023)
[info] Project:clt_sweep_3970um_140um, Setup : [PROFILE] Design Validation : Elapsed time : 00:00:00 , HFSS ComEngine Memory : 127 M (9:21:11 PM  Nov 09, 2023)
[info] Project:clt_sweep_3970um_140um, Setup : [PROFILE]        Perform full validations with standard port validations (9:21:11 PM  Nov 09, 2023)
[info] Project:clt_sweep_3970um_140um, Setup : [PROFILE]        Time:  11/09/2023 21:21:11, Status: Engine Detected Error (9:21:11 PM  Nov 09, 2023)
[info] Project:clt_sweep_3970um_140um, Setup : [PROFILE] Stop : Elapsed time : 00:00:00 , ComEngine Memory : 127 M (9:21:11 PM  Nov 09, 2023)
[error] Project:clt_sweep_3970um_140um, Design:CavitySweep (Eigenmode), Simulation completed with execution error on server: Local Machine. (9:21:11 PM  Nov 09, 2023)
[info] Project:clt_sweep_3970um_140um, Setup : [PROFILE] Solution Process : Time:  11/09/2023 21:21:14; Host: DTS-MJ0GK06Y; Processor: 32; OS: NT 10.0; HFSS Version 2021.1.0 (9:21:14 PM  Nov 09, 2023)
[info] Project:clt_sweep_3970um_140um, Setup : [PROFILE]        Executing from D:\Program Files\AnsysEM\AnsysEM21.1\Win64\HFSSCOMENGINE.exe (9:21:14 PM  Nov 09, 2023)
[info] Project:clt_sweep_3970um_140um, Setup : [PROFILE]        HPC Enabled (9:21:14 PM  Nov 09, 2023)
[info] Project:clt_sweep_3970um_140um, Setup : [PROFILE]        Allow off core: True (9:21:14 PM  Nov 09, 2023)
[info] Project:clt_sweep_3970um_140um, Setup : [PROFILE]        Using automatic settings (9:21:14 PM  Nov 09, 2023)
[info] Project:clt_sweep_3970um_140um, Setup : [PROFILE]        Machines: (9:21:14 PM  Nov 09, 2023)
[info] Project:clt_sweep_3970um_140um, Setup : [PROFILE]        DTS-MJ0GK06Y [128 GB]: RAM Limit: 90.000000%, 16 cores (9:21:14 PM  Nov 09, 2023)
[info] Project:clt_sweep_3970um_140um, Setup : [PROFILE]        Solution Basis Order: Mixed (9:21:14 PM  Nov 09, 2023)
[info] Project:clt_sweep_3970um_140um, Setup : [PROFILE] Design Validation : Elapsed time : 00:00:00 , HFSS ComEngine Memory : 139 M (9:21:14 PM  Nov 09, 2023)
[info] Project:clt_sweep_3970um_140um, Setup : [PROFILE]        Perform full validations with standard port validations (9:21:14 PM  Nov 09, 2023)
[info] Project:clt_sweep_3970um_140um, Setup : [PROFILE] Initial Meshing : Time:  11/09/2023 21:21:14 (9:21:14 PM  Nov 09, 2023)
[info] Project:clt_sweep_3970um_140um, Setup : [PROFILE] Volume (9:21:14 PM  Nov 09, 2023)
[info] Project:clt_sweep_3970um_140um, Setup : [PROFILE] Mesh Phi : Real Time 00:00:00 : CPU Time 00:00:00 : Memory 70.3 M : 2038 tetrahedra (9:21:14 PM  Nov 09, 2023)
[info] Project:clt_sweep_3970um_140um, Setup : [PROFILE] Mesh Post : Real Time 00:00:00 : CPU Time 00:00:00 : Memory 71.5 M : 2720 tetrahedra (9:21:14 PM  Nov 09, 2023)
[info] Project:clt_sweep_3970um_140um, Setup : [PROFILE] Mesh Refinement : Manual Seed Based (9:21:15 PM  Nov 09, 2023)
[info] Project:clt_sweep_3970um_140um, Setup : [PROFILE] Mesh (volume, seed) : Real Time 00:02:10 : CPU Time 00:02:10 : Memory 664 M : 595755 tetrahedra (9:23:25 PM  Nov 09, 2023)
[info] Project:clt_sweep_3970um_140um, Setup : [PROFILE] Mesh Refinement : Lambda Based (9:23:26 PM  Nov 09, 2023)
[info] Project:clt_sweep_3970um_140um, Setup : [PROFILE] Mesh (lambda based) : Real Time 00:00:25 : CPU Time 00:00:25 : Memory 459 M : 597977 tetrahedra (9:23:52 PM  Nov 09, 2023)
[info] Project:clt_sweep_3970um_140um, Setup : [PROFILE]        port_mesh, mesh1, mesh_ground_strip (9:23:52 PM  Nov 09, 2023)
[info] Project:clt_sweep_3970um_140um, Setup : [PROFILE] Initial Meshing : Elapsed time: 00:02:38 (9:23:52 PM  Nov 09, 2023)
[info] Project:clt_sweep_3970um_140um, Setup : [PROFILE] Adaptive Meshing : Time:  11/09/2023 21:23:52 (9:23:52 PM  Nov 09, 2023)
[info] Project:clt_sweep_3970um_140um, Setup : [PROFILE] Adaptive Pass 1 : Eigenmode Solution (9:23:52 PM  Nov 09, 2023)
[info] Project:clt_sweep_3970um_140um, Setup : [PROFILE] Simulation Setup : Real Time 00:00:14 : CPU Time 00:00:14 : Memory 930 M : Disk = 0 Bytes (9:24:06 PM  Nov 09, 2023)
[info] Project:clt_sweep_3970um_140um, Setup : [PROFILE] Matrix Assembly : Real Time 00:00:12 : CPU Time 00:00:15 : Memory 1.39 G : Disk = 0 Bytes, 597977 tetrahedra  (9:24:18 PM  Nov 09, 2023)
[info] Project:clt_sweep_3970um_140um, Setup : [PROFILE] EigenSolver DCS16 : Real Time 00:00:22 : CPU Time 00:02:52 : Memory 3.99 G : Disk = 10 MB, matrix size 657237, matrix bandwidth   8.4, 20 eigen iterations (9:24:41 PM  Nov 09, 2023)
[info] Project:clt_sweep_3970um_140um, Setup : [PROFILE] Field Recovery : Real Time 00:00:07 : CPU Time 00:00:22 : Memory 3.99 G : Disk = 216 MB, 1 computed eigenmodes, Average Order 0.003810 (9:24:49 PM  Nov 09, 2023)
[info] Project:clt_sweep_3970um_140um, Setup : [CONVERGE] Pass Number:  1;  Solved Elements:  597977;  Max Delta Freq. %:  N/A;   (9:24:49 PM  Nov 09, 2023)
[info] Project:clt_sweep_3970um_140um, Setup : [PROFILE] Adaptive Pass 2 : Eigenmode Solution (9:24:49 PM  Nov 09, 2023)
[info] Project:clt_sweep_3970um_140um, Setup : [PROFILE] Mesh (volume, adaptive) : Real Time 00:00:58 : CPU Time 00:00:58 : Memory 628 M : 756637 tetrahedra (9:25:47 PM  Nov 09, 2023)
[info] Project:clt_sweep_3970um_140um, Setup : [PROFILE] Simulation Setup : Real Time 00:00:29 : CPU Time 00:00:29 : Memory 1.14 G : Disk = 0 Bytes (9:26:18 PM  Nov 09, 2023)
[info] Project:clt_sweep_3970um_140um, Setup : [PROFILE] Matrix Assembly : Real Time 00:00:34 : CPU Time 00:00:36 : Memory 2.77 G : Disk = 0 Bytes, 756637 tetrahedra  (9:26:52 PM  Nov 09, 2023)
[info] Project:clt_sweep_3970um_140um, Setup : [PROFILE] EigenSolver DCS16 : Real Time 00:01:15 : CPU Time 00:06:27 : Memory 9.49 G : Disk = 11.3 MB, matrix size 1397444, matrix bandwidth  14.3, 17 eigen iterations (9:28:07 PM  Nov 09, 2023)
[info] Project:clt_sweep_3970um_140um, Setup : [PROFILE] Field Recovery : Real Time 00:00:12 : CPU Time 00:00:31 : Memory 9.49 G : Disk = 68.8 MB, 1 computed eigenmodes, Average Order 0.112355 (9:28:19 PM  Nov 09, 2023)
[info] Project:clt_sweep_3970um_140um, Setup : [PROFILE]        Max Delta Freq. % = 7.16859 at adaptive pass 2 (9:28:19 PM  Nov 09, 2023)
[info] Project:clt_sweep_3970um_140um, Setup : [CONVERGE] Pass Number:  2;  Solved Elements:  756637;  Max Delta Freq. %:  7.1686;   (9:28:19 PM  Nov 09, 2023)
[info] Project:clt_sweep_3970um_140um, Setup : [PROFILE] Adaptive Pass 3 : Eigenmode Solution (9:28:19 PM  Nov 09, 2023)
[info] Project:clt_sweep_3970um_140um, Setup : [PROFILE] Mesh (volume, adaptive) : Real Time 00:00:57 : CPU Time 00:00:57 : Memory 695 M : 870129 tetrahedra (9:29:17 PM  Nov 09, 2023)
[info] Project:clt_sweep_3970um_140um, Setup : [PROFILE] Simulation Setup : Real Time 00:00:37 : CPU Time 00:00:35 : Memory 1.3 G : Disk = 0 Bytes (9:29:56 PM  Nov 09, 2023)
[info] Project:clt_sweep_3970um_140um, Setup : [PROFILE] Matrix Assembly : Real Time 00:00:47 : CPU Time 00:00:51 : Memory 4.38 G : Disk = 0 Bytes, 870129 tetrahedra  (9:30:44 PM  Nov 09, 2023)
[info] Project:clt_sweep_3970um_140um, Setup : [PROFILE] EigenSolver DCS16 : Real Time 00:02:37 : CPU Time 00:13:37 : Memory 16.5 G : Disk = 13 MB, matrix size 2247669, matrix bandwidth  17.1, 17 eigen iterations (9:33:22 PM  Nov 09, 2023)
[info] Project:clt_sweep_3970um_140um, Setup : [PROFILE] Field Recovery : Real Time 00:00:25 : CPU Time 00:00:47 : Memory 16.5 G : Disk = 55.6 MB, 1 computed eigenmodes, Average Order 0.243904 (9:33:48 PM  Nov 09, 2023)
[info] Project:clt_sweep_3970um_140um, Setup : [PROFILE]        Max Delta Freq. % = 0.65109 at adaptive pass 3 (9:33:48 PM  Nov 09, 2023)
[info] Project:clt_sweep_3970um_140um, Setup : [CONVERGE] Pass Number:  3;  Solved Elements:  870129;  Max Delta Freq. %:  0.65109;   (9:33:48 PM  Nov 09, 2023)
[info] Project:clt_sweep_3970um_140um, Setup : [PROFILE] Adaptive Pass 4 : Eigenmode Solution (9:33:48 PM  Nov 09, 2023)
[info] Project:clt_sweep_3970um_140um, Setup : [PROFILE] Mesh (volume, adaptive) : Real Time 00:01:19 : CPU Time 00:01:18 : Memory 798 M : 1000654 tetrahedra (9:35:07 PM  Nov 09, 2023)
[info] Project:clt_sweep_3970um_140um, Setup : [PROFILE] Simulation Setup : Real Time 00:00:36 : CPU Time 00:00:36 : Memory 1.49 G : Disk = 0 Bytes (9:35:45 PM  Nov 09, 2023)
[info] Project:clt_sweep_3970um_140um, Setup : [PROFILE] Matrix Assembly : Real Time 00:01:02 : CPU Time 00:01:05 : Memory 6.42 G : Disk = 0 Bytes, 1000654 tetrahedra  (9:36:47 PM  Nov 09, 2023)
[info] Project:clt_sweep_3970um_140um, Setup : [PROFILE] EigenSolver DCS16 : Real Time 00:05:51 : CPU Time 00:24:12 : Memory 25.6 G : Disk = 16.4 MB, matrix size 3321956, matrix bandwidth  18.6, 18 eigen iterations (9:42:39 PM  Nov 09, 2023)
[info] Project:clt_sweep_3970um_140um, Setup : [PROFILE] Field Recovery : Real Time 00:01:47 : CPU Time 00:14:03 : Memory 25.6 G : Disk = 64.1 MB, 1 computed eigenmodes, Average Order 0.376936 (9:44:26 PM  Nov 09, 2023)
[info] Project:clt_sweep_3970um_140um, Setup : [PROFILE]        Max Delta Freq. % = 0.25644 at adaptive pass 4 (9:44:26 PM  Nov 09, 2023)
[info] Project:clt_sweep_3970um_140um, Setup : [CONVERGE] Pass Number:  4;  Solved Elements:  1000654;  Max Delta Freq. %:  0.25644;   (9:44:26 PM  Nov 09, 2023)
[info] Project:clt_sweep_3970um_140um, Setup : [PROFILE] Adaptive Pass 5 : Eigenmode Solution (9:44:26 PM  Nov 09, 2023)
[info] Project:clt_sweep_3970um_140um, Setup : [PROFILE] Mesh (volume, adaptive) : Real Time 00:01:01 : CPU Time 00:01:01 : Memory 876 M : 1127862 tetrahedra (9:45:28 PM  Nov 09, 2023)
[info] Project:clt_sweep_3970um_140um, Setup : [PROFILE] Simulation Setup : Real Time 00:00:36 : CPU Time 00:00:36 : Memory 1.67 G : Disk = 0 Bytes (9:46:05 PM  Nov 09, 2023)
[info] Project:clt_sweep_3970um_140um, Setup : [PROFILE] Matrix Assembly : Real Time 00:01:53 : CPU Time 00:01:53 : Memory 8.1 G : Disk = 0 Bytes, 1127862 tetrahedra  (9:47:59 PM  Nov 09, 2023)
[info] Project:clt_sweep_3970um_140um, Setup : [PROFILE] EigenSolver DCS16 : Real Time 00:06:07 : CPU Time 00:36:55 : Memory 31.1 G : Disk = 13.4 MB, matrix size 4201877, matrix bandwidth  19.3, 17 eigen iterations (9:54:06 PM  Nov 09, 2023)
[info] Project:clt_sweep_3970um_140um, Setup : [PROFILE] Field Recovery : Real Time 00:00:15 : CPU Time 00:00:50 : Memory 31.1 G : Disk = 65.6 MB, 1 computed eigenmodes, Average Order 0.456965 (9:54:22 PM  Nov 09, 2023)
[info] Project:clt_sweep_3970um_140um, Setup : [PROFILE]        Max Delta Freq. % = 0.08744 at adaptive pass 5 (9:54:22 PM  Nov 09, 2023)
[info] Project:clt_sweep_3970um_140um, Setup : [CONVERGE] Pass Number:  5;  Solved Elements:  1127862;  Max Delta Freq. %:  0.087438;   (9:54:22 PM  Nov 09, 2023)
[info] Project:clt_sweep_3970um_140um, Setup : [PROFILE]        Adaptive Passes converged (9:54:22 PM  Nov 09, 2023)
[info] Project:clt_sweep_3970um_140um, Setup : [PROFILE] Adaptive Meshing : Elapsed time: 00:30:30 (9:54:22 PM  Nov 09, 2023)
[info] Project:clt_sweep_3970um_140um, Setup : [PROFILE] Simulation Summary: (9:54:22 PM  Nov 09, 2023)
[info] Project:clt_sweep_3970um_140um, Setup : [PROFILE] Design Validation : Elapsed time: 00:00:00, total memory: 139 MB (9:54:22 PM  Nov 09, 2023)
[info] Project:clt_sweep_3970um_140um, Setup : [PROFILE] Initial Meshing : Elapsed time: 00:02:38, total memory: 664 MB (9:54:22 PM  Nov 09, 2023)
[info] Project:clt_sweep_3970um_140um, Setup : [PROFILE] Adaptive Meshing : Elapsed time: 00:30:30, total memory: 31.1 GB, total number of cores: 16 (9:54:22 PM  Nov 09, 2023)
[info] Project:clt_sweep_3970um_140um, Setup : [PROFILE]        max solved tets: 1127862, max matrix size: 4201877, max bandwidth:  19.3 (9:54:22 PM  Nov 09, 2023)
[info] Project:clt_sweep_3970um_140um, Setup : [PROFILE]        Time:  11/09/2023 21:54:22, Status: Normal Completion (9:54:22 PM  Nov 09, 2023)
[info] Project:clt_sweep_3970um_140um, Setup : [PROFILE] Stop : Elapsed time : 00:33:08 , ComEngine Memory : 140 M (9:54:22 PM  Nov 09, 2023)
[info] Project:clt_sweep_3970um_140um, Design:CavitySweep_hfss (Eigenmode), Normal completion of simulation on server: Local Machine. (9:54:23 PM  Nov 09, 2023)
Stopping Batch Run: 9:54:30 PM  Nov 09, 2023
