 
ANSYS Electronics Desktop Version 2021.1.0, Build: 2020-11-16 21:49:12
Location: D:\Program Files\AnsysEM\AnsysEM21.1\Win64\ansysedt.exe
Batch Solve/Save: d:\andre\paper_sweeps\project_storage\clt_sweep_3970um_90um.aedt
Starting Batch Run: 9:22:24 PM  Nov 09, 2023
Running as user: DTS\lfl
Temp directory: D:\lfl\AppData\Local\Temp
Project directory: D:\lfl\Documents\Ansoft
Simulation settings:

Design type: HFSS
Allow off core: True
Using automatic settings
16 optimetrics variations will be solved simultaneously.
Partitions:
Machine: localhost, Cores: 1, GPUs: 0, GPU Indexes:<>, RAM pct: 5.625000
Machine: localhost, Cores: 1, GPUs: 0, GPU Indexes:<>, RAM pct: 5.625000
Machine: localhost, Cores: 1, GPUs: 0, GPU Indexes:<>, RAM pct: 5.625000
Machine: localhost, Cores: 1, GPUs: 0, GPU Indexes:<>, RAM pct: 5.625000
Machine: localhost, Cores: 1, GPUs: 0, GPU Indexes:<>, RAM pct: 5.625000
Machine: localhost, Cores: 1, GPUs: 0, GPU Indexes:<>, RAM pct: 5.625000
Machine: localhost, Cores: 1, GPUs: 0, GPU Indexes:<>, RAM pct: 5.625000
Machine: localhost, Cores: 1, GPUs: 0, GPU Indexes:<>, RAM pct: 5.625000
Machine: localhost, Cores: 1, GPUs: 0, GPU Indexes:<>, RAM pct: 5.625000
Machine: localhost, Cores: 1, GPUs: 0, GPU Indexes:<>, RAM pct: 5.625000
Machine: localhost, Cores: 1, GPUs: 0, GPU Indexes:<>, RAM pct: 5.625000
Machine: localhost, Cores: 1, GPUs: 0, GPU Indexes:<>, RAM pct: 5.625000
Machine: localhost, Cores: 1, GPUs: 0, GPU Indexes:<>, RAM pct: 5.625000
Machine: localhost, Cores: 1, GPUs: 0, GPU Indexes:<>, RAM pct: 5.625000
Machine: localhost, Cores: 1, GPUs: 0, GPU Indexes:<>, RAM pct: 5.625000
Machine: localhost, Cores: 1, GPUs: 0, GPU Indexes:<>, RAM pct: 5.625000

Machines:
localhost RAM: 90%, 16 cores, 1 GPUs

[info] Using command line: "D:\Program Files\AnsysEM\AnsysEM21.1\Win64\ansysedt.exe -jobid RSM_1031 -distributed -machinelist list=localhost:-1:16:90%:1 -auto NumDistributedVariations=16 -monitor -waitforlicense -useelectronicsppe -ng -batchoptions  'HFSS/AllowOffCore'=1 'HFSS/DefaultProcessPriority'='Normal' 'HFSS/EnableGPU'=0 'HFSS/EnableGPUForSBR'=1 'HFSS/MPIVendor'='Intel' 'HFSS/RemoteSpawnCommand'='SSH' -batchsolve d:\andre\paper_sweeps\project_storage\clt_sweep_3970um_90um.aedt".
[info] Project:clt_sweep_3970um_90um, Setup : [PROFILE] Solution Process : Time:  11/09/2023 21:22:29; Host: DTS-MJ0GK06Y; Processor: 32; OS: NT 10.0; HFSS Version 2021.1.0 (9:22:29 PM  Nov 09, 2023)
[info] Project:clt_sweep_3970um_90um, Setup : [PROFILE]        Executing from D:\Program Files\AnsysEM\AnsysEM21.1\Win64\HFSSCOMENGINE.exe (9:22:29 PM  Nov 09, 2023)
[info] Project:clt_sweep_3970um_90um, Setup : [PROFILE]        HPC Enabled (9:22:29 PM  Nov 09, 2023)
[info] Project:clt_sweep_3970um_90um, Setup : [PROFILE]        Allow off core: True (9:22:29 PM  Nov 09, 2023)
[info] Project:clt_sweep_3970um_90um, Setup : [PROFILE]        Using automatic settings (9:22:29 PM  Nov 09, 2023)
[info] Project:clt_sweep_3970um_90um, Setup : [PROFILE]        Machines: (9:22:29 PM  Nov 09, 2023)
[info] Project:clt_sweep_3970um_90um, Setup : [PROFILE]        DTS-MJ0GK06Y [128 GB]: RAM Limit: 90.000000%, 16 cores (9:22:29 PM  Nov 09, 2023)
[info] Project:clt_sweep_3970um_90um, Setup : [PROFILE]        Solution Basis Order: Mixed (9:22:29 PM  Nov 09, 2023)
[error] Project:clt_sweep_3970um_90um, Design:CavitySweep (Eigenmode), There are no objects in the design. (9:22:29 PM  Nov 09, 2023)
[info] Project:clt_sweep_3970um_90um, Setup : [PROFILE] Design Validation : Elapsed time : 00:00:00 , HFSS ComEngine Memory : 126 M (9:22:29 PM  Nov 09, 2023)
[info] Project:clt_sweep_3970um_90um, Setup : [PROFILE]        Perform full validations with standard port validations (9:22:29 PM  Nov 09, 2023)
[info] Project:clt_sweep_3970um_90um, Setup : [PROFILE]        Time:  11/09/2023 21:22:29, Status: Engine Detected Error (9:22:29 PM  Nov 09, 2023)
[info] Project:clt_sweep_3970um_90um, Setup : [PROFILE] Stop : Elapsed time : 00:00:00 , ComEngine Memory : 126 M (9:22:29 PM  Nov 09, 2023)
[error] Project:clt_sweep_3970um_90um, Design:CavitySweep (Eigenmode), Simulation completed with execution error on server: Local Machine. (9:22:29 PM  Nov 09, 2023)
[info] Project:clt_sweep_3970um_90um, Setup : [PROFILE] Solution Process : Time:  11/09/2023 21:22:32; Host: DTS-MJ0GK06Y; Processor: 32; OS: NT 10.0; HFSS Version 2021.1.0 (9:22:32 PM  Nov 09, 2023)
[info] Project:clt_sweep_3970um_90um, Setup : [PROFILE]        Executing from D:\Program Files\AnsysEM\AnsysEM21.1\Win64\HFSSCOMENGINE.exe (9:22:32 PM  Nov 09, 2023)
[info] Project:clt_sweep_3970um_90um, Setup : [PROFILE]        HPC Enabled (9:22:32 PM  Nov 09, 2023)
[info] Project:clt_sweep_3970um_90um, Setup : [PROFILE]        Allow off core: True (9:22:32 PM  Nov 09, 2023)
[info] Project:clt_sweep_3970um_90um, Setup : [PROFILE]        Using automatic settings (9:22:32 PM  Nov 09, 2023)
[info] Project:clt_sweep_3970um_90um, Setup : [PROFILE]        Machines: (9:22:32 PM  Nov 09, 2023)
[info] Project:clt_sweep_3970um_90um, Setup : [PROFILE]        DTS-MJ0GK06Y [128 GB]: RAM Limit: 90.000000%, 16 cores (9:22:32 PM  Nov 09, 2023)
[info] Project:clt_sweep_3970um_90um, Setup : [PROFILE]        Solution Basis Order: Mixed (9:22:32 PM  Nov 09, 2023)
[info] Project:clt_sweep_3970um_90um, Setup : [PROFILE] Design Validation : Elapsed time : 00:00:00 , HFSS ComEngine Memory : 143 M (9:22:32 PM  Nov 09, 2023)
[info] Project:clt_sweep_3970um_90um, Setup : [PROFILE]        Perform full validations with standard port validations (9:22:32 PM  Nov 09, 2023)
[info] Project:clt_sweep_3970um_90um, Setup : [PROFILE] Initial Meshing : Time:  11/09/2023 21:22:32 (9:22:32 PM  Nov 09, 2023)
[info] Project:clt_sweep_3970um_90um, Setup : [PROFILE] Volume (9:22:32 PM  Nov 09, 2023)
[info] Project:clt_sweep_3970um_90um, Setup : [PROFILE] Mesh Phi : Real Time 00:00:00 : CPU Time 00:00:00 : Memory 70.3 M : 2038 tetrahedra (9:22:32 PM  Nov 09, 2023)
[info] Project:clt_sweep_3970um_90um, Setup : [PROFILE] Mesh Post : Real Time 00:00:00 : CPU Time 00:00:00 : Memory 72.6 M : 2038 tetrahedra (9:22:32 PM  Nov 09, 2023)
[info] Project:clt_sweep_3970um_90um, Setup : [PROFILE] Mesh Refinement : Manual Seed Based (9:22:32 PM  Nov 09, 2023)
[info] Project:clt_sweep_3970um_90um, Setup : [PROFILE] Mesh (volume, seed) : Real Time 00:02:19 : CPU Time 00:02:19 : Memory 676 M : 608401 tetrahedra (9:24:51 PM  Nov 09, 2023)
[info] Project:clt_sweep_3970um_90um, Setup : [PROFILE] Mesh Refinement : Lambda Based (9:24:52 PM  Nov 09, 2023)
[info] Project:clt_sweep_3970um_90um, Setup : [PROFILE] Mesh (lambda based) : Real Time 00:00:26 : CPU Time 00:00:26 : Memory 466 M : 610471 tetrahedra (9:25:19 PM  Nov 09, 2023)
[info] Project:clt_sweep_3970um_90um, Setup : [PROFILE]        port_mesh, mesh1, mesh_ground_strip (9:25:19 PM  Nov 09, 2023)
[info] Project:clt_sweep_3970um_90um, Setup : [PROFILE] Initial Meshing : Elapsed time: 00:02:47 (9:25:19 PM  Nov 09, 2023)
[info] Project:clt_sweep_3970um_90um, Setup : [PROFILE] Adaptive Meshing : Time:  11/09/2023 21:25:19 (9:25:19 PM  Nov 09, 2023)
[info] Project:clt_sweep_3970um_90um, Setup : [PROFILE] Adaptive Pass 1 : Eigenmode Solution (9:25:19 PM  Nov 09, 2023)
[info] Project:clt_sweep_3970um_90um, Setup : [PROFILE] Simulation Setup : Real Time 00:00:19 : CPU Time 00:00:19 : Memory 948 M : Disk = 0 Bytes (9:25:39 PM  Nov 09, 2023)
[info] Project:clt_sweep_3970um_90um, Setup : [PROFILE] Matrix Assembly : Real Time 00:00:14 : CPU Time 00:00:17 : Memory 1.42 G : Disk = 0 Bytes, 610471 tetrahedra  (9:25:54 PM  Nov 09, 2023)
[info] Project:clt_sweep_3970um_90um, Setup : [PROFILE] EigenSolver DCS16 : Real Time 00:00:28 : CPU Time 00:02:48 : Memory 3.99 G : Disk = 10.2 MB, matrix size 671519, matrix bandwidth   8.4, 17 eigen iterations (9:26:23 PM  Nov 09, 2023)
[info] Project:clt_sweep_3970um_90um, Setup : [PROFILE] Field Recovery : Real Time 00:00:08 : CPU Time 00:00:27 : Memory 3.99 G : Disk = 220 MB, 1 computed eigenmodes, Average Order 0.003791 (9:26:32 PM  Nov 09, 2023)
[info] Project:clt_sweep_3970um_90um, Setup : [CONVERGE] Pass Number:  1;  Solved Elements:  610471;  Max Delta Freq. %:  N/A;   (9:26:32 PM  Nov 09, 2023)
[info] Project:clt_sweep_3970um_90um, Setup : [PROFILE] Adaptive Pass 2 : Eigenmode Solution (9:26:32 PM  Nov 09, 2023)
[info] Project:clt_sweep_3970um_90um, Setup : [PROFILE] Mesh (volume, adaptive) : Real Time 00:00:58 : CPU Time 00:00:58 : Memory 669 M : 785990 tetrahedra (9:27:30 PM  Nov 09, 2023)
[info] Project:clt_sweep_3970um_90um, Setup : [PROFILE] Simulation Setup : Real Time 00:00:35 : CPU Time 00:00:34 : Memory 1.18 G : Disk = 0 Bytes (9:28:06 PM  Nov 09, 2023)
[info] Project:clt_sweep_3970um_90um, Setup : [PROFILE] Matrix Assembly : Real Time 00:00:43 : CPU Time 00:00:46 : Memory 2.89 G : Disk = 0 Bytes, 785990 tetrahedra  (9:28:49 PM  Nov 09, 2023)
[info] Project:clt_sweep_3970um_90um, Setup : [PROFILE] EigenSolver DCS16 : Real Time 00:01:24 : CPU Time 00:08:09 : Memory 10.1 G : Disk = 12 MB, matrix size 1458295, matrix bandwidth  14.3, 17 eigen iterations (9:30:14 PM  Nov 09, 2023)
[info] Project:clt_sweep_3970um_90um, Setup : [PROFILE] Field Recovery : Real Time 00:00:10 : CPU Time 00:00:30 : Memory 10.1 G : Disk = 75.1 MB, 1 computed eigenmodes, Average Order 0.113166 (9:30:25 PM  Nov 09, 2023)
[info] Project:clt_sweep_3970um_90um, Setup : [PROFILE]        Max Delta Freq. % = 7.40378 at adaptive pass 2 (9:30:25 PM  Nov 09, 2023)
[info] Project:clt_sweep_3970um_90um, Setup : [CONVERGE] Pass Number:  2;  Solved Elements:  785990;  Max Delta Freq. %:  7.4038;   (9:30:25 PM  Nov 09, 2023)
[info] Project:clt_sweep_3970um_90um, Setup : [PROFILE] Adaptive Pass 3 : Eigenmode Solution (9:30:25 PM  Nov 09, 2023)
[info] Project:clt_sweep_3970um_90um, Setup : [PROFILE] Mesh (volume, adaptive) : Real Time 00:00:33 : CPU Time 00:00:33 : Memory 655 M : 844125 tetrahedra (9:30:59 PM  Nov 09, 2023)
[info] Project:clt_sweep_3970um_90um, Setup : [PROFILE] Simulation Setup : Real Time 00:00:40 : CPU Time 00:00:36 : Memory 1.26 G : Disk = 0 Bytes (9:31:40 PM  Nov 09, 2023)
[info] Project:clt_sweep_3970um_90um, Setup : [PROFILE] Matrix Assembly : Real Time 00:00:57 : CPU Time 00:00:59 : Memory 3.94 G : Disk = 0 Bytes, 844125 tetrahedra  (9:32:38 PM  Nov 09, 2023)
[info] Project:clt_sweep_3970um_90um, Setup : [PROFILE] EigenSolver DCS16 : Real Time 00:02:39 : CPU Time 00:11:58 : Memory 14.7 G : Disk = 8.56 MB, matrix size 2019114, matrix bandwidth  16.5, 17 eigen iterations (9:35:17 PM  Nov 09, 2023)
[info] Project:clt_sweep_3970um_90um, Setup : [PROFILE] Field Recovery : Real Time 00:00:12 : CPU Time 00:00:38 : Memory 14.7 G : Disk = 36.2 MB, 1 computed eigenmodes, Average Order 0.208885 (9:35:30 PM  Nov 09, 2023)
[info] Project:clt_sweep_3970um_90um, Setup : [PROFILE]        Max Delta Freq. % = 0.62480 at adaptive pass 3 (9:35:30 PM  Nov 09, 2023)
[info] Project:clt_sweep_3970um_90um, Setup : [CONVERGE] Pass Number:  3;  Solved Elements:  844125;  Max Delta Freq. %:  0.6248;   (9:35:30 PM  Nov 09, 2023)
[info] Project:clt_sweep_3970um_90um, Setup : [PROFILE] Adaptive Pass 4 : Eigenmode Solution (9:35:30 PM  Nov 09, 2023)
[info] Project:clt_sweep_3970um_90um, Setup : [PROFILE] Mesh (volume, adaptive) : Real Time 00:00:43 : CPU Time 00:00:43 : Memory 726 M : 924095 tetrahedra (9:36:13 PM  Nov 09, 2023)
[info] Project:clt_sweep_3970um_90um, Setup : [PROFILE] Simulation Setup : Real Time 00:00:28 : CPU Time 00:00:28 : Memory 1.39 G : Disk = 0 Bytes (9:36:42 PM  Nov 09, 2023)
[info] Project:clt_sweep_3970um_90um, Setup : [PROFILE] Matrix Assembly : Real Time 00:01:11 : CPU Time 00:01:12 : Memory 5.41 G : Disk = 0 Bytes, 924095 tetrahedra  (9:37:53 PM  Nov 09, 2023)
[info] Project:clt_sweep_3970um_90um, Setup : [PROFILE] EigenSolver DCS16 : Real Time 00:04:43 : CPU Time 00:18:57 : Memory 20.8 G : Disk = 11.8 MB, matrix size 2794050, matrix bandwidth  18.0, 17 eigen iterations (9:42:37 PM  Nov 09, 2023)
[info] Project:clt_sweep_3970um_90um, Setup : [PROFILE] Field Recovery : Real Time 00:01:47 : CPU Time 00:15:41 : Memory 20.8 G : Disk = 45.3 MB, 1 computed eigenmodes, Average Order 0.321372 (9:44:25 PM  Nov 09, 2023)
[info] Project:clt_sweep_3970um_90um, Setup : [PROFILE]        Max Delta Freq. % = 0.33999 at adaptive pass 4 (9:44:25 PM  Nov 09, 2023)
[info] Project:clt_sweep_3970um_90um, Setup : [CONVERGE] Pass Number:  4;  Solved Elements:  924095;  Max Delta Freq. %:  0.33999;   (9:44:25 PM  Nov 09, 2023)
[info] Project:clt_sweep_3970um_90um, Setup : [PROFILE] Adaptive Pass 5 : Eigenmode Solution (9:44:25 PM  Nov 09, 2023)
[info] Project:clt_sweep_3970um_90um, Setup : [PROFILE] Mesh (volume, adaptive) : Real Time 00:01:00 : CPU Time 00:01:00 : Memory 835 M : 1056968 tetrahedra (9:45:26 PM  Nov 09, 2023)
[info] Project:clt_sweep_3970um_90um, Setup : [PROFILE] Simulation Setup : Real Time 00:00:36 : CPU Time 00:00:35 : Memory 1.57 G : Disk = 0 Bytes (9:46:02 PM  Nov 09, 2023)
[info] Project:clt_sweep_3970um_90um, Setup : [PROFILE] Matrix Assembly : Real Time 00:01:35 : CPU Time 00:01:37 : Memory 7.1 G : Disk = 0 Bytes, 1056968 tetrahedra  (9:47:38 PM  Nov 09, 2023)
[info] Project:clt_sweep_3970um_90um, Setup : [PROFILE] EigenSolver DCS16 : Real Time 00:05:41 : CPU Time 00:30:13 : Memory 30.5 G : Disk = 13.5 MB, matrix size 3678659, matrix bandwidth  18.9, 18 eigen iterations (9:53:20 PM  Nov 09, 2023)
[info] Project:clt_sweep_3970um_90um, Setup : [PROFILE] Field Recovery : Real Time 00:00:15 : CPU Time 00:00:45 : Memory 30.5 G : Disk = 66.1 MB, 1 computed eigenmodes, Average Order 0.411139 (9:53:35 PM  Nov 09, 2023)
[info] Project:clt_sweep_3970um_90um, Setup : [PROFILE]        Max Delta Freq. % = 0.13349 at adaptive pass 5 (9:53:35 PM  Nov 09, 2023)
[info] Project:clt_sweep_3970um_90um, Setup : [CONVERGE] Pass Number:  5;  Solved Elements:  1056968;  Max Delta Freq. %:  0.13349;   (9:53:35 PM  Nov 09, 2023)
[info] Project:clt_sweep_3970um_90um, Setup : [PROFILE] Adaptive Pass 6 : Eigenmode Solution (9:53:35 PM  Nov 09, 2023)
[info] Project:clt_sweep_3970um_90um, Setup : [PROFILE] Mesh (volume, adaptive) : Real Time 00:01:21 : CPU Time 00:01:21 : Memory 1.06 G : 1331541 tetrahedra (9:54:57 PM  Nov 09, 2023)
[info] Project:clt_sweep_3970um_90um, Setup : [PROFILE] Simulation Setup : Real Time 00:00:32 : CPU Time 00:00:32 : Memory 1.96 G : Disk = 0 Bytes (9:55:30 PM  Nov 09, 2023)
[info] Project:clt_sweep_3970um_90um, Setup : [PROFILE] Matrix Assembly : Real Time 00:01:19 : CPU Time 00:01:22 : Memory 10.3 G : Disk = 0 Bytes, 1331541 tetrahedra  (9:56:50 PM  Nov 09, 2023)
[info] Project:clt_sweep_3970um_90um, Setup : [PROFILE] EigenSolver DCS16 : Real Time 00:06:57 : CPU Time 00:45:00 : Memory 48.4 G : Disk = 25.4 MB, matrix size 5342365, matrix bandwidth  19.6, 18 eigen iterations (10:03:47 PM  Nov 09, 2023)
[info] Project:clt_sweep_3970um_90um, Setup : [PROFILE] Field Recovery : Real Time 00:00:15 : CPU Time 00:00:46 : Memory 48.4 G : Disk = 120 MB, 1 computed eigenmodes, Average Order 0.517153 (10:04:02 PM  Nov 09, 2023)
[info] Project:clt_sweep_3970um_90um, Setup : [PROFILE]        Max Delta Freq. % = 0.02426 at adaptive pass 6 (10:04:02 PM  Nov 09, 2023)
[info] Project:clt_sweep_3970um_90um, Setup : [CONVERGE] Pass Number:  6;  Solved Elements:  1331541;  Max Delta Freq. %:  0.024261;   (10:04:02 PM  Nov 09, 2023)
[info] Project:clt_sweep_3970um_90um, Setup : [PROFILE]        Adaptive Passes converged (10:04:02 PM  Nov 09, 2023)
[info] Project:clt_sweep_3970um_90um, Setup : [PROFILE] Adaptive Meshing : Elapsed time: 00:38:43 (10:04:02 PM  Nov 09, 2023)
[info] Project:clt_sweep_3970um_90um, Setup : [PROFILE] Simulation Summary: (10:04:02 PM  Nov 09, 2023)
[info] Project:clt_sweep_3970um_90um, Setup : [PROFILE] Design Validation : Elapsed time: 00:00:00, total memory: 143 MB (10:04:02 PM  Nov 09, 2023)
[info] Project:clt_sweep_3970um_90um, Setup : [PROFILE] Initial Meshing : Elapsed time: 00:02:47, total memory: 676 MB (10:04:02 PM  Nov 09, 2023)
[info] Project:clt_sweep_3970um_90um, Setup : [PROFILE] Adaptive Meshing : Elapsed time: 00:38:43, total memory: 48.4 GB, total number of cores: 16 (10:04:02 PM  Nov 09, 2023)
[info] Project:clt_sweep_3970um_90um, Setup : [PROFILE]        max solved tets: 1331541, max matrix size: 5342365, max bandwidth:  19.6 (10:04:02 PM  Nov 09, 2023)
[info] Project:clt_sweep_3970um_90um, Setup : [PROFILE]        Time:  11/09/2023 22:04:02, Status: Normal Completion (10:04:02 PM  Nov 09, 2023)
[info] Project:clt_sweep_3970um_90um, Setup : [PROFILE] Stop : Elapsed time : 00:41:30 , ComEngine Memory : 143 M (10:04:02 PM  Nov 09, 2023)
[info] Project:clt_sweep_3970um_90um, Design:CavitySweep_hfss (Eigenmode), Normal completion of simulation on server: Local Machine. (10:04:03 PM  Nov 09, 2023)
Stopping Batch Run: 10:04:10 PM  Nov 09, 2023
