 
ANSYS Electronics Desktop Version 2021.1.0, Build: 2020-11-16 21:49:12
Location: D:\Program Files\AnsysEM\AnsysEM21.1\Win64\ansysedt.exe
Batch Solve/Save: D:\andre\paper_sweeps\project_storage\clt_sweep_3970um_90um.aedt
Starting Batch Run: 3:45:05 PM  Nov 16, 2023
Running as user: DTS\lfl
Temp directory: D:\lfl\AppData\Local\Temp
Project directory: D:\lfl\Documents\Ansoft
Simulation settings:

Design type: HFSS
Allow off core: True
Using automatic settings
16 optimetrics variations will be solved simultaneously.
Partitions:
Machine: localhost, Cores: 1, GPUs: 0, GPU Indexes:<>, RAM pct: 5.625000
Machine: localhost, Cores: 1, GPUs: 0, GPU Indexes:<>, RAM pct: 5.625000
Machine: localhost, Cores: 1, GPUs: 0, GPU Indexes:<>, RAM pct: 5.625000
Machine: localhost, Cores: 1, GPUs: 0, GPU Indexes:<>, RAM pct: 5.625000
Machine: localhost, Cores: 1, GPUs: 0, GPU Indexes:<>, RAM pct: 5.625000
Machine: localhost, Cores: 1, GPUs: 0, GPU Indexes:<>, RAM pct: 5.625000
Machine: localhost, Cores: 1, GPUs: 0, GPU Indexes:<>, RAM pct: 5.625000
Machine: localhost, Cores: 1, GPUs: 0, GPU Indexes:<>, RAM pct: 5.625000
Machine: localhost, Cores: 1, GPUs: 0, GPU Indexes:<>, RAM pct: 5.625000
Machine: localhost, Cores: 1, GPUs: 0, GPU Indexes:<>, RAM pct: 5.625000
Machine: localhost, Cores: 1, GPUs: 0, GPU Indexes:<>, RAM pct: 5.625000
Machine: localhost, Cores: 1, GPUs: 0, GPU Indexes:<>, RAM pct: 5.625000
Machine: localhost, Cores: 1, GPUs: 0, GPU Indexes:<>, RAM pct: 5.625000
Machine: localhost, Cores: 1, GPUs: 0, GPU Indexes:<>, RAM pct: 5.625000
Machine: localhost, Cores: 1, GPUs: 0, GPU Indexes:<>, RAM pct: 5.625000
Machine: localhost, Cores: 1, GPUs: 0, GPU Indexes:<>, RAM pct: 5.625000

Machines:
localhost RAM: 90%, 16 cores, 1 GPUs

[info] Using command line: "D:\Program Files\AnsysEM\AnsysEM21.1\Win64\ansysedt.exe -jobid RSM_365 -distributed -machinelist list=localhost:-1:16:90%:1 -auto NumDistributedVariations=16 -monitor -useelectronicsppe -ng -batchoptions  'HFSS/AllowOffCore'=1 'HFSS/DefaultProcessPriority'='Normal' 'HFSS/EnableGPU'=1 'HFSS/EnableGPUForSBR'=1 'HFSS/MPIVendor'='Intel' 'HFSS/RemoteSpawnCommand'='SSH' -batchsolve D:\andre\paper_sweeps\project_storage\clt_sweep_3970um_90um.aedt".
[info] Project:clt_sweep_3970um_90um, Setup : [PROFILE] Solution Process : Time:  11/16/2023 15:45:10; Host: DTS-MJ0GK06Y; Processor: 32; OS: NT 10.0; HFSS Version 2021.1.0 (3:45:10 PM  Nov 16, 2023)
[info] Project:clt_sweep_3970um_90um, Setup : [PROFILE]        Executing from D:\Program Files\AnsysEM\AnsysEM21.1\Win64\HFSSCOMENGINE.exe (3:45:10 PM  Nov 16, 2023)
[info] Project:clt_sweep_3970um_90um, Setup : [PROFILE]        HPC Enabled (3:45:10 PM  Nov 16, 2023)
[info] Project:clt_sweep_3970um_90um, Setup : [PROFILE]        Allow off core: True (3:45:10 PM  Nov 16, 2023)
[info] Project:clt_sweep_3970um_90um, Setup : [PROFILE]        Using automatic settings (3:45:10 PM  Nov 16, 2023)
[info] Project:clt_sweep_3970um_90um, Setup : [PROFILE]        Machines: (3:45:10 PM  Nov 16, 2023)
[info] Project:clt_sweep_3970um_90um, Setup : [PROFILE]        DTS-MJ0GK06Y [128 GB]: RAM Limit: 90.000000%, 16 cores (3:45:10 PM  Nov 16, 2023)
[info] Project:clt_sweep_3970um_90um, Setup : [PROFILE]        Solution Basis Order: Mixed (3:45:10 PM  Nov 16, 2023)
[error] Project:clt_sweep_3970um_90um, Design:CavitySweep (Eigenmode), There are no objects in the design. (3:45:10 PM  Nov 16, 2023)
[info] Project:clt_sweep_3970um_90um, Setup : [PROFILE] Design Validation : Elapsed time : 00:00:00 , HFSS ComEngine Memory : 125 M (3:45:10 PM  Nov 16, 2023)
[info] Project:clt_sweep_3970um_90um, Setup : [PROFILE]        Perform full validations with standard port validations (3:45:10 PM  Nov 16, 2023)
[info] Project:clt_sweep_3970um_90um, Setup : [PROFILE]        Time:  11/16/2023 15:45:10, Status: Engine Detected Error (3:45:10 PM  Nov 16, 2023)
[info] Project:clt_sweep_3970um_90um, Setup : [PROFILE] Stop : Elapsed time : 00:00:00 , ComEngine Memory : 125 M (3:45:10 PM  Nov 16, 2023)
[error] Project:clt_sweep_3970um_90um, Design:CavitySweep (Eigenmode), Simulation completed with execution error on server: Local Machine. (3:45:11 PM  Nov 16, 2023)
[info] Project:clt_sweep_3970um_90um, Setup : [PROFILE] Solution Process : Time:  11/16/2023 15:45:15; Host: DTS-MJ0GK06Y; Processor: 32; OS: NT 10.0; HFSS Version 2021.1.0 (3:45:15 PM  Nov 16, 2023)
[info] Project:clt_sweep_3970um_90um, Setup : [PROFILE]        Executing from D:\Program Files\AnsysEM\AnsysEM21.1\Win64\HFSSCOMENGINE.exe (3:45:15 PM  Nov 16, 2023)
[info] Project:clt_sweep_3970um_90um, Setup : [PROFILE]        HPC Enabled (3:45:15 PM  Nov 16, 2023)
[info] Project:clt_sweep_3970um_90um, Setup : [PROFILE]        Allow off core: True (3:45:15 PM  Nov 16, 2023)
[info] Project:clt_sweep_3970um_90um, Setup : [PROFILE]        Using automatic settings (3:45:15 PM  Nov 16, 2023)
[info] Project:clt_sweep_3970um_90um, Setup : [PROFILE]        Machines: (3:45:15 PM  Nov 16, 2023)
[info] Project:clt_sweep_3970um_90um, Setup : [PROFILE]        DTS-MJ0GK06Y [128 GB]: RAM Limit: 90.000000%, 16 cores (3:45:15 PM  Nov 16, 2023)
[info] Project:clt_sweep_3970um_90um, Setup : [PROFILE]        Solution Basis Order: Mixed (3:45:15 PM  Nov 16, 2023)
[info] Project:clt_sweep_3970um_90um, Setup : [PROFILE] Design Validation : Elapsed time : 00:00:00 , HFSS ComEngine Memory : 139 M (3:45:15 PM  Nov 16, 2023)
[info] Project:clt_sweep_3970um_90um, Setup : [PROFILE]        Perform full validations with standard port validations (3:45:15 PM  Nov 16, 2023)
[info] Project:clt_sweep_3970um_90um, Setup : [PROFILE] Initial Meshing : Time:  11/16/2023 15:45:15 (3:45:15 PM  Nov 16, 2023)
[info] Project:clt_sweep_3970um_90um, Setup : [PROFILE] Volume (3:45:15 PM  Nov 16, 2023)
[info] Project:clt_sweep_3970um_90um, Setup : [PROFILE] Mesh Phi : Real Time 00:00:00 : CPU Time 00:00:00 : Memory 69.4 M : 2038 tetrahedra (3:45:15 PM  Nov 16, 2023)
[info] Project:clt_sweep_3970um_90um, Setup : [PROFILE] Mesh Post : Real Time 00:00:00 : CPU Time 00:00:00 : Memory 71.7 M : 2038 tetrahedra (3:45:16 PM  Nov 16, 2023)
[info] Project:clt_sweep_3970um_90um, Setup : [PROFILE] Mesh Refinement : Manual Seed Based (3:45:16 PM  Nov 16, 2023)
[info] Project:clt_sweep_3970um_90um, Setup : [PROFILE] Mesh (volume, seed) : Real Time 00:02:53 : CPU Time 00:02:53 : Memory 675 M : 608355 tetrahedra (3:48:09 PM  Nov 16, 2023)
[info] Project:clt_sweep_3970um_90um, Setup : [PROFILE] Mesh Refinement : Lambda Based (3:48:10 PM  Nov 16, 2023)
[info] Project:clt_sweep_3970um_90um, Setup : [PROFILE] Mesh (lambda based) : Real Time 00:00:28 : CPU Time 00:00:28 : Memory 464 M : 610425 tetrahedra (3:48:38 PM  Nov 16, 2023)
[info] Project:clt_sweep_3970um_90um, Setup : [PROFILE]        port_mesh, mesh1, mesh_ground_strip (3:48:38 PM  Nov 16, 2023)
[info] Project:clt_sweep_3970um_90um, Setup : [PROFILE] Initial Meshing : Elapsed time: 00:03:23 (3:48:38 PM  Nov 16, 2023)
[info] Project:clt_sweep_3970um_90um, Setup : [PROFILE] Adaptive Meshing : Time:  11/16/2023 15:48:38 (3:48:38 PM  Nov 16, 2023)
[info] Project:clt_sweep_3970um_90um, Setup : [PROFILE] Adaptive Pass 1 : Eigenmode Solution (3:48:38 PM  Nov 16, 2023)
[info] Project:clt_sweep_3970um_90um, Setup : [PROFILE] Simulation Setup : Real Time 00:00:19 : CPU Time 00:00:18 : Memory 947 M : Disk = 0 Bytes (3:48:58 PM  Nov 16, 2023)
[info] Project:clt_sweep_3970um_90um, Setup : [PROFILE] Matrix Assembly : Real Time 00:00:15 : CPU Time 00:00:17 : Memory 1.42 G : Disk = 0 Bytes, 610425 tetrahedra  (3:49:13 PM  Nov 16, 2023)
[info] Project:clt_sweep_3970um_90um, Setup : [PROFILE] EigenSolver DCS16 : Real Time 00:00:25 : CPU Time 00:02:52 : Memory 3.96 G : Disk = 10.2 MB, matrix size 671464, matrix bandwidth   8.4, 17 eigen iterations (3:49:38 PM  Nov 16, 2023)
[info] Project:clt_sweep_3970um_90um, Setup : [PROFILE] Field Recovery : Real Time 00:00:14 : CPU Time 00:00:29 : Memory 3.96 G : Disk = 220 MB, 1 computed eigenmodes, Average Order 0.003791 (3:49:53 PM  Nov 16, 2023)
[info] Project:clt_sweep_3970um_90um, Setup : [CONVERGE] Pass Number:  1;  Solved Elements:  610425;  Max Delta Freq. %:  N/A;   (3:49:53 PM  Nov 16, 2023)
[info] Project:clt_sweep_3970um_90um, Setup : [PROFILE] Adaptive Pass 2 : Eigenmode Solution (3:49:53 PM  Nov 16, 2023)
[info] Project:clt_sweep_3970um_90um, Setup : [PROFILE] Mesh (volume, adaptive) : Real Time 00:01:31 : CPU Time 00:01:31 : Memory 669 M : 785953 tetrahedra (3:51:25 PM  Nov 16, 2023)
[info] Project:clt_sweep_3970um_90um, Setup : [PROFILE] Simulation Setup : Real Time 00:00:43 : CPU Time 00:00:41 : Memory 1.18 G : Disk = 0 Bytes (3:52:10 PM  Nov 16, 2023)
[info] Project:clt_sweep_3970um_90um, Setup : [PROFILE] Matrix Assembly : Real Time 00:00:52 : CPU Time 00:00:55 : Memory 2.89 G : Disk = 0 Bytes, 785953 tetrahedra  (3:53:02 PM  Nov 16, 2023)
[info] Project:clt_sweep_3970um_90um, Setup : [PROFILE] EigenSolver DCS16 : Real Time 00:01:38 : CPU Time 00:07:50 : Memory 10.1 G : Disk = 12 MB, matrix size 1458524, matrix bandwidth  14.3, 17 eigen iterations (3:54:40 PM  Nov 16, 2023)
[info] Project:clt_sweep_3970um_90um, Setup : [PROFILE] Field Recovery : Real Time 00:00:12 : CPU Time 00:00:32 : Memory 10.1 G : Disk = 75.1 MB, 1 computed eigenmodes, Average Order 0.113210 (3:54:53 PM  Nov 16, 2023)
[info] Project:clt_sweep_3970um_90um, Setup : [PROFILE]        Max Delta Freq. % = 7.40589 at adaptive pass 2 (3:54:53 PM  Nov 16, 2023)
[info] Project:clt_sweep_3970um_90um, Setup : [CONVERGE] Pass Number:  2;  Solved Elements:  785953;  Max Delta Freq. %:  7.4059;   (3:54:53 PM  Nov 16, 2023)
[info] Project:clt_sweep_3970um_90um, Setup : [PROFILE] Adaptive Pass 3 : Eigenmode Solution (3:54:53 PM  Nov 16, 2023)
[info] Project:clt_sweep_3970um_90um, Setup : [PROFILE] Mesh (volume, adaptive) : Real Time 00:00:49 : CPU Time 00:00:49 : Memory 654 M : 844110 tetrahedra (3:55:43 PM  Nov 16, 2023)
[info] Project:clt_sweep_3970um_90um, Setup : [PROFILE] Simulation Setup : Real Time 00:00:33 : CPU Time 00:00:32 : Memory 1.26 G : Disk = 0 Bytes (3:56:17 PM  Nov 16, 2023)
[info] Project:clt_sweep_3970um_90um, Setup : [PROFILE] Matrix Assembly : Real Time 00:01:07 : CPU Time 00:01:08 : Memory 3.94 G : Disk = 0 Bytes, 844110 tetrahedra  (3:57:24 PM  Nov 16, 2023)
[info] Project:clt_sweep_3970um_90um, Setup : [PROFILE] EigenSolver DCS16 : Real Time 00:04:30 : CPU Time 00:14:09 : Memory 14.2 G : Disk = 8.56 MB, matrix size 2019503, matrix bandwidth  16.5, 17 eigen iterations (4:01:55 PM  Nov 16, 2023)
[info] Project:clt_sweep_3970um_90um, Setup : [PROFILE] Field Recovery : Real Time 00:00:22 : CPU Time 00:00:48 : Memory 14.2 G : Disk = 36.2 MB, 1 computed eigenmodes, Average Order 0.208946 (4:02:18 PM  Nov 16, 2023)
[info] Project:clt_sweep_3970um_90um, Setup : [PROFILE]        Max Delta Freq. % = 0.62497 at adaptive pass 3 (4:02:18 PM  Nov 16, 2023)
[info] Project:clt_sweep_3970um_90um, Setup : [CONVERGE] Pass Number:  3;  Solved Elements:  844110;  Max Delta Freq. %:  0.62497;   (4:02:18 PM  Nov 16, 2023)
[info] Project:clt_sweep_3970um_90um, Setup : [PROFILE] Adaptive Pass 4 : Eigenmode Solution (4:02:18 PM  Nov 16, 2023)
[info] Project:clt_sweep_3970um_90um, Setup : [PROFILE] Mesh (volume, adaptive) : Real Time 00:01:10 : CPU Time 00:01:10 : Memory 725 M : 924131 tetrahedra (4:03:29 PM  Nov 16, 2023)
[info] Project:clt_sweep_3970um_90um, Setup : [PROFILE] Simulation Setup : Real Time 00:00:58 : CPU Time 00:00:57 : Memory 1.39 G : Disk = 0 Bytes (4:04:39 PM  Nov 16, 2023)
[info] Project:clt_sweep_3970um_90um, Setup : [PROFILE] Matrix Assembly : Real Time 00:01:11 : CPU Time 00:01:14 : Memory 5.41 G : Disk = 0 Bytes, 924131 tetrahedra  (4:05:50 PM  Nov 16, 2023)
[info] Project:clt_sweep_3970um_90um, Setup : [PROFILE] EigenSolver DCS16 : Real Time 00:06:44 : CPU Time 00:21:03 : Memory 20.4 G : Disk = 11.8 MB, matrix size 2794827, matrix bandwidth  18.0, 17 eigen iterations (4:12:34 PM  Nov 16, 2023)
[info] Project:clt_sweep_3970um_90um, Setup : [PROFILE] Field Recovery : Real Time 00:00:17 : CPU Time 00:00:49 : Memory 20.4 G : Disk = 45.3 MB, 1 computed eigenmodes, Average Order 0.321456 (4:12:52 PM  Nov 16, 2023)
[info] Project:clt_sweep_3970um_90um, Setup : [PROFILE]        Max Delta Freq. % = 0.34025 at adaptive pass 4 (4:12:52 PM  Nov 16, 2023)
[info] Project:clt_sweep_3970um_90um, Setup : [CONVERGE] Pass Number:  4;  Solved Elements:  924131;  Max Delta Freq. %:  0.34025;   (4:12:52 PM  Nov 16, 2023)
[info] Project:clt_sweep_3970um_90um, Setup : [PROFILE] Adaptive Pass 5 : Eigenmode Solution (4:12:52 PM  Nov 16, 2023)
[info] Project:clt_sweep_3970um_90um, Setup : [PROFILE] Mesh (volume, adaptive) : Real Time 00:01:33 : CPU Time 00:01:32 : Memory 834 M : 1057049 tetrahedra (4:14:27 PM  Nov 16, 2023)
[info] Project:clt_sweep_3970um_90um, Setup : [PROFILE] Simulation Setup : Real Time 00:00:42 : CPU Time 00:00:35 : Memory 1.5 G : Disk = 0 Bytes (4:15:10 PM  Nov 16, 2023)
[info] Project:clt_sweep_3970um_90um, Setup : [PROFILE] Simulation Summary: (4:15:47 PM  Nov 16, 2023)
[info] Project:clt_sweep_3970um_90um, Setup : [PROFILE] Design Validation : Elapsed time: 00:00:00, total memory: 139 MB (4:15:47 PM  Nov 16, 2023)
[info] Project:clt_sweep_3970um_90um, Setup : [PROFILE] Initial Meshing : Elapsed time: 00:03:23, total memory: 675 MB (4:15:47 PM  Nov 16, 2023)
[info] Project:clt_sweep_3970um_90um, Setup : [PROFILE] Adaptive Meshing : Elapsed time: 00:27:08, total memory: 20.4 GB, total number of cores: 16 (4:15:47 PM  Nov 16, 2023)
[info] Project:clt_sweep_3970um_90um, Setup : [PROFILE]        max solved tets: 924131, max matrix size: 2794827, max bandwidth:  18.0 (4:15:47 PM  Nov 16, 2023)
[warning] Project:clt_sweep_3970um_90um, Design:CavitySweep_hfss (Eigenmode), Com Engine non-responsive since 16:16:14, November 16, 2023. 
 Can be due to CPU intensive processing or network problems. 
 If persisting for long, manually kill the com engine process and restart analysis. Retrying.....  (4:17:14 PM  Nov 16, 2023)
[error] Project:clt_sweep_3970um_90um, Design:CavitySweep_hfss (Eigenmode), Machine Local Machine: Engine terminated unexpectedly, or machine reported error or was inaccessible. (4:18:13 PM  Nov 16, 2023)
Stopping Batch Run: 4:18:21 PM  Nov 16, 2023
