 
ANSYS Electronics Desktop Version 2021.1.0, Build: 2020-11-16 21:49:12
Location: D:\Program Files\AnsysEM\AnsysEM21.1\Win64\ansysedt.exe
Batch Solve/Save: d:\andre\paper_sweeps\project_storage\clt_sweep_3970um_80um.aedt
Starting Batch Run: 9:21:54 PM  Nov 09, 2023
Running as user: DTS\lfl
Temp directory: D:\lfl\AppData\Local\Temp
Project directory: D:\lfl\Documents\Ansoft
Simulation settings:

Design type: HFSS
Allow off core: True
Using automatic settings
16 optimetrics variations will be solved simultaneously.
Partitions:
Machine: localhost, Cores: 1, GPUs: 0, GPU Indexes:<>, RAM pct: 5.625000
Machine: localhost, Cores: 1, GPUs: 0, GPU Indexes:<>, RAM pct: 5.625000
Machine: localhost, Cores: 1, GPUs: 0, GPU Indexes:<>, RAM pct: 5.625000
Machine: localhost, Cores: 1, GPUs: 0, GPU Indexes:<>, RAM pct: 5.625000
Machine: localhost, Cores: 1, GPUs: 0, GPU Indexes:<>, RAM pct: 5.625000
Machine: localhost, Cores: 1, GPUs: 0, GPU Indexes:<>, RAM pct: 5.625000
Machine: localhost, Cores: 1, GPUs: 0, GPU Indexes:<>, RAM pct: 5.625000
Machine: localhost, Cores: 1, GPUs: 0, GPU Indexes:<>, RAM pct: 5.625000
Machine: localhost, Cores: 1, GPUs: 0, GPU Indexes:<>, RAM pct: 5.625000
Machine: localhost, Cores: 1, GPUs: 0, GPU Indexes:<>, RAM pct: 5.625000
Machine: localhost, Cores: 1, GPUs: 0, GPU Indexes:<>, RAM pct: 5.625000
Machine: localhost, Cores: 1, GPUs: 0, GPU Indexes:<>, RAM pct: 5.625000
Machine: localhost, Cores: 1, GPUs: 0, GPU Indexes:<>, RAM pct: 5.625000
Machine: localhost, Cores: 1, GPUs: 0, GPU Indexes:<>, RAM pct: 5.625000
Machine: localhost, Cores: 1, GPUs: 0, GPU Indexes:<>, RAM pct: 5.625000
Machine: localhost, Cores: 1, GPUs: 0, GPU Indexes:<>, RAM pct: 5.625000

Machines:
localhost RAM: 90%, 16 cores, 1 GPUs

[info] Using command line: "D:\Program Files\AnsysEM\AnsysEM21.1\Win64\ansysedt.exe -jobid RSM_1031 -distributed -machinelist list=localhost:-1:16:90%:1 -auto NumDistributedVariations=16 -monitor -waitforlicense -useelectronicsppe -ng -batchoptions  'HFSS/AllowOffCore'=1 'HFSS/DefaultProcessPriority'='Normal' 'HFSS/EnableGPU'=0 'HFSS/EnableGPUForSBR'=1 'HFSS/MPIVendor'='Intel' 'HFSS/RemoteSpawnCommand'='SSH' -batchsolve d:\andre\paper_sweeps\project_storage\clt_sweep_3970um_80um.aedt".
[info] Project:clt_sweep_3970um_80um, Setup : [PROFILE] Solution Process : Time:  11/09/2023 21:21:59; Host: DTS-MJ0GK06Y; Processor: 32; OS: NT 10.0; HFSS Version 2021.1.0 (9:21:59 PM  Nov 09, 2023)
[info] Project:clt_sweep_3970um_80um, Setup : [PROFILE]        Executing from D:\Program Files\AnsysEM\AnsysEM21.1\Win64\HFSSCOMENGINE.exe (9:21:59 PM  Nov 09, 2023)
[info] Project:clt_sweep_3970um_80um, Setup : [PROFILE]        HPC Enabled (9:21:59 PM  Nov 09, 2023)
[info] Project:clt_sweep_3970um_80um, Setup : [PROFILE]        Allow off core: True (9:21:59 PM  Nov 09, 2023)
[info] Project:clt_sweep_3970um_80um, Setup : [PROFILE]        Using automatic settings (9:21:59 PM  Nov 09, 2023)
[info] Project:clt_sweep_3970um_80um, Setup : [PROFILE]        Machines: (9:21:59 PM  Nov 09, 2023)
[info] Project:clt_sweep_3970um_80um, Setup : [PROFILE]        DTS-MJ0GK06Y [128 GB]: RAM Limit: 90.000000%, 16 cores (9:21:59 PM  Nov 09, 2023)
[info] Project:clt_sweep_3970um_80um, Setup : [PROFILE]        Solution Basis Order: Mixed (9:21:59 PM  Nov 09, 2023)
[info] Project:clt_sweep_3970um_80um, Setup : [PROFILE] Design Validation : Elapsed time : 00:00:00 , HFSS ComEngine Memory : 139 M (9:21:59 PM  Nov 09, 2023)
[info] Project:clt_sweep_3970um_80um, Setup : [PROFILE]        Perform full validations with standard port validations (9:21:59 PM  Nov 09, 2023)
[info] Project:clt_sweep_3970um_80um, Setup : [PROFILE] Initial Meshing : Time:  11/09/2023 21:21:59 (9:21:59 PM  Nov 09, 2023)
[info] Project:clt_sweep_3970um_80um, Setup : [PROFILE] Volume (9:21:59 PM  Nov 09, 2023)
[info] Project:clt_sweep_3970um_80um, Setup : [PROFILE] Mesh Phi : Real Time 00:00:00 : CPU Time 00:00:00 : Memory 70 M : 2038 tetrahedra (9:22:00 PM  Nov 09, 2023)
[info] Project:clt_sweep_3970um_80um, Setup : [PROFILE] Mesh Post : Real Time 00:00:00 : CPU Time 00:00:00 : Memory 72.6 M : 2038 tetrahedra (9:22:00 PM  Nov 09, 2023)
[info] Project:clt_sweep_3970um_80um, Setup : [PROFILE] Mesh Refinement : Manual Seed Based (9:22:00 PM  Nov 09, 2023)
[info] Project:clt_sweep_3970um_80um, Setup : [PROFILE] Mesh (volume, seed) : Real Time 00:02:13 : CPU Time 00:02:13 : Memory 646 M : 575973 tetrahedra (9:24:13 PM  Nov 09, 2023)
[info] Project:clt_sweep_3970um_80um, Setup : [PROFILE] Mesh Refinement : Lambda Based (9:24:14 PM  Nov 09, 2023)
[info] Project:clt_sweep_3970um_80um, Setup : [PROFILE] Mesh (lambda based) : Real Time 00:00:22 : CPU Time 00:00:22 : Memory 448 M : 578100 tetrahedra (9:24:36 PM  Nov 09, 2023)
[info] Project:clt_sweep_3970um_80um, Setup : [PROFILE]        port_mesh, mesh1, mesh_ground_strip (9:24:36 PM  Nov 09, 2023)
[info] Project:clt_sweep_3970um_80um, Setup : [PROFILE] Initial Meshing : Elapsed time: 00:02:36 (9:24:36 PM  Nov 09, 2023)
[info] Project:clt_sweep_3970um_80um, Setup : [PROFILE] Adaptive Meshing : Time:  11/09/2023 21:24:36 (9:24:36 PM  Nov 09, 2023)
[info] Project:clt_sweep_3970um_80um, Setup : [PROFILE] Adaptive Pass 1 : Eigenmode Solution (9:24:36 PM  Nov 09, 2023)
[info] Project:clt_sweep_3970um_80um, Setup : [PROFILE] Simulation Setup : Real Time 00:00:15 : CPU Time 00:00:15 : Memory 902 M : Disk = 0 Bytes (9:24:51 PM  Nov 09, 2023)
[info] Project:clt_sweep_3970um_80um, Setup : [PROFILE] Matrix Assembly : Real Time 00:00:14 : CPU Time 00:00:17 : Memory 1.35 G : Disk = 0 Bytes, 578100 tetrahedra  (9:25:06 PM  Nov 09, 2023)
[info] Project:clt_sweep_3970um_80um, Setup : [PROFILE] EigenSolver DCS16 : Real Time 00:00:21 : CPU Time 00:02:37 : Memory 3.76 G : Disk = 9.7 MB, matrix size 635467, matrix bandwidth   8.4, 18 eigen iterations (9:25:27 PM  Nov 09, 2023)
[info] Project:clt_sweep_3970um_80um, Setup : [PROFILE] Field Recovery : Real Time 00:00:08 : CPU Time 00:00:23 : Memory 3.76 G : Disk = 208 MB, 1 computed eigenmodes, Average Order 0.004122 (9:25:36 PM  Nov 09, 2023)
[info] Project:clt_sweep_3970um_80um, Setup : [CONVERGE] Pass Number:  1;  Solved Elements:  578100;  Max Delta Freq. %:  N/A;   (9:25:36 PM  Nov 09, 2023)
[info] Project:clt_sweep_3970um_80um, Setup : [PROFILE] Adaptive Pass 2 : Eigenmode Solution (9:25:36 PM  Nov 09, 2023)
[info] Project:clt_sweep_3970um_80um, Setup : [PROFILE] Mesh (volume, adaptive) : Real Time 00:00:49 : CPU Time 00:00:49 : Memory 562 M : 682549 tetrahedra (9:26:26 PM  Nov 09, 2023)
[info] Project:clt_sweep_3970um_80um, Setup : [PROFILE] Simulation Setup : Real Time 00:00:18 : CPU Time 00:00:18 : Memory 1.03 G : Disk = 0 Bytes (9:26:45 PM  Nov 09, 2023)
[info] Project:clt_sweep_3970um_80um, Setup : [PROFILE] Matrix Assembly : Real Time 00:00:27 : CPU Time 00:00:30 : Memory 2.4 G : Disk = 0 Bytes, 682549 tetrahedra  (9:27:13 PM  Nov 09, 2023)
[info] Project:clt_sweep_3970um_80um, Setup : [PROFILE] EigenSolver DCS16 : Real Time 00:01:06 : CPU Time 00:06:01 : Memory 7.93 G : Disk = 8.68 MB, matrix size 1204491, matrix bandwidth  13.8, 17 eigen iterations (9:28:20 PM  Nov 09, 2023)
[info] Project:clt_sweep_3970um_80um, Setup : [PROFILE] Field Recovery : Real Time 00:00:11 : CPU Time 00:00:32 : Memory 7.93 G : Disk = 48.8 MB, 1 computed eigenmodes, Average Order 0.100154 (9:28:31 PM  Nov 09, 2023)
[info] Project:clt_sweep_3970um_80um, Setup : [PROFILE]        Max Delta Freq. % = 7.45363 at adaptive pass 2 (9:28:31 PM  Nov 09, 2023)
[info] Project:clt_sweep_3970um_80um, Setup : [CONVERGE] Pass Number:  2;  Solved Elements:  682549;  Max Delta Freq. %:  7.4536;   (9:28:31 PM  Nov 09, 2023)
[info] Project:clt_sweep_3970um_80um, Setup : [PROFILE] Adaptive Pass 3 : Eigenmode Solution (9:28:31 PM  Nov 09, 2023)
[info] Project:clt_sweep_3970um_80um, Setup : [PROFILE] Mesh (volume, adaptive) : Real Time 00:01:08 : CPU Time 00:01:07 : Memory 642 M : 784932 tetrahedra (9:29:40 PM  Nov 09, 2023)
[info] Project:clt_sweep_3970um_80um, Setup : [PROFILE] Simulation Setup : Real Time 00:00:27 : CPU Time 00:00:27 : Memory 1.18 G : Disk = 0 Bytes (9:30:08 PM  Nov 09, 2023)
[info] Project:clt_sweep_3970um_80um, Setup : [PROFILE] Matrix Assembly : Real Time 00:00:41 : CPU Time 00:00:44 : Memory 3.83 G : Disk = 0 Bytes, 784932 tetrahedra  (9:30:49 PM  Nov 09, 2023)
[info] Project:clt_sweep_3970um_80um, Setup : [PROFILE] EigenSolver DCS16 : Real Time 00:02:17 : CPU Time 00:11:10 : Memory 14.1 G : Disk = 11.5 MB, matrix size 1960379, matrix bandwidth  16.8, 17 eigen iterations (9:33:06 PM  Nov 09, 2023)
[info] Project:clt_sweep_3970um_80um, Setup : [PROFILE] Field Recovery : Real Time 00:00:16 : CPU Time 00:00:39 : Memory 14.1 G : Disk = 50.1 MB, 1 computed eigenmodes, Average Order 0.228713 (9:33:23 PM  Nov 09, 2023)
[info] Project:clt_sweep_3970um_80um, Setup : [PROFILE]        Max Delta Freq. % = 0.87953 at adaptive pass 3 (9:33:23 PM  Nov 09, 2023)
[info] Project:clt_sweep_3970um_80um, Setup : [CONVERGE] Pass Number:  3;  Solved Elements:  784932;  Max Delta Freq. %:  0.87953;   (9:33:25 PM  Nov 09, 2023)
[info] Project:clt_sweep_3970um_80um, Setup : [PROFILE] Adaptive Pass 4 : Eigenmode Solution (9:33:25 PM  Nov 09, 2023)
[info] Project:clt_sweep_3970um_80um, Setup : [PROFILE] Mesh (volume, adaptive) : Real Time 00:01:15 : CPU Time 00:01:15 : Memory 746 M : 902681 tetrahedra (9:34:41 PM  Nov 09, 2023)
[info] Project:clt_sweep_3970um_80um, Setup : [PROFILE] Simulation Setup : Real Time 00:00:42 : CPU Time 00:00:42 : Memory 1.36 G : Disk = 0 Bytes (9:35:25 PM  Nov 09, 2023)
[info] Project:clt_sweep_3970um_80um, Setup : [PROFILE] Matrix Assembly : Real Time 00:00:56 : CPU Time 00:00:59 : Memory 5.71 G : Disk = 0 Bytes, 902681 tetrahedra  (9:36:22 PM  Nov 09, 2023)
[info] Project:clt_sweep_3970um_80um, Setup : [PROFILE] EigenSolver DCS16 : Real Time 00:04:56 : CPU Time 00:20:45 : Memory 23.6 G : Disk = 15 MB, matrix size 2944082, matrix bandwidth  18.5, 18 eigen iterations (9:41:18 PM  Nov 09, 2023)
[info] Project:clt_sweep_3970um_80um, Setup : [PROFILE] Field Recovery : Real Time 00:00:28 : CPU Time 00:01:43 : Memory 23.6 G : Disk = 57.7 MB, 1 computed eigenmodes, Average Order 0.366657 (9:41:46 PM  Nov 09, 2023)
[info] Project:clt_sweep_3970um_80um, Setup : [PROFILE]        Max Delta Freq. % = 0.24286 at adaptive pass 4 (9:41:46 PM  Nov 09, 2023)
[info] Project:clt_sweep_3970um_80um, Setup : [CONVERGE] Pass Number:  4;  Solved Elements:  902681;  Max Delta Freq. %:  0.24286;   (9:41:47 PM  Nov 09, 2023)
[info] Project:clt_sweep_3970um_80um, Setup : [PROFILE] Adaptive Pass 5 : Eigenmode Solution (9:41:47 PM  Nov 09, 2023)
[info] Project:clt_sweep_3970um_80um, Setup : [PROFILE] Mesh (volume, adaptive) : Real Time 00:01:08 : CPU Time 00:01:08 : Memory 783 M : 994290 tetrahedra (9:42:55 PM  Nov 09, 2023)
[info] Project:clt_sweep_3970um_80um, Setup : [PROFILE] Simulation Setup : Real Time 00:01:20 : CPU Time 00:00:40 : Memory 1.49 G : Disk = 0 Bytes (9:44:22 PM  Nov 09, 2023)
[info] Project:clt_sweep_3970um_80um, Setup : [PROFILE] Matrix Assembly : Real Time 00:01:08 : CPU Time 00:01:11 : Memory 6.96 G : Disk = 0 Bytes, 994290 tetrahedra  (9:45:31 PM  Nov 09, 2023)
[info] Project:clt_sweep_3970um_80um, Setup : [PROFILE] EigenSolver DCS16 : Real Time 00:06:21 : CPU Time 00:30:36 : Memory 30.2 G : Disk = 9.95 MB, matrix size 3596251, matrix bandwidth  19.1, 18 eigen iterations (9:51:52 PM  Nov 09, 2023)
[info] Project:clt_sweep_3970um_80um, Setup : [PROFILE] Field Recovery : Real Time 00:00:17 : CPU Time 00:00:46 : Memory 30.2 G : Disk = 50.7 MB, 1 computed eigenmodes, Average Order 0.437335 (9:52:09 PM  Nov 09, 2023)
[info] Project:clt_sweep_3970um_80um, Setup : [PROFILE]        Max Delta Freq. % = 0.08981 at adaptive pass 5 (9:52:09 PM  Nov 09, 2023)
[info] Project:clt_sweep_3970um_80um, Setup : [CONVERGE] Pass Number:  5;  Solved Elements:  994290;  Max Delta Freq. %:  0.089815;   (9:52:09 PM  Nov 09, 2023)
[info] Project:clt_sweep_3970um_80um, Setup : [PROFILE]        Adaptive Passes converged (9:52:09 PM  Nov 09, 2023)
[info] Project:clt_sweep_3970um_80um, Setup : [PROFILE] Adaptive Meshing : Elapsed time: 00:27:33 (9:52:09 PM  Nov 09, 2023)
[info] Project:clt_sweep_3970um_80um, Setup : [PROFILE] Simulation Summary: (9:52:09 PM  Nov 09, 2023)
[info] Project:clt_sweep_3970um_80um, Setup : [PROFILE] Design Validation : Elapsed time: 00:00:00, total memory: 139 MB (9:52:09 PM  Nov 09, 2023)
[info] Project:clt_sweep_3970um_80um, Setup : [PROFILE] Initial Meshing : Elapsed time: 00:02:36, total memory: 646 MB (9:52:09 PM  Nov 09, 2023)
[info] Project:clt_sweep_3970um_80um, Setup : [PROFILE] Adaptive Meshing : Elapsed time: 00:27:33, total memory: 30.2 GB, total number of cores: 16 (9:52:09 PM  Nov 09, 2023)
[info] Project:clt_sweep_3970um_80um, Setup : [PROFILE]        max solved tets: 994290, max matrix size: 3596251, max bandwidth:  19.1 (9:52:09 PM  Nov 09, 2023)
[info] Project:clt_sweep_3970um_80um, Setup : [PROFILE]        Time:  11/09/2023 21:52:09, Status: Normal Completion (9:52:09 PM  Nov 09, 2023)
[info] Project:clt_sweep_3970um_80um, Setup : [PROFILE] Stop : Elapsed time : 00:30:10 , ComEngine Memory : 140 M (9:52:09 PM  Nov 09, 2023)
[info] Project:clt_sweep_3970um_80um, Design:CavitySweep_hfss (Eigenmode), Normal completion of simulation on server: Local Machine. (9:52:10 PM  Nov 09, 2023)
[info] Project:clt_sweep_3970um_80um, Design:CavitySweep (Eigenmode), Waiting for feature anshpc_pack to become available (9:52:14 PM  Nov 09, 2023)
[info] Project:clt_sweep_3970um_80um, Design:CavitySweep (Eigenmode), Waiting 41 seconds before retrying checkout... (9:52:14 PM  Nov 09, 2023)
[info] Project:clt_sweep_3970um_80um, Setup : [PROFILE] Solution Process : Time:  11/09/2023 21:52:56; Host: DTS-MJ0GK06Y; Processor: 32; OS: NT 10.0; HFSS Version 2021.1.0 (9:52:56 PM  Nov 09, 2023)
[info] Project:clt_sweep_3970um_80um, Setup : [PROFILE]        Executing from D:\Program Files\AnsysEM\AnsysEM21.1\Win64\HFSSCOMENGINE.exe (9:52:56 PM  Nov 09, 2023)
[info] Project:clt_sweep_3970um_80um, Setup : [PROFILE]        HPC Enabled (9:52:56 PM  Nov 09, 2023)
[info] Project:clt_sweep_3970um_80um, Setup : [PROFILE]        Allow off core: True (9:52:56 PM  Nov 09, 2023)
[info] Project:clt_sweep_3970um_80um, Setup : [PROFILE]        Using automatic settings (9:52:56 PM  Nov 09, 2023)
[info] Project:clt_sweep_3970um_80um, Setup : [PROFILE]        Machines: (9:52:56 PM  Nov 09, 2023)
[info] Project:clt_sweep_3970um_80um, Setup : [PROFILE]        DTS-MJ0GK06Y [128 GB]: RAM Limit: 90.000000%, 16 cores (9:52:56 PM  Nov 09, 2023)
[info] Project:clt_sweep_3970um_80um, Setup : [PROFILE]        Solution Basis Order: Mixed (9:52:56 PM  Nov 09, 2023)
[error] Project:clt_sweep_3970um_80um, Design:CavitySweep (Eigenmode), There are no objects in the design. (9:52:56 PM  Nov 09, 2023)
[info] Project:clt_sweep_3970um_80um, Setup : [PROFILE] Design Validation : Elapsed time : 00:00:00 , HFSS ComEngine Memory : 126 M (9:52:56 PM  Nov 09, 2023)
[info] Project:clt_sweep_3970um_80um, Setup : [PROFILE]        Perform full validations with standard port validations (9:52:56 PM  Nov 09, 2023)
[info] Project:clt_sweep_3970um_80um, Setup : [PROFILE]        Time:  11/09/2023 21:52:56, Status: Engine Detected Error (9:52:56 PM  Nov 09, 2023)
[info] Project:clt_sweep_3970um_80um, Setup : [PROFILE] Stop : Elapsed time : 00:00:00 , ComEngine Memory : 126 M (9:52:56 PM  Nov 09, 2023)
[error] Project:clt_sweep_3970um_80um, Design:CavitySweep (Eigenmode), Simulation completed with execution error on server: Local Machine. (9:52:57 PM  Nov 09, 2023)
Stopping Batch Run: 9:53:04 PM  Nov 09, 2023
