 
ANSYS Electronics Desktop Version 2021.1.0, Build: 2020-11-16 21:49:12
Location: D:\Program Files\AnsysEM\AnsysEM21.1\Win64\ansysedt.exe
Batch Solve/Save: D:\andre\paper_sweeps\project_storage\clt_sweep_3970um_80um.aedt
Starting Batch Run: 3:42:34 PM  Nov 16, 2023
Running as user: DTS\lfl
Temp directory: D:\lfl\AppData\Local\Temp
Project directory: D:\lfl\Documents\Ansoft
Simulation settings:

Design type: HFSS
Allow off core: True
Using automatic settings
16 optimetrics variations will be solved simultaneously.
Partitions:
Machine: localhost, Cores: 1, GPUs: 0, GPU Indexes:<>, RAM pct: 5.625000
Machine: localhost, Cores: 1, GPUs: 0, GPU Indexes:<>, RAM pct: 5.625000
Machine: localhost, Cores: 1, GPUs: 0, GPU Indexes:<>, RAM pct: 5.625000
Machine: localhost, Cores: 1, GPUs: 0, GPU Indexes:<>, RAM pct: 5.625000
Machine: localhost, Cores: 1, GPUs: 0, GPU Indexes:<>, RAM pct: 5.625000
Machine: localhost, Cores: 1, GPUs: 0, GPU Indexes:<>, RAM pct: 5.625000
Machine: localhost, Cores: 1, GPUs: 0, GPU Indexes:<>, RAM pct: 5.625000
Machine: localhost, Cores: 1, GPUs: 0, GPU Indexes:<>, RAM pct: 5.625000
Machine: localhost, Cores: 1, GPUs: 0, GPU Indexes:<>, RAM pct: 5.625000
Machine: localhost, Cores: 1, GPUs: 0, GPU Indexes:<>, RAM pct: 5.625000
Machine: localhost, Cores: 1, GPUs: 0, GPU Indexes:<>, RAM pct: 5.625000
Machine: localhost, Cores: 1, GPUs: 0, GPU Indexes:<>, RAM pct: 5.625000
Machine: localhost, Cores: 1, GPUs: 0, GPU Indexes:<>, RAM pct: 5.625000
Machine: localhost, Cores: 1, GPUs: 0, GPU Indexes:<>, RAM pct: 5.625000
Machine: localhost, Cores: 1, GPUs: 0, GPU Indexes:<>, RAM pct: 5.625000
Machine: localhost, Cores: 1, GPUs: 0, GPU Indexes:<>, RAM pct: 5.625000

Machines:
localhost RAM: 90%, 16 cores, 1 GPUs

[info] Using command line: "D:\Program Files\AnsysEM\AnsysEM21.1\Win64\ansysedt.exe -jobid RSM_22229 -distributed -machinelist list=localhost:-1:16:90%:1 -auto NumDistributedVariations=16 -monitor -useelectronicsppe -ng -batchoptions  'HFSS/AllowOffCore'=1 'HFSS/DefaultProcessPriority'='Normal' 'HFSS/EnableGPU'=1 'HFSS/EnableGPUForSBR'=1 'HFSS/MPIVendor'='Intel' 'HFSS/RemoteSpawnCommand'='SSH' -batchsolve D:\andre\paper_sweeps\project_storage\clt_sweep_3970um_80um.aedt".
[info] Project:clt_sweep_3970um_80um, Setup : [PROFILE] Solution Process : Time:  11/16/2023 15:42:39; Host: DTS-MJ0GK06Y; Processor: 32; OS: NT 10.0; HFSS Version 2021.1.0 (3:42:39 PM  Nov 16, 2023)
[info] Project:clt_sweep_3970um_80um, Setup : [PROFILE]        Executing from D:\Program Files\AnsysEM\AnsysEM21.1\Win64\HFSSCOMENGINE.exe (3:42:39 PM  Nov 16, 2023)
[info] Project:clt_sweep_3970um_80um, Setup : [PROFILE]        HPC Enabled (3:42:39 PM  Nov 16, 2023)
[info] Project:clt_sweep_3970um_80um, Setup : [PROFILE]        Allow off core: True (3:42:39 PM  Nov 16, 2023)
[info] Project:clt_sweep_3970um_80um, Setup : [PROFILE]        Using automatic settings (3:42:39 PM  Nov 16, 2023)
[info] Project:clt_sweep_3970um_80um, Setup : [PROFILE]        Machines: (3:42:39 PM  Nov 16, 2023)
[info] Project:clt_sweep_3970um_80um, Setup : [PROFILE]        DTS-MJ0GK06Y [128 GB]: RAM Limit: 90.000000%, 16 cores (3:42:39 PM  Nov 16, 2023)
[info] Project:clt_sweep_3970um_80um, Setup : [PROFILE]        Solution Basis Order: Mixed (3:42:39 PM  Nov 16, 2023)
[error] Project:clt_sweep_3970um_80um, Design:CavitySweep (Eigenmode), There are no objects in the design. (3:42:39 PM  Nov 16, 2023)
[info] Project:clt_sweep_3970um_80um, Setup : [PROFILE] Design Validation : Elapsed time : 00:00:00 , HFSS ComEngine Memory : 125 M (3:42:39 PM  Nov 16, 2023)
[info] Project:clt_sweep_3970um_80um, Setup : [PROFILE]        Perform full validations with standard port validations (3:42:39 PM  Nov 16, 2023)
[info] Project:clt_sweep_3970um_80um, Setup : [PROFILE]        Time:  11/16/2023 15:42:39, Status: Engine Detected Error (3:42:39 PM  Nov 16, 2023)
[info] Project:clt_sweep_3970um_80um, Setup : [PROFILE] Stop : Elapsed time : 00:00:00 , ComEngine Memory : 125 M (3:42:39 PM  Nov 16, 2023)
[error] Project:clt_sweep_3970um_80um, Design:CavitySweep (Eigenmode), Simulation completed with execution error on server: Local Machine. (3:42:39 PM  Nov 16, 2023)
[info] Project:clt_sweep_3970um_80um, Setup : [PROFILE] Solution Process : Time:  11/16/2023 15:42:42; Host: DTS-MJ0GK06Y; Processor: 32; OS: NT 10.0; HFSS Version 2021.1.0 (3:42:42 PM  Nov 16, 2023)
[info] Project:clt_sweep_3970um_80um, Setup : [PROFILE]        Executing from D:\Program Files\AnsysEM\AnsysEM21.1\Win64\HFSSCOMENGINE.exe (3:42:42 PM  Nov 16, 2023)
[info] Project:clt_sweep_3970um_80um, Setup : [PROFILE]        HPC Enabled (3:42:42 PM  Nov 16, 2023)
[info] Project:clt_sweep_3970um_80um, Setup : [PROFILE]        Allow off core: True (3:42:42 PM  Nov 16, 2023)
[info] Project:clt_sweep_3970um_80um, Setup : [PROFILE]        Using automatic settings (3:42:42 PM  Nov 16, 2023)
[info] Project:clt_sweep_3970um_80um, Setup : [PROFILE]        Machines: (3:42:42 PM  Nov 16, 2023)
[info] Project:clt_sweep_3970um_80um, Setup : [PROFILE]        DTS-MJ0GK06Y [128 GB]: RAM Limit: 90.000000%, 16 cores (3:42:42 PM  Nov 16, 2023)
[info] Project:clt_sweep_3970um_80um, Setup : [PROFILE]        Solution Basis Order: Mixed (3:42:42 PM  Nov 16, 2023)
[info] Project:clt_sweep_3970um_80um, Setup : [PROFILE] Design Validation : Elapsed time : 00:00:00 , HFSS ComEngine Memory : 139 M (3:42:42 PM  Nov 16, 2023)
[info] Project:clt_sweep_3970um_80um, Setup : [PROFILE]        Perform full validations with standard port validations (3:42:42 PM  Nov 16, 2023)
[info] Project:clt_sweep_3970um_80um, Setup : [PROFILE] Initial Meshing : Time:  11/16/2023 15:42:42 (3:42:42 PM  Nov 16, 2023)
[info] Project:clt_sweep_3970um_80um, Setup : [PROFILE] Volume (3:42:42 PM  Nov 16, 2023)
[info] Project:clt_sweep_3970um_80um, Setup : [PROFILE] Mesh Phi : Real Time 00:00:00 : CPU Time 00:00:00 : Memory 69.1 M : 2038 tetrahedra (3:42:43 PM  Nov 16, 2023)
[info] Project:clt_sweep_3970um_80um, Setup : [PROFILE] Mesh Post : Real Time 00:00:00 : CPU Time 00:00:00 : Memory 71.8 M : 2038 tetrahedra (3:42:43 PM  Nov 16, 2023)
[info] Project:clt_sweep_3970um_80um, Setup : [PROFILE] Mesh Refinement : Manual Seed Based (3:42:43 PM  Nov 16, 2023)
[info] Project:clt_sweep_3970um_80um, Setup : [PROFILE] Mesh (volume, seed) : Real Time 00:02:18 : CPU Time 00:02:18 : Memory 645 M : 575973 tetrahedra (3:45:01 PM  Nov 16, 2023)
[info] Project:clt_sweep_3970um_80um, Setup : [PROFILE] Mesh Refinement : Lambda Based (3:45:01 PM  Nov 16, 2023)
[info] Project:clt_sweep_3970um_80um, Setup : [PROFILE] Mesh (lambda based) : Real Time 00:00:31 : CPU Time 00:00:31 : Memory 447 M : 578100 tetrahedra (3:45:33 PM  Nov 16, 2023)
[info] Project:clt_sweep_3970um_80um, Setup : [PROFILE]        port_mesh, mesh1, mesh_ground_strip (3:45:34 PM  Nov 16, 2023)
[info] Project:clt_sweep_3970um_80um, Setup : [PROFILE] Initial Meshing : Elapsed time: 00:02:51 (3:45:34 PM  Nov 16, 2023)
[info] Project:clt_sweep_3970um_80um, Setup : [PROFILE] Adaptive Meshing : Time:  11/16/2023 15:45:34 (3:45:34 PM  Nov 16, 2023)
[info] Project:clt_sweep_3970um_80um, Setup : [PROFILE] Adaptive Pass 1 : Eigenmode Solution (3:45:34 PM  Nov 16, 2023)
[info] Project:clt_sweep_3970um_80um, Setup : [PROFILE] Simulation Setup : Real Time 00:00:16 : CPU Time 00:00:16 : Memory 901 M : Disk = 0 Bytes (3:45:51 PM  Nov 16, 2023)
[info] Project:clt_sweep_3970um_80um, Setup : [PROFILE] Matrix Assembly : Real Time 00:00:15 : CPU Time 00:00:18 : Memory 1.35 G : Disk = 0 Bytes, 578100 tetrahedra  (3:46:06 PM  Nov 16, 2023)
[info] Project:clt_sweep_3970um_80um, Setup : [PROFILE] EigenSolver DCS16 : Real Time 00:00:28 : CPU Time 00:02:51 : Memory 3.8 G : Disk = 9.7 MB, matrix size 635467, matrix bandwidth   8.4, 18 eigen iterations (3:46:34 PM  Nov 16, 2023)
[info] Project:clt_sweep_3970um_80um, Setup : [PROFILE] Field Recovery : Real Time 00:00:08 : CPU Time 00:00:24 : Memory 3.8 G : Disk = 208 MB, 1 computed eigenmodes, Average Order 0.004122 (3:46:43 PM  Nov 16, 2023)
[info] Project:clt_sweep_3970um_80um, Setup : [CONVERGE] Pass Number:  1;  Solved Elements:  578100;  Max Delta Freq. %:  N/A;   (3:46:43 PM  Nov 16, 2023)
[info] Project:clt_sweep_3970um_80um, Setup : [PROFILE] Adaptive Pass 2 : Eigenmode Solution (3:46:43 PM  Nov 16, 2023)
[info] Project:clt_sweep_3970um_80um, Setup : [PROFILE] Mesh (volume, adaptive) : Real Time 00:00:41 : CPU Time 00:00:42 : Memory 561 M : 682542 tetrahedra (3:47:25 PM  Nov 16, 2023)
[info] Project:clt_sweep_3970um_80um, Setup : [PROFILE] Simulation Setup : Real Time 00:00:28 : CPU Time 00:00:28 : Memory 1.03 G : Disk = 0 Bytes (3:47:55 PM  Nov 16, 2023)
[info] Project:clt_sweep_3970um_80um, Setup : [PROFILE] Matrix Assembly : Real Time 00:00:36 : CPU Time 00:00:37 : Memory 2.39 G : Disk = 0 Bytes, 682542 tetrahedra  (3:48:31 PM  Nov 16, 2023)
[info] Project:clt_sweep_3970um_80um, Setup : [PROFILE] EigenSolver DCS16 : Real Time 00:00:55 : CPU Time 00:05:22 : Memory 7.93 G : Disk = 8.68 MB, matrix size 1204498, matrix bandwidth  13.8, 17 eigen iterations (3:49:26 PM  Nov 16, 2023)
[info] Project:clt_sweep_3970um_80um, Setup : [PROFILE] Field Recovery : Real Time 00:00:10 : CPU Time 00:00:31 : Memory 7.93 G : Disk = 48.8 MB, 1 computed eigenmodes, Average Order 0.100152 (3:49:37 PM  Nov 16, 2023)
[info] Project:clt_sweep_3970um_80um, Setup : [PROFILE]        Max Delta Freq. % = 7.45446 at adaptive pass 2 (3:49:37 PM  Nov 16, 2023)
[info] Project:clt_sweep_3970um_80um, Setup : [CONVERGE] Pass Number:  2;  Solved Elements:  682542;  Max Delta Freq. %:  7.4545;   (3:49:37 PM  Nov 16, 2023)
[info] Project:clt_sweep_3970um_80um, Setup : [PROFILE] Adaptive Pass 3 : Eigenmode Solution (3:49:37 PM  Nov 16, 2023)
[info] Project:clt_sweep_3970um_80um, Setup : [PROFILE] Mesh (volume, adaptive) : Real Time 00:01:23 : CPU Time 00:01:23 : Memory 640 M : 784926 tetrahedra (3:51:00 PM  Nov 16, 2023)
[info] Project:clt_sweep_3970um_80um, Setup : [PROFILE] Simulation Setup : Real Time 00:00:43 : CPU Time 00:00:42 : Memory 1.18 G : Disk = 0 Bytes (3:51:45 PM  Nov 16, 2023)
[info] Project:clt_sweep_3970um_80um, Setup : [PROFILE] Matrix Assembly : Real Time 00:01:02 : CPU Time 00:01:03 : Memory 3.83 G : Disk = 0 Bytes, 784926 tetrahedra  (3:52:47 PM  Nov 16, 2023)
[info] Project:clt_sweep_3970um_80um, Setup : [PROFILE] EigenSolver DCS16 : Real Time 00:02:25 : CPU Time 00:11:45 : Memory 14.4 G : Disk = 11.5 MB, matrix size 1960195, matrix bandwidth  16.8, 17 eigen iterations (3:55:13 PM  Nov 16, 2023)
[info] Project:clt_sweep_3970um_80um, Setup : [PROFILE] Field Recovery : Real Time 00:00:11 : CPU Time 00:00:34 : Memory 14.4 G : Disk = 50.1 MB, 1 computed eigenmodes, Average Order 0.228657 (3:55:24 PM  Nov 16, 2023)
[info] Project:clt_sweep_3970um_80um, Setup : [PROFILE]        Max Delta Freq. % = 0.87895 at adaptive pass 3 (3:55:24 PM  Nov 16, 2023)
[info] Project:clt_sweep_3970um_80um, Setup : [CONVERGE] Pass Number:  3;  Solved Elements:  784926;  Max Delta Freq. %:  0.87895;   (3:55:24 PM  Nov 16, 2023)
[info] Project:clt_sweep_3970um_80um, Setup : [PROFILE] Adaptive Pass 4 : Eigenmode Solution (3:55:24 PM  Nov 16, 2023)
[info] Project:clt_sweep_3970um_80um, Setup : [PROFILE] Mesh (volume, adaptive) : Real Time 00:01:05 : CPU Time 00:01:05 : Memory 745 M : 902677 tetrahedra (3:56:30 PM  Nov 16, 2023)
[info] Project:clt_sweep_3970um_80um, Setup : [PROFILE] Simulation Setup : Real Time 00:00:46 : CPU Time 00:00:45 : Memory 1.36 G : Disk = 0 Bytes (3:57:17 PM  Nov 16, 2023)
[info] Project:clt_sweep_3970um_80um, Setup : [PROFILE] Matrix Assembly : Real Time 00:01:34 : CPU Time 00:01:33 : Memory 5.7 G : Disk = 0 Bytes, 902677 tetrahedra  (3:58:52 PM  Nov 16, 2023)
[info] Project:clt_sweep_3970um_80um, Setup : [PROFILE] EigenSolver DCS16 : Real Time 00:06:51 : CPU Time 00:27:24 : Memory 21 G : Disk = 15 MB, matrix size 2943240, matrix bandwidth  18.5, 18 eigen iterations (4:05:43 PM  Nov 16, 2023)
[info] Project:clt_sweep_3970um_80um, Setup : [PROFILE] Field Recovery : Real Time 00:00:16 : CPU Time 00:00:54 : Memory 21 G : Disk = 57.7 MB, 1 computed eigenmodes, Average Order 0.366470 (4:06:00 PM  Nov 16, 2023)
[info] Project:clt_sweep_3970um_80um, Setup : [PROFILE]        Max Delta Freq. % = 0.24359 at adaptive pass 4 (4:06:00 PM  Nov 16, 2023)
[info] Project:clt_sweep_3970um_80um, Setup : [CONVERGE] Pass Number:  4;  Solved Elements:  902677;  Max Delta Freq. %:  0.24359;   (4:06:00 PM  Nov 16, 2023)
[info] Project:clt_sweep_3970um_80um, Setup : [PROFILE] Adaptive Pass 5 : Eigenmode Solution (4:06:00 PM  Nov 16, 2023)
[info] Project:clt_sweep_3970um_80um, Setup : [PROFILE] Mesh (volume, adaptive) : Real Time 00:01:11 : CPU Time 00:01:11 : Memory 782 M : 994413 tetrahedra (4:07:12 PM  Nov 16, 2023)
[info] Project:clt_sweep_3970um_80um, Setup : [PROFILE] Simulation Setup : Real Time 00:01:29 : CPU Time 00:00:44 : Memory 1.49 G : Disk = 0 Bytes (4:08:43 PM  Nov 16, 2023)
[info] Project:clt_sweep_3970um_80um, Setup : [PROFILE] Matrix Assembly : Real Time 00:02:51 : CPU Time 00:01:43 : Memory 6.84 G : Disk = 0 Bytes, 994413 tetrahedra  (4:11:34 PM  Nov 16, 2023)
[info] Project:clt_sweep_3970um_80um, Setup : [PROFILE] EigenSolver DCS16 : Real Time 00:08:56 : CPU Time 00:32:33 : Memory 26.4 G : Disk = 9.97 MB, matrix size 3596533, matrix bandwidth  19.1, 18 eigen iterations (4:20:31 PM  Nov 16, 2023)
[info] Project:clt_sweep_3970um_80um, Setup : [PROFILE] Field Recovery : Real Time 00:00:16 : CPU Time 00:00:49 : Memory 26.4 G : Disk = 50.7 MB, 1 computed eigenmodes, Average Order 0.437225 (4:20:47 PM  Nov 16, 2023)
[info] Project:clt_sweep_3970um_80um, Setup : [PROFILE]        Max Delta Freq. % = 0.09100 at adaptive pass 5 (4:20:47 PM  Nov 16, 2023)
[info] Project:clt_sweep_3970um_80um, Setup : [CONVERGE] Pass Number:  5;  Solved Elements:  994413;  Max Delta Freq. %:  0.090996;   (4:20:48 PM  Nov 16, 2023)
[info] Project:clt_sweep_3970um_80um, Setup : [PROFILE]        Adaptive Passes converged (4:20:48 PM  Nov 16, 2023)
[info] Project:clt_sweep_3970um_80um, Setup : [PROFILE] Adaptive Meshing : Elapsed time: 00:35:13 (4:20:48 PM  Nov 16, 2023)
[info] Project:clt_sweep_3970um_80um, Setup : [PROFILE] Simulation Summary: (4:20:48 PM  Nov 16, 2023)
[info] Project:clt_sweep_3970um_80um, Setup : [PROFILE] Design Validation : Elapsed time: 00:00:00, total memory: 139 MB (4:20:48 PM  Nov 16, 2023)
[info] Project:clt_sweep_3970um_80um, Setup : [PROFILE] Initial Meshing : Elapsed time: 00:02:51, total memory: 645 MB (4:20:48 PM  Nov 16, 2023)
[info] Project:clt_sweep_3970um_80um, Setup : [PROFILE] Adaptive Meshing : Elapsed time: 00:35:13, total memory: 26.4 GB, total number of cores: 16 (4:20:48 PM  Nov 16, 2023)
[info] Project:clt_sweep_3970um_80um, Setup : [PROFILE]        max solved tets: 994413, max matrix size: 3596533, max bandwidth:  19.1 (4:20:48 PM  Nov 16, 2023)
[info] Project:clt_sweep_3970um_80um, Setup : [PROFILE]        Time:  11/16/2023 16:20:48, Status: Normal Completion (4:20:48 PM  Nov 16, 2023)
[info] Project:clt_sweep_3970um_80um, Setup : [PROFILE] Stop : Elapsed time : 00:38:05 , ComEngine Memory : 139 M (4:20:48 PM  Nov 16, 2023)
[info] Project:clt_sweep_3970um_80um, Design:CavitySweep_hfss (Eigenmode), Normal completion of simulation on server: Local Machine. (4:20:48 PM  Nov 16, 2023)
Stopping Batch Run: 4:20:56 PM  Nov 16, 2023
