 
ANSYS Electronics Desktop Version 2021.1.0, Build: 2020-11-16 21:49:12
Location: D:\Program Files\AnsysEM\AnsysEM21.1\Win64\ansysedt.exe
Batch Solve/Save: d:\andre\paper_sweeps\project_storage\clt_sweep_3970um_130um.aedt
Starting Batch Run: 9:20:34 PM  Nov 09, 2023
Running as user: DTS\lfl
Temp directory: D:\lfl\AppData\Local\Temp
Project directory: D:\lfl\Documents\Ansoft
Simulation settings:

Design type: HFSS
Allow off core: True
Using automatic settings
16 optimetrics variations will be solved simultaneously.
Partitions:
Machine: localhost, Cores: 1, GPUs: 0, GPU Indexes:<>, RAM pct: 5.625000
Machine: localhost, Cores: 1, GPUs: 0, GPU Indexes:<>, RAM pct: 5.625000
Machine: localhost, Cores: 1, GPUs: 0, GPU Indexes:<>, RAM pct: 5.625000
Machine: localhost, Cores: 1, GPUs: 0, GPU Indexes:<>, RAM pct: 5.625000
Machine: localhost, Cores: 1, GPUs: 0, GPU Indexes:<>, RAM pct: 5.625000
Machine: localhost, Cores: 1, GPUs: 0, GPU Indexes:<>, RAM pct: 5.625000
Machine: localhost, Cores: 1, GPUs: 0, GPU Indexes:<>, RAM pct: 5.625000
Machine: localhost, Cores: 1, GPUs: 0, GPU Indexes:<>, RAM pct: 5.625000
Machine: localhost, Cores: 1, GPUs: 0, GPU Indexes:<>, RAM pct: 5.625000
Machine: localhost, Cores: 1, GPUs: 0, GPU Indexes:<>, RAM pct: 5.625000
Machine: localhost, Cores: 1, GPUs: 0, GPU Indexes:<>, RAM pct: 5.625000
Machine: localhost, Cores: 1, GPUs: 0, GPU Indexes:<>, RAM pct: 5.625000
Machine: localhost, Cores: 1, GPUs: 0, GPU Indexes:<>, RAM pct: 5.625000
Machine: localhost, Cores: 1, GPUs: 0, GPU Indexes:<>, RAM pct: 5.625000
Machine: localhost, Cores: 1, GPUs: 0, GPU Indexes:<>, RAM pct: 5.625000
Machine: localhost, Cores: 1, GPUs: 0, GPU Indexes:<>, RAM pct: 5.625000

Machines:
localhost RAM: 90%, 16 cores, 1 GPUs

[info] Using command line: "D:\Program Files\AnsysEM\AnsysEM21.1\Win64\ansysedt.exe -jobid RSM_1031 -distributed -machinelist list=localhost:-1:16:90%:1 -auto NumDistributedVariations=16 -monitor -waitforlicense -useelectronicsppe -ng -batchoptions  'HFSS/AllowOffCore'=1 'HFSS/DefaultProcessPriority'='Normal' 'HFSS/EnableGPU'=0 'HFSS/EnableGPUForSBR'=1 'HFSS/MPIVendor'='Intel' 'HFSS/RemoteSpawnCommand'='SSH' -batchsolve d:\andre\paper_sweeps\project_storage\clt_sweep_3970um_130um.aedt".
[info] Project:clt_sweep_3970um_130um, Setup : [PROFILE] Solution Process : Time:  11/09/2023 21:20:38; Host: DTS-MJ0GK06Y; Processor: 32; OS: NT 10.0; HFSS Version 2021.1.0 (9:20:38 PM  Nov 09, 2023)
[info] Project:clt_sweep_3970um_130um, Setup : [PROFILE]        Executing from D:\Program Files\AnsysEM\AnsysEM21.1\Win64\HFSSCOMENGINE.exe (9:20:38 PM  Nov 09, 2023)
[info] Project:clt_sweep_3970um_130um, Setup : [PROFILE]        HPC Enabled (9:20:38 PM  Nov 09, 2023)
[info] Project:clt_sweep_3970um_130um, Setup : [PROFILE]        Allow off core: True (9:20:38 PM  Nov 09, 2023)
[info] Project:clt_sweep_3970um_130um, Setup : [PROFILE]        Using automatic settings (9:20:38 PM  Nov 09, 2023)
[info] Project:clt_sweep_3970um_130um, Setup : [PROFILE]        Machines: (9:20:38 PM  Nov 09, 2023)
[info] Project:clt_sweep_3970um_130um, Setup : [PROFILE]        DTS-MJ0GK06Y [128 GB]: RAM Limit: 90.000000%, 16 cores (9:20:38 PM  Nov 09, 2023)
[info] Project:clt_sweep_3970um_130um, Setup : [PROFILE]        Solution Basis Order: Mixed (9:20:38 PM  Nov 09, 2023)
[info] Project:clt_sweep_3970um_130um, Setup : [PROFILE] Design Validation : Elapsed time : 00:00:00 , HFSS ComEngine Memory : 140 M (9:20:39 PM  Nov 09, 2023)
[info] Project:clt_sweep_3970um_130um, Setup : [PROFILE]        Perform full validations with standard port validations (9:20:39 PM  Nov 09, 2023)
[info] Project:clt_sweep_3970um_130um, Setup : [PROFILE] Initial Meshing : Time:  11/09/2023 21:20:39 (9:20:39 PM  Nov 09, 2023)
[info] Project:clt_sweep_3970um_130um, Setup : [PROFILE] Volume (9:20:39 PM  Nov 09, 2023)
[info] Project:clt_sweep_3970um_130um, Setup : [PROFILE] Mesh Phi : Real Time 00:00:00 : CPU Time 00:00:00 : Memory 70.1 M : 2042 tetrahedra (9:20:39 PM  Nov 09, 2023)
[info] Project:clt_sweep_3970um_130um, Setup : [PROFILE] Mesh Post : Real Time 00:00:00 : CPU Time 00:00:00 : Memory 71.3 M : 2729 tetrahedra (9:20:39 PM  Nov 09, 2023)
[info] Project:clt_sweep_3970um_130um, Setup : [PROFILE] Mesh Refinement : Manual Seed Based (9:20:39 PM  Nov 09, 2023)
[info] Project:clt_sweep_3970um_130um, Setup : [PROFILE] Mesh (volume, seed) : Real Time 00:02:02 : CPU Time 00:02:02 : Memory 644 M : 577305 tetrahedra (9:22:42 PM  Nov 09, 2023)
[info] Project:clt_sweep_3970um_130um, Setup : [PROFILE] Mesh Refinement : Lambda Based (9:22:42 PM  Nov 09, 2023)
[info] Project:clt_sweep_3970um_130um, Setup : [PROFILE] Mesh (lambda based) : Real Time 00:00:19 : CPU Time 00:00:19 : Memory 449 M : 579466 tetrahedra (9:23:02 PM  Nov 09, 2023)
[info] Project:clt_sweep_3970um_130um, Setup : [PROFILE]        port_mesh, mesh1, mesh_ground_strip (9:23:02 PM  Nov 09, 2023)
[info] Project:clt_sweep_3970um_130um, Setup : [PROFILE] Initial Meshing : Elapsed time: 00:02:23 (9:23:02 PM  Nov 09, 2023)
[info] Project:clt_sweep_3970um_130um, Setup : [PROFILE] Adaptive Meshing : Time:  11/09/2023 21:23:02 (9:23:02 PM  Nov 09, 2023)
[info] Project:clt_sweep_3970um_130um, Setup : [PROFILE] Adaptive Pass 1 : Eigenmode Solution (9:23:02 PM  Nov 09, 2023)
[info] Project:clt_sweep_3970um_130um, Setup : [PROFILE] Simulation Setup : Real Time 00:00:13 : CPU Time 00:00:13 : Memory 902 M : Disk = 0 Bytes (9:23:16 PM  Nov 09, 2023)
[info] Project:clt_sweep_3970um_130um, Setup : [PROFILE] Matrix Assembly : Real Time 00:00:14 : CPU Time 00:00:17 : Memory 1.35 G : Disk = 0 Bytes, 579466 tetrahedra  (9:23:30 PM  Nov 09, 2023)
[info] Project:clt_sweep_3970um_130um, Setup : [PROFILE] EigenSolver DCS16 : Real Time 00:00:21 : CPU Time 00:02:37 : Memory 3.75 G : Disk = 9.71 MB, matrix size 636312, matrix bandwidth   8.3, 18 eigen iterations (9:23:51 PM  Nov 09, 2023)
[info] Project:clt_sweep_3970um_130um, Setup : [PROFILE] Field Recovery : Real Time 00:00:07 : CPU Time 00:00:22 : Memory 3.75 G : Disk = 209 MB, 1 computed eigenmodes, Average Order 0.003988 (9:23:59 PM  Nov 09, 2023)
[info] Project:clt_sweep_3970um_130um, Setup : [CONVERGE] Pass Number:  1;  Solved Elements:  579466;  Max Delta Freq. %:  N/A;   (9:23:59 PM  Nov 09, 2023)
[info] Project:clt_sweep_3970um_130um, Setup : [PROFILE] Adaptive Pass 2 : Eigenmode Solution (9:23:59 PM  Nov 09, 2023)
[info] Project:clt_sweep_3970um_130um, Setup : [PROFILE] Mesh (volume, adaptive) : Real Time 00:00:43 : CPU Time 00:00:43 : Memory 585 M : 705283 tetrahedra (9:24:42 PM  Nov 09, 2023)
[info] Project:clt_sweep_3970um_130um, Setup : [PROFILE] Simulation Setup : Real Time 00:00:19 : CPU Time 00:00:19 : Memory 1.07 G : Disk = 0 Bytes (9:25:03 PM  Nov 09, 2023)
[info] Project:clt_sweep_3970um_130um, Setup : [PROFILE] Matrix Assembly : Real Time 00:00:34 : CPU Time 00:00:36 : Memory 2.53 G : Disk = 0 Bytes, 705283 tetrahedra  (9:25:37 PM  Nov 09, 2023)
[info] Project:clt_sweep_3970um_130um, Setup : [PROFILE] EigenSolver DCS16 : Real Time 00:01:01 : CPU Time 00:05:36 : Memory 8.41 G : Disk = 9.7 MB, matrix size 1272030, matrix bandwidth  14.0, 17 eigen iterations (9:26:38 PM  Nov 09, 2023)
[info] Project:clt_sweep_3970um_130um, Setup : [PROFILE] Field Recovery : Real Time 00:00:08 : CPU Time 00:00:26 : Memory 8.41 G : Disk = 56.5 MB, 1 computed eigenmodes, Average Order 0.105970 (9:26:47 PM  Nov 09, 2023)
[info] Project:clt_sweep_3970um_130um, Setup : [PROFILE]        Max Delta Freq. % = 7.40070 at adaptive pass 2 (9:26:47 PM  Nov 09, 2023)
[info] Project:clt_sweep_3970um_130um, Setup : [CONVERGE] Pass Number:  2;  Solved Elements:  705283;  Max Delta Freq. %:  7.4007;   (9:26:47 PM  Nov 09, 2023)
[info] Project:clt_sweep_3970um_130um, Setup : [PROFILE] Adaptive Pass 3 : Eigenmode Solution (9:26:47 PM  Nov 09, 2023)
[info] Project:clt_sweep_3970um_130um, Setup : [PROFILE] Mesh (volume, adaptive) : Real Time 00:00:34 : CPU Time 00:00:34 : Memory 609 M : 764277 tetrahedra (9:27:21 PM  Nov 09, 2023)
[info] Project:clt_sweep_3970um_130um, Setup : [PROFILE] Simulation Setup : Real Time 00:00:32 : CPU Time 00:00:32 : Memory 1.15 G : Disk = 0 Bytes (9:27:54 PM  Nov 09, 2023)
[info] Project:clt_sweep_3970um_130um, Setup : [PROFILE] Matrix Assembly : Real Time 00:00:48 : CPU Time 00:00:50 : Memory 3.53 G : Disk = 0 Bytes, 764277 tetrahedra  (9:28:43 PM  Nov 09, 2023)
[info] Project:clt_sweep_3970um_130um, Setup : [PROFILE] EigenSolver DCS16 : Real Time 00:01:43 : CPU Time 00:09:39 : Memory 12.8 G : Disk = 8.17 MB, matrix size 1807188, matrix bandwidth  16.4, 17 eigen iterations (9:30:27 PM  Nov 09, 2023)
[info] Project:clt_sweep_3970um_130um, Setup : [PROFILE] Field Recovery : Real Time 00:00:08 : CPU Time 00:00:28 : Memory 12.8 G : Disk = 34.9 MB, 1 computed eigenmodes, Average Order 0.204740 (9:30:36 PM  Nov 09, 2023)
[info] Project:clt_sweep_3970um_130um, Setup : [PROFILE]        Max Delta Freq. % = 0.67916 at adaptive pass 3 (9:30:36 PM  Nov 09, 2023)
[info] Project:clt_sweep_3970um_130um, Setup : [CONVERGE] Pass Number:  3;  Solved Elements:  764277;  Max Delta Freq. %:  0.67916;   (9:30:36 PM  Nov 09, 2023)
[info] Project:clt_sweep_3970um_130um, Setup : [PROFILE] Adaptive Pass 4 : Eigenmode Solution (9:30:36 PM  Nov 09, 2023)
[info] Project:clt_sweep_3970um_130um, Setup : [PROFILE] Mesh (volume, adaptive) : Real Time 00:00:52 : CPU Time 00:00:50 : Memory 700 M : 878918 tetrahedra (9:31:29 PM  Nov 09, 2023)
[info] Project:clt_sweep_3970um_130um, Setup : [PROFILE] Simulation Setup : Real Time 00:00:45 : CPU Time 00:00:41 : Memory 1.31 G : Disk = 0 Bytes (9:32:16 PM  Nov 09, 2023)
[info] Project:clt_sweep_3970um_130um, Setup : [PROFILE] Matrix Assembly : Real Time 00:01:08 : CPU Time 00:01:10 : Memory 5.32 G : Disk = 0 Bytes, 878918 tetrahedra  (9:33:25 PM  Nov 09, 2023)
[info] Project:clt_sweep_3970um_130um, Setup : [PROFILE] EigenSolver DCS16 : Real Time 00:03:12 : CPU Time 00:16:50 : Memory 22 G : Disk = 14.5 MB, matrix size 2756753, matrix bandwidth  18.3, 17 eigen iterations (9:36:38 PM  Nov 09, 2023)
[info] Project:clt_sweep_3970um_130um, Setup : [PROFILE] Field Recovery : Real Time 00:00:10 : CPU Time 00:00:33 : Memory 22 G : Disk = 56.2 MB, 1 computed eigenmodes, Average Order 0.343461 (9:36:49 PM  Nov 09, 2023)
[info] Project:clt_sweep_3970um_130um, Setup : [PROFILE]        Max Delta Freq. % = 0.26165 at adaptive pass 4 (9:36:49 PM  Nov 09, 2023)
[info] Project:clt_sweep_3970um_130um, Setup : [CONVERGE] Pass Number:  4;  Solved Elements:  878918;  Max Delta Freq. %:  0.26165;   (9:36:49 PM  Nov 09, 2023)
[info] Project:clt_sweep_3970um_130um, Setup : [PROFILE] Adaptive Pass 5 : Eigenmode Solution (9:36:49 PM  Nov 09, 2023)
[info] Project:clt_sweep_3970um_130um, Setup : [PROFILE] Mesh (volume, adaptive) : Real Time 00:01:30 : CPU Time 00:01:27 : Memory 812 M : 1015639 tetrahedra (9:38:19 PM  Nov 09, 2023)
[info] Project:clt_sweep_3970um_130um, Setup : [PROFILE] Simulation Setup : Real Time 00:00:55 : CPU Time 00:00:54 : Memory 1.52 G : Disk = 0 Bytes (9:39:16 PM  Nov 09, 2023)
[info] Project:clt_sweep_3970um_130um, Setup : [PROFILE] Matrix Assembly : Real Time 00:01:38 : CPU Time 00:01:41 : Memory 7.08 G : Disk = 0 Bytes, 1015639 tetrahedra  (9:40:55 PM  Nov 09, 2023)
[info] Project:clt_sweep_3970um_130um, Setup : [PROFILE] EigenSolver DCS16 : Real Time 00:05:32 : CPU Time 00:24:47 : Memory 27.8 G : Disk = 13.8 MB, matrix size 3663512, matrix bandwidth  19.1, 18 eigen iterations (9:46:27 PM  Nov 09, 2023)
[info] Project:clt_sweep_3970um_130um, Setup : [PROFILE] Field Recovery : Real Time 00:00:19 : CPU Time 00:00:54 : Memory 27.8 G : Disk = 66.5 MB, 1 computed eigenmodes, Average Order 0.435850 (9:46:46 PM  Nov 09, 2023)
[info] Project:clt_sweep_3970um_130um, Setup : [PROFILE]        Max Delta Freq. % = 0.09594 at adaptive pass 5 (9:46:46 PM  Nov 09, 2023)
[info] Project:clt_sweep_3970um_130um, Setup : [CONVERGE] Pass Number:  5;  Solved Elements:  1015639;  Max Delta Freq. %:  0.095938;   (9:46:46 PM  Nov 09, 2023)
[info] Project:clt_sweep_3970um_130um, Setup : [PROFILE]        Adaptive Passes converged (9:46:46 PM  Nov 09, 2023)
[info] Project:clt_sweep_3970um_130um, Setup : [PROFILE] Adaptive Meshing : Elapsed time: 00:23:44 (9:46:46 PM  Nov 09, 2023)
[info] Project:clt_sweep_3970um_130um, Setup : [PROFILE] Simulation Summary: (9:46:46 PM  Nov 09, 2023)
[info] Project:clt_sweep_3970um_130um, Setup : [PROFILE] Design Validation : Elapsed time: 00:00:00, total memory: 140 MB (9:46:46 PM  Nov 09, 2023)
[info] Project:clt_sweep_3970um_130um, Setup : [PROFILE] Initial Meshing : Elapsed time: 00:02:23, total memory: 644 MB (9:46:46 PM  Nov 09, 2023)
[info] Project:clt_sweep_3970um_130um, Setup : [PROFILE] Adaptive Meshing : Elapsed time: 00:23:44, total memory: 27.8 GB, total number of cores: 16 (9:46:46 PM  Nov 09, 2023)
[info] Project:clt_sweep_3970um_130um, Setup : [PROFILE]        max solved tets: 1015639, max matrix size: 3663512, max bandwidth:  19.1 (9:46:46 PM  Nov 09, 2023)
[info] Project:clt_sweep_3970um_130um, Setup : [PROFILE]        Time:  11/09/2023 21:46:46, Status: Normal Completion (9:46:46 PM  Nov 09, 2023)
[info] Project:clt_sweep_3970um_130um, Setup : [PROFILE] Stop : Elapsed time : 00:26:08 , ComEngine Memory : 140 M (9:46:46 PM  Nov 09, 2023)
[info] Project:clt_sweep_3970um_130um, Design:CavitySweep_hfss (Eigenmode), Normal completion of simulation on server: Local Machine. (9:46:48 PM  Nov 09, 2023)
[info] Project:clt_sweep_3970um_130um, Setup : [PROFILE] Solution Process : Time:  11/09/2023 21:46:54; Host: DTS-MJ0GK06Y; Processor: 32; OS: NT 10.0; HFSS Version 2021.1.0 (9:46:54 PM  Nov 09, 2023)
[info] Project:clt_sweep_3970um_130um, Setup : [PROFILE]        Executing from D:\Program Files\AnsysEM\AnsysEM21.1\Win64\HFSSCOMENGINE.exe (9:46:54 PM  Nov 09, 2023)
[info] Project:clt_sweep_3970um_130um, Setup : [PROFILE]        HPC Enabled (9:46:54 PM  Nov 09, 2023)
[info] Project:clt_sweep_3970um_130um, Setup : [PROFILE]        Allow off core: True (9:46:54 PM  Nov 09, 2023)
[info] Project:clt_sweep_3970um_130um, Setup : [PROFILE]        Using automatic settings (9:46:54 PM  Nov 09, 2023)
[info] Project:clt_sweep_3970um_130um, Setup : [PROFILE]        Machines: (9:46:54 PM  Nov 09, 2023)
[info] Project:clt_sweep_3970um_130um, Setup : [PROFILE]        DTS-MJ0GK06Y [128 GB]: RAM Limit: 90.000000%, 16 cores (9:46:54 PM  Nov 09, 2023)
[info] Project:clt_sweep_3970um_130um, Setup : [PROFILE]        Solution Basis Order: Mixed (9:46:54 PM  Nov 09, 2023)
[error] Project:clt_sweep_3970um_130um, Design:CavitySweep (Eigenmode), There are no objects in the design. (9:46:54 PM  Nov 09, 2023)
[info] Project:clt_sweep_3970um_130um, Setup : [PROFILE] Design Validation : Elapsed time : 00:00:00 , HFSS ComEngine Memory : 127 M (9:46:54 PM  Nov 09, 2023)
[info] Project:clt_sweep_3970um_130um, Setup : [PROFILE]        Perform full validations with standard port validations (9:46:54 PM  Nov 09, 2023)
[info] Project:clt_sweep_3970um_130um, Setup : [PROFILE]        Time:  11/09/2023 21:46:54, Status: Engine Detected Error (9:46:54 PM  Nov 09, 2023)
[info] Project:clt_sweep_3970um_130um, Setup : [PROFILE] Stop : Elapsed time : 00:00:00 , ComEngine Memory : 127 M (9:46:54 PM  Nov 09, 2023)
[error] Project:clt_sweep_3970um_130um, Design:CavitySweep (Eigenmode), Simulation completed with execution error on server: Local Machine. (9:46:55 PM  Nov 09, 2023)
Stopping Batch Run: 9:47:03 PM  Nov 09, 2023
