 
ANSYS Electronics Desktop Version 2021.1.0, Build: 2020-11-16 21:49:12
Location: D:\Program Files\AnsysEM\AnsysEM21.1\Win64\ansysedt.exe
Batch Solve/Save: d:\andre\paper_sweeps\project_storage\clt_sweep_3900um_90um.aedt
Starting Batch Run: 12:40:29 PM  Nov 09, 2023
Running as user: DTS\lfl
Temp directory: D:\lfl\AppData\Local\Temp
Project directory: D:\lfl\Documents\Ansoft
Simulation settings:

Design type: HFSS
Allow off core: True
Using automatic settings
16 optimetrics variations will be solved simultaneously.
Partitions:
Machine: localhost, Cores: 1, GPUs: 0, GPU Indexes:<>, RAM pct: 5.625000
Machine: localhost, Cores: 1, GPUs: 0, GPU Indexes:<>, RAM pct: 5.625000
Machine: localhost, Cores: 1, GPUs: 0, GPU Indexes:<>, RAM pct: 5.625000
Machine: localhost, Cores: 1, GPUs: 0, GPU Indexes:<>, RAM pct: 5.625000
Machine: localhost, Cores: 1, GPUs: 0, GPU Indexes:<>, RAM pct: 5.625000
Machine: localhost, Cores: 1, GPUs: 0, GPU Indexes:<>, RAM pct: 5.625000
Machine: localhost, Cores: 1, GPUs: 0, GPU Indexes:<>, RAM pct: 5.625000
Machine: localhost, Cores: 1, GPUs: 0, GPU Indexes:<>, RAM pct: 5.625000
Machine: localhost, Cores: 1, GPUs: 0, GPU Indexes:<>, RAM pct: 5.625000
Machine: localhost, Cores: 1, GPUs: 0, GPU Indexes:<>, RAM pct: 5.625000
Machine: localhost, Cores: 1, GPUs: 0, GPU Indexes:<>, RAM pct: 5.625000
Machine: localhost, Cores: 1, GPUs: 0, GPU Indexes:<>, RAM pct: 5.625000
Machine: localhost, Cores: 1, GPUs: 0, GPU Indexes:<>, RAM pct: 5.625000
Machine: localhost, Cores: 1, GPUs: 0, GPU Indexes:<>, RAM pct: 5.625000
Machine: localhost, Cores: 1, GPUs: 0, GPU Indexes:<>, RAM pct: 5.625000
Machine: localhost, Cores: 1, GPUs: 0, GPU Indexes:<>, RAM pct: 5.625000

Machines:
localhost RAM: 90%, 16 cores, 1 GPUs

[info] Using command line: "D:\Program Files\AnsysEM\AnsysEM21.1\Win64\ansysedt.exe -jobid RSM_365 -distributed -machinelist list=localhost:-1:16:90%:1 -auto NumDistributedVariations=16 -monitor -waitforlicense -useelectronicsppe -ng -batchoptions  'HFSS/AllowOffCore'=1 'HFSS/DefaultProcessPriority'='Normal' 'HFSS/EnableGPU'=0 'HFSS/EnableGPUForSBR'=1 'HFSS/MPIVendor'='Intel' 'HFSS/RemoteSpawnCommand'='SSH' -batchsolve d:\andre\paper_sweeps\project_storage\clt_sweep_3900um_90um.aedt".
[info] Project:clt_sweep_3900um_90um, Setup : [PROFILE] Solution Process : Time:  11/09/2023 12:40:34; Host: DTS-MJ0GK06Y; Processor: 32; OS: NT 10.0; HFSS Version 2021.1.0 (12:40:34 PM  Nov 09, 2023)
[info] Project:clt_sweep_3900um_90um, Setup : [PROFILE]        Executing from D:\Program Files\AnsysEM\AnsysEM21.1\Win64\HFSSCOMENGINE.exe (12:40:34 PM  Nov 09, 2023)
[info] Project:clt_sweep_3900um_90um, Setup : [PROFILE]        HPC Enabled (12:40:34 PM  Nov 09, 2023)
[info] Project:clt_sweep_3900um_90um, Setup : [PROFILE]        Allow off core: True (12:40:34 PM  Nov 09, 2023)
[info] Project:clt_sweep_3900um_90um, Setup : [PROFILE]        Using automatic settings (12:40:34 PM  Nov 09, 2023)
[info] Project:clt_sweep_3900um_90um, Setup : [PROFILE]        Machines: (12:40:34 PM  Nov 09, 2023)
[info] Project:clt_sweep_3900um_90um, Setup : [PROFILE]        DTS-MJ0GK06Y [128 GB]: RAM Limit: 90.000000%, 16 cores (12:40:34 PM  Nov 09, 2023)
[info] Project:clt_sweep_3900um_90um, Setup : [PROFILE]        Solution Basis Order: Mixed (12:40:34 PM  Nov 09, 2023)
[error] Project:clt_sweep_3900um_90um, Design:CavitySweep (Eigenmode), There are no objects in the design. (12:40:34 PM  Nov 09, 2023)
[info] Project:clt_sweep_3900um_90um, Setup : [PROFILE] Design Validation : Elapsed time : 00:00:00 , HFSS ComEngine Memory : 127 M (12:40:34 PM  Nov 09, 2023)
[info] Project:clt_sweep_3900um_90um, Setup : [PROFILE]        Perform full validations with standard port validations (12:40:34 PM  Nov 09, 2023)
[info] Project:clt_sweep_3900um_90um, Setup : [PROFILE]        Time:  11/09/2023 12:40:34, Status: Engine Detected Error (12:40:34 PM  Nov 09, 2023)
[info] Project:clt_sweep_3900um_90um, Setup : [PROFILE] Stop : Elapsed time : 00:00:00 , ComEngine Memory : 127 M (12:40:34 PM  Nov 09, 2023)
[error] Project:clt_sweep_3900um_90um, Design:CavitySweep (Eigenmode), Simulation completed with execution error on server: Local Machine. (12:40:34 PM  Nov 09, 2023)
[info] Project:clt_sweep_3900um_90um, Setup : [PROFILE] Solution Process : Time:  11/09/2023 12:40:37; Host: DTS-MJ0GK06Y; Processor: 32; OS: NT 10.0; HFSS Version 2021.1.0 (12:40:37 PM  Nov 09, 2023)
[info] Project:clt_sweep_3900um_90um, Setup : [PROFILE]        Executing from D:\Program Files\AnsysEM\AnsysEM21.1\Win64\HFSSCOMENGINE.exe (12:40:37 PM  Nov 09, 2023)
[info] Project:clt_sweep_3900um_90um, Setup : [PROFILE]        HPC Enabled (12:40:37 PM  Nov 09, 2023)
[info] Project:clt_sweep_3900um_90um, Setup : [PROFILE]        Allow off core: True (12:40:37 PM  Nov 09, 2023)
[info] Project:clt_sweep_3900um_90um, Setup : [PROFILE]        Using automatic settings (12:40:37 PM  Nov 09, 2023)
[info] Project:clt_sweep_3900um_90um, Setup : [PROFILE]        Machines: (12:40:37 PM  Nov 09, 2023)
[info] Project:clt_sweep_3900um_90um, Setup : [PROFILE]        DTS-MJ0GK06Y [128 GB]: RAM Limit: 90.000000%, 16 cores (12:40:37 PM  Nov 09, 2023)
[info] Project:clt_sweep_3900um_90um, Setup : [PROFILE]        Solution Basis Order: Mixed (12:40:37 PM  Nov 09, 2023)
[info] Project:clt_sweep_3900um_90um, Setup : [PROFILE] Design Validation : Elapsed time : 00:00:00 , HFSS ComEngine Memory : 139 M (12:40:37 PM  Nov 09, 2023)
[info] Project:clt_sweep_3900um_90um, Setup : [PROFILE]        Perform full validations with standard port validations (12:40:37 PM  Nov 09, 2023)
[info] Project:clt_sweep_3900um_90um, Setup : [PROFILE] Initial Meshing : Time:  11/09/2023 12:40:37 (12:40:37 PM  Nov 09, 2023)
[info] Project:clt_sweep_3900um_90um, Setup : [PROFILE] Volume (12:40:37 PM  Nov 09, 2023)
[info] Project:clt_sweep_3900um_90um, Setup : [PROFILE] Mesh Phi : Real Time 00:00:00 : CPU Time 00:00:00 : Memory 70.1 M : 2038 tetrahedra (12:40:37 PM  Nov 09, 2023)
[info] Project:clt_sweep_3900um_90um, Setup : [PROFILE] Mesh Post : Real Time 00:00:00 : CPU Time 00:00:00 : Memory 72.7 M : 2038 tetrahedra (12:40:37 PM  Nov 09, 2023)
[info] Project:clt_sweep_3900um_90um, Setup : [PROFILE] Mesh Refinement : Manual Seed Based (12:40:38 PM  Nov 09, 2023)
[info] Project:clt_sweep_3900um_90um, Setup : [PROFILE] Mesh (volume, seed) : Real Time 00:02:10 : CPU Time 00:02:10 : Memory 659 M : 588134 tetrahedra (12:42:48 PM  Nov 09, 2023)
[info] Project:clt_sweep_3900um_90um, Setup : [PROFILE] Mesh Refinement : Lambda Based (12:42:49 PM  Nov 09, 2023)
[info] Project:clt_sweep_3900um_90um, Setup : [PROFILE] Mesh (lambda based) : Real Time 00:00:21 : CPU Time 00:00:21 : Memory 455 M : 590369 tetrahedra (12:43:10 PM  Nov 09, 2023)
[info] Project:clt_sweep_3900um_90um, Setup : [PROFILE]        port_mesh, mesh1, mesh_ground_strip (12:43:10 PM  Nov 09, 2023)
[info] Project:clt_sweep_3900um_90um, Setup : [PROFILE] Initial Meshing : Elapsed time: 00:02:33 (12:43:11 PM  Nov 09, 2023)
[info] Project:clt_sweep_3900um_90um, Setup : [PROFILE] Adaptive Meshing : Time:  11/09/2023 12:43:11 (12:43:11 PM  Nov 09, 2023)
[info] Project:clt_sweep_3900um_90um, Setup : [PROFILE] Adaptive Pass 1 : Eigenmode Solution (12:43:11 PM  Nov 09, 2023)
[info] Project:clt_sweep_3900um_90um, Setup : [PROFILE] Simulation Setup : Real Time 00:00:15 : CPU Time 00:00:15 : Memory 920 M : Disk = 0 Bytes (12:43:26 PM  Nov 09, 2023)
[info] Project:clt_sweep_3900um_90um, Setup : [PROFILE] Matrix Assembly : Real Time 00:00:12 : CPU Time 00:00:15 : Memory 1.37 G : Disk = 0 Bytes, 590369 tetrahedra  (12:43:39 PM  Nov 09, 2023)
[info] Project:clt_sweep_3900um_90um, Setup : [PROFILE] EigenSolver DCS16 : Real Time 00:00:23 : CPU Time 00:02:58 : Memory 3.96 G : Disk = 9.92 MB, matrix size 650341, matrix bandwidth   8.4, 19 eigen iterations (12:44:02 PM  Nov 09, 2023)
[info] Project:clt_sweep_3900um_90um, Setup : [PROFILE] Field Recovery : Real Time 00:00:09 : CPU Time 00:00:24 : Memory 3.96 G : Disk = 213 MB, 1 computed eigenmodes, Average Order 0.004104 (12:44:11 PM  Nov 09, 2023)
[info] Project:clt_sweep_3900um_90um, Setup : [CONVERGE] Pass Number:  1;  Solved Elements:  590369;  Max Delta Freq. %:  N/A;   (12:44:12 PM  Nov 09, 2023)
[info] Project:clt_sweep_3900um_90um, Setup : [PROFILE] Adaptive Pass 2 : Eigenmode Solution (12:44:12 PM  Nov 09, 2023)
[info] Project:clt_sweep_3900um_90um, Setup : [PROFILE] Mesh (volume, adaptive) : Real Time 00:01:07 : CPU Time 00:01:07 : Memory 659 M : 767482 tetrahedra (12:45:19 PM  Nov 09, 2023)
[info] Project:clt_sweep_3900um_90um, Setup : [PROFILE] Simulation Setup : Real Time 00:00:27 : CPU Time 00:00:27 : Memory 1.15 G : Disk = 0 Bytes (12:45:47 PM  Nov 09, 2023)
[info] Project:clt_sweep_3900um_90um, Setup : [PROFILE] Matrix Assembly : Real Time 00:00:35 : CPU Time 00:00:38 : Memory 2.85 G : Disk = 0 Bytes, 767482 tetrahedra  (12:46:23 PM  Nov 09, 2023)
[info] Project:clt_sweep_3900um_90um, Setup : [PROFILE] EigenSolver DCS16 : Real Time 00:01:10 : CPU Time 00:06:22 : Memory 9.8 G : Disk = 12 MB, matrix size 1437331, matrix bandwidth  14.4, 17 eigen iterations (12:47:34 PM  Nov 09, 2023)
[info] Project:clt_sweep_3900um_90um, Setup : [PROFILE] Field Recovery : Real Time 00:00:11 : CPU Time 00:00:31 : Memory 9.8 G : Disk = 75.3 MB, 1 computed eigenmodes, Average Order 0.115267 (12:47:45 PM  Nov 09, 2023)
[info] Project:clt_sweep_3900um_90um, Setup : [PROFILE]        Max Delta Freq. % = 7.25683 at adaptive pass 2 (12:47:45 PM  Nov 09, 2023)
[info] Project:clt_sweep_3900um_90um, Setup : [CONVERGE] Pass Number:  2;  Solved Elements:  767482;  Max Delta Freq. %:  7.2568;   (12:47:45 PM  Nov 09, 2023)
[info] Project:clt_sweep_3900um_90um, Setup : [PROFILE] Adaptive Pass 3 : Eigenmode Solution (12:47:45 PM  Nov 09, 2023)
[info] Project:clt_sweep_3900um_90um, Setup : [PROFILE] Mesh (volume, adaptive) : Real Time 00:00:47 : CPU Time 00:00:47 : Memory 618 M : 800560 tetrahedra (12:48:33 PM  Nov 09, 2023)
[info] Project:clt_sweep_3900um_90um, Setup : [PROFILE] Simulation Setup : Real Time 00:00:35 : CPU Time 00:00:35 : Memory 1.2 G : Disk = 0 Bytes (12:49:09 PM  Nov 09, 2023)
[info] Project:clt_sweep_3900um_90um, Setup : [PROFILE] Matrix Assembly : Real Time 00:00:52 : CPU Time 00:00:52 : Memory 3.62 G : Disk = 0 Bytes, 800560 tetrahedra  (12:50:02 PM  Nov 09, 2023)
[info] Project:clt_sweep_3900um_90um, Setup : [PROFILE] EigenSolver DCS16 : Real Time 00:01:42 : CPU Time 00:08:50 : Memory 13.4 G : Disk = 6.37 MB, matrix size 1854702, matrix bandwidth  16.2, 17 eigen iterations (12:51:45 PM  Nov 09, 2023)
[info] Project:clt_sweep_3900um_90um, Setup : [PROFILE] Field Recovery : Real Time 00:00:10 : CPU Time 00:00:31 : Memory 13.4 G : Disk = 26.8 MB, 1 computed eigenmodes, Average Order 0.193997 (12:51:56 PM  Nov 09, 2023)
[info] Project:clt_sweep_3900um_90um, Setup : [PROFILE]        Max Delta Freq. % = 0.61622 at adaptive pass 3 (12:51:56 PM  Nov 09, 2023)
[info] Project:clt_sweep_3900um_90um, Setup : [CONVERGE] Pass Number:  3;  Solved Elements:  800560;  Max Delta Freq. %:  0.61622;   (12:51:56 PM  Nov 09, 2023)
[info] Project:clt_sweep_3900um_90um, Setup : [PROFILE] Adaptive Pass 4 : Eigenmode Solution (12:51:56 PM  Nov 09, 2023)
[info] Project:clt_sweep_3900um_90um, Setup : [PROFILE] Mesh (volume, adaptive) : Real Time 00:00:59 : CPU Time 00:00:59 : Memory 752 M : 920651 tetrahedra (12:52:55 PM  Nov 09, 2023)
[info] Project:clt_sweep_3900um_90um, Setup : [PROFILE] Simulation Setup : Real Time 00:00:43 : CPU Time 00:00:43 : Memory 1.39 G : Disk = 0 Bytes (12:53:40 PM  Nov 09, 2023)
[info] Project:clt_sweep_3900um_90um, Setup : [PROFILE] Matrix Assembly : Real Time 00:01:41 : CPU Time 00:01:37 : Memory 5.52 G : Disk = 0 Bytes, 920651 tetrahedra  (12:55:22 PM  Nov 09, 2023)
[info] Project:clt_sweep_3900um_90um, Setup : [PROFILE] EigenSolver DCS16 : Real Time 00:03:48 : CPU Time 00:19:15 : Memory 23.3 G : Disk = 15.2 MB, matrix size 2853386, matrix bandwidth  18.2, 18 eigen iterations (12:59:10 PM  Nov 09, 2023)
[info] Project:clt_sweep_3900um_90um, Setup : [PROFILE] Field Recovery : Real Time 00:00:12 : CPU Time 00:00:37 : Memory 23.3 G : Disk = 58.9 MB, 1 computed eigenmodes, Average Order 0.334660 (12:59:23 PM  Nov 09, 2023)
[info] Project:clt_sweep_3900um_90um, Setup : [PROFILE]        Max Delta Freq. % = 0.30229 at adaptive pass 4 (12:59:23 PM  Nov 09, 2023)
[info] Project:clt_sweep_3900um_90um, Setup : [CONVERGE] Pass Number:  4;  Solved Elements:  920651;  Max Delta Freq. %:  0.30229;   (12:59:23 PM  Nov 09, 2023)
[info] Project:clt_sweep_3900um_90um, Setup : [PROFILE] Adaptive Pass 5 : Eigenmode Solution (12:59:23 PM  Nov 09, 2023)
[info] Project:clt_sweep_3900um_90um, Setup : [PROFILE] Mesh (volume, adaptive) : Real Time 00:01:15 : CPU Time 00:01:15 : Memory 841 M : 1061386 tetrahedra (1:00:39 PM  Nov 09, 2023)
[info] Project:clt_sweep_3900um_90um, Setup : [PROFILE] Simulation Setup : Real Time 00:00:33 : CPU Time 00:00:33 : Memory 1.58 G : Disk = 0 Bytes (1:01:13 PM  Nov 09, 2023)
[info] Project:clt_sweep_3900um_90um, Setup : [PROFILE] Matrix Assembly : Real Time 00:01:49 : CPU Time 00:01:51 : Memory 7.31 G : Disk = 0 Bytes, 1061386 tetrahedra  (1:03:03 PM  Nov 09, 2023)
[info] Project:clt_sweep_3900um_90um, Setup : [PROFILE] EigenSolver DCS16 : Real Time 00:08:23 : CPU Time 00:32:37 : Memory 27.2 G : Disk = 14.3 MB, matrix size 3792839, matrix bandwidth  19.0, 18 eigen iterations (1:11:27 PM  Nov 09, 2023)
[info] Project:clt_sweep_3900um_90um, Setup : [PROFILE] Field Recovery : Real Time 00:00:16 : CPU Time 00:00:55 : Memory 27.2 G : Disk = 68.8 MB, 1 computed eigenmodes, Average Order 0.428404 (1:11:43 PM  Nov 09, 2023)
[info] Project:clt_sweep_3900um_90um, Setup : [PROFILE]        Max Delta Freq. % = 0.11569 at adaptive pass 5 (1:11:43 PM  Nov 09, 2023)
[info] Project:clt_sweep_3900um_90um, Setup : [CONVERGE] Pass Number:  5;  Solved Elements:  1061386;  Max Delta Freq. %:  0.11569;   (1:11:43 PM  Nov 09, 2023)
[info] Project:clt_sweep_3900um_90um, Setup : [PROFILE] Adaptive Pass 6 : Eigenmode Solution (1:11:43 PM  Nov 09, 2023)
[info] Project:clt_sweep_3900um_90um, Setup : [PROFILE] Mesh (volume, adaptive) : Real Time 00:01:21 : CPU Time 00:01:21 : Memory 1.07 G : 1334214 tetrahedra (1:13:05 PM  Nov 09, 2023)
[info] Project:clt_sweep_3900um_90um, Setup : [PROFILE] Simulation Setup : Real Time 00:00:41 : CPU Time 00:00:41 : Memory 1.96 G : Disk = 0 Bytes (1:13:48 PM  Nov 09, 2023)
[info] Project:clt_sweep_3900um_90um, Setup : [PROFILE] Matrix Assembly : Real Time 00:01:56 : CPU Time 00:01:59 : Memory 10.5 G : Disk = 0 Bytes, 1334214 tetrahedra  (1:15:44 PM  Nov 09, 2023)
[info] Project:clt_sweep_3900um_90um, Setup : [PROFILE] EigenSolver DCS16 : Real Time 00:09:05 : CPU Time 01:03:27 : Memory 44.3 G : Disk = 25.4 MB, matrix size 5458419, matrix bandwidth  19.7, 18 eigen iterations (1:24:50 PM  Nov 09, 2023)
[info] Project:clt_sweep_3900um_90um, Setup : [PROFILE] Field Recovery : Real Time 00:00:19 : CPU Time 00:01:04 : Memory 44.3 G : Disk = 120 MB, 1 computed eigenmodes, Average Order 0.531820 (1:25:09 PM  Nov 09, 2023)
[info] Project:clt_sweep_3900um_90um, Setup : [PROFILE]        Max Delta Freq. % = 0.02932 at adaptive pass 6 (1:25:09 PM  Nov 09, 2023)
[info] Project:clt_sweep_3900um_90um, Setup : [CONVERGE] Pass Number:  6;  Solved Elements:  1334214;  Max Delta Freq. %:  0.029321;   (1:25:10 PM  Nov 09, 2023)
[info] Project:clt_sweep_3900um_90um, Setup : [PROFILE]        Adaptive Passes converged (1:25:10 PM  Nov 09, 2023)
[info] Project:clt_sweep_3900um_90um, Setup : [PROFILE] Adaptive Meshing : Elapsed time: 00:41:59 (1:25:10 PM  Nov 09, 2023)
[info] Project:clt_sweep_3900um_90um, Setup : [PROFILE] Simulation Summary: (1:25:10 PM  Nov 09, 2023)
[info] Project:clt_sweep_3900um_90um, Setup : [PROFILE] Design Validation : Elapsed time: 00:00:00, total memory: 139 MB (1:25:10 PM  Nov 09, 2023)
[info] Project:clt_sweep_3900um_90um, Setup : [PROFILE] Initial Meshing : Elapsed time: 00:02:33, total memory: 659 MB (1:25:10 PM  Nov 09, 2023)
[info] Project:clt_sweep_3900um_90um, Setup : [PROFILE] Adaptive Meshing : Elapsed time: 00:41:59, total memory: 44.3 GB, total number of cores: 16 (1:25:10 PM  Nov 09, 2023)
[info] Project:clt_sweep_3900um_90um, Setup : [PROFILE]        max solved tets: 1334214, max matrix size: 5458419, max bandwidth:  19.7 (1:25:10 PM  Nov 09, 2023)
[info] Project:clt_sweep_3900um_90um, Setup : [PROFILE]        Time:  11/09/2023 13:25:10, Status: Normal Completion (1:25:10 PM  Nov 09, 2023)
[info] Project:clt_sweep_3900um_90um, Setup : [PROFILE] Stop : Elapsed time : 00:44:32 , ComEngine Memory : 140 M (1:25:10 PM  Nov 09, 2023)
[info] Project:clt_sweep_3900um_90um, Design:CavitySweep_hfss (Eigenmode), Normal completion of simulation on server: Local Machine. (1:25:10 PM  Nov 09, 2023)
Stopping Batch Run: 1:25:17 PM  Nov 09, 2023
