 
ANSYS Electronics Desktop Version 2021.1.0, Build: 2020-11-16 21:49:12
Location: D:\Program Files\AnsysEM\AnsysEM21.1\Win64\ansysedt.exe
Batch Solve/Save: D:\andre\paper_sweeps\project_storage\clt_sweep_3900um_90um.aedt
Starting Batch Run: 3:43:49 PM  Nov 16, 2023
Running as user: DTS\lfl
Temp directory: D:\lfl\AppData\Local\Temp
Project directory: D:\lfl\Documents\Ansoft
Simulation settings:

Design type: HFSS
Allow off core: True
Using automatic settings
16 optimetrics variations will be solved simultaneously.
Partitions:
Machine: localhost, Cores: 1, GPUs: 0, GPU Indexes:<>, RAM pct: 5.625000
Machine: localhost, Cores: 1, GPUs: 0, GPU Indexes:<>, RAM pct: 5.625000
Machine: localhost, Cores: 1, GPUs: 0, GPU Indexes:<>, RAM pct: 5.625000
Machine: localhost, Cores: 1, GPUs: 0, GPU Indexes:<>, RAM pct: 5.625000
Machine: localhost, Cores: 1, GPUs: 0, GPU Indexes:<>, RAM pct: 5.625000
Machine: localhost, Cores: 1, GPUs: 0, GPU Indexes:<>, RAM pct: 5.625000
Machine: localhost, Cores: 1, GPUs: 0, GPU Indexes:<>, RAM pct: 5.625000
Machine: localhost, Cores: 1, GPUs: 0, GPU Indexes:<>, RAM pct: 5.625000
Machine: localhost, Cores: 1, GPUs: 0, GPU Indexes:<>, RAM pct: 5.625000
Machine: localhost, Cores: 1, GPUs: 0, GPU Indexes:<>, RAM pct: 5.625000
Machine: localhost, Cores: 1, GPUs: 0, GPU Indexes:<>, RAM pct: 5.625000
Machine: localhost, Cores: 1, GPUs: 0, GPU Indexes:<>, RAM pct: 5.625000
Machine: localhost, Cores: 1, GPUs: 0, GPU Indexes:<>, RAM pct: 5.625000
Machine: localhost, Cores: 1, GPUs: 0, GPU Indexes:<>, RAM pct: 5.625000
Machine: localhost, Cores: 1, GPUs: 0, GPU Indexes:<>, RAM pct: 5.625000
Machine: localhost, Cores: 1, GPUs: 0, GPU Indexes:<>, RAM pct: 5.625000

Machines:
localhost RAM: 90%, 16 cores, 1 GPUs

[info] Using command line: "D:\Program Files\AnsysEM\AnsysEM21.1\Win64\ansysedt.exe -jobid RSM_1031 -distributed -machinelist list=localhost:-1:16:90%:1 -auto NumDistributedVariations=16 -monitor -useelectronicsppe -ng -batchoptions  'HFSS/AllowOffCore'=1 'HFSS/DefaultProcessPriority'='Normal' 'HFSS/EnableGPU'=1 'HFSS/EnableGPUForSBR'=1 'HFSS/MPIVendor'='Intel' 'HFSS/RemoteSpawnCommand'='SSH' -batchsolve D:\andre\paper_sweeps\project_storage\clt_sweep_3900um_90um.aedt".
[info] Project:clt_sweep_3900um_90um, Setup : [PROFILE] Solution Process : Time:  11/16/2023 15:43:54; Host: DTS-MJ0GK06Y; Processor: 32; OS: NT 10.0; HFSS Version 2021.1.0 (3:43:54 PM  Nov 16, 2023)
[info] Project:clt_sweep_3900um_90um, Setup : [PROFILE]        Executing from D:\Program Files\AnsysEM\AnsysEM21.1\Win64\HFSSCOMENGINE.exe (3:43:54 PM  Nov 16, 2023)
[info] Project:clt_sweep_3900um_90um, Setup : [PROFILE]        HPC Enabled (3:43:54 PM  Nov 16, 2023)
[info] Project:clt_sweep_3900um_90um, Setup : [PROFILE]        Allow off core: True (3:43:54 PM  Nov 16, 2023)
[info] Project:clt_sweep_3900um_90um, Setup : [PROFILE]        Using automatic settings (3:43:54 PM  Nov 16, 2023)
[info] Project:clt_sweep_3900um_90um, Setup : [PROFILE]        Machines: (3:43:54 PM  Nov 16, 2023)
[info] Project:clt_sweep_3900um_90um, Setup : [PROFILE]        DTS-MJ0GK06Y [128 GB]: RAM Limit: 90.000000%, 16 cores (3:43:54 PM  Nov 16, 2023)
[info] Project:clt_sweep_3900um_90um, Setup : [PROFILE]        Solution Basis Order: Mixed (3:43:54 PM  Nov 16, 2023)
[info] Project:clt_sweep_3900um_90um, Setup : [PROFILE] Design Validation : Elapsed time : 00:00:00 , HFSS ComEngine Memory : 139 M (3:43:54 PM  Nov 16, 2023)
[info] Project:clt_sweep_3900um_90um, Setup : [PROFILE]        Perform full validations with standard port validations (3:43:54 PM  Nov 16, 2023)
[info] Project:clt_sweep_3900um_90um, Setup : [PROFILE] Initial Meshing : Time:  11/16/2023 15:43:54 (3:43:54 PM  Nov 16, 2023)
[info] Project:clt_sweep_3900um_90um, Setup : [PROFILE] Volume (3:43:54 PM  Nov 16, 2023)
[info] Project:clt_sweep_3900um_90um, Setup : [PROFILE] Mesh Phi : Real Time 00:00:00 : CPU Time 00:00:00 : Memory 69.6 M : 2038 tetrahedra (3:43:55 PM  Nov 16, 2023)
[info] Project:clt_sweep_3900um_90um, Setup : [PROFILE] Mesh Post : Real Time 00:00:00 : CPU Time 00:00:00 : Memory 72.2 M : 2038 tetrahedra (3:43:55 PM  Nov 16, 2023)
[info] Project:clt_sweep_3900um_90um, Setup : [PROFILE] Mesh Refinement : Manual Seed Based (3:43:55 PM  Nov 16, 2023)
[info] Project:clt_sweep_3900um_90um, Setup : [PROFILE] Mesh (volume, seed) : Real Time 00:02:34 : CPU Time 00:02:34 : Memory 658 M : 588138 tetrahedra (3:46:30 PM  Nov 16, 2023)
[info] Project:clt_sweep_3900um_90um, Setup : [PROFILE] Mesh Refinement : Lambda Based (3:46:30 PM  Nov 16, 2023)
[info] Project:clt_sweep_3900um_90um, Setup : [PROFILE] Mesh (lambda based) : Real Time 00:00:27 : CPU Time 00:00:27 : Memory 454 M : 590373 tetrahedra (3:46:58 PM  Nov 16, 2023)
[info] Project:clt_sweep_3900um_90um, Setup : [PROFILE]        port_mesh, mesh1, mesh_ground_strip (3:46:58 PM  Nov 16, 2023)
[info] Project:clt_sweep_3900um_90um, Setup : [PROFILE] Initial Meshing : Elapsed time: 00:03:03 (3:46:58 PM  Nov 16, 2023)
[info] Project:clt_sweep_3900um_90um, Setup : [PROFILE] Adaptive Meshing : Time:  11/16/2023 15:46:58 (3:46:58 PM  Nov 16, 2023)
[info] Project:clt_sweep_3900um_90um, Setup : [PROFILE] Adaptive Pass 1 : Eigenmode Solution (3:46:58 PM  Nov 16, 2023)
[info] Project:clt_sweep_3900um_90um, Setup : [PROFILE] Simulation Setup : Real Time 00:00:16 : CPU Time 00:00:16 : Memory 919 M : Disk = 0 Bytes (3:47:15 PM  Nov 16, 2023)
[info] Project:clt_sweep_3900um_90um, Setup : [PROFILE] Matrix Assembly : Real Time 00:00:13 : CPU Time 00:00:16 : Memory 1.37 G : Disk = 0 Bytes, 590373 tetrahedra  (3:47:28 PM  Nov 16, 2023)
[info] Project:clt_sweep_3900um_90um, Setup : [PROFILE] EigenSolver DCS16 : Real Time 00:00:33 : CPU Time 00:03:24 : Memory 3.92 G : Disk = 9.92 MB, matrix size 650346, matrix bandwidth   8.4, 19 eigen iterations (3:48:02 PM  Nov 16, 2023)
[info] Project:clt_sweep_3900um_90um, Setup : [PROFILE] Field Recovery : Real Time 00:00:08 : CPU Time 00:00:23 : Memory 3.92 G : Disk = 213 MB, 1 computed eigenmodes, Average Order 0.004104 (3:48:11 PM  Nov 16, 2023)
[info] Project:clt_sweep_3900um_90um, Setup : [CONVERGE] Pass Number:  1;  Solved Elements:  590373;  Max Delta Freq. %:  N/A;   (3:48:11 PM  Nov 16, 2023)
[info] Project:clt_sweep_3900um_90um, Setup : [PROFILE] Adaptive Pass 2 : Eigenmode Solution (3:48:11 PM  Nov 16, 2023)
[info] Project:clt_sweep_3900um_90um, Setup : [PROFILE] Mesh (volume, adaptive) : Real Time 00:01:05 : CPU Time 00:01:05 : Memory 658 M : 767485 tetrahedra (3:49:16 PM  Nov 16, 2023)
[info] Project:clt_sweep_3900um_90um, Setup : [PROFILE] Simulation Setup : Real Time 00:00:35 : CPU Time 00:00:35 : Memory 1.15 G : Disk = 0 Bytes (3:49:52 PM  Nov 16, 2023)
[info] Project:clt_sweep_3900um_90um, Setup : [PROFILE] Matrix Assembly : Real Time 00:00:58 : CPU Time 00:00:59 : Memory 2.85 G : Disk = 0 Bytes, 767485 tetrahedra  (3:50:50 PM  Nov 16, 2023)
[info] Project:clt_sweep_3900um_90um, Setup : [PROFILE] EigenSolver DCS16 : Real Time 00:01:51 : CPU Time 00:08:17 : Memory 9.88 G : Disk = 12 MB, matrix size 1437543, matrix bandwidth  14.4, 17 eigen iterations (3:52:42 PM  Nov 16, 2023)
[info] Project:clt_sweep_3900um_90um, Setup : [PROFILE] Field Recovery : Real Time 00:00:13 : CPU Time 00:00:39 : Memory 9.88 G : Disk = 75.3 MB, 1 computed eigenmodes, Average Order 0.115308 (3:52:56 PM  Nov 16, 2023)
[info] Project:clt_sweep_3900um_90um, Setup : [PROFILE]        Max Delta Freq. % = 7.26319 at adaptive pass 2 (3:52:56 PM  Nov 16, 2023)
[info] Project:clt_sweep_3900um_90um, Setup : [CONVERGE] Pass Number:  2;  Solved Elements:  767485;  Max Delta Freq. %:  7.2632;   (3:52:56 PM  Nov 16, 2023)
[info] Project:clt_sweep_3900um_90um, Setup : [PROFILE] Adaptive Pass 3 : Eigenmode Solution (3:52:56 PM  Nov 16, 2023)
[info] Project:clt_sweep_3900um_90um, Setup : [PROFILE] Mesh (volume, adaptive) : Real Time 00:00:48 : CPU Time 00:00:48 : Memory 617 M : 800543 tetrahedra (3:53:45 PM  Nov 16, 2023)
[info] Project:clt_sweep_3900um_90um, Setup : [PROFILE] Simulation Setup : Real Time 00:00:30 : CPU Time 00:00:30 : Memory 1.2 G : Disk = 0 Bytes (3:54:17 PM  Nov 16, 2023)
[info] Project:clt_sweep_3900um_90um, Setup : [PROFILE] Matrix Assembly : Real Time 00:00:50 : CPU Time 00:00:52 : Memory 3.62 G : Disk = 0 Bytes, 800543 tetrahedra  (3:55:07 PM  Nov 16, 2023)
[info] Project:clt_sweep_3900um_90um, Setup : [PROFILE] EigenSolver DCS16 : Real Time 00:02:10 : CPU Time 00:09:32 : Memory 13.5 G : Disk = 6.37 MB, matrix size 1855073, matrix bandwidth  16.2, 17 eigen iterations (3:57:17 PM  Nov 16, 2023)
[info] Project:clt_sweep_3900um_90um, Setup : [PROFILE] Field Recovery : Real Time 00:00:11 : CPU Time 00:00:31 : Memory 13.5 G : Disk = 26.8 MB, 1 computed eigenmodes, Average Order 0.194090 (3:57:29 PM  Nov 16, 2023)
[info] Project:clt_sweep_3900um_90um, Setup : [PROFILE]        Max Delta Freq. % = 0.61167 at adaptive pass 3 (3:57:29 PM  Nov 16, 2023)
[info] Project:clt_sweep_3900um_90um, Setup : [CONVERGE] Pass Number:  3;  Solved Elements:  800543;  Max Delta Freq. %:  0.61167;   (3:57:29 PM  Nov 16, 2023)
[info] Project:clt_sweep_3900um_90um, Setup : [PROFILE] Adaptive Pass 4 : Eigenmode Solution (3:57:29 PM  Nov 16, 2023)
[info] Project:clt_sweep_3900um_90um, Setup : [PROFILE] Mesh (volume, adaptive) : Real Time 00:01:43 : CPU Time 00:01:39 : Memory 751 M : 920628 tetrahedra (3:59:13 PM  Nov 16, 2023)
[info] Project:clt_sweep_3900um_90um, Setup : [PROFILE] Simulation Setup : Real Time 00:00:51 : CPU Time 00:00:51 : Memory 1.38 G : Disk = 0 Bytes (4:00:06 PM  Nov 16, 2023)
[info] Project:clt_sweep_3900um_90um, Setup : [PROFILE] Matrix Assembly : Real Time 00:02:09 : CPU Time 00:01:40 : Memory 5.31 G : Disk = 0 Bytes, 920628 tetrahedra  (4:02:16 PM  Nov 16, 2023)
[info] Project:clt_sweep_3900um_90um, Setup : [PROFILE] EigenSolver DCS16 : Real Time 00:04:36 : CPU Time 00:21:19 : Memory 22.9 G : Disk = 15.2 MB, matrix size 2853812, matrix bandwidth  18.2, 18 eigen iterations (4:06:52 PM  Nov 16, 2023)
[info] Project:clt_sweep_3900um_90um, Setup : [PROFILE] Field Recovery : Real Time 00:03:58 : CPU Time 00:23:51 : Memory 22.9 G : Disk = 58.9 MB, 1 computed eigenmodes, Average Order 0.334705 (4:10:51 PM  Nov 16, 2023)
[info] Project:clt_sweep_3900um_90um, Setup : [PROFILE]        Max Delta Freq. % = 0.30421 at adaptive pass 4 (4:10:51 PM  Nov 16, 2023)
[info] Project:clt_sweep_3900um_90um, Setup : [CONVERGE] Pass Number:  4;  Solved Elements:  920628;  Max Delta Freq. %:  0.30421;   (4:10:51 PM  Nov 16, 2023)
[info] Project:clt_sweep_3900um_90um, Setup : [PROFILE] Adaptive Pass 5 : Eigenmode Solution (4:10:51 PM  Nov 16, 2023)
[info] Project:clt_sweep_3900um_90um, Setup : [PROFILE] Mesh (volume, adaptive) : Real Time 00:01:45 : CPU Time 00:01:43 : Memory 840 M : 1061484 tetrahedra (4:12:37 PM  Nov 16, 2023)
[info] Project:clt_sweep_3900um_90um, Setup : [PROFILE] Simulation Setup : Real Time 00:00:50 : CPU Time 00:00:50 : Memory 1.58 G : Disk = 0 Bytes (4:13:29 PM  Nov 16, 2023)
[info] Project:clt_sweep_3900um_90um, Setup : [PROFILE] Matrix Assembly : Real Time 00:01:57 : CPU Time 00:01:43 : Memory 6.38 G : Disk = 0 Bytes, 1061484 tetrahedra  (4:15:27 PM  Nov 16, 2023)
[info] Project:clt_sweep_3900um_90um, Setup : [PROFILE] EigenSolver DCS16 : Real Time 00:05:58 : CPU Time 00:30:02 : Memory 28.8 G : Disk = 14.4 MB, matrix size 3794306, matrix bandwidth  19.0, 18 eigen iterations (4:21:26 PM  Nov 16, 2023)
[info] Project:clt_sweep_3900um_90um, Setup : [PROFILE] Field Recovery : Real Time 00:00:17 : CPU Time 00:00:57 : Memory 28.8 G : Disk = 68.9 MB, 1 computed eigenmodes, Average Order 0.428500 (4:21:43 PM  Nov 16, 2023)
[info] Project:clt_sweep_3900um_90um, Setup : [PROFILE]        Max Delta Freq. % = 0.11785 at adaptive pass 5 (4:21:43 PM  Nov 16, 2023)
[info] Project:clt_sweep_3900um_90um, Setup : [CONVERGE] Pass Number:  5;  Solved Elements:  1061484;  Max Delta Freq. %:  0.11785;   (4:21:43 PM  Nov 16, 2023)
[info] Project:clt_sweep_3900um_90um, Setup : [PROFILE] Adaptive Pass 6 : Eigenmode Solution (4:21:43 PM  Nov 16, 2023)
[info] Project:clt_sweep_3900um_90um, Setup : [PROFILE] Mesh (volume, adaptive) : Real Time 00:01:29 : CPU Time 00:01:27 : Memory 1.06 G : 1334305 tetrahedra (4:23:12 PM  Nov 16, 2023)
[info] Project:clt_sweep_3900um_90um, Setup : [PROFILE] Simulation Setup : Real Time 00:00:57 : CPU Time 00:00:57 : Memory 1.96 G : Disk = 0 Bytes (4:24:11 PM  Nov 16, 2023)
[info] Project:clt_sweep_3900um_90um, Setup : [PROFILE] Matrix Assembly : Real Time 00:02:42 : CPU Time 00:02:41 : Memory 10.5 G : Disk = 0 Bytes, 1334305 tetrahedra  (4:26:53 PM  Nov 16, 2023)
[info] Project:clt_sweep_3900um_90um, Setup : [PROFILE] EigenSolver MCS16 : Real Time 00:13:08 : CPU Time 01:09:25 : Memory 29.7 G : Disk = 25.4 MB, matrix size 5458921, matrix bandwidth  19.7, 18 eigen iterations (4:40:02 PM  Nov 16, 2023)
[info] Project:clt_sweep_3900um_90um, Setup : [PROFILE] Field Recovery : Real Time 00:00:17 : CPU Time 00:00:56 : Memory 29.7 G : Disk = 120 MB, 1 computed eigenmodes, Average Order 0.531708 (4:40:19 PM  Nov 16, 2023)
[info] Project:clt_sweep_3900um_90um, Setup : [PROFILE]        Max Delta Freq. % = 0.02838 at adaptive pass 6 (4:40:19 PM  Nov 16, 2023)
[info] Project:clt_sweep_3900um_90um, Setup : [CONVERGE] Pass Number:  6;  Solved Elements:  1334305;  Max Delta Freq. %:  0.028382;   (4:40:20 PM  Nov 16, 2023)
[info] Project:clt_sweep_3900um_90um, Setup : [PROFILE]        Adaptive Passes converged (4:40:20 PM  Nov 16, 2023)
[info] Project:clt_sweep_3900um_90um, Setup : [PROFILE] Adaptive Meshing : Elapsed time: 00:53:21 (4:40:20 PM  Nov 16, 2023)
[info] Project:clt_sweep_3900um_90um, Setup : [PROFILE] Simulation Summary: (4:40:20 PM  Nov 16, 2023)
[info] Project:clt_sweep_3900um_90um, Setup : [PROFILE] Design Validation : Elapsed time: 00:00:00, total memory: 139 MB (4:40:20 PM  Nov 16, 2023)
[info] Project:clt_sweep_3900um_90um, Setup : [PROFILE] Initial Meshing : Elapsed time: 00:03:03, total memory: 658 MB (4:40:20 PM  Nov 16, 2023)
[info] Project:clt_sweep_3900um_90um, Setup : [PROFILE] Adaptive Meshing : Elapsed time: 00:53:21, total memory: 29.7 GB, total number of cores: 16 (4:40:20 PM  Nov 16, 2023)
[info] Project:clt_sweep_3900um_90um, Setup : [PROFILE]        max solved tets: 1334305, max matrix size: 5458921, max bandwidth:  19.7 (4:40:20 PM  Nov 16, 2023)
[info] Project:clt_sweep_3900um_90um, Setup : [PROFILE]        Time:  11/16/2023 16:40:20, Status: Normal Completion (4:40:20 PM  Nov 16, 2023)
[info] Project:clt_sweep_3900um_90um, Setup : [PROFILE] Stop : Elapsed time : 00:56:25 , ComEngine Memory : 139 M (4:40:20 PM  Nov 16, 2023)
[info] Project:clt_sweep_3900um_90um, Design:CavitySweep_hfss (Eigenmode), Normal completion of simulation on server: Local Machine. (4:40:21 PM  Nov 16, 2023)
[info] Project:clt_sweep_3900um_90um, Setup : [PROFILE] Solution Process : Time:  11/16/2023 16:40:24; Host: DTS-MJ0GK06Y; Processor: 32; OS: NT 10.0; HFSS Version 2021.1.0 (4:40:24 PM  Nov 16, 2023)
[info] Project:clt_sweep_3900um_90um, Setup : [PROFILE]        Executing from D:\Program Files\AnsysEM\AnsysEM21.1\Win64\HFSSCOMENGINE.exe (4:40:24 PM  Nov 16, 2023)
[info] Project:clt_sweep_3900um_90um, Setup : [PROFILE]        HPC Enabled (4:40:24 PM  Nov 16, 2023)
[info] Project:clt_sweep_3900um_90um, Setup : [PROFILE]        Allow off core: True (4:40:24 PM  Nov 16, 2023)
[info] Project:clt_sweep_3900um_90um, Setup : [PROFILE]        Using automatic settings (4:40:24 PM  Nov 16, 2023)
[info] Project:clt_sweep_3900um_90um, Setup : [PROFILE]        Machines: (4:40:24 PM  Nov 16, 2023)
[info] Project:clt_sweep_3900um_90um, Setup : [PROFILE]        DTS-MJ0GK06Y [128 GB]: RAM Limit: 90.000000%, 16 cores (4:40:24 PM  Nov 16, 2023)
[info] Project:clt_sweep_3900um_90um, Setup : [PROFILE]        Solution Basis Order: Mixed (4:40:24 PM  Nov 16, 2023)
[error] Project:clt_sweep_3900um_90um, Design:CavitySweep (Eigenmode), There are no objects in the design. (4:40:24 PM  Nov 16, 2023)
[info] Project:clt_sweep_3900um_90um, Setup : [PROFILE] Design Validation : Elapsed time : 00:00:00 , HFSS ComEngine Memory : 149 M (4:40:24 PM  Nov 16, 2023)
[info] Project:clt_sweep_3900um_90um, Setup : [PROFILE]        Perform full validations with standard port validations (4:40:24 PM  Nov 16, 2023)
[info] Project:clt_sweep_3900um_90um, Setup : [PROFILE]        Time:  11/16/2023 16:40:24, Status: Engine Detected Error (4:40:24 PM  Nov 16, 2023)
[info] Project:clt_sweep_3900um_90um, Setup : [PROFILE] Stop : Elapsed time : 00:00:00 , ComEngine Memory : 149 M (4:40:24 PM  Nov 16, 2023)
[error] Project:clt_sweep_3900um_90um, Design:CavitySweep (Eigenmode), Simulation completed with execution error on server: Local Machine. (4:40:25 PM  Nov 16, 2023)
Stopping Batch Run: 4:40:33 PM  Nov 16, 2023
