 
ANSYS Electronics Desktop Version 2021.1.0, Build: 2020-11-16 21:49:12
Location: D:\Program Files\AnsysEM\AnsysEM21.1\Win64\ansysedt.exe
Batch Solve/Save: d:\andre\paper_sweeps\project_storage\clt_sweep_3830um_130um.aedt
Starting Batch Run: 8:00:29 PM  Nov 08, 2023
Running as user: DTS\lfl
Temp directory: D:\lfl\AppData\Local\Temp
Project directory: D:\lfl\Documents\Ansoft
Simulation settings:

Design type: HFSS
Allow off core: True
Using automatic settings
16 optimetrics variations will be solved simultaneously.
Partitions:
Machine: localhost, Cores: 1, GPUs: 0, GPU Indexes:<>, RAM pct: 5.625000
Machine: localhost, Cores: 1, GPUs: 0, GPU Indexes:<>, RAM pct: 5.625000
Machine: localhost, Cores: 1, GPUs: 0, GPU Indexes:<>, RAM pct: 5.625000
Machine: localhost, Cores: 1, GPUs: 0, GPU Indexes:<>, RAM pct: 5.625000
Machine: localhost, Cores: 1, GPUs: 0, GPU Indexes:<>, RAM pct: 5.625000
Machine: localhost, Cores: 1, GPUs: 0, GPU Indexes:<>, RAM pct: 5.625000
Machine: localhost, Cores: 1, GPUs: 0, GPU Indexes:<>, RAM pct: 5.625000
Machine: localhost, Cores: 1, GPUs: 0, GPU Indexes:<>, RAM pct: 5.625000
Machine: localhost, Cores: 1, GPUs: 0, GPU Indexes:<>, RAM pct: 5.625000
Machine: localhost, Cores: 1, GPUs: 0, GPU Indexes:<>, RAM pct: 5.625000
Machine: localhost, Cores: 1, GPUs: 0, GPU Indexes:<>, RAM pct: 5.625000
Machine: localhost, Cores: 1, GPUs: 0, GPU Indexes:<>, RAM pct: 5.625000
Machine: localhost, Cores: 1, GPUs: 0, GPU Indexes:<>, RAM pct: 5.625000
Machine: localhost, Cores: 1, GPUs: 0, GPU Indexes:<>, RAM pct: 5.625000
Machine: localhost, Cores: 1, GPUs: 0, GPU Indexes:<>, RAM pct: 5.625000
Machine: localhost, Cores: 1, GPUs: 0, GPU Indexes:<>, RAM pct: 5.625000

Machines:
localhost RAM: 90%, 16 cores, 1 GPUs

[info] Using command line: "D:\Program Files\AnsysEM\AnsysEM21.1\Win64\ansysedt.exe -jobid RSM_1031 -distributed -machinelist list=localhost:-1:16:90%:1 -auto NumDistributedVariations=16 -monitor -waitforlicense -useelectronicsppe -ng -batchoptions  'HFSS/AllowOffCore'=1 'HFSS/DefaultProcessPriority'='Normal' 'HFSS/EnableGPU'=0 'HFSS/EnableGPUForSBR'=1 'HFSS/MPIVendor'='Intel' 'HFSS/RemoteSpawnCommand'='SSH' -batchsolve d:\andre\paper_sweeps\project_storage\clt_sweep_3830um_130um.aedt".
[info] Project:clt_sweep_3830um_130um, Setup : [PROFILE] Solution Process : Time:  11/08/2023 20:00:34; Host: DTS-MJ0GK06Y; Processor: 32; OS: NT 10.0; HFSS Version 2021.1.0 (8:00:34 PM  Nov 08, 2023)
[info] Project:clt_sweep_3830um_130um, Setup : [PROFILE]        Executing from D:\Program Files\AnsysEM\AnsysEM21.1\Win64\HFSSCOMENGINE.exe (8:00:34 PM  Nov 08, 2023)
[info] Project:clt_sweep_3830um_130um, Setup : [PROFILE]        HPC Enabled (8:00:34 PM  Nov 08, 2023)
[info] Project:clt_sweep_3830um_130um, Setup : [PROFILE]        Allow off core: True (8:00:34 PM  Nov 08, 2023)
[info] Project:clt_sweep_3830um_130um, Setup : [PROFILE]        Using automatic settings (8:00:34 PM  Nov 08, 2023)
[info] Project:clt_sweep_3830um_130um, Setup : [PROFILE]        Machines: (8:00:34 PM  Nov 08, 2023)
[info] Project:clt_sweep_3830um_130um, Setup : [PROFILE]        DTS-MJ0GK06Y [128 GB]: RAM Limit: 90.000000%, 16 cores (8:00:34 PM  Nov 08, 2023)
[info] Project:clt_sweep_3830um_130um, Setup : [PROFILE]        Solution Basis Order: Mixed (8:00:34 PM  Nov 08, 2023)
[error] Project:clt_sweep_3830um_130um, Design:CavitySweep (Eigenmode), There are no objects in the design. (8:00:34 PM  Nov 08, 2023)
[info] Project:clt_sweep_3830um_130um, Setup : [PROFILE] Design Validation : Elapsed time : 00:00:00 , HFSS ComEngine Memory : 127 M (8:00:34 PM  Nov 08, 2023)
[info] Project:clt_sweep_3830um_130um, Setup : [PROFILE]        Perform full validations with standard port validations (8:00:34 PM  Nov 08, 2023)
[info] Project:clt_sweep_3830um_130um, Setup : [PROFILE]        Time:  11/08/2023 20:00:34, Status: Engine Detected Error (8:00:34 PM  Nov 08, 2023)
[info] Project:clt_sweep_3830um_130um, Setup : [PROFILE] Stop : Elapsed time : 00:00:00 , ComEngine Memory : 127 M (8:00:34 PM  Nov 08, 2023)
[error] Project:clt_sweep_3830um_130um, Design:CavitySweep (Eigenmode), Simulation completed with execution error on server: Local Machine. (8:00:34 PM  Nov 08, 2023)
[info] Project:clt_sweep_3830um_130um, Setup : [PROFILE] Solution Process : Time:  11/08/2023 20:00:36; Host: DTS-MJ0GK06Y; Processor: 32; OS: NT 10.0; HFSS Version 2021.1.0 (8:00:36 PM  Nov 08, 2023)
[info] Project:clt_sweep_3830um_130um, Setup : [PROFILE]        Executing from D:\Program Files\AnsysEM\AnsysEM21.1\Win64\HFSSCOMENGINE.exe (8:00:36 PM  Nov 08, 2023)
[info] Project:clt_sweep_3830um_130um, Setup : [PROFILE]        HPC Enabled (8:00:36 PM  Nov 08, 2023)
[info] Project:clt_sweep_3830um_130um, Setup : [PROFILE]        Allow off core: True (8:00:36 PM  Nov 08, 2023)
[info] Project:clt_sweep_3830um_130um, Setup : [PROFILE]        Using automatic settings (8:00:36 PM  Nov 08, 2023)
[info] Project:clt_sweep_3830um_130um, Setup : [PROFILE]        Machines: (8:00:36 PM  Nov 08, 2023)
[info] Project:clt_sweep_3830um_130um, Setup : [PROFILE]        DTS-MJ0GK06Y [128 GB]: RAM Limit: 90.000000%, 16 cores (8:00:36 PM  Nov 08, 2023)
[info] Project:clt_sweep_3830um_130um, Setup : [PROFILE]        Solution Basis Order: Mixed (8:00:36 PM  Nov 08, 2023)
[info] Project:clt_sweep_3830um_130um, Setup : [PROFILE] Design Validation : Elapsed time : 00:00:00 , HFSS ComEngine Memory : 140 M (8:00:36 PM  Nov 08, 2023)
[info] Project:clt_sweep_3830um_130um, Setup : [PROFILE]        Perform full validations with standard port validations (8:00:36 PM  Nov 08, 2023)
[info] Project:clt_sweep_3830um_130um, Setup : [PROFILE] Initial Meshing : Time:  11/08/2023 20:00:36 (8:00:36 PM  Nov 08, 2023)
[info] Project:clt_sweep_3830um_130um, Setup : [PROFILE] Volume (8:00:36 PM  Nov 08, 2023)
[info] Project:clt_sweep_3830um_130um, Setup : [PROFILE] Mesh Phi : Real Time 00:00:00 : CPU Time 00:00:00 : Memory 70.1 M : 2038 tetrahedra (8:00:37 PM  Nov 08, 2023)
[info] Project:clt_sweep_3830um_130um, Setup : [PROFILE] Mesh Post : Real Time 00:00:00 : CPU Time 00:00:00 : Memory 73 M : 2038 tetrahedra (8:00:37 PM  Nov 08, 2023)
[info] Project:clt_sweep_3830um_130um, Setup : [PROFILE] Mesh Refinement : Manual Seed Based (8:00:37 PM  Nov 08, 2023)
[info] Project:clt_sweep_3830um_130um, Setup : [PROFILE] Mesh (volume, seed) : Real Time 00:02:20 : CPU Time 00:02:20 : Memory 649 M : 577315 tetrahedra (8:02:58 PM  Nov 08, 2023)
[info] Project:clt_sweep_3830um_130um, Setup : [PROFILE] Mesh Refinement : Lambda Based (8:02:58 PM  Nov 08, 2023)
[info] Project:clt_sweep_3830um_130um, Setup : [PROFILE] Mesh (lambda based) : Real Time 00:00:24 : CPU Time 00:00:24 : Memory 449 M : 579489 tetrahedra (8:03:23 PM  Nov 08, 2023)
[info] Project:clt_sweep_3830um_130um, Setup : [PROFILE]        port_mesh, mesh1, mesh_ground_strip (8:03:23 PM  Nov 08, 2023)
[info] Project:clt_sweep_3830um_130um, Setup : [PROFILE] Initial Meshing : Elapsed time: 00:02:46 (8:03:23 PM  Nov 08, 2023)
[info] Project:clt_sweep_3830um_130um, Setup : [PROFILE] Adaptive Meshing : Time:  11/08/2023 20:03:23 (8:03:23 PM  Nov 08, 2023)
[info] Project:clt_sweep_3830um_130um, Setup : [PROFILE] Adaptive Pass 1 : Eigenmode Solution (8:03:23 PM  Nov 08, 2023)
[info] Project:clt_sweep_3830um_130um, Setup : [PROFILE] Simulation Setup : Real Time 00:00:15 : CPU Time 00:00:15 : Memory 904 M : Disk = 0 Bytes (8:03:39 PM  Nov 08, 2023)
[info] Project:clt_sweep_3830um_130um, Setup : [PROFILE] Matrix Assembly : Real Time 00:00:13 : CPU Time 00:00:16 : Memory 1.35 G : Disk = 0 Bytes, 579489 tetrahedra  (8:03:52 PM  Nov 08, 2023)
[info] Project:clt_sweep_3830um_130um, Setup : [PROFILE] EigenSolver DCS16 : Real Time 00:00:27 : CPU Time 00:02:55 : Memory 3.8 G : Disk = 9.72 MB, matrix size 636860, matrix bandwidth   8.4, 18 eigen iterations (8:04:19 PM  Nov 08, 2023)
[info] Project:clt_sweep_3830um_130um, Setup : [PROFILE] Field Recovery : Real Time 00:00:09 : CPU Time 00:00:29 : Memory 3.8 G : Disk = 209 MB, 1 computed eigenmodes, Average Order 0.004095 (8:04:29 PM  Nov 08, 2023)
[info] Project:clt_sweep_3830um_130um, Setup : [CONVERGE] Pass Number:  1;  Solved Elements:  579489;  Max Delta Freq. %:  N/A;   (8:04:29 PM  Nov 08, 2023)
[info] Project:clt_sweep_3830um_130um, Setup : [PROFILE] Adaptive Pass 2 : Eigenmode Solution (8:04:29 PM  Nov 08, 2023)
[info] Project:clt_sweep_3830um_130um, Setup : [PROFILE] Mesh (volume, adaptive) : Real Time 00:01:04 : CPU Time 00:01:04 : Memory 633 M : 753338 tetrahedra (8:05:33 PM  Nov 08, 2023)
[info] Project:clt_sweep_3830um_130um, Setup : [PROFILE] Simulation Setup : Real Time 00:00:17 : CPU Time 00:00:17 : Memory 1.13 G : Disk = 0 Bytes (8:05:51 PM  Nov 08, 2023)
[info] Project:clt_sweep_3830um_130um, Setup : [PROFILE] Matrix Assembly : Real Time 00:00:33 : CPU Time 00:00:36 : Memory 2.79 G : Disk = 0 Bytes, 753338 tetrahedra  (8:06:25 PM  Nov 08, 2023)
[info] Project:clt_sweep_3830um_130um, Setup : [PROFILE] EigenSolver DCS16 : Real Time 00:01:11 : CPU Time 00:06:44 : Memory 9.81 G : Disk = 11.7 MB, matrix size 1406186, matrix bandwidth  14.4, 17 eigen iterations (8:07:37 PM  Nov 08, 2023)
[info] Project:clt_sweep_3830um_130um, Setup : [PROFILE] Field Recovery : Real Time 00:00:12 : CPU Time 00:00:31 : Memory 9.81 G : Disk = 73.9 MB, 1 computed eigenmodes, Average Order 0.114882 (8:07:49 PM  Nov 08, 2023)
[info] Project:clt_sweep_3830um_130um, Setup : [PROFILE]        Max Delta Freq. % = 7.15574 at adaptive pass 2 (8:07:49 PM  Nov 08, 2023)
[info] Project:clt_sweep_3830um_130um, Setup : [CONVERGE] Pass Number:  2;  Solved Elements:  753338;  Max Delta Freq. %:  7.1557;   (8:07:49 PM  Nov 08, 2023)
[info] Project:clt_sweep_3830um_130um, Setup : [PROFILE] Adaptive Pass 3 : Eigenmode Solution (8:07:49 PM  Nov 08, 2023)
[info] Project:clt_sweep_3830um_130um, Setup : [PROFILE] Mesh (volume, adaptive) : Real Time 00:00:59 : CPU Time 00:00:59 : Memory 692 M : 866340 tetrahedra (8:08:49 PM  Nov 08, 2023)
[info] Project:clt_sweep_3830um_130um, Setup : [PROFILE] Simulation Setup : Real Time 00:00:27 : CPU Time 00:00:27 : Memory 1.29 G : Disk = 0 Bytes (8:09:17 PM  Nov 08, 2023)
[info] Project:clt_sweep_3830um_130um, Setup : [PROFILE] Matrix Assembly : Real Time 00:00:44 : CPU Time 00:00:47 : Memory 4.39 G : Disk = 0 Bytes, 866340 tetrahedra  (8:10:02 PM  Nov 08, 2023)
[info] Project:clt_sweep_3830um_130um, Setup : [PROFILE] EigenSolver DCS16 : Real Time 00:02:32 : CPU Time 00:13:13 : Memory 16.5 G : Disk = 13 MB, matrix size 2256319, matrix bandwidth  17.1, 17 eigen iterations (8:12:35 PM  Nov 08, 2023)
[info] Project:clt_sweep_3830um_130um, Setup : [PROFILE] Field Recovery : Real Time 00:00:16 : CPU Time 00:00:47 : Memory 16.5 G : Disk = 55.4 MB, 1 computed eigenmodes, Average Order 0.246747 (8:12:51 PM  Nov 08, 2023)
[info] Project:clt_sweep_3830um_130um, Setup : [PROFILE]        Max Delta Freq. % = 0.60451 at adaptive pass 3 (8:12:51 PM  Nov 08, 2023)
[info] Project:clt_sweep_3830um_130um, Setup : [CONVERGE] Pass Number:  3;  Solved Elements:  866340;  Max Delta Freq. %:  0.60451;   (8:12:51 PM  Nov 08, 2023)
[info] Project:clt_sweep_3830um_130um, Setup : [PROFILE] Adaptive Pass 4 : Eigenmode Solution (8:12:51 PM  Nov 08, 2023)
[info] Project:clt_sweep_3830um_130um, Setup : [PROFILE] Mesh (volume, adaptive) : Real Time 00:00:46 : CPU Time 00:00:47 : Memory 763 M : 960184 tetrahedra (8:13:38 PM  Nov 08, 2023)
[info] Project:clt_sweep_3830um_130um, Setup : [PROFILE] Simulation Setup : Real Time 00:00:34 : CPU Time 00:00:34 : Memory 1.44 G : Disk = 0 Bytes (8:14:13 PM  Nov 08, 2023)
[info] Project:clt_sweep_3830um_130um, Setup : [PROFILE] Matrix Assembly : Real Time 00:01:13 : CPU Time 00:01:16 : Memory 6.05 G : Disk = 0 Bytes, 960184 tetrahedra  (8:15:27 PM  Nov 08, 2023)
[info] Project:clt_sweep_3830um_130um, Setup : [PROFILE] EigenSolver DCS16 : Real Time 00:04:53 : CPU Time 00:22:53 : Memory 25.9 G : Disk = 13.3 MB, matrix size 3129956, matrix bandwidth  18.5, 18 eigen iterations (8:20:20 PM  Nov 08, 2023)
[info] Project:clt_sweep_3830um_130um, Setup : [PROFILE] Field Recovery : Real Time 00:00:16 : CPU Time 00:00:42 : Memory 25.9 G : Disk = 50.7 MB, 1 computed eigenmodes, Average Order 0.363265 (8:20:36 PM  Nov 08, 2023)
[info] Project:clt_sweep_3830um_130um, Setup : [PROFILE]        Max Delta Freq. % = 0.29073 at adaptive pass 4 (8:20:37 PM  Nov 08, 2023)
[info] Project:clt_sweep_3830um_130um, Setup : [CONVERGE] Pass Number:  4;  Solved Elements:  960184;  Max Delta Freq. %:  0.29073;   (8:20:37 PM  Nov 08, 2023)
[info] Project:clt_sweep_3830um_130um, Setup : [PROFILE] Adaptive Pass 5 : Eigenmode Solution (8:20:37 PM  Nov 08, 2023)
[info] Project:clt_sweep_3830um_130um, Setup : [PROFILE] Mesh (volume, adaptive) : Real Time 00:01:18 : CPU Time 00:01:18 : Memory 889 M : 1126207 tetrahedra (8:21:55 PM  Nov 08, 2023)
[info] Project:clt_sweep_3830um_130um, Setup : [PROFILE] Simulation Setup : Real Time 00:00:28 : CPU Time 00:00:28 : Memory 1.67 G : Disk = 0 Bytes (8:22:25 PM  Nov 08, 2023)
[info] Project:clt_sweep_3830um_130um, Setup : [PROFILE] Matrix Assembly : Real Time 00:01:08 : CPU Time 00:01:11 : Memory 8.1 G : Disk = 0 Bytes, 1126207 tetrahedra  (8:23:34 PM  Nov 08, 2023)
[info] Project:clt_sweep_3830um_130um, Setup : [PROFILE] EigenSolver DCS16 : Real Time 00:13:12 : CPU Time 00:44:33 : Memory 32.1 G : Disk = 16.5 MB, matrix size 4210392, matrix bandwidth  19.3, 17 eigen iterations (8:36:47 PM  Nov 08, 2023)
[info] Project:clt_sweep_3830um_130um, Setup : [PROFILE] Field Recovery : Real Time 00:00:22 : CPU Time 00:01:04 : Memory 32.1 G : Disk = 78.8 MB, 1 computed eigenmodes, Average Order 0.457850 (8:37:09 PM  Nov 08, 2023)
[info] Project:clt_sweep_3830um_130um, Setup : [PROFILE]        Max Delta Freq. % = 0.06995 at adaptive pass 5 (8:37:09 PM  Nov 08, 2023)
[info] Project:clt_sweep_3830um_130um, Setup : [CONVERGE] Pass Number:  5;  Solved Elements:  1126207;  Max Delta Freq. %:  0.069947;   (8:37:09 PM  Nov 08, 2023)
[info] Project:clt_sweep_3830um_130um, Setup : [PROFILE]        Adaptive Passes converged (8:37:09 PM  Nov 08, 2023)
[info] Project:clt_sweep_3830um_130um, Setup : [PROFILE] Adaptive Meshing : Elapsed time: 00:33:46 (8:37:09 PM  Nov 08, 2023)
[info] Project:clt_sweep_3830um_130um, Setup : [PROFILE] Simulation Summary: (8:37:09 PM  Nov 08, 2023)
[info] Project:clt_sweep_3830um_130um, Setup : [PROFILE] Design Validation : Elapsed time: 00:00:00, total memory: 140 MB (8:37:09 PM  Nov 08, 2023)
[info] Project:clt_sweep_3830um_130um, Setup : [PROFILE] Initial Meshing : Elapsed time: 00:02:46, total memory: 649 MB (8:37:09 PM  Nov 08, 2023)
[info] Project:clt_sweep_3830um_130um, Setup : [PROFILE] Adaptive Meshing : Elapsed time: 00:33:46, total memory: 32 GB, total number of cores: 16 (8:37:09 PM  Nov 08, 2023)
[info] Project:clt_sweep_3830um_130um, Setup : [PROFILE]        max solved tets: 1126207, max matrix size: 4210392, max bandwidth:  19.3 (8:37:09 PM  Nov 08, 2023)
[info] Project:clt_sweep_3830um_130um, Setup : [PROFILE]        Time:  11/08/2023 20:37:09, Status: Normal Completion (8:37:09 PM  Nov 08, 2023)
[info] Project:clt_sweep_3830um_130um, Setup : [PROFILE] Stop : Elapsed time : 00:36:32 , ComEngine Memory : 140 M (8:37:09 PM  Nov 08, 2023)
[info] Project:clt_sweep_3830um_130um, Design:CavitySweep_hfss (Eigenmode), Normal completion of simulation on server: Local Machine. (8:37:10 PM  Nov 08, 2023)
Stopping Batch Run: 8:37:17 PM  Nov 08, 2023
