 
ANSYS Electronics Desktop Version 2021.1.0, Build: 2020-11-16 21:49:12
Location: D:\Program Files\AnsysEM\AnsysEM21.1\Win64\ansysedt.exe
Batch Solve/Save: D:\andre\paper_sweeps\project_storage\clt_sweep_3970um_70um.aedt
Starting Batch Run: 3:40:14 PM  Nov 16, 2023
Running as user: DTS\lfl
Temp directory: D:\lfl\AppData\Local\Temp
Project directory: D:\lfl\Documents\Ansoft
Simulation settings:

Design type: HFSS
Allow off core: True
Using automatic settings
16 optimetrics variations will be solved simultaneously.
Partitions:
Machine: localhost, Cores: 1, GPUs: 0, GPU Indexes:<>, RAM pct: 5.625000
Machine: localhost, Cores: 1, GPUs: 0, GPU Indexes:<>, RAM pct: 5.625000
Machine: localhost, Cores: 1, GPUs: 0, GPU Indexes:<>, RAM pct: 5.625000
Machine: localhost, Cores: 1, GPUs: 0, GPU Indexes:<>, RAM pct: 5.625000
Machine: localhost, Cores: 1, GPUs: 0, GPU Indexes:<>, RAM pct: 5.625000
Machine: localhost, Cores: 1, GPUs: 0, GPU Indexes:<>, RAM pct: 5.625000
Machine: localhost, Cores: 1, GPUs: 0, GPU Indexes:<>, RAM pct: 5.625000
Machine: localhost, Cores: 1, GPUs: 0, GPU Indexes:<>, RAM pct: 5.625000
Machine: localhost, Cores: 1, GPUs: 0, GPU Indexes:<>, RAM pct: 5.625000
Machine: localhost, Cores: 1, GPUs: 0, GPU Indexes:<>, RAM pct: 5.625000
Machine: localhost, Cores: 1, GPUs: 0, GPU Indexes:<>, RAM pct: 5.625000
Machine: localhost, Cores: 1, GPUs: 0, GPU Indexes:<>, RAM pct: 5.625000
Machine: localhost, Cores: 1, GPUs: 0, GPU Indexes:<>, RAM pct: 5.625000
Machine: localhost, Cores: 1, GPUs: 0, GPU Indexes:<>, RAM pct: 5.625000
Machine: localhost, Cores: 1, GPUs: 0, GPU Indexes:<>, RAM pct: 5.625000
Machine: localhost, Cores: 1, GPUs: 0, GPU Indexes:<>, RAM pct: 5.625000

Machines:
localhost RAM: 90%, 16 cores, 1 GPUs

[info] Using command line: "D:\Program Files\AnsysEM\AnsysEM21.1\Win64\ansysedt.exe -jobid RSM_1216 -distributed -machinelist list=localhost:-1:16:90%:1 -auto NumDistributedVariations=16 -monitor -useelectronicsppe -ng -batchoptions  'HFSS/AllowOffCore'=1 'HFSS/DefaultProcessPriority'='Normal' 'HFSS/EnableGPU'=1 'HFSS/EnableGPUForSBR'=1 'HFSS/MPIVendor'='Intel' 'HFSS/RemoteSpawnCommand'='SSH' -batchsolve D:\andre\paper_sweeps\project_storage\clt_sweep_3970um_70um.aedt".
[info] Project:clt_sweep_3970um_70um, Setup : [PROFILE] Solution Process : Time:  11/16/2023 15:40:19; Host: DTS-MJ0GK06Y; Processor: 32; OS: NT 10.0; HFSS Version 2021.1.0 (3:40:19 PM  Nov 16, 2023)
[info] Project:clt_sweep_3970um_70um, Setup : [PROFILE]        Executing from D:\Program Files\AnsysEM\AnsysEM21.1\Win64\HFSSCOMENGINE.exe (3:40:19 PM  Nov 16, 2023)
[info] Project:clt_sweep_3970um_70um, Setup : [PROFILE]        HPC Enabled (3:40:19 PM  Nov 16, 2023)
[info] Project:clt_sweep_3970um_70um, Setup : [PROFILE]        Allow off core: True (3:40:19 PM  Nov 16, 2023)
[info] Project:clt_sweep_3970um_70um, Setup : [PROFILE]        Using automatic settings (3:40:19 PM  Nov 16, 2023)
[info] Project:clt_sweep_3970um_70um, Setup : [PROFILE]        Machines: (3:40:19 PM  Nov 16, 2023)
[info] Project:clt_sweep_3970um_70um, Setup : [PROFILE]        DTS-MJ0GK06Y [128 GB]: RAM Limit: 90.000000%, 16 cores (3:40:19 PM  Nov 16, 2023)
[info] Project:clt_sweep_3970um_70um, Setup : [PROFILE]        Solution Basis Order: Mixed (3:40:19 PM  Nov 16, 2023)
[info] Project:clt_sweep_3970um_70um, Setup : [PROFILE] Design Validation : Elapsed time : 00:00:00 , HFSS ComEngine Memory : 141 M (3:40:19 PM  Nov 16, 2023)
[info] Project:clt_sweep_3970um_70um, Setup : [PROFILE]        Perform full validations with standard port validations (3:40:19 PM  Nov 16, 2023)
[info] Project:clt_sweep_3970um_70um, Setup : [PROFILE] Initial Meshing : Time:  11/16/2023 15:40:19 (3:40:19 PM  Nov 16, 2023)
[info] Project:clt_sweep_3970um_70um, Setup : [PROFILE] Volume (3:40:19 PM  Nov 16, 2023)
[info] Project:clt_sweep_3970um_70um, Setup : [PROFILE] Mesh Phi : Real Time 00:00:00 : CPU Time 00:00:00 : Memory 69.1 M : 2038 tetrahedra (3:40:20 PM  Nov 16, 2023)
[info] Project:clt_sweep_3970um_70um, Setup : [PROFILE] Mesh Post : Real Time 00:00:00 : CPU Time 00:00:00 : Memory 71.8 M : 2038 tetrahedra (3:40:20 PM  Nov 16, 2023)
[info] Project:clt_sweep_3970um_70um, Setup : [PROFILE] Mesh Refinement : Manual Seed Based (3:40:20 PM  Nov 16, 2023)
[info] Project:clt_sweep_3970um_70um, Setup : [PROFILE] Mesh (volume, seed) : Real Time 00:02:10 : CPU Time 00:02:10 : Memory 665 M : 595297 tetrahedra (3:42:31 PM  Nov 16, 2023)
[info] Project:clt_sweep_3970um_70um, Setup : [PROFILE] Mesh Refinement : Lambda Based (3:42:32 PM  Nov 16, 2023)
[info] Project:clt_sweep_3970um_70um, Setup : [PROFILE] Mesh (lambda based) : Real Time 00:00:23 : CPU Time 00:00:23 : Memory 457 M : 597508 tetrahedra (3:42:56 PM  Nov 16, 2023)
[info] Project:clt_sweep_3970um_70um, Setup : [PROFILE]        port_mesh, mesh1, mesh_ground_strip (3:42:56 PM  Nov 16, 2023)
[info] Project:clt_sweep_3970um_70um, Setup : [PROFILE] Initial Meshing : Elapsed time: 00:02:36 (3:42:56 PM  Nov 16, 2023)
[info] Project:clt_sweep_3970um_70um, Setup : [PROFILE] Adaptive Meshing : Time:  11/16/2023 15:42:56 (3:42:56 PM  Nov 16, 2023)
[info] Project:clt_sweep_3970um_70um, Setup : [PROFILE] Adaptive Pass 1 : Eigenmode Solution (3:42:56 PM  Nov 16, 2023)
[info] Project:clt_sweep_3970um_70um, Setup : [PROFILE] Simulation Setup : Real Time 00:00:15 : CPU Time 00:00:15 : Memory 928 M : Disk = 0 Bytes (3:43:11 PM  Nov 16, 2023)
[info] Project:clt_sweep_3970um_70um, Setup : [PROFILE] Matrix Assembly : Real Time 00:00:12 : CPU Time 00:00:15 : Memory 1.39 G : Disk = 0 Bytes, 597508 tetrahedra  (3:43:24 PM  Nov 16, 2023)
[info] Project:clt_sweep_3970um_70um, Setup : [PROFILE] EigenSolver DCS16 : Real Time 00:00:21 : CPU Time 00:02:44 : Memory 3.95 G : Disk = 10 MB, matrix size 657942, matrix bandwidth   8.4, 18 eigen iterations (3:43:45 PM  Nov 16, 2023)
[info] Project:clt_sweep_3970um_70um, Setup : [PROFILE] Field Recovery : Real Time 00:00:07 : CPU Time 00:00:22 : Memory 3.95 G : Disk = 215 MB, 1 computed eigenmodes, Average Order 0.003841 (3:43:53 PM  Nov 16, 2023)
[info] Project:clt_sweep_3970um_70um, Setup : [CONVERGE] Pass Number:  1;  Solved Elements:  597508;  Max Delta Freq. %:  N/A;   (3:43:53 PM  Nov 16, 2023)
[info] Project:clt_sweep_3970um_70um, Setup : [PROFILE] Adaptive Pass 2 : Eigenmode Solution (3:43:53 PM  Nov 16, 2023)
[info] Project:clt_sweep_3970um_70um, Setup : [PROFILE] Mesh (volume, adaptive) : Real Time 00:00:45 : CPU Time 00:00:45 : Memory 613 M : 742310 tetrahedra (3:44:38 PM  Nov 16, 2023)
[info] Project:clt_sweep_3970um_70um, Setup : [PROFILE] Simulation Setup : Real Time 00:00:23 : CPU Time 00:00:23 : Memory 1.12 G : Disk = 0 Bytes (3:45:02 PM  Nov 16, 2023)
[info] Project:clt_sweep_3970um_70um, Setup : [PROFILE] Matrix Assembly : Real Time 00:00:42 : CPU Time 00:00:44 : Memory 2.7 G : Disk = 0 Bytes, 742310 tetrahedra  (3:45:45 PM  Nov 16, 2023)
[info] Project:clt_sweep_3970um_70um, Setup : [PROFILE] EigenSolver DCS16 : Real Time 00:01:09 : CPU Time 00:06:18 : Memory 9.24 G : Disk = 10.7 MB, matrix size 1358777, matrix bandwidth  14.2, 17 eigen iterations (3:46:54 PM  Nov 16, 2023)
[info] Project:clt_sweep_3970um_70um, Setup : [PROFILE] Field Recovery : Real Time 00:00:10 : CPU Time 00:00:29 : Memory 9.24 G : Disk = 63.8 MB, 1 computed eigenmodes, Average Order 0.109862 (3:47:05 PM  Nov 16, 2023)
[info] Project:clt_sweep_3970um_70um, Setup : [PROFILE]        Max Delta Freq. % = 8.03928 at adaptive pass 2 (3:47:05 PM  Nov 16, 2023)
[info] Project:clt_sweep_3970um_70um, Setup : [CONVERGE] Pass Number:  2;  Solved Elements:  742310;  Max Delta Freq. %:  8.0393;   (3:47:05 PM  Nov 16, 2023)
[info] Project:clt_sweep_3970um_70um, Setup : [PROFILE] Adaptive Pass 3 : Eigenmode Solution (3:47:05 PM  Nov 16, 2023)
[info] Project:clt_sweep_3970um_70um, Setup : [PROFILE] Mesh (volume, adaptive) : Real Time 00:00:43 : CPU Time 00:00:43 : Memory 647 M : 818322 tetrahedra (3:47:48 PM  Nov 16, 2023)
[info] Project:clt_sweep_3970um_70um, Setup : [PROFILE] Simulation Setup : Real Time 00:00:32 : CPU Time 00:00:32 : Memory 1.22 G : Disk = 0 Bytes (3:48:22 PM  Nov 16, 2023)
[info] Project:clt_sweep_3970um_70um, Setup : [PROFILE] Matrix Assembly : Real Time 00:00:44 : CPU Time 00:00:47 : Memory 3.9 G : Disk = 0 Bytes, 818322 tetrahedra  (3:49:06 PM  Nov 16, 2023)
[info] Project:clt_sweep_3970um_70um, Setup : [PROFILE] EigenSolver DCS16 : Real Time 00:02:46 : CPU Time 00:11:14 : Memory 14.6 G : Disk = 9.8 MB, matrix size 2001198, matrix bandwidth  16.6, 17 eigen iterations (3:51:53 PM  Nov 16, 2023)
[info] Project:clt_sweep_3970um_70um, Setup : [PROFILE] Field Recovery : Real Time 00:00:15 : CPU Time 00:00:37 : Memory 14.6 G : Disk = 41.8 MB, 1 computed eigenmodes, Average Order 0.218847 (3:52:09 PM  Nov 16, 2023)
[info] Project:clt_sweep_3970um_70um, Setup : [PROFILE]        Max Delta Freq. % = 0.69057 at adaptive pass 3 (3:52:09 PM  Nov 16, 2023)
[info] Project:clt_sweep_3970um_70um, Setup : [CONVERGE] Pass Number:  3;  Solved Elements:  818322;  Max Delta Freq. %:  0.69057;   (3:52:09 PM  Nov 16, 2023)
[info] Project:clt_sweep_3970um_70um, Setup : [PROFILE] Adaptive Pass 4 : Eigenmode Solution (3:52:09 PM  Nov 16, 2023)
[info] Project:clt_sweep_3970um_70um, Setup : [PROFILE] Mesh (volume, adaptive) : Real Time 00:01:14 : CPU Time 00:01:14 : Memory 761 M : 941071 tetrahedra (3:53:23 PM  Nov 16, 2023)
[info] Project:clt_sweep_3970um_70um, Setup : [PROFILE] Simulation Setup : Real Time 00:00:45 : CPU Time 00:00:45 : Memory 1.41 G : Disk = 0 Bytes (3:54:10 PM  Nov 16, 2023)
[info] Project:clt_sweep_3970um_70um, Setup : [PROFILE] Matrix Assembly : Real Time 00:01:10 : CPU Time 00:01:13 : Memory 5.83 G : Disk = 0 Bytes, 941071 tetrahedra  (3:55:20 PM  Nov 16, 2023)
[info] Project:clt_sweep_3970um_70um, Setup : [PROFILE] EigenSolver DCS16 : Real Time 00:05:39 : CPU Time 00:21:30 : Memory 24.3 G : Disk = 15.4 MB, matrix size 3011894, matrix bandwidth  18.4, 18 eigen iterations (4:00:59 PM  Nov 16, 2023)
[info] Project:clt_sweep_3970um_70um, Setup : [PROFILE] Field Recovery : Real Time 00:00:43 : CPU Time 00:01:19 : Memory 24.3 G : Disk = 60.2 MB, 1 computed eigenmodes, Average Order 0.355038 (4:01:43 PM  Nov 16, 2023)
[info] Project:clt_sweep_3970um_70um, Setup : [PROFILE]        Max Delta Freq. % = 0.24112 at adaptive pass 4 (4:01:43 PM  Nov 16, 2023)
[info] Project:clt_sweep_3970um_70um, Setup : [CONVERGE] Pass Number:  4;  Solved Elements:  941071;  Max Delta Freq. %:  0.24112;   (4:01:44 PM  Nov 16, 2023)
[info] Project:clt_sweep_3970um_70um, Setup : [PROFILE] Adaptive Pass 5 : Eigenmode Solution (4:01:44 PM  Nov 16, 2023)
[info] Project:clt_sweep_3970um_70um, Setup : [PROFILE] Mesh (volume, adaptive) : Real Time 00:01:18 : CPU Time 00:01:17 : Memory 821 M : 1051153 tetrahedra (4:03:04 PM  Nov 16, 2023)
[info] Project:clt_sweep_3970um_70um, Setup : [PROFILE] Simulation Setup : Real Time 00:01:19 : CPU Time 00:01:17 : Memory 1.56 G : Disk = 0 Bytes (4:04:24 PM  Nov 16, 2023)
[info] Project:clt_sweep_3970um_70um, Setup : [PROFILE] Matrix Assembly : Real Time 00:01:31 : CPU Time 00:01:34 : Memory 7.3 G : Disk = 0 Bytes, 1051153 tetrahedra  (4:05:56 PM  Nov 16, 2023)
[info] Project:clt_sweep_3970um_70um, Setup : [PROFILE] EigenSolver DCS16 : Real Time 00:10:11 : CPU Time 00:34:17 : Memory 28.3 G : Disk = 11.7 MB, matrix size 3780427, matrix bandwidth  19.1, 18 eigen iterations (4:16:07 PM  Nov 16, 2023)
[info] Project:clt_sweep_3970um_70um, Setup : [PROFILE] Field Recovery : Real Time 00:00:25 : CPU Time 00:01:01 : Memory 28.3 G : Disk = 58.2 MB, 1 computed eigenmodes, Average Order 0.433123 (4:16:33 PM  Nov 16, 2023)
[info] Project:clt_sweep_3970um_70um, Setup : [PROFILE]        Max Delta Freq. % = 0.12713 at adaptive pass 5 (4:16:33 PM  Nov 16, 2023)
[info] Project:clt_sweep_3970um_70um, Setup : [CONVERGE] Pass Number:  5;  Solved Elements:  1051153;  Max Delta Freq. %:  0.12713;   (4:16:33 PM  Nov 16, 2023)
[info] Project:clt_sweep_3970um_70um, Setup : [PROFILE] Adaptive Pass 6 : Eigenmode Solution (4:16:33 PM  Nov 16, 2023)
[info] Project:clt_sweep_3970um_70um, Setup : [PROFILE] Mesh (volume, adaptive) : Real Time 00:02:38 : CPU Time 00:02:35 : Memory 1.06 G : 1320975 tetrahedra (4:19:11 PM  Nov 16, 2023)
[info] Project:clt_sweep_3970um_70um, Setup : [PROFILE] Simulation Setup : Real Time 00:00:54 : CPU Time 00:00:54 : Memory 1.94 G : Disk = 0 Bytes (4:20:08 PM  Nov 16, 2023)
[info] Project:clt_sweep_3970um_70um, Setup : [PROFILE] Matrix Assembly : Real Time 00:01:43 : CPU Time 00:01:45 : Memory 10.4 G : Disk = 0 Bytes, 1320975 tetrahedra  (4:21:51 PM  Nov 16, 2023)
[info] Project:clt_sweep_3970um_70um, Setup : [PROFILE] EigenSolver DCS16 : Real Time 00:10:09 : CPU Time 01:00:14 : Memory 47.7 G : Disk = 24.9 MB, matrix size 5411808, matrix bandwidth  19.7, 18 eigen iterations (4:32:00 PM  Nov 16, 2023)
[info] Project:clt_sweep_3970um_70um, Setup : [PROFILE] Field Recovery : Real Time 00:00:20 : CPU Time 00:01:06 : Memory 47.7 G : Disk = 118 MB, 1 computed eigenmodes, Average Order 0.533248 (4:32:21 PM  Nov 16, 2023)
[info] Project:clt_sweep_3970um_70um, Setup : [PROFILE]        Max Delta Freq. % = 0.00500 at adaptive pass 6 (4:32:21 PM  Nov 16, 2023)
[info] Project:clt_sweep_3970um_70um, Setup : [CONVERGE] Pass Number:  6;  Solved Elements:  1320975;  Max Delta Freq. %:  0.0049972;   (4:32:21 PM  Nov 16, 2023)
[info] Project:clt_sweep_3970um_70um, Setup : [PROFILE]        Adaptive Passes converged (4:32:21 PM  Nov 16, 2023)
[info] Project:clt_sweep_3970um_70um, Setup : [PROFILE] Adaptive Meshing : Elapsed time: 00:49:25 (4:32:21 PM  Nov 16, 2023)
[info] Project:clt_sweep_3970um_70um, Setup : [PROFILE] Simulation Summary: (4:32:21 PM  Nov 16, 2023)
[info] Project:clt_sweep_3970um_70um, Setup : [PROFILE] Design Validation : Elapsed time: 00:00:00, total memory: 141 MB (4:32:21 PM  Nov 16, 2023)
[info] Project:clt_sweep_3970um_70um, Setup : [PROFILE] Initial Meshing : Elapsed time: 00:02:36, total memory: 665 MB (4:32:21 PM  Nov 16, 2023)
[info] Project:clt_sweep_3970um_70um, Setup : [PROFILE] Adaptive Meshing : Elapsed time: 00:49:25, total memory: 47.8 GB, total number of cores: 16 (4:32:21 PM  Nov 16, 2023)
[info] Project:clt_sweep_3970um_70um, Setup : [PROFILE]        max solved tets: 1320975, max matrix size: 5411808, max bandwidth:  19.7 (4:32:21 PM  Nov 16, 2023)
[info] Project:clt_sweep_3970um_70um, Setup : [PROFILE]        Time:  11/16/2023 16:32:21, Status: Normal Completion (4:32:21 PM  Nov 16, 2023)
[info] Project:clt_sweep_3970um_70um, Setup : [PROFILE] Stop : Elapsed time : 00:52:01 , ComEngine Memory : 141 M (4:32:21 PM  Nov 16, 2023)
[info] Project:clt_sweep_3970um_70um, Design:CavitySweep_hfss (Eigenmode), Normal completion of simulation on server: Local Machine. (4:32:22 PM  Nov 16, 2023)
[info] Project:clt_sweep_3970um_70um, Setup : [PROFILE] Solution Process : Time:  11/16/2023 16:32:29; Host: DTS-MJ0GK06Y; Processor: 32; OS: NT 10.0; HFSS Version 2021.1.0 (4:32:29 PM  Nov 16, 2023)
[info] Project:clt_sweep_3970um_70um, Setup : [PROFILE]        Executing from D:\Program Files\AnsysEM\AnsysEM21.1\Win64\HFSSCOMENGINE.exe (4:32:29 PM  Nov 16, 2023)
[info] Project:clt_sweep_3970um_70um, Setup : [PROFILE]        HPC Enabled (4:32:29 PM  Nov 16, 2023)
[info] Project:clt_sweep_3970um_70um, Setup : [PROFILE]        Allow off core: True (4:32:29 PM  Nov 16, 2023)
[info] Project:clt_sweep_3970um_70um, Setup : [PROFILE]        Using automatic settings (4:32:29 PM  Nov 16, 2023)
[info] Project:clt_sweep_3970um_70um, Setup : [PROFILE]        Machines: (4:32:29 PM  Nov 16, 2023)
[info] Project:clt_sweep_3970um_70um, Setup : [PROFILE]        DTS-MJ0GK06Y [128 GB]: RAM Limit: 90.000000%, 16 cores (4:32:29 PM  Nov 16, 2023)
[info] Project:clt_sweep_3970um_70um, Setup : [PROFILE]        Solution Basis Order: Mixed (4:32:29 PM  Nov 16, 2023)
[error] Project:clt_sweep_3970um_70um, Design:CavitySweep (Eigenmode), There are no objects in the design. (4:32:29 PM  Nov 16, 2023)
[info] Project:clt_sweep_3970um_70um, Setup : [PROFILE] Design Validation : Elapsed time : 00:00:00 , HFSS ComEngine Memory : 150 M (4:32:29 PM  Nov 16, 2023)
[info] Project:clt_sweep_3970um_70um, Setup : [PROFILE]        Perform full validations with standard port validations (4:32:29 PM  Nov 16, 2023)
[info] Project:clt_sweep_3970um_70um, Setup : [PROFILE]        Time:  11/16/2023 16:32:29, Status: Engine Detected Error (4:32:29 PM  Nov 16, 2023)
[info] Project:clt_sweep_3970um_70um, Setup : [PROFILE] Stop : Elapsed time : 00:00:00 , ComEngine Memory : 150 M (4:32:29 PM  Nov 16, 2023)
[error] Project:clt_sweep_3970um_70um, Design:CavitySweep (Eigenmode), Simulation completed with execution error on server: Local Machine. (4:32:29 PM  Nov 16, 2023)
Stopping Batch Run: 4:32:36 PM  Nov 16, 2023
