 
ANSYS Electronics Desktop Version 2021.1.0, Build: 2020-11-16 21:49:12
Location: D:\Program Files\AnsysEM\AnsysEM21.1\Win64\ansysedt.exe
Batch Solve/Save: d:\andre\paper_sweeps\project_storage\clt_sweep_3970um_70um.aedt
Starting Batch Run: 9:21:31 PM  Nov 09, 2023
Running as user: DTS\lfl
Temp directory: D:\lfl\AppData\Local\Temp
Project directory: D:\lfl\Documents\Ansoft
Simulation settings:

Design type: HFSS
Allow off core: True
Using automatic settings
16 optimetrics variations will be solved simultaneously.
Partitions:
Machine: localhost, Cores: 1, GPUs: 0, GPU Indexes:<>, RAM pct: 5.625000
Machine: localhost, Cores: 1, GPUs: 0, GPU Indexes:<>, RAM pct: 5.625000
Machine: localhost, Cores: 1, GPUs: 0, GPU Indexes:<>, RAM pct: 5.625000
Machine: localhost, Cores: 1, GPUs: 0, GPU Indexes:<>, RAM pct: 5.625000
Machine: localhost, Cores: 1, GPUs: 0, GPU Indexes:<>, RAM pct: 5.625000
Machine: localhost, Cores: 1, GPUs: 0, GPU Indexes:<>, RAM pct: 5.625000
Machine: localhost, Cores: 1, GPUs: 0, GPU Indexes:<>, RAM pct: 5.625000
Machine: localhost, Cores: 1, GPUs: 0, GPU Indexes:<>, RAM pct: 5.625000
Machine: localhost, Cores: 1, GPUs: 0, GPU Indexes:<>, RAM pct: 5.625000
Machine: localhost, Cores: 1, GPUs: 0, GPU Indexes:<>, RAM pct: 5.625000
Machine: localhost, Cores: 1, GPUs: 0, GPU Indexes:<>, RAM pct: 5.625000
Machine: localhost, Cores: 1, GPUs: 0, GPU Indexes:<>, RAM pct: 5.625000
Machine: localhost, Cores: 1, GPUs: 0, GPU Indexes:<>, RAM pct: 5.625000
Machine: localhost, Cores: 1, GPUs: 0, GPU Indexes:<>, RAM pct: 5.625000
Machine: localhost, Cores: 1, GPUs: 0, GPU Indexes:<>, RAM pct: 5.625000
Machine: localhost, Cores: 1, GPUs: 0, GPU Indexes:<>, RAM pct: 5.625000

Machines:
localhost RAM: 90%, 16 cores, 1 GPUs

[info] Using command line: "D:\Program Files\AnsysEM\AnsysEM21.1\Win64\ansysedt.exe -jobid RSM_365 -distributed -machinelist list=localhost:-1:16:90%:1 -auto NumDistributedVariations=16 -monitor -waitforlicense -useelectronicsppe -ng -batchoptions  'HFSS/AllowOffCore'=1 'HFSS/DefaultProcessPriority'='Normal' 'HFSS/EnableGPU'=0 'HFSS/EnableGPUForSBR'=1 'HFSS/MPIVendor'='Intel' 'HFSS/RemoteSpawnCommand'='SSH' -batchsolve d:\andre\paper_sweeps\project_storage\clt_sweep_3970um_70um.aedt".
[info] Project:clt_sweep_3970um_70um, Setup : [PROFILE] Solution Process : Time:  11/09/2023 21:21:35; Host: DTS-MJ0GK06Y; Processor: 32; OS: NT 10.0; HFSS Version 2021.1.0 (9:21:35 PM  Nov 09, 2023)
[info] Project:clt_sweep_3970um_70um, Setup : [PROFILE]        Executing from D:\Program Files\AnsysEM\AnsysEM21.1\Win64\HFSSCOMENGINE.exe (9:21:35 PM  Nov 09, 2023)
[info] Project:clt_sweep_3970um_70um, Setup : [PROFILE]        HPC Enabled (9:21:35 PM  Nov 09, 2023)
[info] Project:clt_sweep_3970um_70um, Setup : [PROFILE]        Allow off core: True (9:21:35 PM  Nov 09, 2023)
[info] Project:clt_sweep_3970um_70um, Setup : [PROFILE]        Using automatic settings (9:21:35 PM  Nov 09, 2023)
[info] Project:clt_sweep_3970um_70um, Setup : [PROFILE]        Machines: (9:21:35 PM  Nov 09, 2023)
[info] Project:clt_sweep_3970um_70um, Setup : [PROFILE]        DTS-MJ0GK06Y [128 GB]: RAM Limit: 90.000000%, 16 cores (9:21:35 PM  Nov 09, 2023)
[info] Project:clt_sweep_3970um_70um, Setup : [PROFILE]        Solution Basis Order: Mixed (9:21:35 PM  Nov 09, 2023)
[error] Project:clt_sweep_3970um_70um, Design:CavitySweep (Eigenmode), There are no objects in the design. (9:21:35 PM  Nov 09, 2023)
[info] Project:clt_sweep_3970um_70um, Setup : [PROFILE] Design Validation : Elapsed time : 00:00:00 , HFSS ComEngine Memory : 126 M (9:21:35 PM  Nov 09, 2023)
[info] Project:clt_sweep_3970um_70um, Setup : [PROFILE]        Perform full validations with standard port validations (9:21:35 PM  Nov 09, 2023)
[info] Project:clt_sweep_3970um_70um, Setup : [PROFILE]        Time:  11/09/2023 21:21:35, Status: Engine Detected Error (9:21:35 PM  Nov 09, 2023)
[info] Project:clt_sweep_3970um_70um, Setup : [PROFILE] Stop : Elapsed time : 00:00:00 , ComEngine Memory : 126 M (9:21:35 PM  Nov 09, 2023)
[error] Project:clt_sweep_3970um_70um, Design:CavitySweep (Eigenmode), Simulation completed with execution error on server: Local Machine. (9:21:36 PM  Nov 09, 2023)
[info] Project:clt_sweep_3970um_70um, Setup : [PROFILE] Solution Process : Time:  11/09/2023 21:21:38; Host: DTS-MJ0GK06Y; Processor: 32; OS: NT 10.0; HFSS Version 2021.1.0 (9:21:38 PM  Nov 09, 2023)
[info] Project:clt_sweep_3970um_70um, Setup : [PROFILE]        Executing from D:\Program Files\AnsysEM\AnsysEM21.1\Win64\HFSSCOMENGINE.exe (9:21:38 PM  Nov 09, 2023)
[info] Project:clt_sweep_3970um_70um, Setup : [PROFILE]        HPC Enabled (9:21:38 PM  Nov 09, 2023)
[info] Project:clt_sweep_3970um_70um, Setup : [PROFILE]        Allow off core: True (9:21:38 PM  Nov 09, 2023)
[info] Project:clt_sweep_3970um_70um, Setup : [PROFILE]        Using automatic settings (9:21:38 PM  Nov 09, 2023)
[info] Project:clt_sweep_3970um_70um, Setup : [PROFILE]        Machines: (9:21:38 PM  Nov 09, 2023)
[info] Project:clt_sweep_3970um_70um, Setup : [PROFILE]        DTS-MJ0GK06Y [128 GB]: RAM Limit: 90.000000%, 16 cores (9:21:38 PM  Nov 09, 2023)
[info] Project:clt_sweep_3970um_70um, Setup : [PROFILE]        Solution Basis Order: Mixed (9:21:38 PM  Nov 09, 2023)
[info] Project:clt_sweep_3970um_70um, Setup : [PROFILE] Design Validation : Elapsed time : 00:00:00 , HFSS ComEngine Memory : 140 M (9:21:38 PM  Nov 09, 2023)
[info] Project:clt_sweep_3970um_70um, Setup : [PROFILE]        Perform full validations with standard port validations (9:21:38 PM  Nov 09, 2023)
[info] Project:clt_sweep_3970um_70um, Setup : [PROFILE] Initial Meshing : Time:  11/09/2023 21:21:38 (9:21:38 PM  Nov 09, 2023)
[info] Project:clt_sweep_3970um_70um, Setup : [PROFILE] Volume (9:21:38 PM  Nov 09, 2023)
[info] Project:clt_sweep_3970um_70um, Setup : [PROFILE] Mesh Phi : Real Time 00:00:00 : CPU Time 00:00:00 : Memory 70.2 M : 2038 tetrahedra (9:21:39 PM  Nov 09, 2023)
[info] Project:clt_sweep_3970um_70um, Setup : [PROFILE] Mesh Post : Real Time 00:00:00 : CPU Time 00:00:00 : Memory 72.7 M : 2038 tetrahedra (9:21:39 PM  Nov 09, 2023)
[info] Project:clt_sweep_3970um_70um, Setup : [PROFILE] Mesh Refinement : Manual Seed Based (9:21:39 PM  Nov 09, 2023)
[info] Project:clt_sweep_3970um_70um, Setup : [PROFILE] Mesh (volume, seed) : Real Time 00:02:15 : CPU Time 00:02:15 : Memory 666 M : 595297 tetrahedra (9:23:54 PM  Nov 09, 2023)
[info] Project:clt_sweep_3970um_70um, Setup : [PROFILE] Mesh Refinement : Lambda Based (9:23:55 PM  Nov 09, 2023)
[info] Project:clt_sweep_3970um_70um, Setup : [PROFILE] Mesh (lambda based) : Real Time 00:00:20 : CPU Time 00:00:20 : Memory 458 M : 597508 tetrahedra (9:24:16 PM  Nov 09, 2023)
[info] Project:clt_sweep_3970um_70um, Setup : [PROFILE]        port_mesh, mesh1, mesh_ground_strip (9:24:16 PM  Nov 09, 2023)
[info] Project:clt_sweep_3970um_70um, Setup : [PROFILE] Initial Meshing : Elapsed time: 00:02:37 (9:24:16 PM  Nov 09, 2023)
[info] Project:clt_sweep_3970um_70um, Setup : [PROFILE] Adaptive Meshing : Time:  11/09/2023 21:24:16 (9:24:16 PM  Nov 09, 2023)
[info] Project:clt_sweep_3970um_70um, Setup : [PROFILE] Adaptive Pass 1 : Eigenmode Solution (9:24:16 PM  Nov 09, 2023)
[info] Project:clt_sweep_3970um_70um, Setup : [PROFILE] Simulation Setup : Real Time 00:00:15 : CPU Time 00:00:15 : Memory 929 M : Disk = 0 Bytes (9:24:32 PM  Nov 09, 2023)
[info] Project:clt_sweep_3970um_70um, Setup : [PROFILE] Matrix Assembly : Real Time 00:00:14 : CPU Time 00:00:17 : Memory 1.39 G : Disk = 0 Bytes, 597508 tetrahedra  (9:24:46 PM  Nov 09, 2023)
[info] Project:clt_sweep_3970um_70um, Setup : [PROFILE] EigenSolver DCS16 : Real Time 00:00:21 : CPU Time 00:02:42 : Memory 3.95 G : Disk = 10 MB, matrix size 657942, matrix bandwidth   8.4, 18 eigen iterations (9:25:08 PM  Nov 09, 2023)
[info] Project:clt_sweep_3970um_70um, Setup : [PROFILE] Field Recovery : Real Time 00:00:08 : CPU Time 00:00:23 : Memory 3.95 G : Disk = 215 MB, 1 computed eigenmodes, Average Order 0.003841 (9:25:16 PM  Nov 09, 2023)
[info] Project:clt_sweep_3970um_70um, Setup : [CONVERGE] Pass Number:  1;  Solved Elements:  597508;  Max Delta Freq. %:  N/A;   (9:25:16 PM  Nov 09, 2023)
[info] Project:clt_sweep_3970um_70um, Setup : [PROFILE] Adaptive Pass 2 : Eigenmode Solution (9:25:16 PM  Nov 09, 2023)
[info] Project:clt_sweep_3970um_70um, Setup : [PROFILE] Mesh (volume, adaptive) : Real Time 00:01:00 : CPU Time 00:01:00 : Memory 615 M : 742310 tetrahedra (9:26:17 PM  Nov 09, 2023)
[info] Project:clt_sweep_3970um_70um, Setup : [PROFILE] Simulation Setup : Real Time 00:00:23 : CPU Time 00:00:23 : Memory 1.12 G : Disk = 0 Bytes (9:26:41 PM  Nov 09, 2023)
[info] Project:clt_sweep_3970um_70um, Setup : [PROFILE] Matrix Assembly : Real Time 00:00:29 : CPU Time 00:00:32 : Memory 2.7 G : Disk = 0 Bytes, 742310 tetrahedra  (9:27:10 PM  Nov 09, 2023)
[info] Project:clt_sweep_3970um_70um, Setup : [PROFILE] EigenSolver DCS16 : Real Time 00:01:16 : CPU Time 00:06:48 : Memory 9.15 G : Disk = 10.7 MB, matrix size 1358777, matrix bandwidth  14.2, 17 eigen iterations (9:28:27 PM  Nov 09, 2023)
[info] Project:clt_sweep_3970um_70um, Setup : [PROFILE] Field Recovery : Real Time 00:00:22 : CPU Time 00:02:23 : Memory 9.15 G : Disk = 63.8 MB, 1 computed eigenmodes, Average Order 0.109862 (9:28:49 PM  Nov 09, 2023)
[info] Project:clt_sweep_3970um_70um, Setup : [PROFILE]        Max Delta Freq. % = 8.03928 at adaptive pass 2 (9:28:49 PM  Nov 09, 2023)
[info] Project:clt_sweep_3970um_70um, Setup : [CONVERGE] Pass Number:  2;  Solved Elements:  742310;  Max Delta Freq. %:  8.0393;   (9:28:49 PM  Nov 09, 2023)
[info] Project:clt_sweep_3970um_70um, Setup : [PROFILE] Adaptive Pass 3 : Eigenmode Solution (9:28:49 PM  Nov 09, 2023)
[info] Project:clt_sweep_3970um_70um, Setup : [PROFILE] Mesh (volume, adaptive) : Real Time 00:00:52 : CPU Time 00:00:51 : Memory 649 M : 818323 tetrahedra (9:29:41 PM  Nov 09, 2023)
[info] Project:clt_sweep_3970um_70um, Setup : [PROFILE] Simulation Setup : Real Time 00:00:28 : CPU Time 00:00:28 : Memory 1.22 G : Disk = 0 Bytes (9:30:10 PM  Nov 09, 2023)
[info] Project:clt_sweep_3970um_70um, Setup : [PROFILE] Matrix Assembly : Real Time 00:00:41 : CPU Time 00:00:43 : Memory 3.9 G : Disk = 0 Bytes, 818323 tetrahedra  (9:30:52 PM  Nov 09, 2023)
[info] Project:clt_sweep_3970um_70um, Setup : [PROFILE] EigenSolver DCS16 : Real Time 00:02:19 : CPU Time 00:10:50 : Memory 14.6 G : Disk = 9.8 MB, matrix size 2001213, matrix bandwidth  16.6, 17 eigen iterations (9:33:11 PM  Nov 09, 2023)
[info] Project:clt_sweep_3970um_70um, Setup : [PROFILE] Field Recovery : Real Time 00:00:19 : CPU Time 00:00:39 : Memory 14.6 G : Disk = 41.8 MB, 1 computed eigenmodes, Average Order 0.218850 (9:33:31 PM  Nov 09, 2023)
[info] Project:clt_sweep_3970um_70um, Setup : [PROFILE]        Max Delta Freq. % = 0.69067 at adaptive pass 3 (9:33:31 PM  Nov 09, 2023)
[info] Project:clt_sweep_3970um_70um, Setup : [CONVERGE] Pass Number:  3;  Solved Elements:  818323;  Max Delta Freq. %:  0.69067;   (9:33:32 PM  Nov 09, 2023)
[info] Project:clt_sweep_3970um_70um, Setup : [PROFILE] Adaptive Pass 4 : Eigenmode Solution (9:33:32 PM  Nov 09, 2023)
[info] Project:clt_sweep_3970um_70um, Setup : [PROFILE] Mesh (volume, adaptive) : Real Time 00:01:19 : CPU Time 00:01:18 : Memory 761 M : 941069 tetrahedra (9:34:52 PM  Nov 09, 2023)
[info] Project:clt_sweep_3970um_70um, Setup : [PROFILE] Simulation Setup : Real Time 00:00:38 : CPU Time 00:00:37 : Memory 1.41 G : Disk = 0 Bytes (9:35:32 PM  Nov 09, 2023)
[info] Project:clt_sweep_3970um_70um, Setup : [PROFILE] Matrix Assembly : Real Time 00:00:58 : CPU Time 00:01:01 : Memory 5.83 G : Disk = 0 Bytes, 941069 tetrahedra  (9:36:30 PM  Nov 09, 2023)
[info] Project:clt_sweep_3970um_70um, Setup : [PROFILE] EigenSolver DCS16 : Real Time 00:05:19 : CPU Time 00:23:13 : Memory 23.7 G : Disk = 15.4 MB, matrix size 3011891, matrix bandwidth  18.4, 18 eigen iterations (9:41:49 PM  Nov 09, 2023)
[info] Project:clt_sweep_3970um_70um, Setup : [PROFILE] Field Recovery : Real Time 00:00:24 : CPU Time 00:01:23 : Memory 23.7 G : Disk = 60.2 MB, 1 computed eigenmodes, Average Order 0.355044 (9:42:14 PM  Nov 09, 2023)
[info] Project:clt_sweep_3970um_70um, Setup : [PROFILE]        Max Delta Freq. % = 0.24101 at adaptive pass 4 (9:42:14 PM  Nov 09, 2023)
[info] Project:clt_sweep_3970um_70um, Setup : [CONVERGE] Pass Number:  4;  Solved Elements:  941069;  Max Delta Freq. %:  0.24101;   (9:42:14 PM  Nov 09, 2023)
[info] Project:clt_sweep_3970um_70um, Setup : [PROFILE] Adaptive Pass 5 : Eigenmode Solution (9:42:14 PM  Nov 09, 2023)
[info] Project:clt_sweep_3970um_70um, Setup : [PROFILE] Mesh (volume, adaptive) : Real Time 00:01:04 : CPU Time 00:01:04 : Memory 825 M : 1051175 tetrahedra (9:43:19 PM  Nov 09, 2023)
[info] Project:clt_sweep_3970um_70um, Setup : [PROFILE] Simulation Setup : Real Time 00:01:06 : CPU Time 00:00:40 : Memory 1.56 G : Disk = 0 Bytes (9:44:26 PM  Nov 09, 2023)
[info] Project:clt_sweep_3970um_70um, Setup : [PROFILE] Matrix Assembly : Real Time 00:01:13 : CPU Time 00:01:16 : Memory 7.31 G : Disk = 0 Bytes, 1051175 tetrahedra  (9:45:40 PM  Nov 09, 2023)
[info] Project:clt_sweep_3970um_70um, Setup : [PROFILE] EigenSolver DCS16 : Real Time 00:06:42 : CPU Time 00:33:58 : Memory 32.9 G : Disk = 11.7 MB, matrix size 3780490, matrix bandwidth  19.1, 18 eigen iterations (9:52:22 PM  Nov 09, 2023)
[info] Project:clt_sweep_3970um_70um, Setup : [PROFILE] Field Recovery : Real Time 00:00:16 : CPU Time 00:00:43 : Memory 32.9 G : Disk = 58.2 MB, 1 computed eigenmodes, Average Order 0.433135 (9:52:38 PM  Nov 09, 2023)
[info] Project:clt_sweep_3970um_70um, Setup : [PROFILE]        Max Delta Freq. % = 0.12748 at adaptive pass 5 (9:52:38 PM  Nov 09, 2023)
[info] Project:clt_sweep_3970um_70um, Setup : [CONVERGE] Pass Number:  5;  Solved Elements:  1051175;  Max Delta Freq. %:  0.12748;   (9:52:38 PM  Nov 09, 2023)
[info] Project:clt_sweep_3970um_70um, Setup : [PROFILE] Adaptive Pass 6 : Eigenmode Solution (9:52:38 PM  Nov 09, 2023)
[info] Project:clt_sweep_3970um_70um, Setup : [PROFILE] Mesh (volume, adaptive) : Real Time 00:01:32 : CPU Time 00:01:32 : Memory 1.06 G : 1321004 tetrahedra (9:54:11 PM  Nov 09, 2023)
[info] Project:clt_sweep_3970um_70um, Setup : [PROFILE] Simulation Setup : Real Time 00:00:32 : CPU Time 00:00:32 : Memory 1.94 G : Disk = 0 Bytes (9:54:44 PM  Nov 09, 2023)
[info] Project:clt_sweep_3970um_70um, Setup : [PROFILE] Matrix Assembly : Real Time 00:01:20 : CPU Time 00:01:24 : Memory 10.4 G : Disk = 0 Bytes, 1321004 tetrahedra  (9:56:05 PM  Nov 09, 2023)
[info] Project:clt_sweep_3970um_70um, Setup : [PROFILE] EigenSolver DCS16 : Real Time 00:07:11 : CPU Time 00:47:48 : Memory 49.8 G : Disk = 24.9 MB, matrix size 5411869, matrix bandwidth  19.7, 18 eigen iterations (10:03:17 PM  Nov 09, 2023)
[info] Project:clt_sweep_3970um_70um, Setup : [PROFILE] Field Recovery : Real Time 00:00:18 : CPU Time 00:00:50 : Memory 49.8 G : Disk = 118 MB, 1 computed eigenmodes, Average Order 0.533222 (10:03:35 PM  Nov 09, 2023)
[info] Project:clt_sweep_3970um_70um, Setup : [PROFILE]        Max Delta Freq. % = 0.00506 at adaptive pass 6 (10:03:35 PM  Nov 09, 2023)
[info] Project:clt_sweep_3970um_70um, Setup : [CONVERGE] Pass Number:  6;  Solved Elements:  1321004;  Max Delta Freq. %:  0.0050563;   (10:03:35 PM  Nov 09, 2023)
[info] Project:clt_sweep_3970um_70um, Setup : [PROFILE]        Adaptive Passes converged (10:03:35 PM  Nov 09, 2023)
[info] Project:clt_sweep_3970um_70um, Setup : [PROFILE] Adaptive Meshing : Elapsed time: 00:39:19 (10:03:35 PM  Nov 09, 2023)
[info] Project:clt_sweep_3970um_70um, Setup : [PROFILE] Simulation Summary: (10:03:35 PM  Nov 09, 2023)
[info] Project:clt_sweep_3970um_70um, Setup : [PROFILE] Design Validation : Elapsed time: 00:00:00, total memory: 140 MB (10:03:35 PM  Nov 09, 2023)
[info] Project:clt_sweep_3970um_70um, Setup : [PROFILE] Initial Meshing : Elapsed time: 00:02:37, total memory: 666 MB (10:03:35 PM  Nov 09, 2023)
[info] Project:clt_sweep_3970um_70um, Setup : [PROFILE] Adaptive Meshing : Elapsed time: 00:39:19, total memory: 49.8 GB, total number of cores: 16 (10:03:35 PM  Nov 09, 2023)
[info] Project:clt_sweep_3970um_70um, Setup : [PROFILE]        max solved tets: 1321004, max matrix size: 5411869, max bandwidth:  19.7 (10:03:35 PM  Nov 09, 2023)
[info] Project:clt_sweep_3970um_70um, Setup : [PROFILE]        Time:  11/09/2023 22:03:35, Status: Normal Completion (10:03:35 PM  Nov 09, 2023)
[info] Project:clt_sweep_3970um_70um, Setup : [PROFILE] Stop : Elapsed time : 00:41:57 , ComEngine Memory : 140 M (10:03:35 PM  Nov 09, 2023)
[info] Project:clt_sweep_3970um_70um, Design:CavitySweep_hfss (Eigenmode), Normal completion of simulation on server: Local Machine. (10:03:36 PM  Nov 09, 2023)
Stopping Batch Run: 10:03:43 PM  Nov 09, 2023
