 
ANSYS Electronics Desktop Version 2021.1.0, Build: 2020-11-16 21:49:12
Location: D:\Program Files\AnsysEM\AnsysEM21.1\Win64\ansysedt.exe
Batch Solve/Save: d:\andre\paper_sweeps\project_storage\clt_sweep_3830um_70um.aedt
Starting Batch Run: 2:18:47 PM  Nov 27, 2023
Running as user: DTS\lfl
Temp directory: D:\lfl\AppData\Local\Temp
Project directory: D:\lfl\Documents\Ansoft
Simulation settings:

Design type: HFSS
Allow off core: True
Using automatic settings
16 optimetrics variations will be solved simultaneously.
Partitions:
Machine: localhost, Cores: 1, GPUs: 0, GPU Indexes:<>, RAM pct: 5.625000
Machine: localhost, Cores: 1, GPUs: 0, GPU Indexes:<>, RAM pct: 5.625000
Machine: localhost, Cores: 1, GPUs: 0, GPU Indexes:<>, RAM pct: 5.625000
Machine: localhost, Cores: 1, GPUs: 0, GPU Indexes:<>, RAM pct: 5.625000
Machine: localhost, Cores: 1, GPUs: 0, GPU Indexes:<>, RAM pct: 5.625000
Machine: localhost, Cores: 1, GPUs: 0, GPU Indexes:<>, RAM pct: 5.625000
Machine: localhost, Cores: 1, GPUs: 0, GPU Indexes:<>, RAM pct: 5.625000
Machine: localhost, Cores: 1, GPUs: 0, GPU Indexes:<>, RAM pct: 5.625000
Machine: localhost, Cores: 1, GPUs: 0, GPU Indexes:<>, RAM pct: 5.625000
Machine: localhost, Cores: 1, GPUs: 0, GPU Indexes:<>, RAM pct: 5.625000
Machine: localhost, Cores: 1, GPUs: 0, GPU Indexes:<>, RAM pct: 5.625000
Machine: localhost, Cores: 1, GPUs: 0, GPU Indexes:<>, RAM pct: 5.625000
Machine: localhost, Cores: 1, GPUs: 0, GPU Indexes:<>, RAM pct: 5.625000
Machine: localhost, Cores: 1, GPUs: 0, GPU Indexes:<>, RAM pct: 5.625000
Machine: localhost, Cores: 1, GPUs: 0, GPU Indexes:<>, RAM pct: 5.625000
Machine: localhost, Cores: 1, GPUs: 0, GPU Indexes:<>, RAM pct: 5.625000

Machines:
localhost RAM: 90%, 16 cores, 1 GPUs

[info] Using command line: "D:\Program Files\AnsysEM\AnsysEM21.1\Win64\ansysedt.exe -jobid RSM_27409 -distributed -machinelist list=localhost:-1:16:90%:1 -auto NumDistributedVariations=16 -monitor -useelectronicsppe -ng -batchoptions  'HFSS/AllowOffCore'=1 'HFSS/DefaultProcessPriority'='Normal' 'HFSS/EnableGPU'=1 'HFSS/EnableGPUForSBR'=1 'HFSS/MPIVendor'='Intel' 'HFSS/RemoteSpawnCommand'='SSH' -batchsolve CavitySweep_hfss:Nominal:Setup d:\andre\paper_sweeps\project_storage\clt_sweep_3830um_70um.aedt".
[info] Project:clt_sweep_3830um_70um, Setup : [PROFILE] Solution Process : Time:  11/27/2023 14:18:53; Host: DTS-MJ0GK06Y; Processor: 32; OS: NT 10.0; HFSS Version 2021.1.0 (2:18:53 PM  Nov 27, 2023)
[info] Project:clt_sweep_3830um_70um, Setup : [PROFILE]        Executing from D:\Program Files\AnsysEM\AnsysEM21.1\Win64\HFSSCOMENGINE.exe (2:18:53 PM  Nov 27, 2023)
[info] Project:clt_sweep_3830um_70um, Setup : [PROFILE]        HPC Enabled (2:18:53 PM  Nov 27, 2023)
[info] Project:clt_sweep_3830um_70um, Setup : [PROFILE]        Allow off core: True (2:18:53 PM  Nov 27, 2023)
[info] Project:clt_sweep_3830um_70um, Setup : [PROFILE]        Using automatic settings (2:18:53 PM  Nov 27, 2023)
[info] Project:clt_sweep_3830um_70um, Setup : [PROFILE]        Machines: (2:18:53 PM  Nov 27, 2023)
[info] Project:clt_sweep_3830um_70um, Setup : [PROFILE]        DTS-MJ0GK06Y [128 GB]: RAM Limit: 90.000000%, 16 cores (2:18:53 PM  Nov 27, 2023)
[info] Project:clt_sweep_3830um_70um, Setup : [PROFILE]        Solution Basis Order: Mixed (2:18:53 PM  Nov 27, 2023)
[info] Project:clt_sweep_3830um_70um, Setup : [PROFILE] Design Validation : Elapsed time : 00:00:00 , HFSS ComEngine Memory : 137 M (2:18:53 PM  Nov 27, 2023)
[info] Project:clt_sweep_3830um_70um, Setup : [PROFILE]        Perform full validations with standard port validations (2:18:53 PM  Nov 27, 2023)
[info] Project:clt_sweep_3830um_70um, Setup : [PROFILE] Initial Meshing : Time:  11/27/2023 14:18:53 (2:18:53 PM  Nov 27, 2023)
[info] Project:clt_sweep_3830um_70um, Setup : [PROFILE] Volume (2:18:53 PM  Nov 27, 2023)
[info] Project:clt_sweep_3830um_70um, Setup : [PROFILE] Mesh Phi : Real Time 00:00:00 : CPU Time 00:00:00 : Memory 68.6 M : 1874 tetrahedra (2:18:54 PM  Nov 27, 2023)
[info] Project:clt_sweep_3830um_70um, Setup : [PROFILE] Mesh Post : Real Time 00:00:00 : CPU Time 00:00:00 : Memory 71.2 M : 1874 tetrahedra (2:18:54 PM  Nov 27, 2023)
[info] Project:clt_sweep_3830um_70um, Setup : [PROFILE] Mesh Refinement : Manual Seed Based (2:18:54 PM  Nov 27, 2023)
[info] Project:clt_sweep_3830um_70um, Setup : [PROFILE] Mesh (volume, seed) : Real Time 00:01:40 : CPU Time 00:01:40 : Memory 592 M : 510331 tetrahedra (2:20:34 PM  Nov 27, 2023)
[info] Project:clt_sweep_3830um_70um, Setup : [PROFILE] Mesh Refinement : Lambda Based (2:20:35 PM  Nov 27, 2023)
[info] Project:clt_sweep_3830um_70um, Setup : [PROFILE] Mesh (lambda based) : Real Time 00:00:15 : CPU Time 00:00:15 : Memory 412 M : 515073 tetrahedra (2:20:50 PM  Nov 27, 2023)
[info] Project:clt_sweep_3830um_70um, Setup : [PROFILE]        port_mesh, mesh1, mesh_ground_strip (2:20:51 PM  Nov 27, 2023)
[info] Project:clt_sweep_3830um_70um, Setup : [PROFILE] Initial Meshing : Elapsed time: 00:01:57 (2:20:51 PM  Nov 27, 2023)
[info] Project:clt_sweep_3830um_70um, Setup : [PROFILE] Adaptive Meshing : Time:  11/27/2023 14:20:51 (2:20:51 PM  Nov 27, 2023)
[info] Project:clt_sweep_3830um_70um, Setup : [PROFILE] Adaptive Pass 1 : Eigenmode Solution (2:20:51 PM  Nov 27, 2023)
[info] Project:clt_sweep_3830um_70um, Setup : [PROFILE] Simulation Setup : Real Time 00:00:10 : CPU Time 00:00:10 : Memory 810 M : Disk = 0 Bytes (2:21:01 PM  Nov 27, 2023)
[info] Project:clt_sweep_3830um_70um, Setup : [PROFILE] Matrix Assembly : Real Time 00:00:09 : CPU Time 00:00:12 : Memory 1.22 G : Disk = 0 Bytes, 515073 tetrahedra  (2:21:11 PM  Nov 27, 2023)
[info] Project:clt_sweep_3830um_70um, Setup : [PROFILE] EigenSolver DCS16 : Real Time 00:00:17 : CPU Time 00:02:16 : Memory 3.42 G : Disk = 8.78 MB, matrix size 575136, matrix bandwidth   8.6, 17 eigen iterations (2:21:28 PM  Nov 27, 2023)
[info] Project:clt_sweep_3830um_70um, Setup : [PROFILE] Field Recovery : Real Time 00:00:05 : CPU Time 00:00:18 : Memory 3.42 G : Disk = 186 MB, 1 computed eigenmodes, Average Order 0.005671 (2:21:34 PM  Nov 27, 2023)
[info] Project:clt_sweep_3830um_70um, Setup : [CONVERGE] Pass Number:  1;  Solved Elements:  515073;  Max Delta Freq. %:  N/A;   (2:21:34 PM  Nov 27, 2023)
[info] Project:clt_sweep_3830um_70um, Setup : [PROFILE] Adaptive Pass 2 : Eigenmode Solution (2:21:34 PM  Nov 27, 2023)
[info] Project:clt_sweep_3830um_70um, Setup : [PROFILE] Mesh (volume, adaptive) : Real Time 00:00:39 : CPU Time 00:00:39 : Memory 575 M : 669599 tetrahedra (2:22:14 PM  Nov 27, 2023)
[info] Project:clt_sweep_3830um_70um, Setup : [PROFILE] Simulation Setup : Real Time 00:00:14 : CPU Time 00:00:14 : Memory 1.01 G : Disk = 0 Bytes (2:22:29 PM  Nov 27, 2023)
[info] Project:clt_sweep_3830um_70um, Setup : [PROFILE] Matrix Assembly : Real Time 00:00:23 : CPU Time 00:00:26 : Memory 2.49 G : Disk = 0 Bytes, 669599 tetrahedra  (2:22:53 PM  Nov 27, 2023)
[info] Project:clt_sweep_3830um_70um, Setup : [PROFILE] EigenSolver DCS16 : Real Time 00:00:47 : CPU Time 00:05:03 : Memory 8.54 G : Disk = 10.4 MB, matrix size 1257029, matrix bandwidth  14.4, 17 eigen iterations (2:23:40 PM  Nov 27, 2023)
[info] Project:clt_sweep_3830um_70um, Setup : [PROFILE] Field Recovery : Real Time 00:00:07 : CPU Time 00:00:22 : Memory 8.54 G : Disk = 65.6 MB, 1 computed eigenmodes, Average Order 0.114731 (2:23:47 PM  Nov 27, 2023)
[info] Project:clt_sweep_3830um_70um, Setup : [PROFILE]        Max Delta Freq. % = 7.46270 at adaptive pass 2 (2:23:47 PM  Nov 27, 2023)
[info] Project:clt_sweep_3830um_70um, Setup : [CONVERGE] Pass Number:  2;  Solved Elements:  669599;  Max Delta Freq. %:  7.4627;   (2:23:47 PM  Nov 27, 2023)
[info] Project:clt_sweep_3830um_70um, Setup : [PROFILE] Adaptive Pass 3 : Eigenmode Solution (2:23:47 PM  Nov 27, 2023)
[info] Project:clt_sweep_3830um_70um, Setup : [PROFILE] Mesh (volume, adaptive) : Real Time 00:00:32 : CPU Time 00:00:32 : Memory 631 M : 770042 tetrahedra (2:24:20 PM  Nov 27, 2023)
[info] Project:clt_sweep_3830um_70um, Setup : [PROFILE] Simulation Setup : Real Time 00:00:17 : CPU Time 00:00:17 : Memory 1.16 G : Disk = 0 Bytes (2:24:37 PM  Nov 27, 2023)
[info] Project:clt_sweep_3830um_70um, Setup : [PROFILE] Matrix Assembly : Real Time 00:00:35 : CPU Time 00:00:38 : Memory 3.91 G : Disk = 0 Bytes, 770042 tetrahedra  (2:25:13 PM  Nov 27, 2023)
[info] Project:clt_sweep_3830um_70um, Setup : [PROFILE] EigenSolver DCS16 : Real Time 00:01:29 : CPU Time 00:08:14 : Memory 14.5 G : Disk = 11.4 MB, matrix size 2005402, matrix bandwidth  17.1, 18 eigen iterations (2:26:42 PM  Nov 27, 2023)
[info] Project:clt_sweep_3830um_70um, Setup : [PROFILE] Field Recovery : Real Time 00:00:10 : CPU Time 00:00:28 : Memory 14.5 G : Disk = 49.2 MB, 1 computed eigenmodes, Average Order 0.243988 (2:26:53 PM  Nov 27, 2023)
[info] Project:clt_sweep_3830um_70um, Setup : [PROFILE]        Max Delta Freq. % = 0.69836 at adaptive pass 3 (2:26:53 PM  Nov 27, 2023)
[info] Project:clt_sweep_3830um_70um, Setup : [CONVERGE] Pass Number:  3;  Solved Elements:  770042;  Max Delta Freq. %:  0.69836;   (2:26:53 PM  Nov 27, 2023)
[info] Project:clt_sweep_3830um_70um, Setup : [PROFILE] Adaptive Pass 4 : Eigenmode Solution (2:26:53 PM  Nov 27, 2023)
[info] Project:clt_sweep_3830um_70um, Setup : [PROFILE] Mesh (volume, adaptive) : Real Time 00:00:39 : CPU Time 00:00:39 : Memory 706 M : 885552 tetrahedra (2:27:33 PM  Nov 27, 2023)
[info] Project:clt_sweep_3830um_70um, Setup : [PROFILE] Simulation Setup : Real Time 00:00:19 : CPU Time 00:00:19 : Memory 1.32 G : Disk = 0 Bytes (2:27:53 PM  Nov 27, 2023)
[info] Project:clt_sweep_3830um_70um, Setup : [PROFILE] Matrix Assembly : Real Time 00:00:45 : CPU Time 00:00:48 : Memory 5.71 G : Disk = 0 Bytes, 885552 tetrahedra  (2:28:38 PM  Nov 27, 2023)
[info] Project:clt_sweep_3830um_70um, Setup : [PROFILE] EigenSolver DCS16 : Real Time 00:02:45 : CPU Time 00:14:42 : Memory 23.5 G : Disk = 14.7 MB, matrix size 2966422, matrix bandwidth  18.6, 17 eigen iterations (2:31:23 PM  Nov 27, 2023)
[info] Project:clt_sweep_3830um_70um, Setup : [PROFILE] Field Recovery : Real Time 00:00:10 : CPU Time 00:00:31 : Memory 23.5 G : Disk = 56.6 MB, 1 computed eigenmodes, Average Order 0.377511 (2:31:33 PM  Nov 27, 2023)
[info] Project:clt_sweep_3830um_70um, Setup : [PROFILE]        Max Delta Freq. % = 0.26328 at adaptive pass 4 (2:31:33 PM  Nov 27, 2023)
[info] Project:clt_sweep_3830um_70um, Setup : [CONVERGE] Pass Number:  4;  Solved Elements:  885552;  Max Delta Freq. %:  0.26328;   (2:31:34 PM  Nov 27, 2023)
[info] Project:clt_sweep_3830um_70um, Setup : [PROFILE] Adaptive Pass 5 : Eigenmode Solution (2:31:34 PM  Nov 27, 2023)
[info] Project:clt_sweep_3830um_70um, Setup : [PROFILE] Mesh (volume, adaptive) : Real Time 00:00:46 : CPU Time 00:00:46 : Memory 829 M : 1035816 tetrahedra (2:32:21 PM  Nov 27, 2023)
[info] Project:clt_sweep_3830um_70um, Setup : [PROFILE] Simulation Setup : Real Time 00:00:25 : CPU Time 00:00:25 : Memory 1.54 G : Disk = 0 Bytes (2:32:47 PM  Nov 27, 2023)
[info] Project:clt_sweep_3830um_70um, Setup : [PROFILE] Matrix Assembly : Real Time 00:01:15 : CPU Time 00:01:18 : Memory 7.63 G : Disk = 0 Bytes, 1035816 tetrahedra  (2:34:03 PM  Nov 27, 2023)
[info] Project:clt_sweep_3830um_70um, Setup : [PROFILE] EigenSolver DCS16 : Real Time 00:04:08 : CPU Time 00:22:47 : Memory 33.6 G : Disk = 15.2 MB, matrix size 3963383, matrix bandwidth  19.4, 17 eigen iterations (2:38:11 PM  Nov 27, 2023)
[info] Project:clt_sweep_3830um_70um, Setup : [PROFILE] Field Recovery : Real Time 00:00:13 : CPU Time 00:00:42 : Memory 33.6 G : Disk = 71.5 MB, 1 computed eigenmodes, Average Order 0.471041 (2:38:25 PM  Nov 27, 2023)
[info] Project:clt_sweep_3830um_70um, Setup : [PROFILE]        Max Delta Freq. % = 0.08339 at adaptive pass 5 (2:38:25 PM  Nov 27, 2023)
[info] Project:clt_sweep_3830um_70um, Setup : [CONVERGE] Pass Number:  5;  Solved Elements:  1035816;  Max Delta Freq. %:  0.083394;   (2:38:25 PM  Nov 27, 2023)
[info] Project:clt_sweep_3830um_70um, Setup : [PROFILE] Adaptive Pass 6 : Eigenmode Solution (2:38:25 PM  Nov 27, 2023)
[info] Project:clt_sweep_3830um_70um, Setup : [PROFILE] Mesh (volume, adaptive) : Real Time 00:01:21 : CPU Time 00:01:21 : Memory 984 M : 1220434 tetrahedra (2:39:47 PM  Nov 27, 2023)
[info] Project:clt_sweep_3830um_70um, Setup : [PROFILE] Simulation Setup : Real Time 00:00:41 : CPU Time 00:00:41 : Memory 1.8 G : Disk = 0 Bytes (2:40:29 PM  Nov 27, 2023)
[info] Project:clt_sweep_3830um_70um, Setup : [PROFILE] Matrix Assembly : Real Time 00:01:51 : CPU Time 00:01:54 : Memory 9.9 G : Disk = 0 Bytes, 1220434 tetrahedra  (2:42:20 PM  Nov 27, 2023)
[info] Project:clt_sweep_3830um_70um, Setup : [PROFILE] EigenSolver DCS16 : Real Time 00:10:59 : CPU Time 00:49:37 : Memory 41.1 G : Disk = 18.2 MB, matrix size 5154817, matrix bandwidth  19.9, 18 eigen iterations (2:53:20 PM  Nov 27, 2023)
[info] Project:clt_sweep_3830um_70um, Setup : [PROFILE] Field Recovery : Real Time 00:00:31 : CPU Time 00:01:10 : Memory 41.1 G : Disk = 87.2 MB, 1 computed eigenmodes, Average Order 0.550252 (2:53:51 PM  Nov 27, 2023)
[info] Project:clt_sweep_3830um_70um, Setup : [PROFILE]        Max Delta Freq. % = 0.02454 at adaptive pass 6 (2:53:51 PM  Nov 27, 2023)
[info] Project:clt_sweep_3830um_70um, Setup : [CONVERGE] Pass Number:  6;  Solved Elements:  1220434;  Max Delta Freq. %:  0.024545;   (2:53:52 PM  Nov 27, 2023)
[info] Project:clt_sweep_3830um_70um, Setup : [PROFILE]        Adaptive Passes converged (2:53:52 PM  Nov 27, 2023)
[info] Project:clt_sweep_3830um_70um, Setup : [PROFILE] Adaptive Meshing : Elapsed time: 00:33:01 (2:53:52 PM  Nov 27, 2023)
[info] Project:clt_sweep_3830um_70um, Setup : [PROFILE] Simulation Summary: (2:53:52 PM  Nov 27, 2023)
[info] Project:clt_sweep_3830um_70um, Setup : [PROFILE] Design Validation : Elapsed time: 00:00:00, total memory: 137 MB (2:53:52 PM  Nov 27, 2023)
[info] Project:clt_sweep_3830um_70um, Setup : [PROFILE] Initial Meshing : Elapsed time: 00:01:57, total memory: 592 MB (2:53:52 PM  Nov 27, 2023)
[info] Project:clt_sweep_3830um_70um, Setup : [PROFILE] Adaptive Meshing : Elapsed time: 00:33:01, total memory: 41.1 GB, total number of cores: 16 (2:53:52 PM  Nov 27, 2023)
[info] Project:clt_sweep_3830um_70um, Setup : [PROFILE]        max solved tets: 1220434, max matrix size: 5154817, max bandwidth:  19.9 (2:53:53 PM  Nov 27, 2023)
[info] Project:clt_sweep_3830um_70um, Setup : [PROFILE]        Time:  11/27/2023 14:53:53, Status: Normal Completion (2:53:53 PM  Nov 27, 2023)
[info] Project:clt_sweep_3830um_70um, Setup : [PROFILE] Stop : Elapsed time : 00:35:00 , ComEngine Memory : 168 M (2:53:53 PM  Nov 27, 2023)
[info] Project:clt_sweep_3830um_70um, Design:CavitySweep_hfss (Eigenmode), Normal completion of simulation on server: Local Machine. (2:53:55 PM  Nov 27, 2023)
Stopping Batch Run: 2:54:06 PM  Nov 27, 2023
