 
ANSYS Electronics Desktop Version 2021.1.0, Build: 2020-11-16 21:49:12
Location: D:\Program Files\AnsysEM\AnsysEM21.1\Win64\ansysedt.exe
Batch Solve/Save: d:\andre\paper_sweeps\project_storage\clt_sweep_3900um_130um.aedt
Starting Batch Run: 11:04:01 AM  Nov 09, 2023
Running as user: DTS\lfl
Temp directory: D:\lfl\AppData\Local\Temp
Project directory: D:\lfl\Documents\Ansoft
Simulation settings:

Design type: HFSS
Allow off core: True
Using automatic settings
16 optimetrics variations will be solved simultaneously.
Partitions:
Machine: localhost, Cores: 1, GPUs: 0, GPU Indexes:<>, RAM pct: 5.625000
Machine: localhost, Cores: 1, GPUs: 0, GPU Indexes:<>, RAM pct: 5.625000
Machine: localhost, Cores: 1, GPUs: 0, GPU Indexes:<>, RAM pct: 5.625000
Machine: localhost, Cores: 1, GPUs: 0, GPU Indexes:<>, RAM pct: 5.625000
Machine: localhost, Cores: 1, GPUs: 0, GPU Indexes:<>, RAM pct: 5.625000
Machine: localhost, Cores: 1, GPUs: 0, GPU Indexes:<>, RAM pct: 5.625000
Machine: localhost, Cores: 1, GPUs: 0, GPU Indexes:<>, RAM pct: 5.625000
Machine: localhost, Cores: 1, GPUs: 0, GPU Indexes:<>, RAM pct: 5.625000
Machine: localhost, Cores: 1, GPUs: 0, GPU Indexes:<>, RAM pct: 5.625000
Machine: localhost, Cores: 1, GPUs: 0, GPU Indexes:<>, RAM pct: 5.625000
Machine: localhost, Cores: 1, GPUs: 0, GPU Indexes:<>, RAM pct: 5.625000
Machine: localhost, Cores: 1, GPUs: 0, GPU Indexes:<>, RAM pct: 5.625000
Machine: localhost, Cores: 1, GPUs: 0, GPU Indexes:<>, RAM pct: 5.625000
Machine: localhost, Cores: 1, GPUs: 0, GPU Indexes:<>, RAM pct: 5.625000
Machine: localhost, Cores: 1, GPUs: 0, GPU Indexes:<>, RAM pct: 5.625000
Machine: localhost, Cores: 1, GPUs: 0, GPU Indexes:<>, RAM pct: 5.625000

Machines:
localhost RAM: 90%, 16 cores, 1 GPUs

[info] Using command line: "D:\Program Files\AnsysEM\AnsysEM21.1\Win64\ansysedt.exe -jobid RSM_365 -distributed -machinelist list=localhost:-1:16:90%:1 -auto NumDistributedVariations=16 -monitor -waitforlicense -useelectronicsppe -ng -batchoptions  'HFSS/AllowOffCore'=1 'HFSS/DefaultProcessPriority'='Normal' 'HFSS/EnableGPU'=0 'HFSS/EnableGPUForSBR'=1 'HFSS/MPIVendor'='Intel' 'HFSS/RemoteSpawnCommand'='SSH' -batchsolve d:\andre\paper_sweeps\project_storage\clt_sweep_3900um_130um.aedt".
[info] Project:clt_sweep_3900um_130um, Setup : [PROFILE] Solution Process : Time:  11/09/2023 11:04:06; Host: DTS-MJ0GK06Y; Processor: 32; OS: NT 10.0; HFSS Version 2021.1.0 (11:04:06 AM  Nov 09, 2023)
[info] Project:clt_sweep_3900um_130um, Setup : [PROFILE]        Executing from D:\Program Files\AnsysEM\AnsysEM21.1\Win64\HFSSCOMENGINE.exe (11:04:06 AM  Nov 09, 2023)
[info] Project:clt_sweep_3900um_130um, Setup : [PROFILE]        HPC Enabled (11:04:06 AM  Nov 09, 2023)
[info] Project:clt_sweep_3900um_130um, Setup : [PROFILE]        Allow off core: True (11:04:06 AM  Nov 09, 2023)
[info] Project:clt_sweep_3900um_130um, Setup : [PROFILE]        Using automatic settings (11:04:06 AM  Nov 09, 2023)
[info] Project:clt_sweep_3900um_130um, Setup : [PROFILE]        Machines: (11:04:06 AM  Nov 09, 2023)
[info] Project:clt_sweep_3900um_130um, Setup : [PROFILE]        DTS-MJ0GK06Y [128 GB]: RAM Limit: 90.000000%, 16 cores (11:04:06 AM  Nov 09, 2023)
[info] Project:clt_sweep_3900um_130um, Setup : [PROFILE]        Solution Basis Order: Mixed (11:04:06 AM  Nov 09, 2023)
[info] Project:clt_sweep_3900um_130um, Setup : [PROFILE] Design Validation : Elapsed time : 00:00:00 , HFSS ComEngine Memory : 140 M (11:04:06 AM  Nov 09, 2023)
[info] Project:clt_sweep_3900um_130um, Setup : [PROFILE]        Perform full validations with standard port validations (11:04:06 AM  Nov 09, 2023)
[info] Project:clt_sweep_3900um_130um, Setup : [PROFILE] Initial Meshing : Time:  11/09/2023 11:04:06 (11:04:06 AM  Nov 09, 2023)
[info] Project:clt_sweep_3900um_130um, Setup : [PROFILE] Volume (11:04:06 AM  Nov 09, 2023)
[info] Project:clt_sweep_3900um_130um, Setup : [PROFILE] Mesh Phi : Real Time 00:00:00 : CPU Time 00:00:00 : Memory 70.1 M : 2038 tetrahedra (11:04:07 AM  Nov 09, 2023)
[info] Project:clt_sweep_3900um_130um, Setup : [PROFILE] Mesh Post : Real Time 00:00:00 : CPU Time 00:00:00 : Memory 72.5 M : 2038 tetrahedra (11:04:07 AM  Nov 09, 2023)
[info] Project:clt_sweep_3900um_130um, Setup : [PROFILE] Mesh Refinement : Manual Seed Based (11:04:07 AM  Nov 09, 2023)
[info] Project:clt_sweep_3900um_130um, Setup : [PROFILE] Mesh (volume, seed) : Real Time 00:02:21 : CPU Time 00:02:21 : Memory 675 M : 608290 tetrahedra (11:06:29 AM  Nov 09, 2023)
[info] Project:clt_sweep_3900um_130um, Setup : [PROFILE] Mesh Refinement : Lambda Based (11:06:29 AM  Nov 09, 2023)
[info] Project:clt_sweep_3900um_130um, Setup : [PROFILE] Mesh (lambda based) : Real Time 00:00:19 : CPU Time 00:00:19 : Memory 465 M : 610400 tetrahedra (11:06:48 AM  Nov 09, 2023)
[info] Project:clt_sweep_3900um_130um, Setup : [PROFILE]        port_mesh, mesh1, mesh_ground_strip (11:06:48 AM  Nov 09, 2023)
[info] Project:clt_sweep_3900um_130um, Setup : [PROFILE] Initial Meshing : Elapsed time: 00:02:42 (11:06:49 AM  Nov 09, 2023)
[info] Project:clt_sweep_3900um_130um, Setup : [PROFILE] Adaptive Meshing : Time:  11/09/2023 11:06:49 (11:06:49 AM  Nov 09, 2023)
[info] Project:clt_sweep_3900um_130um, Setup : [PROFILE] Adaptive Pass 1 : Eigenmode Solution (11:06:49 AM  Nov 09, 2023)
[info] Project:clt_sweep_3900um_130um, Setup : [PROFILE] Simulation Setup : Real Time 00:00:13 : CPU Time 00:00:13 : Memory 945 M : Disk = 0 Bytes (11:07:02 AM  Nov 09, 2023)
[info] Project:clt_sweep_3900um_130um, Setup : [PROFILE] Matrix Assembly : Real Time 00:00:11 : CPU Time 00:00:14 : Memory 1.42 G : Disk = 0 Bytes, 610400 tetrahedra  (11:07:14 AM  Nov 09, 2023)
[info] Project:clt_sweep_3900um_130um, Setup : [PROFILE] EigenSolver DCS16 : Real Time 00:00:20 : CPU Time 00:02:34 : Memory 4.04 G : Disk = 10.3 MB, matrix size 672159, matrix bandwidth   8.4, 18 eigen iterations (11:07:34 AM  Nov 09, 2023)
[info] Project:clt_sweep_3900um_130um, Setup : [PROFILE] Field Recovery : Real Time 00:00:06 : CPU Time 00:00:21 : Memory 4.04 G : Disk = 220 MB, 1 computed eigenmodes, Average Order 0.003843 (11:07:41 AM  Nov 09, 2023)
[info] Project:clt_sweep_3900um_130um, Setup : [CONVERGE] Pass Number:  1;  Solved Elements:  610400;  Max Delta Freq. %:  N/A;   (11:07:41 AM  Nov 09, 2023)
[info] Project:clt_sweep_3900um_130um, Setup : [PROFILE] Adaptive Pass 2 : Eigenmode Solution (11:07:41 AM  Nov 09, 2023)
[info] Project:clt_sweep_3900um_130um, Setup : [PROFILE] Mesh (volume, adaptive) : Real Time 00:00:38 : CPU Time 00:00:39 : Memory 588 M : 718598 tetrahedra (11:08:20 AM  Nov 09, 2023)
[info] Project:clt_sweep_3900um_130um, Setup : [PROFILE] Simulation Setup : Real Time 00:00:19 : CPU Time 00:00:19 : Memory 1.09 G : Disk = 0 Bytes (11:08:40 AM  Nov 09, 2023)
[info] Project:clt_sweep_3900um_130um, Setup : [PROFILE] Matrix Assembly : Real Time 00:00:27 : CPU Time 00:00:30 : Memory 2.53 G : Disk = 0 Bytes, 718598 tetrahedra  (11:09:07 AM  Nov 09, 2023)
[info] Project:clt_sweep_3900um_130um, Setup : [PROFILE] EigenSolver DCS16 : Real Time 00:00:48 : CPU Time 00:05:13 : Memory 8.53 G : Disk = 9.14 MB, matrix size 1271259, matrix bandwidth  13.8, 17 eigen iterations (11:09:56 AM  Nov 09, 2023)
[info] Project:clt_sweep_3900um_130um, Setup : [PROFILE] Field Recovery : Real Time 00:00:08 : CPU Time 00:00:24 : Memory 8.53 G : Disk = 50.8 MB, 1 computed eigenmodes, Average Order 0.100734 (11:10:04 AM  Nov 09, 2023)
[info] Project:clt_sweep_3900um_130um, Setup : [PROFILE]        Max Delta Freq. % = 7.68423 at adaptive pass 2 (11:10:04 AM  Nov 09, 2023)
[info] Project:clt_sweep_3900um_130um, Setup : [CONVERGE] Pass Number:  2;  Solved Elements:  718598;  Max Delta Freq. %:  7.6842;   (11:10:04 AM  Nov 09, 2023)
[info] Project:clt_sweep_3900um_130um, Setup : [PROFILE] Adaptive Pass 3 : Eigenmode Solution (11:10:04 AM  Nov 09, 2023)
[info] Project:clt_sweep_3900um_130um, Setup : [PROFILE] Mesh (volume, adaptive) : Real Time 00:00:35 : CPU Time 00:00:35 : Memory 668 M : 826385 tetrahedra (11:10:40 AM  Nov 09, 2023)
[info] Project:clt_sweep_3900um_130um, Setup : [PROFILE] Simulation Setup : Real Time 00:00:19 : CPU Time 00:00:19 : Memory 1.24 G : Disk = 0 Bytes (11:11:00 AM  Nov 09, 2023)
[info] Project:clt_sweep_3900um_130um, Setup : [PROFILE] Matrix Assembly : Real Time 00:00:46 : CPU Time 00:00:49 : Memory 4.03 G : Disk = 0 Bytes, 826385 tetrahedra  (11:11:46 AM  Nov 09, 2023)
[info] Project:clt_sweep_3900um_130um, Setup : [PROFILE] EigenSolver DCS16 : Real Time 00:01:40 : CPU Time 00:10:08 : Memory 15.4 G : Disk = 12.2 MB, matrix size 2068659, matrix bandwidth  16.8, 17 eigen iterations (11:13:27 AM  Nov 09, 2023)
[info] Project:clt_sweep_3900um_130um, Setup : [PROFILE] Field Recovery : Real Time 00:00:09 : CPU Time 00:00:28 : Memory 15.4 G : Disk = 52.8 MB, 1 computed eigenmodes, Average Order 0.229972 (11:13:37 AM  Nov 09, 2023)
[info] Project:clt_sweep_3900um_130um, Setup : [PROFILE]        Max Delta Freq. % = 0.97181 at adaptive pass 3 (11:13:37 AM  Nov 09, 2023)
[info] Project:clt_sweep_3900um_130um, Setup : [CONVERGE] Pass Number:  3;  Solved Elements:  826385;  Max Delta Freq. %:  0.97181;   (11:13:37 AM  Nov 09, 2023)
[info] Project:clt_sweep_3900um_130um, Setup : [PROFILE] Adaptive Pass 4 : Eigenmode Solution (11:13:37 AM  Nov 09, 2023)
[info] Project:clt_sweep_3900um_130um, Setup : [PROFILE] Mesh (volume, adaptive) : Real Time 00:00:41 : CPU Time 00:00:41 : Memory 767 M : 950345 tetrahedra (11:14:19 AM  Nov 09, 2023)
[info] Project:clt_sweep_3900um_130um, Setup : [PROFILE] Simulation Setup : Real Time 00:00:21 : CPU Time 00:00:21 : Memory 1.43 G : Disk = 0 Bytes (11:14:41 AM  Nov 09, 2023)
[info] Project:clt_sweep_3900um_130um, Setup : [PROFILE] Matrix Assembly : Real Time 00:00:50 : CPU Time 00:00:52 : Memory 6 G : Disk = 0 Bytes, 950345 tetrahedra  (11:15:31 AM  Nov 09, 2023)
[info] Project:clt_sweep_3900um_130um, Setup : [PROFILE] EigenSolver DCS16 : Real Time 00:03:24 : CPU Time 00:18:38 : Memory 25.9 G : Disk = 15.7 MB, matrix size 3100397, matrix bandwidth  18.5, 18 eigen iterations (11:18:56 AM  Nov 09, 2023)
[info] Project:clt_sweep_3900um_130um, Setup : [PROFILE] Field Recovery : Real Time 00:00:10 : CPU Time 00:00:32 : Memory 25.9 G : Disk = 60.8 MB, 1 computed eigenmodes, Average Order 0.367015 (11:19:06 AM  Nov 09, 2023)
[info] Project:clt_sweep_3900um_130um, Setup : [PROFILE]        Max Delta Freq. % = 0.21116 at adaptive pass 4 (11:19:06 AM  Nov 09, 2023)
[info] Project:clt_sweep_3900um_130um, Setup : [CONVERGE] Pass Number:  4;  Solved Elements:  950345;  Max Delta Freq. %:  0.21116;   (11:19:06 AM  Nov 09, 2023)
[info] Project:clt_sweep_3900um_130um, Setup : [PROFILE] Adaptive Pass 5 : Eigenmode Solution (11:19:06 AM  Nov 09, 2023)
[info] Project:clt_sweep_3900um_130um, Setup : [PROFILE] Mesh (volume, adaptive) : Real Time 00:00:47 : CPU Time 00:00:47 : Memory 856 M : 1089165 tetrahedra (11:19:54 AM  Nov 09, 2023)
[info] Project:clt_sweep_3900um_130um, Setup : [PROFILE] Simulation Setup : Real Time 00:00:26 : CPU Time 00:00:25 : Memory 1.61 G : Disk = 0 Bytes (11:20:21 AM  Nov 09, 2023)
[info] Project:clt_sweep_3900um_130um, Setup : [PROFILE] Matrix Assembly : Real Time 00:01:01 : CPU Time 00:01:04 : Memory 7.78 G : Disk = 0 Bytes, 1089165 tetrahedra  (11:21:22 AM  Nov 09, 2023)
[info] Project:clt_sweep_3900um_130um, Setup : [PROFILE] EigenSolver DCS16 : Real Time 00:05:14 : CPU Time 00:38:26 : Memory 35.6 G : Disk = 14.2 MB, matrix size 4032945, matrix bandwidth  19.3, 18 eigen iterations (11:26:37 AM  Nov 09, 2023)
[info] Project:clt_sweep_3900um_130um, Setup : [PROFILE] Field Recovery : Real Time 00:00:14 : CPU Time 00:00:40 : Memory 35.6 G : Disk = 68.8 MB, 1 computed eigenmodes, Average Order 0.454109 (11:26:51 AM  Nov 09, 2023)
[info] Project:clt_sweep_3900um_130um, Setup : [PROFILE]        Max Delta Freq. % = 0.09272 at adaptive pass 5 (11:26:51 AM  Nov 09, 2023)
[info] Project:clt_sweep_3900um_130um, Setup : [CONVERGE] Pass Number:  5;  Solved Elements:  1089165;  Max Delta Freq. %:  0.092717;   (11:26:52 AM  Nov 09, 2023)
[info] Project:clt_sweep_3900um_130um, Setup : [PROFILE]        Adaptive Passes converged (11:26:52 AM  Nov 09, 2023)
[info] Project:clt_sweep_3900um_130um, Setup : [PROFILE] Adaptive Meshing : Elapsed time: 00:20:03 (11:26:52 AM  Nov 09, 2023)
[info] Project:clt_sweep_3900um_130um, Setup : [PROFILE] Simulation Summary: (11:26:52 AM  Nov 09, 2023)
[info] Project:clt_sweep_3900um_130um, Setup : [PROFILE] Design Validation : Elapsed time: 00:00:00, total memory: 140 MB (11:26:52 AM  Nov 09, 2023)
[info] Project:clt_sweep_3900um_130um, Setup : [PROFILE] Initial Meshing : Elapsed time: 00:02:42, total memory: 675 MB (11:26:52 AM  Nov 09, 2023)
[info] Project:clt_sweep_3900um_130um, Setup : [PROFILE] Adaptive Meshing : Elapsed time: 00:20:03, total memory: 35.6 GB, total number of cores: 16 (11:26:52 AM  Nov 09, 2023)
[info] Project:clt_sweep_3900um_130um, Setup : [PROFILE]        max solved tets: 1089165, max matrix size: 4032945, max bandwidth:  19.3 (11:26:52 AM  Nov 09, 2023)
[info] Project:clt_sweep_3900um_130um, Setup : [PROFILE]        Time:  11/09/2023 11:26:52, Status: Normal Completion (11:26:52 AM  Nov 09, 2023)
[info] Project:clt_sweep_3900um_130um, Setup : [PROFILE] Stop : Elapsed time : 00:22:45 , ComEngine Memory : 140 M (11:26:52 AM  Nov 09, 2023)
[info] Project:clt_sweep_3900um_130um, Design:CavitySweep_hfss (Eigenmode), Normal completion of simulation on server: Local Machine. (11:26:52 AM  Nov 09, 2023)
[info] Project:clt_sweep_3900um_130um, Setup : [PROFILE] Solution Process : Time:  11/09/2023 11:26:54; Host: DTS-MJ0GK06Y; Processor: 32; OS: NT 10.0; HFSS Version 2021.1.0 (11:26:54 AM  Nov 09, 2023)
[info] Project:clt_sweep_3900um_130um, Setup : [PROFILE]        Executing from D:\Program Files\AnsysEM\AnsysEM21.1\Win64\HFSSCOMENGINE.exe (11:26:54 AM  Nov 09, 2023)
[info] Project:clt_sweep_3900um_130um, Setup : [PROFILE]        HPC Enabled (11:26:54 AM  Nov 09, 2023)
[info] Project:clt_sweep_3900um_130um, Setup : [PROFILE]        Allow off core: True (11:26:54 AM  Nov 09, 2023)
[info] Project:clt_sweep_3900um_130um, Setup : [PROFILE]        Using automatic settings (11:26:54 AM  Nov 09, 2023)
[info] Project:clt_sweep_3900um_130um, Setup : [PROFILE]        Machines: (11:26:54 AM  Nov 09, 2023)
[info] Project:clt_sweep_3900um_130um, Setup : [PROFILE]        DTS-MJ0GK06Y [128 GB]: RAM Limit: 90.000000%, 16 cores (11:26:54 AM  Nov 09, 2023)
[info] Project:clt_sweep_3900um_130um, Setup : [PROFILE]        Solution Basis Order: Mixed (11:26:54 AM  Nov 09, 2023)
[error] Project:clt_sweep_3900um_130um, Design:CavitySweep (Eigenmode), There are no objects in the design. (11:26:54 AM  Nov 09, 2023)
[info] Project:clt_sweep_3900um_130um, Setup : [PROFILE] Design Validation : Elapsed time : 00:00:00 , HFSS ComEngine Memory : 127 M (11:26:54 AM  Nov 09, 2023)
[info] Project:clt_sweep_3900um_130um, Setup : [PROFILE]        Perform full validations with standard port validations (11:26:54 AM  Nov 09, 2023)
[info] Project:clt_sweep_3900um_130um, Setup : [PROFILE]        Time:  11/09/2023 11:26:54, Status: Engine Detected Error (11:26:54 AM  Nov 09, 2023)
[info] Project:clt_sweep_3900um_130um, Setup : [PROFILE] Stop : Elapsed time : 00:00:00 , ComEngine Memory : 127 M (11:26:54 AM  Nov 09, 2023)
[error] Project:clt_sweep_3900um_130um, Design:CavitySweep (Eigenmode), Simulation completed with execution error on server: Local Machine. (11:26:55 AM  Nov 09, 2023)
Stopping Batch Run: 11:27:02 AM  Nov 09, 2023
