 
ANSYS Electronics Desktop Version 2021.1.0, Build: 2020-11-16 21:49:12
Location: D:\Program Files\AnsysEM\AnsysEM21.1\Win64\ansysedt.exe
Batch Solve/Save: d:\andre\paper_sweeps\project_storage\clt_sweep_3900um_140um.aedt
Starting Batch Run: 12:38:47 PM  Nov 09, 2023
Running as user: DTS\lfl
Temp directory: D:\lfl\AppData\Local\Temp
Project directory: D:\lfl\Documents\Ansoft
Simulation settings:

Design type: HFSS
Allow off core: True
Using automatic settings
16 optimetrics variations will be solved simultaneously.
Partitions:
Machine: localhost, Cores: 1, GPUs: 0, GPU Indexes:<>, RAM pct: 5.625000
Machine: localhost, Cores: 1, GPUs: 0, GPU Indexes:<>, RAM pct: 5.625000
Machine: localhost, Cores: 1, GPUs: 0, GPU Indexes:<>, RAM pct: 5.625000
Machine: localhost, Cores: 1, GPUs: 0, GPU Indexes:<>, RAM pct: 5.625000
Machine: localhost, Cores: 1, GPUs: 0, GPU Indexes:<>, RAM pct: 5.625000
Machine: localhost, Cores: 1, GPUs: 0, GPU Indexes:<>, RAM pct: 5.625000
Machine: localhost, Cores: 1, GPUs: 0, GPU Indexes:<>, RAM pct: 5.625000
Machine: localhost, Cores: 1, GPUs: 0, GPU Indexes:<>, RAM pct: 5.625000
Machine: localhost, Cores: 1, GPUs: 0, GPU Indexes:<>, RAM pct: 5.625000
Machine: localhost, Cores: 1, GPUs: 0, GPU Indexes:<>, RAM pct: 5.625000
Machine: localhost, Cores: 1, GPUs: 0, GPU Indexes:<>, RAM pct: 5.625000
Machine: localhost, Cores: 1, GPUs: 0, GPU Indexes:<>, RAM pct: 5.625000
Machine: localhost, Cores: 1, GPUs: 0, GPU Indexes:<>, RAM pct: 5.625000
Machine: localhost, Cores: 1, GPUs: 0, GPU Indexes:<>, RAM pct: 5.625000
Machine: localhost, Cores: 1, GPUs: 0, GPU Indexes:<>, RAM pct: 5.625000
Machine: localhost, Cores: 1, GPUs: 0, GPU Indexes:<>, RAM pct: 5.625000

Machines:
localhost RAM: 90%, 16 cores, 1 GPUs

[info] Using command line: "D:\Program Files\AnsysEM\AnsysEM21.1\Win64\ansysedt.exe -jobid RSM_1031 -distributed -machinelist list=localhost:-1:16:90%:1 -auto NumDistributedVariations=16 -monitor -waitforlicense -useelectronicsppe -ng -batchoptions  'HFSS/AllowOffCore'=1 'HFSS/DefaultProcessPriority'='Normal' 'HFSS/EnableGPU'=0 'HFSS/EnableGPUForSBR'=1 'HFSS/MPIVendor'='Intel' 'HFSS/RemoteSpawnCommand'='SSH' -batchsolve d:\andre\paper_sweeps\project_storage\clt_sweep_3900um_140um.aedt".
[info] Project:clt_sweep_3900um_140um, Setup : [PROFILE] Solution Process : Time:  11/09/2023 12:38:52; Host: DTS-MJ0GK06Y; Processor: 32; OS: NT 10.0; HFSS Version 2021.1.0 (12:38:52 PM  Nov 09, 2023)
[info] Project:clt_sweep_3900um_140um, Setup : [PROFILE]        Executing from D:\Program Files\AnsysEM\AnsysEM21.1\Win64\HFSSCOMENGINE.exe (12:38:52 PM  Nov 09, 2023)
[info] Project:clt_sweep_3900um_140um, Setup : [PROFILE]        HPC Enabled (12:38:52 PM  Nov 09, 2023)
[info] Project:clt_sweep_3900um_140um, Setup : [PROFILE]        Allow off core: True (12:38:52 PM  Nov 09, 2023)
[info] Project:clt_sweep_3900um_140um, Setup : [PROFILE]        Using automatic settings (12:38:52 PM  Nov 09, 2023)
[info] Project:clt_sweep_3900um_140um, Setup : [PROFILE]        Machines: (12:38:52 PM  Nov 09, 2023)
[info] Project:clt_sweep_3900um_140um, Setup : [PROFILE]        DTS-MJ0GK06Y [128 GB]: RAM Limit: 90.000000%, 16 cores (12:38:52 PM  Nov 09, 2023)
[info] Project:clt_sweep_3900um_140um, Setup : [PROFILE]        Solution Basis Order: Mixed (12:38:52 PM  Nov 09, 2023)
[info] Project:clt_sweep_3900um_140um, Setup : [PROFILE] Design Validation : Elapsed time : 00:00:00 , HFSS ComEngine Memory : 139 M (12:38:52 PM  Nov 09, 2023)
[info] Project:clt_sweep_3900um_140um, Setup : [PROFILE]        Perform full validations with standard port validations (12:38:52 PM  Nov 09, 2023)
[info] Project:clt_sweep_3900um_140um, Setup : [PROFILE] Initial Meshing : Time:  11/09/2023 12:38:52 (12:38:52 PM  Nov 09, 2023)
[info] Project:clt_sweep_3900um_140um, Setup : [PROFILE] Volume (12:38:52 PM  Nov 09, 2023)
[info] Project:clt_sweep_3900um_140um, Setup : [PROFILE] Mesh Phi : Real Time 00:00:00 : CPU Time 00:00:00 : Memory 69.9 M : 2038 tetrahedra (12:38:52 PM  Nov 09, 2023)
[info] Project:clt_sweep_3900um_140um, Setup : [PROFILE] Mesh Post : Real Time 00:00:00 : CPU Time 00:00:00 : Memory 72.5 M : 2038 tetrahedra (12:38:53 PM  Nov 09, 2023)
[info] Project:clt_sweep_3900um_140um, Setup : [PROFILE] Mesh Refinement : Manual Seed Based (12:38:53 PM  Nov 09, 2023)
[info] Project:clt_sweep_3900um_140um, Setup : [PROFILE] Mesh (volume, seed) : Real Time 00:01:59 : CPU Time 00:01:59 : Memory 648 M : 579076 tetrahedra (12:40:53 PM  Nov 09, 2023)
[info] Project:clt_sweep_3900um_140um, Setup : [PROFILE] Mesh Refinement : Lambda Based (12:40:53 PM  Nov 09, 2023)
[info] Project:clt_sweep_3900um_140um, Setup : [PROFILE] Mesh (lambda based) : Real Time 00:00:19 : CPU Time 00:00:19 : Memory 450 M : 581270 tetrahedra (12:41:13 PM  Nov 09, 2023)
[info] Project:clt_sweep_3900um_140um, Setup : [PROFILE]        port_mesh, mesh1, mesh_ground_strip (12:41:13 PM  Nov 09, 2023)
[info] Project:clt_sweep_3900um_140um, Setup : [PROFILE] Initial Meshing : Elapsed time: 00:02:21 (12:41:13 PM  Nov 09, 2023)
[info] Project:clt_sweep_3900um_140um, Setup : [PROFILE] Adaptive Meshing : Time:  11/09/2023 12:41:13 (12:41:13 PM  Nov 09, 2023)
[info] Project:clt_sweep_3900um_140um, Setup : [PROFILE] Adaptive Pass 1 : Eigenmode Solution (12:41:13 PM  Nov 09, 2023)
[info] Project:clt_sweep_3900um_140um, Setup : [PROFILE] Simulation Setup : Real Time 00:00:13 : CPU Time 00:00:13 : Memory 904 M : Disk = 0 Bytes (12:41:27 PM  Nov 09, 2023)
[info] Project:clt_sweep_3900um_140um, Setup : [PROFILE] Matrix Assembly : Real Time 00:00:11 : CPU Time 00:00:14 : Memory 1.35 G : Disk = 0 Bytes, 581270 tetrahedra  (12:41:39 PM  Nov 09, 2023)
[info] Project:clt_sweep_3900um_140um, Setup : [PROFILE] EigenSolver DCS16 : Real Time 00:00:19 : CPU Time 00:02:23 : Memory 3.72 G : Disk = 9.73 MB, matrix size 637583, matrix bandwidth   8.3, 17 eigen iterations (12:41:58 PM  Nov 09, 2023)
[info] Project:clt_sweep_3900um_140um, Setup : [PROFILE] Field Recovery : Real Time 00:00:06 : CPU Time 00:00:21 : Memory 3.72 G : Disk = 210 MB, 1 computed eigenmodes, Average Order 0.004093 (12:42:05 PM  Nov 09, 2023)
[info] Project:clt_sweep_3900um_140um, Setup : [CONVERGE] Pass Number:  1;  Solved Elements:  581270;  Max Delta Freq. %:  N/A;   (12:42:05 PM  Nov 09, 2023)
[info] Project:clt_sweep_3900um_140um, Setup : [PROFILE] Adaptive Pass 2 : Eigenmode Solution (12:42:05 PM  Nov 09, 2023)
[info] Project:clt_sweep_3900um_140um, Setup : [PROFILE] Mesh (volume, adaptive) : Real Time 00:00:49 : CPU Time 00:00:49 : Memory 614 M : 736884 tetrahedra (12:42:55 PM  Nov 09, 2023)
[info] Project:clt_sweep_3900um_140um, Setup : [PROFILE] Simulation Setup : Real Time 00:00:19 : CPU Time 00:00:19 : Memory 1.11 G : Disk = 0 Bytes (12:43:15 PM  Nov 09, 2023)
[info] Project:clt_sweep_3900um_140um, Setup : [PROFILE] Matrix Assembly : Real Time 00:00:30 : CPU Time 00:00:33 : Memory 2.69 G : Disk = 0 Bytes, 736884 tetrahedra  (12:43:45 PM  Nov 09, 2023)
[info] Project:clt_sweep_3900um_140um, Setup : [PROFILE] EigenSolver DCS16 : Real Time 00:01:07 : CPU Time 00:05:58 : Memory 9.08 G : Disk = 11 MB, matrix size 1355484, matrix bandwidth  14.2, 17 eigen iterations (12:44:52 PM  Nov 09, 2023)
[info] Project:clt_sweep_3900um_140um, Setup : [PROFILE] Field Recovery : Real Time 00:00:11 : CPU Time 00:00:36 : Memory 9.08 G : Disk = 67.4 MB, 1 computed eigenmodes, Average Order 0.111492 (12:45:04 PM  Nov 09, 2023)
[info] Project:clt_sweep_3900um_140um, Setup : [PROFILE]        Max Delta Freq. % = 6.80151 at adaptive pass 2 (12:45:04 PM  Nov 09, 2023)
[info] Project:clt_sweep_3900um_140um, Setup : [CONVERGE] Pass Number:  2;  Solved Elements:  736884;  Max Delta Freq. %:  6.8015;   (12:45:04 PM  Nov 09, 2023)
[info] Project:clt_sweep_3900um_140um, Setup : [PROFILE] Adaptive Pass 3 : Eigenmode Solution (12:45:04 PM  Nov 09, 2023)
[info] Project:clt_sweep_3900um_140um, Setup : [PROFILE] Mesh (volume, adaptive) : Real Time 00:00:52 : CPU Time 00:00:52 : Memory 682 M : 847419 tetrahedra (12:45:57 PM  Nov 09, 2023)
[info] Project:clt_sweep_3900um_140um, Setup : [PROFILE] Simulation Setup : Real Time 00:00:23 : CPU Time 00:00:23 : Memory 1.26 G : Disk = 0 Bytes (12:46:21 PM  Nov 09, 2023)
[info] Project:clt_sweep_3900um_140um, Setup : [PROFILE] Matrix Assembly : Real Time 00:00:46 : CPU Time 00:00:49 : Memory 4.25 G : Disk = 0 Bytes, 847419 tetrahedra  (12:47:08 PM  Nov 09, 2023)
[info] Project:clt_sweep_3900um_140um, Setup : [PROFILE] EigenSolver DCS16 : Real Time 00:02:38 : CPU Time 00:12:02 : Memory 16 G : Disk = 12.6 MB, matrix size 2180960, matrix bandwidth  17.0, 17 eigen iterations (12:49:47 PM  Nov 09, 2023)
[info] Project:clt_sweep_3900um_140um, Setup : [PROFILE] Field Recovery : Real Time 00:00:11 : CPU Time 00:00:34 : Memory 16 G : Disk = 54.2 MB, 1 computed eigenmodes, Average Order 0.241473 (12:49:58 PM  Nov 09, 2023)
[info] Project:clt_sweep_3900um_140um, Setup : [PROFILE]        Max Delta Freq. % = 0.64745 at adaptive pass 3 (12:49:58 PM  Nov 09, 2023)
[info] Project:clt_sweep_3900um_140um, Setup : [CONVERGE] Pass Number:  3;  Solved Elements:  847419;  Max Delta Freq. %:  0.64745;   (12:49:58 PM  Nov 09, 2023)
[info] Project:clt_sweep_3900um_140um, Setup : [PROFILE] Adaptive Pass 4 : Eigenmode Solution (12:49:58 PM  Nov 09, 2023)
[info] Project:clt_sweep_3900um_140um, Setup : [PROFILE] Mesh (volume, adaptive) : Real Time 00:00:57 : CPU Time 00:00:57 : Memory 782 M : 971138 tetrahedra (12:50:56 PM  Nov 09, 2023)
[info] Project:clt_sweep_3900um_140um, Setup : [PROFILE] Simulation Setup : Real Time 00:00:38 : CPU Time 00:00:38 : Memory 1.45 G : Disk = 0 Bytes (12:51:35 PM  Nov 09, 2023)
[info] Project:clt_sweep_3900um_140um, Setup : [PROFILE] Matrix Assembly : Real Time 00:01:03 : CPU Time 00:01:06 : Memory 6.24 G : Disk = 0 Bytes, 971138 tetrahedra  (12:52:38 PM  Nov 09, 2023)
[info] Project:clt_sweep_3900um_140um, Setup : [PROFILE] EigenSolver DCS16 : Real Time 00:04:58 : CPU Time 00:23:38 : Memory 26 G : Disk = 16 MB, matrix size 3227944, matrix bandwidth  18.6, 18 eigen iterations (12:57:36 PM  Nov 09, 2023)
[info] Project:clt_sweep_3900um_140um, Setup : [PROFILE] Field Recovery : Real Time 00:00:21 : CPU Time 00:01:09 : Memory 26 G : Disk = 61.2 MB, 1 computed eigenmodes, Average Order 0.375056 (12:57:58 PM  Nov 09, 2023)
[info] Project:clt_sweep_3900um_140um, Setup : [PROFILE]        Max Delta Freq. % = 0.28110 at adaptive pass 4 (12:57:58 PM  Nov 09, 2023)
[info] Project:clt_sweep_3900um_140um, Setup : [CONVERGE] Pass Number:  4;  Solved Elements:  971138;  Max Delta Freq. %:  0.2811;   (12:57:58 PM  Nov 09, 2023)
[info] Project:clt_sweep_3900um_140um, Setup : [PROFILE] Adaptive Pass 5 : Eigenmode Solution (12:57:58 PM  Nov 09, 2023)
[info] Project:clt_sweep_3900um_140um, Setup : [PROFILE] Mesh (volume, adaptive) : Real Time 00:01:18 : CPU Time 00:01:18 : Memory 893 M : 1133665 tetrahedra (12:59:17 PM  Nov 09, 2023)
[info] Project:clt_sweep_3900um_140um, Setup : [PROFILE] Simulation Setup : Real Time 00:00:52 : CPU Time 00:00:52 : Memory 1.68 G : Disk = 0 Bytes (1:00:10 PM  Nov 09, 2023)
[info] Project:clt_sweep_3900um_140um, Setup : [PROFILE] Matrix Assembly : Real Time 00:01:24 : CPU Time 00:01:26 : Memory 8.29 G : Disk = 0 Bytes, 1133665 tetrahedra  (1:01:34 PM  Nov 09, 2023)
[info] Project:clt_sweep_3900um_140um, Setup : [PROFILE] EigenSolver DCS16 : Real Time 00:08:47 : CPU Time 00:36:19 : Memory 33.5 G : Disk = 16.4 MB, matrix size 4305409, matrix bandwidth  19.4, 17 eigen iterations (1:10:21 PM  Nov 09, 2023)
[info] Project:clt_sweep_3900um_140um, Setup : [PROFILE] Field Recovery : Real Time 00:00:20 : CPU Time 00:00:58 : Memory 33.5 G : Disk = 77.8 MB, 1 computed eigenmodes, Average Order 0.468181 (1:10:42 PM  Nov 09, 2023)
[info] Project:clt_sweep_3900um_140um, Setup : [PROFILE]        Max Delta Freq. % = 0.08446 at adaptive pass 5 (1:10:42 PM  Nov 09, 2023)
[info] Project:clt_sweep_3900um_140um, Setup : [CONVERGE] Pass Number:  5;  Solved Elements:  1133665;  Max Delta Freq. %:  0.084456;   (1:10:42 PM  Nov 09, 2023)
[info] Project:clt_sweep_3900um_140um, Setup : [PROFILE]        Adaptive Passes converged (1:10:42 PM  Nov 09, 2023)
[info] Project:clt_sweep_3900um_140um, Setup : [PROFILE] Adaptive Meshing : Elapsed time: 00:29:28 (1:10:42 PM  Nov 09, 2023)
[info] Project:clt_sweep_3900um_140um, Setup : [PROFILE] Simulation Summary: (1:10:42 PM  Nov 09, 2023)
[info] Project:clt_sweep_3900um_140um, Setup : [PROFILE] Design Validation : Elapsed time: 00:00:00, total memory: 139 MB (1:10:42 PM  Nov 09, 2023)
[info] Project:clt_sweep_3900um_140um, Setup : [PROFILE] Initial Meshing : Elapsed time: 00:02:21, total memory: 648 MB (1:10:42 PM  Nov 09, 2023)
[info] Project:clt_sweep_3900um_140um, Setup : [PROFILE] Adaptive Meshing : Elapsed time: 00:29:28, total memory: 33.5 GB, total number of cores: 16 (1:10:42 PM  Nov 09, 2023)
[info] Project:clt_sweep_3900um_140um, Setup : [PROFILE]        max solved tets: 1133665, max matrix size: 4305409, max bandwidth:  19.4 (1:10:42 PM  Nov 09, 2023)
[info] Project:clt_sweep_3900um_140um, Setup : [PROFILE]        Time:  11/09/2023 13:10:42, Status: Normal Completion (1:10:42 PM  Nov 09, 2023)
[info] Project:clt_sweep_3900um_140um, Setup : [PROFILE] Stop : Elapsed time : 00:31:49 , ComEngine Memory : 140 M (1:10:42 PM  Nov 09, 2023)
[info] Project:clt_sweep_3900um_140um, Design:CavitySweep_hfss (Eigenmode), Normal completion of simulation on server: Local Machine. (1:10:42 PM  Nov 09, 2023)
[info] Project:clt_sweep_3900um_140um, Setup : [PROFILE] Solution Process : Time:  11/09/2023 13:10:45; Host: DTS-MJ0GK06Y; Processor: 32; OS: NT 10.0; HFSS Version 2021.1.0 (1:10:45 PM  Nov 09, 2023)
[info] Project:clt_sweep_3900um_140um, Setup : [PROFILE]        Executing from D:\Program Files\AnsysEM\AnsysEM21.1\Win64\HFSSCOMENGINE.exe (1:10:45 PM  Nov 09, 2023)
[info] Project:clt_sweep_3900um_140um, Setup : [PROFILE]        HPC Enabled (1:10:45 PM  Nov 09, 2023)
[info] Project:clt_sweep_3900um_140um, Setup : [PROFILE]        Allow off core: True (1:10:45 PM  Nov 09, 2023)
[info] Project:clt_sweep_3900um_140um, Setup : [PROFILE]        Using automatic settings (1:10:45 PM  Nov 09, 2023)
[info] Project:clt_sweep_3900um_140um, Setup : [PROFILE]        Machines: (1:10:45 PM  Nov 09, 2023)
[info] Project:clt_sweep_3900um_140um, Setup : [PROFILE]        DTS-MJ0GK06Y [128 GB]: RAM Limit: 90.000000%, 16 cores (1:10:45 PM  Nov 09, 2023)
[info] Project:clt_sweep_3900um_140um, Setup : [PROFILE]        Solution Basis Order: Mixed (1:10:45 PM  Nov 09, 2023)
[error] Project:clt_sweep_3900um_140um, Design:CavitySweep (Eigenmode), There are no objects in the design. (1:10:45 PM  Nov 09, 2023)
[info] Project:clt_sweep_3900um_140um, Setup : [PROFILE] Design Validation : Elapsed time : 00:00:00 , HFSS ComEngine Memory : 125 M (1:10:45 PM  Nov 09, 2023)
[info] Project:clt_sweep_3900um_140um, Setup : [PROFILE]        Perform full validations with standard port validations (1:10:45 PM  Nov 09, 2023)
[info] Project:clt_sweep_3900um_140um, Setup : [PROFILE]        Time:  11/09/2023 13:10:45, Status: Engine Detected Error (1:10:45 PM  Nov 09, 2023)
[info] Project:clt_sweep_3900um_140um, Setup : [PROFILE] Stop : Elapsed time : 00:00:00 , ComEngine Memory : 125 M (1:10:45 PM  Nov 09, 2023)
[error] Project:clt_sweep_3900um_140um, Design:CavitySweep (Eigenmode), Simulation completed with execution error on server: Local Machine. (1:10:45 PM  Nov 09, 2023)
Stopping Batch Run: 1:10:53 PM  Nov 09, 2023
