 
ANSYS Electronics Desktop Version 2021.1.0, Build: 2020-11-16 21:49:12
Location: D:\Program Files\AnsysEM\AnsysEM21.1\Win64\ansysedt.exe
Batch Solve/Save: d:\andre\paper_sweeps\project_storage\clt_sweep_3830um_100um.aedt
Starting Batch Run: 7:56:12 PM  Nov 08, 2023
Running as user: DTS\lfl
Temp directory: D:\lfl\AppData\Local\Temp
Project directory: D:\lfl\Documents\Ansoft
Simulation settings:

Design type: HFSS
Allow off core: True
Using automatic settings
16 optimetrics variations will be solved simultaneously.
Partitions:
Machine: localhost, Cores: 1, GPUs: 0, GPU Indexes:<>, RAM pct: 5.625000
Machine: localhost, Cores: 1, GPUs: 0, GPU Indexes:<>, RAM pct: 5.625000
Machine: localhost, Cores: 1, GPUs: 0, GPU Indexes:<>, RAM pct: 5.625000
Machine: localhost, Cores: 1, GPUs: 0, GPU Indexes:<>, RAM pct: 5.625000
Machine: localhost, Cores: 1, GPUs: 0, GPU Indexes:<>, RAM pct: 5.625000
Machine: localhost, Cores: 1, GPUs: 0, GPU Indexes:<>, RAM pct: 5.625000
Machine: localhost, Cores: 1, GPUs: 0, GPU Indexes:<>, RAM pct: 5.625000
Machine: localhost, Cores: 1, GPUs: 0, GPU Indexes:<>, RAM pct: 5.625000
Machine: localhost, Cores: 1, GPUs: 0, GPU Indexes:<>, RAM pct: 5.625000
Machine: localhost, Cores: 1, GPUs: 0, GPU Indexes:<>, RAM pct: 5.625000
Machine: localhost, Cores: 1, GPUs: 0, GPU Indexes:<>, RAM pct: 5.625000
Machine: localhost, Cores: 1, GPUs: 0, GPU Indexes:<>, RAM pct: 5.625000
Machine: localhost, Cores: 1, GPUs: 0, GPU Indexes:<>, RAM pct: 5.625000
Machine: localhost, Cores: 1, GPUs: 0, GPU Indexes:<>, RAM pct: 5.625000
Machine: localhost, Cores: 1, GPUs: 0, GPU Indexes:<>, RAM pct: 5.625000
Machine: localhost, Cores: 1, GPUs: 0, GPU Indexes:<>, RAM pct: 5.625000

Machines:
localhost RAM: 90%, 16 cores, 1 GPUs

[info] Using command line: "D:\Program Files\AnsysEM\AnsysEM21.1\Win64\ansysedt.exe -jobid RSM_8391 -distributed -machinelist list=localhost:-1:16:90%:1 -auto NumDistributedVariations=16 -monitor -waitforlicense -useelectronicsppe -ng -batchoptions  'HFSS/AllowOffCore'=1 'HFSS/DefaultProcessPriority'='Normal' 'HFSS/EnableGPU'=0 'HFSS/EnableGPUForSBR'=1 'HFSS/MPIVendor'='Intel' 'HFSS/RemoteSpawnCommand'='SSH' -batchsolve d:\andre\paper_sweeps\project_storage\clt_sweep_3830um_100um.aedt".
[info] Project:clt_sweep_3830um_100um, Setup : [PROFILE] Solution Process : Time:  11/08/2023 19:56:16; Host: DTS-MJ0GK06Y; Processor: 32; OS: NT 10.0; HFSS Version 2021.1.0 (7:56:16 PM  Nov 08, 2023)
[info] Project:clt_sweep_3830um_100um, Setup : [PROFILE]        Executing from D:\Program Files\AnsysEM\AnsysEM21.1\Win64\HFSSCOMENGINE.exe (7:56:16 PM  Nov 08, 2023)
[info] Project:clt_sweep_3830um_100um, Setup : [PROFILE]        HPC Enabled (7:56:16 PM  Nov 08, 2023)
[info] Project:clt_sweep_3830um_100um, Setup : [PROFILE]        Allow off core: True (7:56:16 PM  Nov 08, 2023)
[info] Project:clt_sweep_3830um_100um, Setup : [PROFILE]        Using automatic settings (7:56:16 PM  Nov 08, 2023)
[info] Project:clt_sweep_3830um_100um, Setup : [PROFILE]        Machines: (7:56:16 PM  Nov 08, 2023)
[info] Project:clt_sweep_3830um_100um, Setup : [PROFILE]        DTS-MJ0GK06Y [128 GB]: RAM Limit: 90.000000%, 16 cores (7:56:16 PM  Nov 08, 2023)
[info] Project:clt_sweep_3830um_100um, Setup : [PROFILE]        Solution Basis Order: Mixed (7:56:16 PM  Nov 08, 2023)
[error] Project:clt_sweep_3830um_100um, Design:CavitySweep (Eigenmode), There are no objects in the design. (7:56:16 PM  Nov 08, 2023)
[info] Project:clt_sweep_3830um_100um, Setup : [PROFILE] Design Validation : Elapsed time : 00:00:00 , HFSS ComEngine Memory : 125 M (7:56:16 PM  Nov 08, 2023)
[info] Project:clt_sweep_3830um_100um, Setup : [PROFILE]        Perform full validations with standard port validations (7:56:16 PM  Nov 08, 2023)
[info] Project:clt_sweep_3830um_100um, Setup : [PROFILE]        Time:  11/08/2023 19:56:16, Status: Engine Detected Error (7:56:16 PM  Nov 08, 2023)
[info] Project:clt_sweep_3830um_100um, Setup : [PROFILE] Stop : Elapsed time : 00:00:00 , ComEngine Memory : 125 M (7:56:16 PM  Nov 08, 2023)
[error] Project:clt_sweep_3830um_100um, Design:CavitySweep (Eigenmode), Simulation completed with execution error on server: Local Machine. (7:56:17 PM  Nov 08, 2023)
[info] Project:clt_sweep_3830um_100um, Setup : [PROFILE] Solution Process : Time:  11/08/2023 19:56:19; Host: DTS-MJ0GK06Y; Processor: 32; OS: NT 10.0; HFSS Version 2021.1.0 (7:56:19 PM  Nov 08, 2023)
[info] Project:clt_sweep_3830um_100um, Setup : [PROFILE]        Executing from D:\Program Files\AnsysEM\AnsysEM21.1\Win64\HFSSCOMENGINE.exe (7:56:19 PM  Nov 08, 2023)
[info] Project:clt_sweep_3830um_100um, Setup : [PROFILE]        HPC Enabled (7:56:19 PM  Nov 08, 2023)
[info] Project:clt_sweep_3830um_100um, Setup : [PROFILE]        Allow off core: True (7:56:19 PM  Nov 08, 2023)
[info] Project:clt_sweep_3830um_100um, Setup : [PROFILE]        Using automatic settings (7:56:19 PM  Nov 08, 2023)
[info] Project:clt_sweep_3830um_100um, Setup : [PROFILE]        Machines: (7:56:19 PM  Nov 08, 2023)
[info] Project:clt_sweep_3830um_100um, Setup : [PROFILE]        DTS-MJ0GK06Y [128 GB]: RAM Limit: 90.000000%, 16 cores (7:56:19 PM  Nov 08, 2023)
[info] Project:clt_sweep_3830um_100um, Setup : [PROFILE]        Solution Basis Order: Mixed (7:56:19 PM  Nov 08, 2023)
[info] Project:clt_sweep_3830um_100um, Setup : [PROFILE] Design Validation : Elapsed time : 00:00:00 , HFSS ComEngine Memory : 140 M (7:56:19 PM  Nov 08, 2023)
[info] Project:clt_sweep_3830um_100um, Setup : [PROFILE]        Perform full validations with standard port validations (7:56:19 PM  Nov 08, 2023)
[info] Project:clt_sweep_3830um_100um, Setup : [PROFILE] Initial Meshing : Time:  11/08/2023 19:56:19 (7:56:19 PM  Nov 08, 2023)
[info] Project:clt_sweep_3830um_100um, Setup : [PROFILE] Volume (7:56:19 PM  Nov 08, 2023)
[info] Project:clt_sweep_3830um_100um, Setup : [PROFILE] Mesh Phi : Real Time 00:00:00 : CPU Time 00:00:00 : Memory 70 M : 2038 tetrahedra (7:56:20 PM  Nov 08, 2023)
[info] Project:clt_sweep_3830um_100um, Setup : [PROFILE] Mesh Post : Real Time 00:00:00 : CPU Time 00:00:00 : Memory 71.3 M : 2723 tetrahedra (7:56:20 PM  Nov 08, 2023)
[info] Project:clt_sweep_3830um_100um, Setup : [PROFILE] Mesh Refinement : Manual Seed Based (7:56:20 PM  Nov 08, 2023)
[info] Project:clt_sweep_3830um_100um, Setup : [PROFILE] Mesh (volume, seed) : Real Time 00:01:55 : CPU Time 00:01:55 : Memory 642 M : 572283 tetrahedra (7:58:15 PM  Nov 08, 2023)
[info] Project:clt_sweep_3830um_100um, Setup : [PROFILE] Mesh Refinement : Lambda Based (7:58:16 PM  Nov 08, 2023)
[info] Project:clt_sweep_3830um_100um, Setup : [PROFILE] Mesh (lambda based) : Real Time 00:00:18 : CPU Time 00:00:18 : Memory 446 M : 574604 tetrahedra (7:58:34 PM  Nov 08, 2023)
[info] Project:clt_sweep_3830um_100um, Setup : [PROFILE]        port_mesh, mesh1, mesh_ground_strip (7:58:34 PM  Nov 08, 2023)
[info] Project:clt_sweep_3830um_100um, Setup : [PROFILE] Initial Meshing : Elapsed time: 00:02:14 (7:58:34 PM  Nov 08, 2023)
[info] Project:clt_sweep_3830um_100um, Setup : [PROFILE] Adaptive Meshing : Time:  11/08/2023 19:58:34 (7:58:34 PM  Nov 08, 2023)
[info] Project:clt_sweep_3830um_100um, Setup : [PROFILE] Adaptive Pass 1 : Eigenmode Solution (7:58:34 PM  Nov 08, 2023)
[info] Project:clt_sweep_3830um_100um, Setup : [PROFILE] Simulation Setup : Real Time 00:00:12 : CPU Time 00:00:12 : Memory 895 M : Disk = 0 Bytes (7:58:47 PM  Nov 08, 2023)
[info] Project:clt_sweep_3830um_100um, Setup : [PROFILE] Matrix Assembly : Real Time 00:00:11 : CPU Time 00:00:14 : Memory 1.34 G : Disk = 0 Bytes, 574604 tetrahedra  (7:58:58 PM  Nov 08, 2023)
[info] Project:clt_sweep_3830um_100um, Setup : [PROFILE] EigenSolver DCS16 : Real Time 00:00:18 : CPU Time 00:02:18 : Memory 3.7 G : Disk = 9.65 MB, matrix size 632151, matrix bandwidth   8.4, 17 eigen iterations (7:59:17 PM  Nov 08, 2023)
[info] Project:clt_sweep_3830um_100um, Setup : [PROFILE] Field Recovery : Real Time 00:00:06 : CPU Time 00:00:20 : Memory 3.7 G : Disk = 207 MB, 1 computed eigenmodes, Average Order 0.004239 (7:59:24 PM  Nov 08, 2023)
[info] Project:clt_sweep_3830um_100um, Setup : [CONVERGE] Pass Number:  1;  Solved Elements:  574604;  Max Delta Freq. %:  N/A;   (7:59:24 PM  Nov 08, 2023)
[info] Project:clt_sweep_3830um_100um, Setup : [PROFILE] Adaptive Pass 2 : Eigenmode Solution (7:59:24 PM  Nov 08, 2023)
[info] Project:clt_sweep_3830um_100um, Setup : [PROFILE] Mesh (volume, adaptive) : Real Time 00:00:47 : CPU Time 00:00:47 : Memory 626 M : 744841 tetrahedra (8:00:11 PM  Nov 08, 2023)
[info] Project:clt_sweep_3830um_100um, Setup : [PROFILE] Simulation Setup : Real Time 00:00:17 : CPU Time 00:00:17 : Memory 1.12 G : Disk = 0 Bytes (8:00:29 PM  Nov 08, 2023)
[info] Project:clt_sweep_3830um_100um, Setup : [PROFILE] Matrix Assembly : Real Time 00:00:30 : CPU Time 00:00:33 : Memory 2.76 G : Disk = 0 Bytes, 744841 tetrahedra  (8:01:00 PM  Nov 08, 2023)
[info] Project:clt_sweep_3830um_100um, Setup : [PROFILE] EigenSolver DCS16 : Real Time 00:01:00 : CPU Time 00:05:49 : Memory 9.43 G : Disk = 11.6 MB, matrix size 1391286, matrix bandwidth  14.4, 17 eigen iterations (8:02:00 PM  Nov 08, 2023)
[info] Project:clt_sweep_3830um_100um, Setup : [PROFILE] Field Recovery : Real Time 00:00:10 : CPU Time 00:00:30 : Memory 9.43 G : Disk = 72.5 MB, 1 computed eigenmodes, Average Order 0.115237 (8:02:11 PM  Nov 08, 2023)
[info] Project:clt_sweep_3830um_100um, Setup : [PROFILE]        Max Delta Freq. % = 7.66778 at adaptive pass 2 (8:02:11 PM  Nov 08, 2023)
[info] Project:clt_sweep_3830um_100um, Setup : [CONVERGE] Pass Number:  2;  Solved Elements:  744841;  Max Delta Freq. %:  7.6678;   (8:02:11 PM  Nov 08, 2023)
[info] Project:clt_sweep_3830um_100um, Setup : [PROFILE] Adaptive Pass 3 : Eigenmode Solution (8:02:11 PM  Nov 08, 2023)
[info] Project:clt_sweep_3830um_100um, Setup : [PROFILE] Mesh (volume, adaptive) : Real Time 00:00:27 : CPU Time 00:00:27 : Memory 616 M : 790217 tetrahedra (8:02:38 PM  Nov 08, 2023)
[info] Project:clt_sweep_3830um_100um, Setup : [PROFILE] Simulation Setup : Real Time 00:00:19 : CPU Time 00:00:19 : Memory 1.19 G : Disk = 0 Bytes (8:02:58 PM  Nov 08, 2023)
[info] Project:clt_sweep_3830um_100um, Setup : [PROFILE] Matrix Assembly : Real Time 00:00:41 : CPU Time 00:00:44 : Memory 3.65 G : Disk = 0 Bytes, 790217 tetrahedra  (8:03:40 PM  Nov 08, 2023)
[info] Project:clt_sweep_3830um_100um, Setup : [PROFILE] EigenSolver DCS16 : Real Time 00:01:41 : CPU Time 00:09:08 : Memory 13.7 G : Disk = 7.33 MB, matrix size 1871602, matrix bandwidth  16.4, 17 eigen iterations (8:05:21 PM  Nov 08, 2023)
[info] Project:clt_sweep_3830um_100um, Setup : [PROFILE] Field Recovery : Real Time 00:00:09 : CPU Time 00:00:28 : Memory 13.7 G : Disk = 30.8 MB, 1 computed eigenmodes, Average Order 0.204155 (8:05:30 PM  Nov 08, 2023)
[info] Project:clt_sweep_3830um_100um, Setup : [PROFILE]        Max Delta Freq. % = 0.61530 at adaptive pass 3 (8:05:30 PM  Nov 08, 2023)
[info] Project:clt_sweep_3830um_100um, Setup : [CONVERGE] Pass Number:  3;  Solved Elements:  790217;  Max Delta Freq. %:  0.6153;   (8:05:30 PM  Nov 08, 2023)
[info] Project:clt_sweep_3830um_100um, Setup : [PROFILE] Adaptive Pass 4 : Eigenmode Solution (8:05:30 PM  Nov 08, 2023)
[info] Project:clt_sweep_3830um_100um, Setup : [PROFILE] Mesh (volume, adaptive) : Real Time 00:00:29 : CPU Time 00:00:30 : Memory 652 M : 843617 tetrahedra (8:06:01 PM  Nov 08, 2023)
[info] Project:clt_sweep_3830um_100um, Setup : [PROFILE] Simulation Setup : Real Time 00:00:27 : CPU Time 00:00:27 : Memory 1.26 G : Disk = 0 Bytes (8:06:28 PM  Nov 08, 2023)
[info] Project:clt_sweep_3830um_100um, Setup : [PROFILE] Matrix Assembly : Real Time 00:00:54 : CPU Time 00:00:57 : Memory 4.77 G : Disk = 0 Bytes, 843617 tetrahedra  (8:07:23 PM  Nov 08, 2023)
[info] Project:clt_sweep_3830um_100um, Setup : [PROFILE] EigenSolver DCS16 : Real Time 00:02:24 : CPU Time 00:12:57 : Memory 19.4 G : Disk = 9.16 MB, matrix size 2472211, matrix bandwidth  17.8, 17 eigen iterations (8:09:47 PM  Nov 08, 2023)
[info] Project:clt_sweep_3830um_100um, Setup : [PROFILE] Field Recovery : Real Time 00:00:09 : CPU Time 00:00:30 : Memory 19.4 G : Disk = 34.6 MB, 1 computed eigenmodes, Average Order 0.303722 (8:09:57 PM  Nov 08, 2023)
[info] Project:clt_sweep_3830um_100um, Setup : [PROFILE]        Max Delta Freq. % = 0.25633 at adaptive pass 4 (8:09:57 PM  Nov 08, 2023)
[info] Project:clt_sweep_3830um_100um, Setup : [CONVERGE] Pass Number:  4;  Solved Elements:  843617;  Max Delta Freq. %:  0.25633;   (8:09:57 PM  Nov 08, 2023)
[info] Project:clt_sweep_3830um_100um, Setup : [PROFILE] Adaptive Pass 5 : Eigenmode Solution (8:09:57 PM  Nov 08, 2023)
[info] Project:clt_sweep_3830um_100um, Setup : [PROFILE] Mesh (volume, adaptive) : Real Time 00:01:08 : CPU Time 00:01:07 : Memory 787 M : 979060 tetrahedra (8:11:06 PM  Nov 08, 2023)
[info] Project:clt_sweep_3830um_100um, Setup : [PROFILE] Simulation Setup : Real Time 00:00:37 : CPU Time 00:00:36 : Memory 1.47 G : Disk = 0 Bytes (8:11:44 PM  Nov 08, 2023)
[info] Project:clt_sweep_3830um_100um, Setup : [PROFILE] Matrix Assembly : Real Time 00:01:24 : CPU Time 00:01:26 : Memory 6.48 G : Disk = 0 Bytes, 979060 tetrahedra  (8:13:09 PM  Nov 08, 2023)
[info] Project:clt_sweep_3830um_100um, Setup : [PROFILE] EigenSolver DCS16 : Real Time 00:04:47 : CPU Time 00:24:09 : Memory 28.9 G : Disk = 13.5 MB, matrix size 3355914, matrix bandwidth  18.8, 18 eigen iterations (8:17:56 PM  Nov 08, 2023)
[info] Project:clt_sweep_3830um_100um, Setup : [PROFILE] Field Recovery : Real Time 00:00:21 : CPU Time 00:01:08 : Memory 28.9 G : Disk = 65.3 MB, 1 computed eigenmodes, Average Order 0.400951 (8:18:18 PM  Nov 08, 2023)
[info] Project:clt_sweep_3830um_100um, Setup : [PROFILE]        Max Delta Freq. % = 0.12689 at adaptive pass 5 (8:18:18 PM  Nov 08, 2023)
[info] Project:clt_sweep_3830um_100um, Setup : [CONVERGE] Pass Number:  5;  Solved Elements:  979060;  Max Delta Freq. %:  0.12689;   (8:18:18 PM  Nov 08, 2023)
[info] Project:clt_sweep_3830um_100um, Setup : [PROFILE] Adaptive Pass 6 : Eigenmode Solution (8:18:18 PM  Nov 08, 2023)
[info] Project:clt_sweep_3830um_100um, Setup : [PROFILE] Mesh (volume, adaptive) : Real Time 00:01:59 : CPU Time 00:01:59 : Memory 1.01 G : 1233468 tetrahedra (8:20:18 PM  Nov 08, 2023)
[info] Project:clt_sweep_3830um_100um, Setup : [PROFILE] Simulation Setup : Real Time 00:00:53 : CPU Time 00:00:53 : Memory 1.82 G : Disk = 0 Bytes (8:21:13 PM  Nov 08, 2023)
[info] Project:clt_sweep_3830um_100um, Setup : [PROFILE] Matrix Assembly : Real Time 00:01:29 : CPU Time 00:01:32 : Memory 9.41 G : Disk = 0 Bytes, 1233468 tetrahedra  (8:22:43 PM  Nov 08, 2023)
[info] Project:clt_sweep_3830um_100um, Setup : [PROFILE] EigenSolver DCS16 : Real Time 00:11:47 : CPU Time 00:47:23 : Memory 39.5 G : Disk = 23.5 MB, matrix size 4894463, matrix bandwidth  19.6, 18 eigen iterations (8:34:30 PM  Nov 08, 2023)
[info] Project:clt_sweep_3830um_100um, Setup : [PROFILE] Field Recovery : Real Time 00:00:27 : CPU Time 00:01:00 : Memory 39.5 G : Disk = 111 MB, 1 computed eigenmodes, Average Order 0.508731 (8:34:58 PM  Nov 08, 2023)
[info] Project:clt_sweep_3830um_100um, Setup : [PROFILE]        Max Delta Freq. % = 0.02321 at adaptive pass 6 (8:34:58 PM  Nov 08, 2023)
[info] Project:clt_sweep_3830um_100um, Setup : [CONVERGE] Pass Number:  6;  Solved Elements:  1233468;  Max Delta Freq. %:  0.023211;   (8:34:58 PM  Nov 08, 2023)
[info] Project:clt_sweep_3830um_100um, Setup : [PROFILE]        Adaptive Passes converged (8:34:58 PM  Nov 08, 2023)
[info] Project:clt_sweep_3830um_100um, Setup : [PROFILE] Adaptive Meshing : Elapsed time: 00:36:23 (8:34:58 PM  Nov 08, 2023)
[info] Project:clt_sweep_3830um_100um, Setup : [PROFILE] Simulation Summary: (8:34:58 PM  Nov 08, 2023)
[info] Project:clt_sweep_3830um_100um, Setup : [PROFILE] Design Validation : Elapsed time: 00:00:00, total memory: 140 MB (8:34:58 PM  Nov 08, 2023)
[info] Project:clt_sweep_3830um_100um, Setup : [PROFILE] Initial Meshing : Elapsed time: 00:02:14, total memory: 642 MB (8:34:58 PM  Nov 08, 2023)
[info] Project:clt_sweep_3830um_100um, Setup : [PROFILE] Adaptive Meshing : Elapsed time: 00:36:23, total memory: 39.5 GB, total number of cores: 16 (8:34:58 PM  Nov 08, 2023)
[info] Project:clt_sweep_3830um_100um, Setup : [PROFILE]        max solved tets: 1233468, max matrix size: 4894463, max bandwidth:  19.6 (8:34:58 PM  Nov 08, 2023)
[info] Project:clt_sweep_3830um_100um, Setup : [PROFILE]        Time:  11/08/2023 20:34:58, Status: Normal Completion (8:34:58 PM  Nov 08, 2023)
[info] Project:clt_sweep_3830um_100um, Setup : [PROFILE] Stop : Elapsed time : 00:38:38 , ComEngine Memory : 171 M (8:34:58 PM  Nov 08, 2023)
[info] Project:clt_sweep_3830um_100um, Design:CavitySweep_hfss (Eigenmode), Normal completion of simulation on server: Local Machine. (8:34:58 PM  Nov 08, 2023)
Stopping Batch Run: 8:35:06 PM  Nov 08, 2023
