 
ANSYS Electronics Desktop Version 2021.1.0, Build: 2020-11-16 21:49:12
Location: D:\Program Files\AnsysEM\AnsysEM21.1\Win64\ansysedt.exe
Batch Solve/Save: D:\andre\paper_sweeps\project_storage\clt_sweep_3830um_80um.aedt
Starting Batch Run: 3:41:12 PM  Nov 16, 2023
Running as user: DTS\lfl
Temp directory: D:\lfl\AppData\Local\Temp
Project directory: D:\lfl\Documents\Ansoft
Simulation settings:

Design type: HFSS
Allow off core: True
Using automatic settings
16 optimetrics variations will be solved simultaneously.
Partitions:
Machine: localhost, Cores: 1, GPUs: 0, GPU Indexes:<>, RAM pct: 5.625000
Machine: localhost, Cores: 1, GPUs: 0, GPU Indexes:<>, RAM pct: 5.625000
Machine: localhost, Cores: 1, GPUs: 0, GPU Indexes:<>, RAM pct: 5.625000
Machine: localhost, Cores: 1, GPUs: 0, GPU Indexes:<>, RAM pct: 5.625000
Machine: localhost, Cores: 1, GPUs: 0, GPU Indexes:<>, RAM pct: 5.625000
Machine: localhost, Cores: 1, GPUs: 0, GPU Indexes:<>, RAM pct: 5.625000
Machine: localhost, Cores: 1, GPUs: 0, GPU Indexes:<>, RAM pct: 5.625000
Machine: localhost, Cores: 1, GPUs: 0, GPU Indexes:<>, RAM pct: 5.625000
Machine: localhost, Cores: 1, GPUs: 0, GPU Indexes:<>, RAM pct: 5.625000
Machine: localhost, Cores: 1, GPUs: 0, GPU Indexes:<>, RAM pct: 5.625000
Machine: localhost, Cores: 1, GPUs: 0, GPU Indexes:<>, RAM pct: 5.625000
Machine: localhost, Cores: 1, GPUs: 0, GPU Indexes:<>, RAM pct: 5.625000
Machine: localhost, Cores: 1, GPUs: 0, GPU Indexes:<>, RAM pct: 5.625000
Machine: localhost, Cores: 1, GPUs: 0, GPU Indexes:<>, RAM pct: 5.625000
Machine: localhost, Cores: 1, GPUs: 0, GPU Indexes:<>, RAM pct: 5.625000
Machine: localhost, Cores: 1, GPUs: 0, GPU Indexes:<>, RAM pct: 5.625000

Machines:
localhost RAM: 90%, 16 cores, 1 GPUs

[info] Using command line: "D:\Program Files\AnsysEM\AnsysEM21.1\Win64\ansysedt.exe -jobid RSM_1031 -distributed -machinelist list=localhost:-1:16:90%:1 -auto NumDistributedVariations=16 -monitor -useelectronicsppe -ng -batchoptions  'HFSS/AllowOffCore'=1 'HFSS/DefaultProcessPriority'='Normal' 'HFSS/EnableGPU'=1 'HFSS/EnableGPUForSBR'=1 'HFSS/MPIVendor'='Intel' 'HFSS/RemoteSpawnCommand'='SSH' -batchsolve D:\andre\paper_sweeps\project_storage\clt_sweep_3830um_80um.aedt".
[info] Project:clt_sweep_3830um_80um, Setup : [PROFILE] Solution Process : Time:  11/16/2023 15:41:17; Host: DTS-MJ0GK06Y; Processor: 32; OS: NT 10.0; HFSS Version 2021.1.0 (3:41:17 PM  Nov 16, 2023)
[info] Project:clt_sweep_3830um_80um, Setup : [PROFILE]        Executing from D:\Program Files\AnsysEM\AnsysEM21.1\Win64\HFSSCOMENGINE.exe (3:41:17 PM  Nov 16, 2023)
[info] Project:clt_sweep_3830um_80um, Setup : [PROFILE]        HPC Enabled (3:41:17 PM  Nov 16, 2023)
[info] Project:clt_sweep_3830um_80um, Setup : [PROFILE]        Allow off core: True (3:41:17 PM  Nov 16, 2023)
[info] Project:clt_sweep_3830um_80um, Setup : [PROFILE]        Using automatic settings (3:41:17 PM  Nov 16, 2023)
[info] Project:clt_sweep_3830um_80um, Setup : [PROFILE]        Machines: (3:41:17 PM  Nov 16, 2023)
[info] Project:clt_sweep_3830um_80um, Setup : [PROFILE]        DTS-MJ0GK06Y [128 GB]: RAM Limit: 90.000000%, 16 cores (3:41:17 PM  Nov 16, 2023)
[info] Project:clt_sweep_3830um_80um, Setup : [PROFILE]        Solution Basis Order: Mixed (3:41:17 PM  Nov 16, 2023)
[info] Project:clt_sweep_3830um_80um, Setup : [PROFILE] Design Validation : Elapsed time : 00:00:00 , HFSS ComEngine Memory : 139 M (3:41:17 PM  Nov 16, 2023)
[info] Project:clt_sweep_3830um_80um, Setup : [PROFILE]        Perform full validations with standard port validations (3:41:17 PM  Nov 16, 2023)
[info] Project:clt_sweep_3830um_80um, Setup : [PROFILE] Initial Meshing : Time:  11/16/2023 15:41:17 (3:41:17 PM  Nov 16, 2023)
[info] Project:clt_sweep_3830um_80um, Setup : [PROFILE] Volume (3:41:17 PM  Nov 16, 2023)
[info] Project:clt_sweep_3830um_80um, Setup : [PROFILE] Mesh Phi : Real Time 00:00:00 : CPU Time 00:00:00 : Memory 69.3 M : 2042 tetrahedra (3:41:17 PM  Nov 16, 2023)
[info] Project:clt_sweep_3830um_80um, Setup : [PROFILE] Mesh Post : Real Time 00:00:00 : CPU Time 00:00:00 : Memory 71.7 M : 2042 tetrahedra (3:41:18 PM  Nov 16, 2023)
[info] Project:clt_sweep_3830um_80um, Setup : [PROFILE] Mesh Refinement : Manual Seed Based (3:41:18 PM  Nov 16, 2023)
[info] Project:clt_sweep_3830um_80um, Setup : [PROFILE] Mesh (volume, seed) : Real Time 00:02:23 : CPU Time 00:02:23 : Memory 675 M : 605063 tetrahedra (3:43:41 PM  Nov 16, 2023)
[info] Project:clt_sweep_3830um_80um, Setup : [PROFILE] Mesh Refinement : Lambda Based (3:43:41 PM  Nov 16, 2023)
[info] Project:clt_sweep_3830um_80um, Setup : [PROFILE] Mesh (lambda based) : Real Time 00:00:22 : CPU Time 00:00:22 : Memory 463 M : 607387 tetrahedra (3:44:04 PM  Nov 16, 2023)
[info] Project:clt_sweep_3830um_80um, Setup : [PROFILE]        port_mesh, mesh1, mesh_ground_strip (3:44:04 PM  Nov 16, 2023)
[info] Project:clt_sweep_3830um_80um, Setup : [PROFILE] Initial Meshing : Elapsed time: 00:02:47 (3:44:04 PM  Nov 16, 2023)
[info] Project:clt_sweep_3830um_80um, Setup : [PROFILE] Adaptive Meshing : Time:  11/16/2023 15:44:04 (3:44:04 PM  Nov 16, 2023)
[info] Project:clt_sweep_3830um_80um, Setup : [PROFILE] Adaptive Pass 1 : Eigenmode Solution (3:44:04 PM  Nov 16, 2023)
[info] Project:clt_sweep_3830um_80um, Setup : [PROFILE] Simulation Setup : Real Time 00:00:14 : CPU Time 00:00:14 : Memory 942 M : Disk = 0 Bytes (3:44:18 PM  Nov 16, 2023)
[info] Project:clt_sweep_3830um_80um, Setup : [PROFILE] Matrix Assembly : Real Time 00:00:12 : CPU Time 00:00:15 : Memory 1.41 G : Disk = 0 Bytes, 607387 tetrahedra  (3:44:31 PM  Nov 16, 2023)
[info] Project:clt_sweep_3830um_80um, Setup : [PROFILE] EigenSolver DCS16 : Real Time 00:00:22 : CPU Time 00:02:48 : Memory 4.01 G : Disk = 10.2 MB, matrix size 669569, matrix bandwidth   8.4, 18 eigen iterations (3:44:54 PM  Nov 16, 2023)
[info] Project:clt_sweep_3830um_80um, Setup : [PROFILE] Field Recovery : Real Time 00:00:07 : CPU Time 00:00:24 : Memory 4.01 G : Disk = 219 MB, 1 computed eigenmodes, Average Order 0.003979 (3:45:02 PM  Nov 16, 2023)
[info] Project:clt_sweep_3830um_80um, Setup : [CONVERGE] Pass Number:  1;  Solved Elements:  607387;  Max Delta Freq. %:  N/A;   (3:45:02 PM  Nov 16, 2023)
[info] Project:clt_sweep_3830um_80um, Setup : [PROFILE] Adaptive Pass 2 : Eigenmode Solution (3:45:02 PM  Nov 16, 2023)
[info] Project:clt_sweep_3830um_80um, Setup : [PROFILE] Mesh (volume, adaptive) : Real Time 00:00:57 : CPU Time 00:00:57 : Memory 609 M : 741508 tetrahedra (3:45:59 PM  Nov 16, 2023)
[info] Project:clt_sweep_3830um_80um, Setup : [PROFILE] Simulation Setup : Real Time 00:00:31 : CPU Time 00:00:31 : Memory 1.12 G : Disk = 0 Bytes (3:46:31 PM  Nov 16, 2023)
[info] Project:clt_sweep_3830um_80um, Setup : [PROFILE] Matrix Assembly : Real Time 00:00:37 : CPU Time 00:00:39 : Memory 2.68 G : Disk = 0 Bytes, 741508 tetrahedra  (3:47:09 PM  Nov 16, 2023)
[info] Project:clt_sweep_3830um_80um, Setup : [PROFILE] EigenSolver DCS16 : Real Time 00:01:11 : CPU Time 00:06:17 : Memory 9.17 G : Disk = 10.3 MB, matrix size 1346942, matrix bandwidth  14.1, 17 eigen iterations (3:48:20 PM  Nov 16, 2023)
[info] Project:clt_sweep_3830um_80um, Setup : [PROFILE] Field Recovery : Real Time 00:00:10 : CPU Time 00:00:33 : Memory 9.17 G : Disk = 60.1 MB, 1 computed eigenmodes, Average Order 0.108066 (3:48:31 PM  Nov 16, 2023)
[info] Project:clt_sweep_3830um_80um, Setup : [PROFILE]        Max Delta Freq. % = 7.78827 at adaptive pass 2 (3:48:31 PM  Nov 16, 2023)
[info] Project:clt_sweep_3830um_80um, Setup : [CONVERGE] Pass Number:  2;  Solved Elements:  741508;  Max Delta Freq. %:  7.7883;   (3:48:31 PM  Nov 16, 2023)
[info] Project:clt_sweep_3830um_80um, Setup : [PROFILE] Adaptive Pass 3 : Eigenmode Solution (3:48:31 PM  Nov 16, 2023)
[info] Project:clt_sweep_3830um_80um, Setup : [PROFILE] Mesh (volume, adaptive) : Real Time 00:00:35 : CPU Time 00:00:35 : Memory 624 M : 797471 tetrahedra (3:49:07 PM  Nov 16, 2023)
[info] Project:clt_sweep_3830um_80um, Setup : [PROFILE] Simulation Setup : Real Time 00:00:30 : CPU Time 00:00:30 : Memory 1.19 G : Disk = 0 Bytes (3:49:38 PM  Nov 16, 2023)
[info] Project:clt_sweep_3830um_80um, Setup : [PROFILE] Matrix Assembly : Real Time 00:01:07 : CPU Time 00:01:09 : Memory 3.67 G : Disk = 0 Bytes, 797471 tetrahedra  (3:50:45 PM  Nov 16, 2023)
[info] Project:clt_sweep_3830um_80um, Setup : [PROFILE] EigenSolver DCS16 : Real Time 00:02:25 : CPU Time 00:10:59 : Memory 13.8 G : Disk = 8.13 MB, matrix size 1879767, matrix bandwidth  16.4, 17 eigen iterations (3:53:11 PM  Nov 16, 2023)
[info] Project:clt_sweep_3830um_80um, Setup : [PROFILE] Field Recovery : Real Time 00:00:14 : CPU Time 00:00:37 : Memory 13.8 G : Disk = 34.5 MB, 1 computed eigenmodes, Average Order 0.203974 (3:53:25 PM  Nov 16, 2023)
[info] Project:clt_sweep_3830um_80um, Setup : [PROFILE]        Max Delta Freq. % = 0.69069 at adaptive pass 3 (3:53:25 PM  Nov 16, 2023)
[info] Project:clt_sweep_3830um_80um, Setup : [CONVERGE] Pass Number:  3;  Solved Elements:  797471;  Max Delta Freq. %:  0.69069;   (3:53:25 PM  Nov 16, 2023)
[info] Project:clt_sweep_3830um_80um, Setup : [PROFILE] Adaptive Pass 4 : Eigenmode Solution (3:53:25 PM  Nov 16, 2023)
[info] Project:clt_sweep_3830um_80um, Setup : [PROFILE] Mesh (volume, adaptive) : Real Time 00:01:08 : CPU Time 00:01:08 : Memory 745 M : 917089 tetrahedra (3:54:34 PM  Nov 16, 2023)
[info] Project:clt_sweep_3830um_80um, Setup : [PROFILE] Simulation Setup : Real Time 00:00:40 : CPU Time 00:00:39 : Memory 1.38 G : Disk = 0 Bytes (3:55:15 PM  Nov 16, 2023)
[info] Project:clt_sweep_3830um_80um, Setup : [PROFILE] Matrix Assembly : Real Time 00:01:07 : CPU Time 00:01:10 : Memory 5.55 G : Disk = 0 Bytes, 917089 tetrahedra  (3:56:23 PM  Nov 16, 2023)
[info] Project:clt_sweep_3830um_80um, Setup : [PROFILE] EigenSolver DCS16 : Real Time 00:06:30 : CPU Time 00:22:09 : Memory 22 G : Disk = 15 MB, matrix size 2864307, matrix bandwidth  18.3, 18 eigen iterations (4:02:53 PM  Nov 16, 2023)
[info] Project:clt_sweep_3830um_80um, Setup : [PROFILE] Field Recovery : Real Time 00:00:22 : CPU Time 00:00:51 : Memory 22 G : Disk = 58.7 MB, 1 computed eigenmodes, Average Order 0.342659 (4:03:15 PM  Nov 16, 2023)
[info] Project:clt_sweep_3830um_80um, Setup : [PROFILE]        Max Delta Freq. % = 0.28030 at adaptive pass 4 (4:03:15 PM  Nov 16, 2023)
[info] Project:clt_sweep_3830um_80um, Setup : [CONVERGE] Pass Number:  4;  Solved Elements:  917089;  Max Delta Freq. %:  0.2803;   (4:03:15 PM  Nov 16, 2023)
[info] Project:clt_sweep_3830um_80um, Setup : [PROFILE] Adaptive Pass 5 : Eigenmode Solution (4:03:15 PM  Nov 16, 2023)
[info] Project:clt_sweep_3830um_80um, Setup : [PROFILE] Mesh (volume, adaptive) : Real Time 00:01:46 : CPU Time 00:01:44 : Memory 844 M : 1064113 tetrahedra (4:05:01 PM  Nov 16, 2023)
[info] Project:clt_sweep_3830um_80um, Setup : [PROFILE] Simulation Setup : Real Time 00:00:48 : CPU Time 00:00:47 : Memory 1.58 G : Disk = 0 Bytes (4:05:50 PM  Nov 16, 2023)
[info] Project:clt_sweep_3830um_80um, Setup : [PROFILE] Matrix Assembly : Real Time 00:01:40 : CPU Time 00:01:43 : Memory 7.41 G : Disk = 0 Bytes, 1064113 tetrahedra  (4:07:31 PM  Nov 16, 2023)
[info] Project:clt_sweep_3830um_80um, Setup : [PROFILE] EigenSolver DCS16 : Real Time 00:10:17 : CPU Time 00:38:04 : Memory 28.5 G : Disk = 14.8 MB, matrix size 3836634, matrix bandwidth  19.1, 18 eigen iterations (4:17:49 PM  Nov 16, 2023)
[info] Project:clt_sweep_3830um_80um, Setup : [PROFILE] Field Recovery : Real Time 00:00:51 : CPU Time 00:01:44 : Memory 28.5 G : Disk = 71 MB, 1 computed eigenmodes, Average Order 0.438085 (4:18:40 PM  Nov 16, 2023)
[info] Project:clt_sweep_3830um_80um, Setup : [PROFILE]        Max Delta Freq. % = 0.10787 at adaptive pass 5 (4:18:42 PM  Nov 16, 2023)
[info] Project:clt_sweep_3830um_80um, Setup : [CONVERGE] Pass Number:  5;  Solved Elements:  1064113;  Max Delta Freq. %:  0.10787;   (4:18:42 PM  Nov 16, 2023)
[info] Project:clt_sweep_3830um_80um, Setup : [PROFILE] Adaptive Pass 6 : Eigenmode Solution (4:18:42 PM  Nov 16, 2023)
[info] Project:clt_sweep_3830um_80um, Setup : [PROFILE] Mesh (volume, adaptive) : Real Time 00:01:40 : CPU Time 00:01:40 : Memory 1.01 G : 1272054 tetrahedra (4:20:23 PM  Nov 16, 2023)
[info] Project:clt_sweep_3830um_80um, Setup : [PROFILE] Simulation Setup : Real Time 00:00:46 : CPU Time 00:00:46 : Memory 1.87 G : Disk = 0 Bytes (4:21:10 PM  Nov 16, 2023)
[info] Project:clt_sweep_3830um_80um, Setup : [PROFILE] Matrix Assembly : Real Time 00:01:29 : CPU Time 00:01:33 : Memory 9.92 G : Disk = 0 Bytes, 1272054 tetrahedra  (4:22:40 PM  Nov 16, 2023)
[info] Project:clt_sweep_3830um_80um, Setup : [PROFILE] EigenSolver DCS16 : Real Time 00:09:19 : CPU Time 00:53:18 : Memory 43.9 G : Disk = 20 MB, matrix size 5149261, matrix bandwidth  19.7, 18 eigen iterations (4:32:00 PM  Nov 16, 2023)
[info] Project:clt_sweep_3830um_80um, Setup : [PROFILE] Field Recovery : Real Time 00:00:19 : CPU Time 00:01:04 : Memory 43.9 G : Disk = 96.2 MB, 1 computed eigenmodes, Average Order 0.526383 (4:32:20 PM  Nov 16, 2023)
[info] Project:clt_sweep_3830um_80um, Setup : [PROFILE]        Max Delta Freq. % = 0.05371 at adaptive pass 6 (4:32:20 PM  Nov 16, 2023)
[info] Project:clt_sweep_3830um_80um, Setup : [CONVERGE] Pass Number:  6;  Solved Elements:  1272054;  Max Delta Freq. %:  0.05371;   (4:32:20 PM  Nov 16, 2023)
[info] Project:clt_sweep_3830um_80um, Setup : [PROFILE]        Adaptive Passes converged (4:32:20 PM  Nov 16, 2023)
[info] Project:clt_sweep_3830um_80um, Setup : [PROFILE] Adaptive Meshing : Elapsed time: 00:48:15 (4:32:20 PM  Nov 16, 2023)
[info] Project:clt_sweep_3830um_80um, Setup : [PROFILE] Simulation Summary: (4:32:20 PM  Nov 16, 2023)
[info] Project:clt_sweep_3830um_80um, Setup : [PROFILE] Design Validation : Elapsed time: 00:00:00, total memory: 139 MB (4:32:20 PM  Nov 16, 2023)
[info] Project:clt_sweep_3830um_80um, Setup : [PROFILE] Initial Meshing : Elapsed time: 00:02:47, total memory: 675 MB (4:32:20 PM  Nov 16, 2023)
[info] Project:clt_sweep_3830um_80um, Setup : [PROFILE] Adaptive Meshing : Elapsed time: 00:48:15, total memory: 43.9 GB, total number of cores: 16 (4:32:20 PM  Nov 16, 2023)
[info] Project:clt_sweep_3830um_80um, Setup : [PROFILE]        max solved tets: 1272054, max matrix size: 5149261, max bandwidth:  19.7 (4:32:20 PM  Nov 16, 2023)
[info] Project:clt_sweep_3830um_80um, Setup : [PROFILE]        Time:  11/16/2023 16:32:20, Status: Normal Completion (4:32:20 PM  Nov 16, 2023)
[info] Project:clt_sweep_3830um_80um, Setup : [PROFILE] Stop : Elapsed time : 00:51:02 , ComEngine Memory : 139 M (4:32:20 PM  Nov 16, 2023)
[info] Project:clt_sweep_3830um_80um, Design:CavitySweep_hfss (Eigenmode), Normal completion of simulation on server: Local Machine. (4:32:20 PM  Nov 16, 2023)
[info] Project:clt_sweep_3830um_80um, Setup : [PROFILE] Solution Process : Time:  11/16/2023 16:32:29; Host: DTS-MJ0GK06Y; Processor: 32; OS: NT 10.0; HFSS Version 2021.1.0 (4:32:29 PM  Nov 16, 2023)
[info] Project:clt_sweep_3830um_80um, Setup : [PROFILE]        Executing from D:\Program Files\AnsysEM\AnsysEM21.1\Win64\HFSSCOMENGINE.exe (4:32:29 PM  Nov 16, 2023)
[info] Project:clt_sweep_3830um_80um, Setup : [PROFILE]        HPC Enabled (4:32:29 PM  Nov 16, 2023)
[info] Project:clt_sweep_3830um_80um, Setup : [PROFILE]        Allow off core: True (4:32:29 PM  Nov 16, 2023)
[info] Project:clt_sweep_3830um_80um, Setup : [PROFILE]        Using automatic settings (4:32:29 PM  Nov 16, 2023)
[info] Project:clt_sweep_3830um_80um, Setup : [PROFILE]        Machines: (4:32:29 PM  Nov 16, 2023)
[info] Project:clt_sweep_3830um_80um, Setup : [PROFILE]        DTS-MJ0GK06Y [128 GB]: RAM Limit: 90.000000%, 16 cores (4:32:29 PM  Nov 16, 2023)
[info] Project:clt_sweep_3830um_80um, Setup : [PROFILE]        Solution Basis Order: Mixed (4:32:29 PM  Nov 16, 2023)
[error] Project:clt_sweep_3830um_80um, Design:CavitySweep (Eigenmode), There are no objects in the design. (4:32:29 PM  Nov 16, 2023)
[info] Project:clt_sweep_3830um_80um, Setup : [PROFILE] Design Validation : Elapsed time : 00:00:00 , HFSS ComEngine Memory : 151 M (4:32:29 PM  Nov 16, 2023)
[info] Project:clt_sweep_3830um_80um, Setup : [PROFILE]        Perform full validations with standard port validations (4:32:29 PM  Nov 16, 2023)
[info] Project:clt_sweep_3830um_80um, Setup : [PROFILE]        Time:  11/16/2023 16:32:29, Status: Engine Detected Error (4:32:29 PM  Nov 16, 2023)
[info] Project:clt_sweep_3830um_80um, Setup : [PROFILE] Stop : Elapsed time : 00:00:00 , ComEngine Memory : 151 M (4:32:29 PM  Nov 16, 2023)
[error] Project:clt_sweep_3830um_80um, Design:CavitySweep (Eigenmode), Simulation completed with execution error on server: Local Machine. (4:32:30 PM  Nov 16, 2023)
Stopping Batch Run: 4:32:37 PM  Nov 16, 2023
