 
ANSYS Electronics Desktop Version 2021.1.0, Build: 2020-11-16 21:49:12
Location: D:\Program Files\AnsysEM\AnsysEM21.1\Win64\ansysedt.exe
Batch Solve/Save: d:\andre\paper_sweeps\project_storage\clt_sweep_3830um_80um.aedt
Starting Batch Run: 10:20:47 AM  Nov 09, 2023
Running as user: DTS\lfl
Temp directory: D:\lfl\AppData\Local\Temp
Project directory: D:\lfl\Documents\Ansoft
Simulation settings:

Design type: HFSS
Allow off core: True
Using automatic settings
16 optimetrics variations will be solved simultaneously.
Partitions:
Machine: localhost, Cores: 1, GPUs: 0, GPU Indexes:<>, RAM pct: 5.625000
Machine: localhost, Cores: 1, GPUs: 0, GPU Indexes:<>, RAM pct: 5.625000
Machine: localhost, Cores: 1, GPUs: 0, GPU Indexes:<>, RAM pct: 5.625000
Machine: localhost, Cores: 1, GPUs: 0, GPU Indexes:<>, RAM pct: 5.625000
Machine: localhost, Cores: 1, GPUs: 0, GPU Indexes:<>, RAM pct: 5.625000
Machine: localhost, Cores: 1, GPUs: 0, GPU Indexes:<>, RAM pct: 5.625000
Machine: localhost, Cores: 1, GPUs: 0, GPU Indexes:<>, RAM pct: 5.625000
Machine: localhost, Cores: 1, GPUs: 0, GPU Indexes:<>, RAM pct: 5.625000
Machine: localhost, Cores: 1, GPUs: 0, GPU Indexes:<>, RAM pct: 5.625000
Machine: localhost, Cores: 1, GPUs: 0, GPU Indexes:<>, RAM pct: 5.625000
Machine: localhost, Cores: 1, GPUs: 0, GPU Indexes:<>, RAM pct: 5.625000
Machine: localhost, Cores: 1, GPUs: 0, GPU Indexes:<>, RAM pct: 5.625000
Machine: localhost, Cores: 1, GPUs: 0, GPU Indexes:<>, RAM pct: 5.625000
Machine: localhost, Cores: 1, GPUs: 0, GPU Indexes:<>, RAM pct: 5.625000
Machine: localhost, Cores: 1, GPUs: 0, GPU Indexes:<>, RAM pct: 5.625000
Machine: localhost, Cores: 1, GPUs: 0, GPU Indexes:<>, RAM pct: 5.625000

Machines:
localhost RAM: 90%, 16 cores, 1 GPUs

[info] Using command line: "D:\Program Files\AnsysEM\AnsysEM21.1\Win64\ansysedt.exe -jobid RSM_365 -distributed -machinelist list=localhost:-1:16:90%:1 -auto NumDistributedVariations=16 -monitor -waitforlicense -useelectronicsppe -ng -batchoptions  'HFSS/AllowOffCore'=1 'HFSS/DefaultProcessPriority'='Normal' 'HFSS/EnableGPU'=0 'HFSS/EnableGPUForSBR'=1 'HFSS/MPIVendor'='Intel' 'HFSS/RemoteSpawnCommand'='SSH' -batchsolve d:\andre\paper_sweeps\project_storage\clt_sweep_3830um_80um.aedt".
[info] Project:clt_sweep_3830um_80um, Setup : [PROFILE] Solution Process : Time:  11/09/2023 10:20:53; Host: DTS-MJ0GK06Y; Processor: 32; OS: NT 10.0; HFSS Version 2021.1.0 (10:20:53 AM  Nov 09, 2023)
[info] Project:clt_sweep_3830um_80um, Setup : [PROFILE]        Executing from D:\Program Files\AnsysEM\AnsysEM21.1\Win64\HFSSCOMENGINE.exe (10:20:53 AM  Nov 09, 2023)
[info] Project:clt_sweep_3830um_80um, Setup : [PROFILE]        HPC Enabled (10:20:53 AM  Nov 09, 2023)
[info] Project:clt_sweep_3830um_80um, Setup : [PROFILE]        Allow off core: True (10:20:53 AM  Nov 09, 2023)
[info] Project:clt_sweep_3830um_80um, Setup : [PROFILE]        Using automatic settings (10:20:53 AM  Nov 09, 2023)
[info] Project:clt_sweep_3830um_80um, Setup : [PROFILE]        Machines: (10:20:53 AM  Nov 09, 2023)
[info] Project:clt_sweep_3830um_80um, Setup : [PROFILE]        DTS-MJ0GK06Y [128 GB]: RAM Limit: 90.000000%, 16 cores (10:20:53 AM  Nov 09, 2023)
[info] Project:clt_sweep_3830um_80um, Setup : [PROFILE]        Solution Basis Order: Mixed (10:20:53 AM  Nov 09, 2023)
[info] Project:clt_sweep_3830um_80um, Setup : [PROFILE] Design Validation : Elapsed time : 00:00:00 , HFSS ComEngine Memory : 139 M (10:20:53 AM  Nov 09, 2023)
[info] Project:clt_sweep_3830um_80um, Setup : [PROFILE]        Perform full validations with standard port validations (10:20:53 AM  Nov 09, 2023)
[info] Project:clt_sweep_3830um_80um, Setup : [PROFILE] Initial Meshing : Time:  11/09/2023 10:20:53 (10:20:53 AM  Nov 09, 2023)
[info] Project:clt_sweep_3830um_80um, Setup : [PROFILE] Volume (10:20:53 AM  Nov 09, 2023)
[info] Project:clt_sweep_3830um_80um, Setup : [PROFILE] Mesh Phi : Real Time 00:00:00 : CPU Time 00:00:00 : Memory 69.8 M : 2042 tetrahedra (10:20:53 AM  Nov 09, 2023)
[info] Project:clt_sweep_3830um_80um, Setup : [PROFILE] Mesh Post : Real Time 00:00:00 : CPU Time 00:00:00 : Memory 72.6 M : 2042 tetrahedra (10:20:54 AM  Nov 09, 2023)
[info] Project:clt_sweep_3830um_80um, Setup : [PROFILE] Mesh Refinement : Manual Seed Based (10:20:54 AM  Nov 09, 2023)
[info] Project:clt_sweep_3830um_80um, Setup : [PROFILE] Mesh (volume, seed) : Real Time 00:02:05 : CPU Time 00:02:05 : Memory 675 M : 604744 tetrahedra (10:23:00 AM  Nov 09, 2023)
[info] Project:clt_sweep_3830um_80um, Setup : [PROFILE] Mesh Refinement : Lambda Based (10:23:00 AM  Nov 09, 2023)
[info] Project:clt_sweep_3830um_80um, Setup : [PROFILE] Mesh (lambda based) : Real Time 00:00:20 : CPU Time 00:00:20 : Memory 463 M : 607064 tetrahedra (10:23:20 AM  Nov 09, 2023)
[info] Project:clt_sweep_3830um_80um, Setup : [PROFILE]        port_mesh, mesh1, mesh_ground_strip (10:23:21 AM  Nov 09, 2023)
[info] Project:clt_sweep_3830um_80um, Setup : [PROFILE] Initial Meshing : Elapsed time: 00:02:27 (10:23:21 AM  Nov 09, 2023)
[info] Project:clt_sweep_3830um_80um, Setup : [PROFILE] Adaptive Meshing : Time:  11/09/2023 10:23:21 (10:23:21 AM  Nov 09, 2023)
[info] Project:clt_sweep_3830um_80um, Setup : [PROFILE] Adaptive Pass 1 : Eigenmode Solution (10:23:21 AM  Nov 09, 2023)
[info] Project:clt_sweep_3830um_80um, Setup : [PROFILE] Simulation Setup : Real Time 00:00:13 : CPU Time 00:00:13 : Memory 941 M : Disk = 0 Bytes (10:23:35 AM  Nov 09, 2023)
[info] Project:clt_sweep_3830um_80um, Setup : [PROFILE] Matrix Assembly : Real Time 00:00:12 : CPU Time 00:00:15 : Memory 1.41 G : Disk = 0 Bytes, 607064 tetrahedra  (10:23:47 AM  Nov 09, 2023)
[info] Project:clt_sweep_3830um_80um, Setup : [PROFILE] EigenSolver DCS16 : Real Time 00:00:21 : CPU Time 00:02:39 : Memory 4 G : Disk = 10.2 MB, matrix size 669414, matrix bandwidth   8.4, 18 eigen iterations (10:24:08 AM  Nov 09, 2023)
[info] Project:clt_sweep_3830um_80um, Setup : [PROFILE] Field Recovery : Real Time 00:00:07 : CPU Time 00:00:22 : Memory 4 G : Disk = 219 MB, 1 computed eigenmodes, Average Order 0.003962 (10:24:16 AM  Nov 09, 2023)
[info] Project:clt_sweep_3830um_80um, Setup : [CONVERGE] Pass Number:  1;  Solved Elements:  607064;  Max Delta Freq. %:  N/A;   (10:24:16 AM  Nov 09, 2023)
[info] Project:clt_sweep_3830um_80um, Setup : [PROFILE] Adaptive Pass 2 : Eigenmode Solution (10:24:16 AM  Nov 09, 2023)
[info] Project:clt_sweep_3830um_80um, Setup : [PROFILE] Mesh (volume, adaptive) : Real Time 00:00:45 : CPU Time 00:00:45 : Memory 609 M : 741294 tetrahedra (10:25:02 AM  Nov 09, 2023)
[info] Project:clt_sweep_3830um_80um, Setup : [PROFILE] Simulation Setup : Real Time 00:00:18 : CPU Time 00:00:18 : Memory 1.12 G : Disk = 0 Bytes (10:25:20 AM  Nov 09, 2023)
[info] Project:clt_sweep_3830um_80um, Setup : [PROFILE] Matrix Assembly : Real Time 00:00:31 : CPU Time 00:00:34 : Memory 2.68 G : Disk = 0 Bytes, 741294 tetrahedra  (10:25:52 AM  Nov 09, 2023)
[info] Project:clt_sweep_3830um_80um, Setup : [PROFILE] EigenSolver DCS16 : Real Time 00:00:57 : CPU Time 00:05:52 : Memory 9.16 G : Disk = 10.3 MB, matrix size 1345605, matrix bandwidth  14.1, 17 eigen iterations (10:26:50 AM  Nov 09, 2023)
[info] Project:clt_sweep_3830um_80um, Setup : [PROFILE] Field Recovery : Real Time 00:00:10 : CPU Time 00:00:31 : Memory 9.16 G : Disk = 60.1 MB, 1 computed eigenmodes, Average Order 0.107745 (10:27:01 AM  Nov 09, 2023)
[info] Project:clt_sweep_3830um_80um, Setup : [PROFILE]        Max Delta Freq. % = 7.80248 at adaptive pass 2 (10:27:01 AM  Nov 09, 2023)
[info] Project:clt_sweep_3830um_80um, Setup : [CONVERGE] Pass Number:  2;  Solved Elements:  741294;  Max Delta Freq. %:  7.8025;   (10:27:01 AM  Nov 09, 2023)
[info] Project:clt_sweep_3830um_80um, Setup : [PROFILE] Adaptive Pass 3 : Eigenmode Solution (10:27:01 AM  Nov 09, 2023)
[info] Project:clt_sweep_3830um_80um, Setup : [PROFILE] Mesh (volume, adaptive) : Real Time 00:00:35 : CPU Time 00:00:35 : Memory 625 M : 797233 tetrahedra (10:27:37 AM  Nov 09, 2023)
[info] Project:clt_sweep_3830um_80um, Setup : [PROFILE] Simulation Setup : Real Time 00:00:21 : CPU Time 00:00:21 : Memory 1.19 G : Disk = 0 Bytes (10:27:59 AM  Nov 09, 2023)
[info] Project:clt_sweep_3830um_80um, Setup : [PROFILE] Matrix Assembly : Real Time 00:00:41 : CPU Time 00:00:44 : Memory 3.67 G : Disk = 0 Bytes, 797233 tetrahedra  (10:28:40 AM  Nov 09, 2023)
[info] Project:clt_sweep_3830um_80um, Setup : [PROFILE] EigenSolver DCS16 : Real Time 00:01:38 : CPU Time 00:08:51 : Memory 13.7 G : Disk = 8.12 MB, matrix size 1877984, matrix bandwidth  16.3, 17 eigen iterations (10:30:19 AM  Nov 09, 2023)
[info] Project:clt_sweep_3830um_80um, Setup : [PROFILE] Field Recovery : Real Time 00:00:09 : CPU Time 00:00:28 : Memory 13.7 G : Disk = 34.5 MB, 1 computed eigenmodes, Average Order 0.203470 (10:30:29 AM  Nov 09, 2023)
[info] Project:clt_sweep_3830um_80um, Setup : [PROFILE]        Max Delta Freq. % = 0.69580 at adaptive pass 3 (10:30:29 AM  Nov 09, 2023)
[info] Project:clt_sweep_3830um_80um, Setup : [CONVERGE] Pass Number:  3;  Solved Elements:  797233;  Max Delta Freq. %:  0.6958;   (10:30:29 AM  Nov 09, 2023)
[info] Project:clt_sweep_3830um_80um, Setup : [PROFILE] Adaptive Pass 4 : Eigenmode Solution (10:30:29 AM  Nov 09, 2023)
[info] Project:clt_sweep_3830um_80um, Setup : [PROFILE] Mesh (volume, adaptive) : Real Time 00:01:02 : CPU Time 00:01:02 : Memory 750 M : 916826 tetrahedra (10:31:32 AM  Nov 09, 2023)
[info] Project:clt_sweep_3830um_80um, Setup : [PROFILE] Simulation Setup : Real Time 00:00:30 : CPU Time 00:00:30 : Memory 1.38 G : Disk = 0 Bytes (10:32:03 AM  Nov 09, 2023)
[info] Project:clt_sweep_3830um_80um, Setup : [PROFILE] Matrix Assembly : Real Time 00:00:49 : CPU Time 00:00:52 : Memory 5.55 G : Disk = 0 Bytes, 916826 tetrahedra  (10:32:53 AM  Nov 09, 2023)
[info] Project:clt_sweep_3830um_80um, Setup : [PROFILE] EigenSolver DCS16 : Real Time 00:03:58 : CPU Time 00:19:40 : Memory 24 G : Disk = 15 MB, matrix size 2863599, matrix bandwidth  18.3, 18 eigen iterations (10:36:52 AM  Nov 09, 2023)
[info] Project:clt_sweep_3830um_80um, Setup : [PROFILE] Field Recovery : Real Time 00:00:13 : CPU Time 00:00:37 : Memory 24 G : Disk = 58.7 MB, 1 computed eigenmodes, Average Order 0.342459 (10:37:06 AM  Nov 09, 2023)
[info] Project:clt_sweep_3830um_80um, Setup : [PROFILE]        Max Delta Freq. % = 0.28006 at adaptive pass 4 (10:37:06 AM  Nov 09, 2023)
[info] Project:clt_sweep_3830um_80um, Setup : [CONVERGE] Pass Number:  4;  Solved Elements:  916826;  Max Delta Freq. %:  0.28006;   (10:37:06 AM  Nov 09, 2023)
[info] Project:clt_sweep_3830um_80um, Setup : [PROFILE] Adaptive Pass 5 : Eigenmode Solution (10:37:06 AM  Nov 09, 2023)
[info] Project:clt_sweep_3830um_80um, Setup : [PROFILE] Mesh (volume, adaptive) : Real Time 00:00:57 : CPU Time 00:00:57 : Memory 841 M : 1063277 tetrahedra (10:38:03 AM  Nov 09, 2023)
[info] Project:clt_sweep_3830um_80um, Setup : [PROFILE] Simulation Setup : Real Time 00:00:31 : CPU Time 00:00:31 : Memory 1.58 G : Disk = 0 Bytes (10:38:35 AM  Nov 09, 2023)
[info] Project:clt_sweep_3830um_80um, Setup : [PROFILE] Matrix Assembly : Real Time 00:01:12 : CPU Time 00:01:15 : Memory 7.4 G : Disk = 0 Bytes, 1063277 tetrahedra  (10:39:47 AM  Nov 09, 2023)
[info] Project:clt_sweep_3830um_80um, Setup : [PROFILE] EigenSolver DCS16 : Real Time 00:05:47 : CPU Time 00:32:15 : Memory 33.4 G : Disk = 14.8 MB, matrix size 3832717, matrix bandwidth  19.1, 18 eigen iterations (10:45:35 AM  Nov 09, 2023)
[info] Project:clt_sweep_3830um_80um, Setup : [PROFILE] Field Recovery : Real Time 00:00:14 : CPU Time 00:00:40 : Memory 33.4 G : Disk = 70.8 MB, 1 computed eigenmodes, Average Order 0.437671 (10:45:49 AM  Nov 09, 2023)
[info] Project:clt_sweep_3830um_80um, Setup : [PROFILE]        Max Delta Freq. % = 0.10682 at adaptive pass 5 (10:45:49 AM  Nov 09, 2023)
[info] Project:clt_sweep_3830um_80um, Setup : [CONVERGE] Pass Number:  5;  Solved Elements:  1063277;  Max Delta Freq. %:  0.10682;   (10:45:50 AM  Nov 09, 2023)
[info] Project:clt_sweep_3830um_80um, Setup : [PROFILE] Adaptive Pass 6 : Eigenmode Solution (10:45:50 AM  Nov 09, 2023)
[info] Project:clt_sweep_3830um_80um, Setup : [PROFILE] Mesh (volume, adaptive) : Real Time 00:01:14 : CPU Time 00:01:14 : Memory 1 G : 1267451 tetrahedra (10:47:05 AM  Nov 09, 2023)
[info] Project:clt_sweep_3830um_80um, Setup : [PROFILE] Simulation Setup : Real Time 00:00:38 : CPU Time 00:00:38 : Memory 1.87 G : Disk = 0 Bytes (10:47:45 AM  Nov 09, 2023)
[info] Project:clt_sweep_3830um_80um, Setup : [PROFILE] Matrix Assembly : Real Time 00:02:00 : CPU Time 00:02:02 : Memory 9.86 G : Disk = 0 Bytes, 1267451 tetrahedra  (10:49:45 AM  Nov 09, 2023)
[info] Project:clt_sweep_3830um_80um, Setup : [PROFILE] EigenSolver DCS16 : Real Time 00:08:34 : CPU Time 00:46:37 : Memory 41 G : Disk = 19.7 MB, matrix size 5124286, matrix bandwidth  19.7, 18 eigen iterations (10:58:19 AM  Nov 09, 2023)
[info] Project:clt_sweep_3830um_80um, Setup : [PROFILE] Field Recovery : Real Time 00:00:18 : CPU Time 00:00:57 : Memory 41 G : Disk = 94.8 MB, 1 computed eigenmodes, Average Order 0.525188 (10:58:38 AM  Nov 09, 2023)
[info] Project:clt_sweep_3830um_80um, Setup : [PROFILE]        Max Delta Freq. % = 0.04736 at adaptive pass 6 (10:58:38 AM  Nov 09, 2023)
[info] Project:clt_sweep_3830um_80um, Setup : [CONVERGE] Pass Number:  6;  Solved Elements:  1267451;  Max Delta Freq. %:  0.04736;   (10:58:38 AM  Nov 09, 2023)
[info] Project:clt_sweep_3830um_80um, Setup : [PROFILE]        Adaptive Passes converged (10:58:38 AM  Nov 09, 2023)
[info] Project:clt_sweep_3830um_80um, Setup : [PROFILE] Adaptive Meshing : Elapsed time: 00:35:17 (10:58:38 AM  Nov 09, 2023)
[info] Project:clt_sweep_3830um_80um, Setup : [PROFILE] Simulation Summary: (10:58:38 AM  Nov 09, 2023)
[info] Project:clt_sweep_3830um_80um, Setup : [PROFILE] Design Validation : Elapsed time: 00:00:00, total memory: 139 MB (10:58:38 AM  Nov 09, 2023)
[info] Project:clt_sweep_3830um_80um, Setup : [PROFILE] Initial Meshing : Elapsed time: 00:02:27, total memory: 675 MB (10:58:38 AM  Nov 09, 2023)
[info] Project:clt_sweep_3830um_80um, Setup : [PROFILE] Adaptive Meshing : Elapsed time: 00:35:17, total memory: 41 GB, total number of cores: 16 (10:58:38 AM  Nov 09, 2023)
[info] Project:clt_sweep_3830um_80um, Setup : [PROFILE]        max solved tets: 1267451, max matrix size: 5124286, max bandwidth:  19.7 (10:58:38 AM  Nov 09, 2023)
[info] Project:clt_sweep_3830um_80um, Setup : [PROFILE]        Time:  11/09/2023 10:58:38, Status: Normal Completion (10:58:38 AM  Nov 09, 2023)
[info] Project:clt_sweep_3830um_80um, Setup : [PROFILE] Stop : Elapsed time : 00:37:45 , ComEngine Memory : 140 M (10:58:38 AM  Nov 09, 2023)
[info] Project:clt_sweep_3830um_80um, Design:CavitySweep_hfss (Eigenmode), Normal completion of simulation on server: Local Machine. (10:58:39 AM  Nov 09, 2023)
[info] Project:clt_sweep_3830um_80um, Setup : [PROFILE] Solution Process : Time:  11/09/2023 10:58:43; Host: DTS-MJ0GK06Y; Processor: 32; OS: NT 10.0; HFSS Version 2021.1.0 (10:58:43 AM  Nov 09, 2023)
[info] Project:clt_sweep_3830um_80um, Setup : [PROFILE]        Executing from D:\Program Files\AnsysEM\AnsysEM21.1\Win64\HFSSCOMENGINE.exe (10:58:43 AM  Nov 09, 2023)
[info] Project:clt_sweep_3830um_80um, Setup : [PROFILE]        HPC Enabled (10:58:43 AM  Nov 09, 2023)
[info] Project:clt_sweep_3830um_80um, Setup : [PROFILE]        Allow off core: True (10:58:43 AM  Nov 09, 2023)
[info] Project:clt_sweep_3830um_80um, Setup : [PROFILE]        Using automatic settings (10:58:43 AM  Nov 09, 2023)
[info] Project:clt_sweep_3830um_80um, Setup : [PROFILE]        Machines: (10:58:43 AM  Nov 09, 2023)
[info] Project:clt_sweep_3830um_80um, Setup : [PROFILE]        DTS-MJ0GK06Y [128 GB]: RAM Limit: 90.000000%, 16 cores (10:58:43 AM  Nov 09, 2023)
[info] Project:clt_sweep_3830um_80um, Setup : [PROFILE]        Solution Basis Order: Mixed (10:58:43 AM  Nov 09, 2023)
[error] Project:clt_sweep_3830um_80um, Design:CavitySweep (Eigenmode), There are no objects in the design. (10:58:43 AM  Nov 09, 2023)
[info] Project:clt_sweep_3830um_80um, Setup : [PROFILE] Design Validation : Elapsed time : 00:00:00 , HFSS ComEngine Memory : 127 M (10:58:43 AM  Nov 09, 2023)
[info] Project:clt_sweep_3830um_80um, Setup : [PROFILE]        Perform full validations with standard port validations (10:58:43 AM  Nov 09, 2023)
[info] Project:clt_sweep_3830um_80um, Setup : [PROFILE]        Time:  11/09/2023 10:58:43, Status: Engine Detected Error (10:58:43 AM  Nov 09, 2023)
[info] Project:clt_sweep_3830um_80um, Setup : [PROFILE] Stop : Elapsed time : 00:00:00 , ComEngine Memory : 127 M (10:58:43 AM  Nov 09, 2023)
[error] Project:clt_sweep_3830um_80um, Design:CavitySweep (Eigenmode), Simulation completed with execution error on server: Local Machine. (10:58:43 AM  Nov 09, 2023)
Stopping Batch Run: 10:58:50 AM  Nov 09, 2023
