 
ANSYS Electronics Desktop Version 2021.1.0, Build: 2020-11-16 21:49:12
Location: D:\Program Files\AnsysEM\AnsysEM21.1\Win64\ansysedt.exe
Batch Solve/Save: D:\andre\paper_sweeps\project_storage\clt_sweep_3900um_80um.aedt
Starting Batch Run: 3:41:52 PM  Nov 16, 2023
Running as user: DTS\lfl
Temp directory: D:\lfl\AppData\Local\Temp
Project directory: D:\lfl\Documents\Ansoft
Simulation settings:

Design type: HFSS
Allow off core: True
Using automatic settings
16 optimetrics variations will be solved simultaneously.
Partitions:
Machine: localhost, Cores: 1, GPUs: 0, GPU Indexes:<>, RAM pct: 5.625000
Machine: localhost, Cores: 1, GPUs: 0, GPU Indexes:<>, RAM pct: 5.625000
Machine: localhost, Cores: 1, GPUs: 0, GPU Indexes:<>, RAM pct: 5.625000
Machine: localhost, Cores: 1, GPUs: 0, GPU Indexes:<>, RAM pct: 5.625000
Machine: localhost, Cores: 1, GPUs: 0, GPU Indexes:<>, RAM pct: 5.625000
Machine: localhost, Cores: 1, GPUs: 0, GPU Indexes:<>, RAM pct: 5.625000
Machine: localhost, Cores: 1, GPUs: 0, GPU Indexes:<>, RAM pct: 5.625000
Machine: localhost, Cores: 1, GPUs: 0, GPU Indexes:<>, RAM pct: 5.625000
Machine: localhost, Cores: 1, GPUs: 0, GPU Indexes:<>, RAM pct: 5.625000
Machine: localhost, Cores: 1, GPUs: 0, GPU Indexes:<>, RAM pct: 5.625000
Machine: localhost, Cores: 1, GPUs: 0, GPU Indexes:<>, RAM pct: 5.625000
Machine: localhost, Cores: 1, GPUs: 0, GPU Indexes:<>, RAM pct: 5.625000
Machine: localhost, Cores: 1, GPUs: 0, GPU Indexes:<>, RAM pct: 5.625000
Machine: localhost, Cores: 1, GPUs: 0, GPU Indexes:<>, RAM pct: 5.625000
Machine: localhost, Cores: 1, GPUs: 0, GPU Indexes:<>, RAM pct: 5.625000
Machine: localhost, Cores: 1, GPUs: 0, GPU Indexes:<>, RAM pct: 5.625000

Machines:
localhost RAM: 90%, 16 cores, 1 GPUs

[info] Using command line: "D:\Program Files\AnsysEM\AnsysEM21.1\Win64\ansysedt.exe -jobid RSM_1031 -distributed -machinelist list=localhost:-1:16:90%:1 -auto NumDistributedVariations=16 -monitor -useelectronicsppe -ng -batchoptions  'HFSS/AllowOffCore'=1 'HFSS/DefaultProcessPriority'='Normal' 'HFSS/EnableGPU'=1 'HFSS/EnableGPUForSBR'=1 'HFSS/MPIVendor'='Intel' 'HFSS/RemoteSpawnCommand'='SSH' -batchsolve D:\andre\paper_sweeps\project_storage\clt_sweep_3900um_80um.aedt".
[info] Project:clt_sweep_3900um_80um, Setup : [PROFILE] Solution Process : Time:  11/16/2023 15:41:57; Host: DTS-MJ0GK06Y; Processor: 32; OS: NT 10.0; HFSS Version 2021.1.0 (3:41:57 PM  Nov 16, 2023)
[info] Project:clt_sweep_3900um_80um, Setup : [PROFILE]        Executing from D:\Program Files\AnsysEM\AnsysEM21.1\Win64\HFSSCOMENGINE.exe (3:41:57 PM  Nov 16, 2023)
[info] Project:clt_sweep_3900um_80um, Setup : [PROFILE]        HPC Enabled (3:41:57 PM  Nov 16, 2023)
[info] Project:clt_sweep_3900um_80um, Setup : [PROFILE]        Allow off core: True (3:41:57 PM  Nov 16, 2023)
[info] Project:clt_sweep_3900um_80um, Setup : [PROFILE]        Using automatic settings (3:41:57 PM  Nov 16, 2023)
[info] Project:clt_sweep_3900um_80um, Setup : [PROFILE]        Machines: (3:41:57 PM  Nov 16, 2023)
[info] Project:clt_sweep_3900um_80um, Setup : [PROFILE]        DTS-MJ0GK06Y [128 GB]: RAM Limit: 90.000000%, 16 cores (3:41:57 PM  Nov 16, 2023)
[info] Project:clt_sweep_3900um_80um, Setup : [PROFILE]        Solution Basis Order: Mixed (3:41:57 PM  Nov 16, 2023)
[error] Project:clt_sweep_3900um_80um, Design:CavitySweep (Eigenmode), There are no objects in the design. (3:41:57 PM  Nov 16, 2023)
[info] Project:clt_sweep_3900um_80um, Setup : [PROFILE] Design Validation : Elapsed time : 00:00:00 , HFSS ComEngine Memory : 126 M (3:41:57 PM  Nov 16, 2023)
[info] Project:clt_sweep_3900um_80um, Setup : [PROFILE]        Perform full validations with standard port validations (3:41:57 PM  Nov 16, 2023)
[info] Project:clt_sweep_3900um_80um, Setup : [PROFILE]        Time:  11/16/2023 15:41:57, Status: Engine Detected Error (3:41:57 PM  Nov 16, 2023)
[info] Project:clt_sweep_3900um_80um, Setup : [PROFILE] Stop : Elapsed time : 00:00:00 , ComEngine Memory : 126 M (3:41:57 PM  Nov 16, 2023)
[error] Project:clt_sweep_3900um_80um, Design:CavitySweep (Eigenmode), Simulation completed with execution error on server: Local Machine. (3:41:57 PM  Nov 16, 2023)
[info] Project:clt_sweep_3900um_80um, Setup : [PROFILE] Solution Process : Time:  11/16/2023 15:42:00; Host: DTS-MJ0GK06Y; Processor: 32; OS: NT 10.0; HFSS Version 2021.1.0 (3:42:00 PM  Nov 16, 2023)
[info] Project:clt_sweep_3900um_80um, Setup : [PROFILE]        Executing from D:\Program Files\AnsysEM\AnsysEM21.1\Win64\HFSSCOMENGINE.exe (3:42:00 PM  Nov 16, 2023)
[info] Project:clt_sweep_3900um_80um, Setup : [PROFILE]        HPC Enabled (3:42:00 PM  Nov 16, 2023)
[info] Project:clt_sweep_3900um_80um, Setup : [PROFILE]        Allow off core: True (3:42:00 PM  Nov 16, 2023)
[info] Project:clt_sweep_3900um_80um, Setup : [PROFILE]        Using automatic settings (3:42:00 PM  Nov 16, 2023)
[info] Project:clt_sweep_3900um_80um, Setup : [PROFILE]        Machines: (3:42:00 PM  Nov 16, 2023)
[info] Project:clt_sweep_3900um_80um, Setup : [PROFILE]        DTS-MJ0GK06Y [128 GB]: RAM Limit: 90.000000%, 16 cores (3:42:00 PM  Nov 16, 2023)
[info] Project:clt_sweep_3900um_80um, Setup : [PROFILE]        Solution Basis Order: Mixed (3:42:00 PM  Nov 16, 2023)
[info] Project:clt_sweep_3900um_80um, Setup : [PROFILE] Design Validation : Elapsed time : 00:00:00 , HFSS ComEngine Memory : 141 M (3:42:00 PM  Nov 16, 2023)
[info] Project:clt_sweep_3900um_80um, Setup : [PROFILE]        Perform full validations with standard port validations (3:42:00 PM  Nov 16, 2023)
[info] Project:clt_sweep_3900um_80um, Setup : [PROFILE] Initial Meshing : Time:  11/16/2023 15:42:00 (3:42:00 PM  Nov 16, 2023)
[info] Project:clt_sweep_3900um_80um, Setup : [PROFILE] Volume (3:42:00 PM  Nov 16, 2023)
[info] Project:clt_sweep_3900um_80um, Setup : [PROFILE] Mesh Phi : Real Time 00:00:00 : CPU Time 00:00:00 : Memory 69.3 M : 2042 tetrahedra (3:42:00 PM  Nov 16, 2023)
[info] Project:clt_sweep_3900um_80um, Setup : [PROFILE] Mesh Post : Real Time 00:00:00 : CPU Time 00:00:00 : Memory 70.4 M : 2725 tetrahedra (3:42:01 PM  Nov 16, 2023)
[info] Project:clt_sweep_3900um_80um, Setup : [PROFILE] Mesh Refinement : Manual Seed Based (3:42:01 PM  Nov 16, 2023)
[info] Project:clt_sweep_3900um_80um, Setup : [PROFILE] Mesh (volume, seed) : Real Time 00:02:14 : CPU Time 00:02:14 : Memory 628 M : 557085 tetrahedra (3:44:16 PM  Nov 16, 2023)
[info] Project:clt_sweep_3900um_80um, Setup : [PROFILE] Mesh Refinement : Lambda Based (3:44:16 PM  Nov 16, 2023)
[info] Project:clt_sweep_3900um_80um, Setup : [PROFILE] Mesh (lambda based) : Real Time 00:00:19 : CPU Time 00:00:19 : Memory 437 M : 559369 tetrahedra (3:44:36 PM  Nov 16, 2023)
[info] Project:clt_sweep_3900um_80um, Setup : [PROFILE]        port_mesh, mesh1, mesh_ground_strip (3:44:36 PM  Nov 16, 2023)
[info] Project:clt_sweep_3900um_80um, Setup : [PROFILE] Initial Meshing : Elapsed time: 00:02:36 (3:44:36 PM  Nov 16, 2023)
[info] Project:clt_sweep_3900um_80um, Setup : [PROFILE] Adaptive Meshing : Time:  11/16/2023 15:44:36 (3:44:36 PM  Nov 16, 2023)
[info] Project:clt_sweep_3900um_80um, Setup : [PROFILE] Adaptive Pass 1 : Eigenmode Solution (3:44:36 PM  Nov 16, 2023)
[info] Project:clt_sweep_3900um_80um, Setup : [PROFILE] Simulation Setup : Real Time 00:00:17 : CPU Time 00:00:17 : Memory 874 M : Disk = 0 Bytes (3:44:54 PM  Nov 16, 2023)
[info] Project:clt_sweep_3900um_80um, Setup : [PROFILE] Matrix Assembly : Real Time 00:00:12 : CPU Time 00:00:15 : Memory 1.3 G : Disk = 0 Bytes, 559369 tetrahedra  (3:45:06 PM  Nov 16, 2023)
[info] Project:clt_sweep_3900um_80um, Setup : [PROFILE] EigenSolver DCS16 : Real Time 00:00:28 : CPU Time 00:02:59 : Memory 3.65 G : Disk = 9.36 MB, matrix size 613699, matrix bandwidth   8.4, 18 eigen iterations (3:45:35 PM  Nov 16, 2023)
[info] Project:clt_sweep_3900um_80um, Setup : [PROFILE] Field Recovery : Real Time 00:00:07 : CPU Time 00:00:22 : Memory 3.65 G : Disk = 202 MB, 1 computed eigenmodes, Average Order 0.004278 (3:45:43 PM  Nov 16, 2023)
[info] Project:clt_sweep_3900um_80um, Setup : [CONVERGE] Pass Number:  1;  Solved Elements:  559369;  Max Delta Freq. %:  N/A;   (3:45:43 PM  Nov 16, 2023)
[info] Project:clt_sweep_3900um_80um, Setup : [PROFILE] Adaptive Pass 2 : Eigenmode Solution (3:45:43 PM  Nov 16, 2023)
[info] Project:clt_sweep_3900um_80um, Setup : [PROFILE] Mesh (volume, adaptive) : Real Time 00:00:53 : CPU Time 00:00:53 : Memory 566 M : 678708 tetrahedra (3:46:37 PM  Nov 16, 2023)
[info] Project:clt_sweep_3900um_80um, Setup : [PROFILE] Simulation Setup : Real Time 00:00:22 : CPU Time 00:00:22 : Memory 1.02 G : Disk = 0 Bytes (3:46:59 PM  Nov 16, 2023)
[info] Project:clt_sweep_3900um_80um, Setup : [PROFILE] Matrix Assembly : Real Time 00:00:29 : CPU Time 00:00:32 : Memory 2.43 G : Disk = 0 Bytes, 678708 tetrahedra  (3:47:29 PM  Nov 16, 2023)
[info] Project:clt_sweep_3900um_80um, Setup : [PROFILE] EigenSolver DCS16 : Real Time 00:01:03 : CPU Time 00:05:44 : Memory 8.11 G : Disk = 9.29 MB, matrix size 1222742, matrix bandwidth  14.0, 17 eigen iterations (3:48:33 PM  Nov 16, 2023)
[info] Project:clt_sweep_3900um_80um, Setup : [PROFILE] Field Recovery : Real Time 00:00:08 : CPU Time 00:00:26 : Memory 8.11 G : Disk = 53.8 MB, 1 computed eigenmodes, Average Order 0.106109 (3:48:41 PM  Nov 16, 2023)
[info] Project:clt_sweep_3900um_80um, Setup : [PROFILE]        Max Delta Freq. % = 7.28616 at adaptive pass 2 (3:48:41 PM  Nov 16, 2023)
[info] Project:clt_sweep_3900um_80um, Setup : [CONVERGE] Pass Number:  2;  Solved Elements:  678708;  Max Delta Freq. %:  7.2862;   (3:48:42 PM  Nov 16, 2023)
[info] Project:clt_sweep_3900um_80um, Setup : [PROFILE] Adaptive Pass 3 : Eigenmode Solution (3:48:42 PM  Nov 16, 2023)
[info] Project:clt_sweep_3900um_80um, Setup : [PROFILE] Mesh (volume, adaptive) : Real Time 00:00:49 : CPU Time 00:00:49 : Memory 639 M : 780511 tetrahedra (3:49:31 PM  Nov 16, 2023)
[info] Project:clt_sweep_3900um_80um, Setup : [PROFILE] Simulation Setup : Real Time 00:00:40 : CPU Time 00:00:40 : Memory 1.17 G : Disk = 0 Bytes (3:50:12 PM  Nov 16, 2023)
[info] Project:clt_sweep_3900um_80um, Setup : [PROFILE] Matrix Assembly : Real Time 00:01:01 : CPU Time 00:01:02 : Memory 3.86 G : Disk = 0 Bytes, 780511 tetrahedra  (3:51:13 PM  Nov 16, 2023)
[info] Project:clt_sweep_3900um_80um, Setup : [PROFILE] EigenSolver DCS16 : Real Time 00:02:51 : CPU Time 00:12:20 : Memory 14.7 G : Disk = 11.5 MB, matrix size 1977230, matrix bandwidth  16.9, 17 eigen iterations (3:54:05 PM  Nov 16, 2023)
[info] Project:clt_sweep_3900um_80um, Setup : [PROFILE] Field Recovery : Real Time 00:00:12 : CPU Time 00:00:37 : Memory 14.7 G : Disk = 49.9 MB, 1 computed eigenmodes, Average Order 0.235204 (3:54:17 PM  Nov 16, 2023)
[info] Project:clt_sweep_3900um_80um, Setup : [PROFILE]        Max Delta Freq. % = 0.79402 at adaptive pass 3 (3:54:17 PM  Nov 16, 2023)
[info] Project:clt_sweep_3900um_80um, Setup : [CONVERGE] Pass Number:  3;  Solved Elements:  780511;  Max Delta Freq. %:  0.79402;   (3:54:17 PM  Nov 16, 2023)
[info] Project:clt_sweep_3900um_80um, Setup : [PROFILE] Adaptive Pass 4 : Eigenmode Solution (3:54:17 PM  Nov 16, 2023)
[info] Project:clt_sweep_3900um_80um, Setup : [PROFILE] Mesh (volume, adaptive) : Real Time 00:00:59 : CPU Time 00:00:59 : Memory 704 M : 885802 tetrahedra (3:55:17 PM  Nov 16, 2023)
[info] Project:clt_sweep_3900um_80um, Setup : [PROFILE] Simulation Setup : Real Time 00:00:37 : CPU Time 00:00:36 : Memory 1.32 G : Disk = 0 Bytes (3:55:55 PM  Nov 16, 2023)
[info] Project:clt_sweep_3900um_80um, Setup : [PROFILE] Matrix Assembly : Real Time 00:01:16 : CPU Time 00:01:19 : Memory 5.56 G : Disk = 0 Bytes, 885802 tetrahedra  (3:57:11 PM  Nov 16, 2023)
[info] Project:clt_sweep_3900um_80um, Setup : [PROFILE] EigenSolver DCS16 : Real Time 00:06:33 : CPU Time 00:23:36 : Memory 22 G : Disk = 13.7 MB, matrix size 2875734, matrix bandwidth  18.5, 17 eigen iterations (4:03:45 PM  Nov 16, 2023)
[info] Project:clt_sweep_3900um_80um, Setup : [PROFILE] Field Recovery : Real Time 00:00:32 : CPU Time 00:01:03 : Memory 22 G : Disk = 53.2 MB, 1 computed eigenmodes, Average Order 0.363912 (4:04:17 PM  Nov 16, 2023)
[info] Project:clt_sweep_3900um_80um, Setup : [PROFILE]        Max Delta Freq. % = 0.19312 at adaptive pass 4 (4:04:18 PM  Nov 16, 2023)
[info] Project:clt_sweep_3900um_80um, Setup : [CONVERGE] Pass Number:  4;  Solved Elements:  885802;  Max Delta Freq. %:  0.19312;   (4:04:18 PM  Nov 16, 2023)
[info] Project:clt_sweep_3900um_80um, Setup : [PROFILE] Adaptive Pass 5 : Eigenmode Solution (4:04:18 PM  Nov 16, 2023)
[info] Project:clt_sweep_3900um_80um, Setup : [PROFILE] Mesh (volume, adaptive) : Real Time 00:01:22 : CPU Time 00:01:22 : Memory 830 M : 1033701 tetrahedra (4:05:41 PM  Nov 16, 2023)
[info] Project:clt_sweep_3900um_80um, Setup : [PROFILE] Simulation Setup : Real Time 00:00:46 : CPU Time 00:00:46 : Memory 1.54 G : Disk = 0 Bytes (4:06:28 PM  Nov 16, 2023)
[info] Project:clt_sweep_3900um_80um, Setup : [PROFILE] Matrix Assembly : Real Time 00:01:42 : CPU Time 00:01:42 : Memory 7.42 G : Disk = 0 Bytes, 1033701 tetrahedra  (4:08:11 PM  Nov 16, 2023)
[info] Project:clt_sweep_3900um_80um, Setup : [PROFILE] EigenSolver DCS16 : Real Time 00:10:15 : CPU Time 00:33:35 : Memory 28.5 G : Disk = 14.8 MB, matrix size 3845219, matrix bandwidth  19.3, 18 eigen iterations (4:18:26 PM  Nov 16, 2023)
[info] Project:clt_sweep_3900um_80um, Setup : [PROFILE] Field Recovery : Real Time 00:00:32 : CPU Time 00:01:50 : Memory 28.5 G : Disk = 70.7 MB, 1 computed eigenmodes, Average Order 0.457260 (4:18:59 PM  Nov 16, 2023)
[info] Project:clt_sweep_3900um_80um, Setup : [PROFILE]        Max Delta Freq. % = 0.08001 at adaptive pass 5 (4:18:59 PM  Nov 16, 2023)
[info] Project:clt_sweep_3900um_80um, Setup : [CONVERGE] Pass Number:  5;  Solved Elements:  1033701;  Max Delta Freq. %:  0.080006;   (4:18:59 PM  Nov 16, 2023)
[info] Project:clt_sweep_3900um_80um, Setup : [PROFILE]        Adaptive Passes converged (4:18:59 PM  Nov 16, 2023)
[info] Project:clt_sweep_3900um_80um, Setup : [PROFILE] Adaptive Meshing : Elapsed time: 00:34:23 (4:18:59 PM  Nov 16, 2023)
[info] Project:clt_sweep_3900um_80um, Setup : [PROFILE] Simulation Summary: (4:18:59 PM  Nov 16, 2023)
[info] Project:clt_sweep_3900um_80um, Setup : [PROFILE] Design Validation : Elapsed time: 00:00:00, total memory: 141 MB (4:18:59 PM  Nov 16, 2023)
[info] Project:clt_sweep_3900um_80um, Setup : [PROFILE] Initial Meshing : Elapsed time: 00:02:36, total memory: 628 MB (4:18:59 PM  Nov 16, 2023)
[info] Project:clt_sweep_3900um_80um, Setup : [PROFILE] Adaptive Meshing : Elapsed time: 00:34:23, total memory: 28.5 GB, total number of cores: 16 (4:18:59 PM  Nov 16, 2023)
[info] Project:clt_sweep_3900um_80um, Setup : [PROFILE]        max solved tets: 1033701, max matrix size: 3845219, max bandwidth:  19.3 (4:18:59 PM  Nov 16, 2023)
[info] Project:clt_sweep_3900um_80um, Setup : [PROFILE]        Time:  11/16/2023 16:18:59, Status: Normal Completion (4:18:59 PM  Nov 16, 2023)
[info] Project:clt_sweep_3900um_80um, Setup : [PROFILE] Stop : Elapsed time : 00:36:59 , ComEngine Memory : 141 M (4:18:59 PM  Nov 16, 2023)
[info] Project:clt_sweep_3900um_80um, Design:CavitySweep_hfss (Eigenmode), Normal completion of simulation on server: Local Machine. (4:19:01 PM  Nov 16, 2023)
Stopping Batch Run: 4:19:09 PM  Nov 16, 2023
