 
ANSYS Electronics Desktop Version 2021.1.0, Build: 2020-11-16 21:49:12
Location: D:\Program Files\AnsysEM\AnsysEM21.1\Win64\ansysedt.exe
Batch Solve/Save: d:\andre\paper_sweeps\project_storage\clt_sweep_3830um_70um.aedt
Starting Batch Run: 8:13:10 PM  Nov 08, 2023
Running as user: DTS\lfl
Temp directory: D:\lfl\AppData\Local\Temp
Project directory: D:\lfl\Documents\Ansoft
Simulation settings:

Design type: HFSS
Allow off core: True
Using automatic settings
16 optimetrics variations will be solved simultaneously.
Partitions:
Machine: localhost, Cores: 1, GPUs: 0, GPU Indexes:<>, RAM pct: 5.625000
Machine: localhost, Cores: 1, GPUs: 0, GPU Indexes:<>, RAM pct: 5.625000
Machine: localhost, Cores: 1, GPUs: 0, GPU Indexes:<>, RAM pct: 5.625000
Machine: localhost, Cores: 1, GPUs: 0, GPU Indexes:<>, RAM pct: 5.625000
Machine: localhost, Cores: 1, GPUs: 0, GPU Indexes:<>, RAM pct: 5.625000
Machine: localhost, Cores: 1, GPUs: 0, GPU Indexes:<>, RAM pct: 5.625000
Machine: localhost, Cores: 1, GPUs: 0, GPU Indexes:<>, RAM pct: 5.625000
Machine: localhost, Cores: 1, GPUs: 0, GPU Indexes:<>, RAM pct: 5.625000
Machine: localhost, Cores: 1, GPUs: 0, GPU Indexes:<>, RAM pct: 5.625000
Machine: localhost, Cores: 1, GPUs: 0, GPU Indexes:<>, RAM pct: 5.625000
Machine: localhost, Cores: 1, GPUs: 0, GPU Indexes:<>, RAM pct: 5.625000
Machine: localhost, Cores: 1, GPUs: 0, GPU Indexes:<>, RAM pct: 5.625000
Machine: localhost, Cores: 1, GPUs: 0, GPU Indexes:<>, RAM pct: 5.625000
Machine: localhost, Cores: 1, GPUs: 0, GPU Indexes:<>, RAM pct: 5.625000
Machine: localhost, Cores: 1, GPUs: 0, GPU Indexes:<>, RAM pct: 5.625000
Machine: localhost, Cores: 1, GPUs: 0, GPU Indexes:<>, RAM pct: 5.625000

Machines:
localhost RAM: 90%, 16 cores, 1 GPUs

[info] Using command line: "D:\Program Files\AnsysEM\AnsysEM21.1\Win64\ansysedt.exe -jobid RSM_1031 -distributed -machinelist list=localhost:-1:16:90%:1 -auto NumDistributedVariations=16 -monitor -waitforlicense -useelectronicsppe -ng -batchoptions  'HFSS/AllowOffCore'=1 'HFSS/DefaultProcessPriority'='Normal' 'HFSS/EnableGPU'=0 'HFSS/EnableGPUForSBR'=1 'HFSS/MPIVendor'='Intel' 'HFSS/RemoteSpawnCommand'='SSH' -batchsolve d:\andre\paper_sweeps\project_storage\clt_sweep_3830um_70um.aedt".
[info] Project:clt_sweep_3830um_70um, Setup : [PROFILE] Solution Process : Time:  11/08/2023 20:13:15; Host: DTS-MJ0GK06Y; Processor: 32; OS: NT 10.0; HFSS Version 2021.1.0 (8:13:15 PM  Nov 08, 2023)
[info] Project:clt_sweep_3830um_70um, Setup : [PROFILE]        Executing from D:\Program Files\AnsysEM\AnsysEM21.1\Win64\HFSSCOMENGINE.exe (8:13:15 PM  Nov 08, 2023)
[info] Project:clt_sweep_3830um_70um, Setup : [PROFILE]        HPC Enabled (8:13:15 PM  Nov 08, 2023)
[info] Project:clt_sweep_3830um_70um, Setup : [PROFILE]        Allow off core: True (8:13:15 PM  Nov 08, 2023)
[info] Project:clt_sweep_3830um_70um, Setup : [PROFILE]        Using automatic settings (8:13:15 PM  Nov 08, 2023)
[info] Project:clt_sweep_3830um_70um, Setup : [PROFILE]        Machines: (8:13:15 PM  Nov 08, 2023)
[info] Project:clt_sweep_3830um_70um, Setup : [PROFILE]        DTS-MJ0GK06Y [128 GB]: RAM Limit: 90.000000%, 16 cores (8:13:15 PM  Nov 08, 2023)
[info] Project:clt_sweep_3830um_70um, Setup : [PROFILE]        Solution Basis Order: Mixed (8:13:15 PM  Nov 08, 2023)
[error] Project:clt_sweep_3830um_70um, Design:CavitySweep (Eigenmode), There are no objects in the design. (8:13:15 PM  Nov 08, 2023)
[info] Project:clt_sweep_3830um_70um, Setup : [PROFILE] Design Validation : Elapsed time : 00:00:00 , HFSS ComEngine Memory : 127 M (8:13:15 PM  Nov 08, 2023)
[info] Project:clt_sweep_3830um_70um, Setup : [PROFILE]        Perform full validations with standard port validations (8:13:15 PM  Nov 08, 2023)
[info] Project:clt_sweep_3830um_70um, Setup : [PROFILE]        Time:  11/08/2023 20:13:15, Status: Engine Detected Error (8:13:15 PM  Nov 08, 2023)
[info] Project:clt_sweep_3830um_70um, Setup : [PROFILE] Stop : Elapsed time : 00:00:00 , ComEngine Memory : 127 M (8:13:15 PM  Nov 08, 2023)
[error] Project:clt_sweep_3830um_70um, Design:CavitySweep (Eigenmode), Simulation completed with execution error on server: Local Machine. (8:13:15 PM  Nov 08, 2023)
[info] Project:clt_sweep_3830um_70um, Setup : [PROFILE] Solution Process : Time:  11/08/2023 20:13:18; Host: DTS-MJ0GK06Y; Processor: 32; OS: NT 10.0; HFSS Version 2021.1.0 (8:13:18 PM  Nov 08, 2023)
[info] Project:clt_sweep_3830um_70um, Setup : [PROFILE]        Executing from D:\Program Files\AnsysEM\AnsysEM21.1\Win64\HFSSCOMENGINE.exe (8:13:18 PM  Nov 08, 2023)
[info] Project:clt_sweep_3830um_70um, Setup : [PROFILE]        HPC Enabled (8:13:18 PM  Nov 08, 2023)
[info] Project:clt_sweep_3830um_70um, Setup : [PROFILE]        Allow off core: True (8:13:18 PM  Nov 08, 2023)
[info] Project:clt_sweep_3830um_70um, Setup : [PROFILE]        Using automatic settings (8:13:18 PM  Nov 08, 2023)
[info] Project:clt_sweep_3830um_70um, Setup : [PROFILE]        Machines: (8:13:18 PM  Nov 08, 2023)
[info] Project:clt_sweep_3830um_70um, Setup : [PROFILE]        DTS-MJ0GK06Y [128 GB]: RAM Limit: 90.000000%, 16 cores (8:13:18 PM  Nov 08, 2023)
[info] Project:clt_sweep_3830um_70um, Setup : [PROFILE]        Solution Basis Order: Mixed (8:13:18 PM  Nov 08, 2023)
[info] Project:clt_sweep_3830um_70um, Setup : [PROFILE] Design Validation : Elapsed time : 00:00:00 , HFSS ComEngine Memory : 140 M (8:13:18 PM  Nov 08, 2023)
[info] Project:clt_sweep_3830um_70um, Setup : [PROFILE]        Perform full validations with standard port validations (8:13:18 PM  Nov 08, 2023)
[info] Project:clt_sweep_3830um_70um, Setup : [PROFILE] Initial Meshing : Time:  11/08/2023 20:13:18 (8:13:18 PM  Nov 08, 2023)
[info] Project:clt_sweep_3830um_70um, Setup : [PROFILE] Volume (8:13:18 PM  Nov 08, 2023)
[info] Project:clt_sweep_3830um_70um, Setup : [PROFILE] Mesh Phi : Real Time 00:00:00 : CPU Time 00:00:00 : Memory 70.2 M : 2042 tetrahedra (8:13:18 PM  Nov 08, 2023)
[info] Project:clt_sweep_3830um_70um, Setup : [PROFILE] Mesh Post : Real Time 00:00:00 : CPU Time 00:00:00 : Memory 72.7 M : 2042 tetrahedra (8:13:18 PM  Nov 08, 2023)
[info] Project:clt_sweep_3830um_70um, Setup : [PROFILE] Mesh Refinement : Manual Seed Based (8:13:19 PM  Nov 08, 2023)
[info] Project:clt_sweep_3830um_70um, Setup : [PROFILE] Mesh (volume, seed) : Real Time 00:02:46 : CPU Time 00:02:46 : Memory 665 M : 593080 tetrahedra (8:16:06 PM  Nov 08, 2023)
[info] Project:clt_sweep_3830um_70um, Setup : [PROFILE] Mesh Refinement : Lambda Based (8:16:06 PM  Nov 08, 2023)
[info] Project:clt_sweep_3830um_70um, Setup : [PROFILE] Mesh (lambda based) : Real Time 00:00:41 : CPU Time 00:00:41 : Memory 457 M : 595310 tetrahedra (8:16:48 PM  Nov 08, 2023)
[info] Project:clt_sweep_3830um_70um, Setup : [PROFILE]        port_mesh, mesh1, mesh_ground_strip (8:16:48 PM  Nov 08, 2023)
[info] Project:clt_sweep_3830um_70um, Setup : [PROFILE] Initial Meshing : Elapsed time: 00:03:30 (8:16:48 PM  Nov 08, 2023)
[info] Project:clt_sweep_3830um_70um, Setup : [PROFILE] Adaptive Meshing : Time:  11/08/2023 20:16:48 (8:16:48 PM  Nov 08, 2023)
[info] Project:clt_sweep_3830um_70um, Setup : [PROFILE] Adaptive Pass 1 : Eigenmode Solution (8:16:48 PM  Nov 08, 2023)
[info] Project:clt_sweep_3830um_70um, Setup : [PROFILE] Simulation Setup : Real Time 00:00:35 : CPU Time 00:00:35 : Memory 927 M : Disk = 0 Bytes (8:17:24 PM  Nov 08, 2023)
[info] Project:clt_sweep_3830um_70um, Setup : [PROFILE] Matrix Assembly : Real Time 00:00:29 : CPU Time 00:00:30 : Memory 1.39 G : Disk = 0 Bytes, 595310 tetrahedra  (8:17:53 PM  Nov 08, 2023)
[info] Project:clt_sweep_3830um_70um, Setup : [PROFILE] EigenSolver DCS16 : Real Time 00:00:36 : CPU Time 00:03:20 : Memory 3.94 G : Disk = 10 MB, matrix size 656031, matrix bandwidth   8.4, 18 eigen iterations (8:18:29 PM  Nov 08, 2023)
[info] Project:clt_sweep_3830um_70um, Setup : [PROFILE] Field Recovery : Real Time 00:00:14 : CPU Time 00:00:43 : Memory 3.94 G : Disk = 215 MB, 1 computed eigenmodes, Average Order 0.003929 (8:18:44 PM  Nov 08, 2023)
[info] Project:clt_sweep_3830um_70um, Setup : [CONVERGE] Pass Number:  1;  Solved Elements:  595310;  Max Delta Freq. %:  N/A;   (8:18:44 PM  Nov 08, 2023)
[info] Project:clt_sweep_3830um_70um, Setup : [PROFILE] Adaptive Pass 2 : Eigenmode Solution (8:18:44 PM  Nov 08, 2023)
[info] Project:clt_sweep_3830um_70um, Setup : [PROFILE] Mesh (volume, adaptive) : Real Time 00:00:59 : CPU Time 00:00:58 : Memory 571 M : 698468 tetrahedra (8:19:43 PM  Nov 08, 2023)
[info] Project:clt_sweep_3830um_70um, Setup : [PROFILE] Simulation Setup : Real Time 00:00:25 : CPU Time 00:00:25 : Memory 1.06 G : Disk = 0 Bytes (8:20:09 PM  Nov 08, 2023)
[info] Project:clt_sweep_3830um_70um, Setup : [PROFILE] Matrix Assembly : Real Time 00:00:38 : CPU Time 00:00:41 : Memory 2.45 G : Disk = 0 Bytes, 698468 tetrahedra  (8:20:47 PM  Nov 08, 2023)
[info] Project:clt_sweep_3830um_70um, Setup : [PROFILE] EigenSolver DCS16 : Real Time 00:01:04 : CPU Time 00:05:56 : Memory 8.3 G : Disk = 8.73 MB, matrix size 1228049, matrix bandwidth  13.8, 17 eigen iterations (8:21:51 PM  Nov 08, 2023)
[info] Project:clt_sweep_3830um_70um, Setup : [PROFILE] Field Recovery : Real Time 00:00:08 : CPU Time 00:00:25 : Memory 8.3 G : Disk = 48.7 MB, 1 computed eigenmodes, Average Order 0.099134 (8:22:00 PM  Nov 08, 2023)
[info] Project:clt_sweep_3830um_70um, Setup : [PROFILE]        Max Delta Freq. % = 7.58791 at adaptive pass 2 (8:22:00 PM  Nov 08, 2023)
[info] Project:clt_sweep_3830um_70um, Setup : [CONVERGE] Pass Number:  2;  Solved Elements:  698468;  Max Delta Freq. %:  7.5879;   (8:22:00 PM  Nov 08, 2023)
[info] Project:clt_sweep_3830um_70um, Setup : [PROFILE] Adaptive Pass 3 : Eigenmode Solution (8:22:00 PM  Nov 08, 2023)
[info] Project:clt_sweep_3830um_70um, Setup : [PROFILE] Mesh (volume, adaptive) : Real Time 00:00:37 : CPU Time 00:00:37 : Memory 653 M : 803236 tetrahedra (8:22:38 PM  Nov 08, 2023)
[info] Project:clt_sweep_3830um_70um, Setup : [PROFILE] Simulation Setup : Real Time 00:00:20 : CPU Time 00:00:20 : Memory 1.2 G : Disk = 0 Bytes (8:22:59 PM  Nov 08, 2023)
[info] Project:clt_sweep_3830um_70um, Setup : [PROFILE] Matrix Assembly : Real Time 00:00:38 : CPU Time 00:00:41 : Memory 3.91 G : Disk = 0 Bytes, 803236 tetrahedra  (8:23:37 PM  Nov 08, 2023)
[info] Project:clt_sweep_3830um_70um, Setup : [PROFILE] EigenSolver DCS16 : Real Time 00:03:49 : CPU Time 00:14:09 : Memory 14.6 G : Disk = 11.8 MB, matrix size 2001749, matrix bandwidth  16.8, 17 eigen iterations (8:27:27 PM  Nov 08, 2023)
[info] Project:clt_sweep_3830um_70um, Setup : [PROFILE] Field Recovery : Real Time 00:00:21 : CPU Time 00:00:54 : Memory 14.6 G : Disk = 51.3 MB, 1 computed eigenmodes, Average Order 0.228133 (8:27:48 PM  Nov 08, 2023)
[info] Project:clt_sweep_3830um_70um, Setup : [PROFILE]        Max Delta Freq. % = 0.93601 at adaptive pass 3 (8:27:48 PM  Nov 08, 2023)
[info] Project:clt_sweep_3830um_70um, Setup : [CONVERGE] Pass Number:  3;  Solved Elements:  803236;  Max Delta Freq. %:  0.93601;   (8:27:49 PM  Nov 08, 2023)
[info] Project:clt_sweep_3830um_70um, Setup : [PROFILE] Adaptive Pass 4 : Eigenmode Solution (8:27:49 PM  Nov 08, 2023)
[info] Project:clt_sweep_3830um_70um, Setup : [PROFILE] Mesh (volume, adaptive) : Real Time 00:01:07 : CPU Time 00:01:06 : Memory 669 M : 865499 tetrahedra (8:28:57 PM  Nov 08, 2023)
[info] Project:clt_sweep_3830um_70um, Setup : [PROFILE] Simulation Setup : Real Time 00:00:55 : CPU Time 00:00:46 : Memory 1.25 G : Disk = 0 Bytes (8:29:54 PM  Nov 08, 2023)
[info] Project:clt_sweep_3830um_70um, Setup : [PROFILE] Simulation Summary: (8:30:36 PM  Nov 08, 2023)
[info] Project:clt_sweep_3830um_70um, Setup : [PROFILE] Design Validation : Elapsed time: 00:00:00, total memory: 140 MB (8:30:36 PM  Nov 08, 2023)
[info] Project:clt_sweep_3830um_70um, Setup : [PROFILE] Initial Meshing : Elapsed time: 00:03:30, total memory: 665 MB (8:30:36 PM  Nov 08, 2023)
[info] Project:clt_sweep_3830um_70um, Setup : [PROFILE] Adaptive Meshing : Elapsed time: 00:13:48, total memory: 14.6 GB, total number of cores: 16 (8:30:36 PM  Nov 08, 2023)
[info] Project:clt_sweep_3830um_70um, Setup : [PROFILE]        max solved tets: 803236, max matrix size: 2001749, max bandwidth:  16.8 (8:30:36 PM  Nov 08, 2023)
[warning] Project:clt_sweep_3830um_70um, Design:CavitySweep_hfss (Eigenmode), Com Engine non-responsive since 20:31:17, November 08, 2023. 
 Can be due to CPU intensive processing or network problems. 
 If persisting for long, manually kill the com engine process and restart analysis. Retrying.....  (8:32:17 PM  Nov 08, 2023)
[error] Project:clt_sweep_3830um_70um, Design:CavitySweep_hfss (Eigenmode), Machine Local Machine: Engine terminated unexpectedly, or machine reported error or was inaccessible. (8:33:16 PM  Nov 08, 2023)
Stopping Batch Run: 8:33:24 PM  Nov 08, 2023
