 
ANSYS Electronics Desktop Version 2021.1.0, Build: 2020-11-16 21:49:12
Location: D:\Program Files\AnsysEM\AnsysEM21.1\Win64\ansysedt.exe
Batch Solve/Save: d:\andre\paper_sweeps\project_storage\clt_sweep_3830um_120um.aedt
Starting Batch Run: 7:58:37 PM  Nov 08, 2023
Running as user: DTS\lfl
Temp directory: D:\lfl\AppData\Local\Temp
Project directory: D:\lfl\Documents\Ansoft
Simulation settings:

Design type: HFSS
Allow off core: True
Using automatic settings
16 optimetrics variations will be solved simultaneously.
Partitions:
Machine: localhost, Cores: 1, GPUs: 0, GPU Indexes:<>, RAM pct: 5.625000
Machine: localhost, Cores: 1, GPUs: 0, GPU Indexes:<>, RAM pct: 5.625000
Machine: localhost, Cores: 1, GPUs: 0, GPU Indexes:<>, RAM pct: 5.625000
Machine: localhost, Cores: 1, GPUs: 0, GPU Indexes:<>, RAM pct: 5.625000
Machine: localhost, Cores: 1, GPUs: 0, GPU Indexes:<>, RAM pct: 5.625000
Machine: localhost, Cores: 1, GPUs: 0, GPU Indexes:<>, RAM pct: 5.625000
Machine: localhost, Cores: 1, GPUs: 0, GPU Indexes:<>, RAM pct: 5.625000
Machine: localhost, Cores: 1, GPUs: 0, GPU Indexes:<>, RAM pct: 5.625000
Machine: localhost, Cores: 1, GPUs: 0, GPU Indexes:<>, RAM pct: 5.625000
Machine: localhost, Cores: 1, GPUs: 0, GPU Indexes:<>, RAM pct: 5.625000
Machine: localhost, Cores: 1, GPUs: 0, GPU Indexes:<>, RAM pct: 5.625000
Machine: localhost, Cores: 1, GPUs: 0, GPU Indexes:<>, RAM pct: 5.625000
Machine: localhost, Cores: 1, GPUs: 0, GPU Indexes:<>, RAM pct: 5.625000
Machine: localhost, Cores: 1, GPUs: 0, GPU Indexes:<>, RAM pct: 5.625000
Machine: localhost, Cores: 1, GPUs: 0, GPU Indexes:<>, RAM pct: 5.625000
Machine: localhost, Cores: 1, GPUs: 0, GPU Indexes:<>, RAM pct: 5.625000

Machines:
localhost RAM: 90%, 16 cores, 1 GPUs

[info] Using command line: "D:\Program Files\AnsysEM\AnsysEM21.1\Win64\ansysedt.exe -jobid RSM_1031 -distributed -machinelist list=localhost:-1:16:90%:1 -auto NumDistributedVariations=16 -monitor -waitforlicense -useelectronicsppe -ng -batchoptions  'HFSS/AllowOffCore'=1 'HFSS/DefaultProcessPriority'='Normal' 'HFSS/EnableGPU'=0 'HFSS/EnableGPUForSBR'=1 'HFSS/MPIVendor'='Intel' 'HFSS/RemoteSpawnCommand'='SSH' -batchsolve d:\andre\paper_sweeps\project_storage\clt_sweep_3830um_120um.aedt".
[info] Project:clt_sweep_3830um_120um, Setup : [PROFILE] Solution Process : Time:  11/08/2023 19:58:42; Host: DTS-MJ0GK06Y; Processor: 32; OS: NT 10.0; HFSS Version 2021.1.0 (7:58:42 PM  Nov 08, 2023)
[info] Project:clt_sweep_3830um_120um, Setup : [PROFILE]        Executing from D:\Program Files\AnsysEM\AnsysEM21.1\Win64\HFSSCOMENGINE.exe (7:58:42 PM  Nov 08, 2023)
[info] Project:clt_sweep_3830um_120um, Setup : [PROFILE]        HPC Enabled (7:58:42 PM  Nov 08, 2023)
[info] Project:clt_sweep_3830um_120um, Setup : [PROFILE]        Allow off core: True (7:58:42 PM  Nov 08, 2023)
[info] Project:clt_sweep_3830um_120um, Setup : [PROFILE]        Using automatic settings (7:58:42 PM  Nov 08, 2023)
[info] Project:clt_sweep_3830um_120um, Setup : [PROFILE]        Machines: (7:58:42 PM  Nov 08, 2023)
[info] Project:clt_sweep_3830um_120um, Setup : [PROFILE]        DTS-MJ0GK06Y [128 GB]: RAM Limit: 90.000000%, 16 cores (7:58:42 PM  Nov 08, 2023)
[info] Project:clt_sweep_3830um_120um, Setup : [PROFILE]        Solution Basis Order: Mixed (7:58:42 PM  Nov 08, 2023)
[error] Project:clt_sweep_3830um_120um, Design:CavitySweep (Eigenmode), There are no objects in the design. (7:58:42 PM  Nov 08, 2023)
[info] Project:clt_sweep_3830um_120um, Setup : [PROFILE] Design Validation : Elapsed time : 00:00:00 , HFSS ComEngine Memory : 127 M (7:58:42 PM  Nov 08, 2023)
[info] Project:clt_sweep_3830um_120um, Setup : [PROFILE]        Perform full validations with standard port validations (7:58:42 PM  Nov 08, 2023)
[info] Project:clt_sweep_3830um_120um, Setup : [PROFILE]        Time:  11/08/2023 19:58:42, Status: Engine Detected Error (7:58:42 PM  Nov 08, 2023)
[info] Project:clt_sweep_3830um_120um, Setup : [PROFILE] Stop : Elapsed time : 00:00:00 , ComEngine Memory : 127 M (7:58:42 PM  Nov 08, 2023)
[error] Project:clt_sweep_3830um_120um, Design:CavitySweep (Eigenmode), Simulation completed with execution error on server: Local Machine. (7:58:42 PM  Nov 08, 2023)
[info] Project:clt_sweep_3830um_120um, Setup : [PROFILE] Solution Process : Time:  11/08/2023 19:58:45; Host: DTS-MJ0GK06Y; Processor: 32; OS: NT 10.0; HFSS Version 2021.1.0 (7:58:45 PM  Nov 08, 2023)
[info] Project:clt_sweep_3830um_120um, Setup : [PROFILE]        Executing from D:\Program Files\AnsysEM\AnsysEM21.1\Win64\HFSSCOMENGINE.exe (7:58:45 PM  Nov 08, 2023)
[info] Project:clt_sweep_3830um_120um, Setup : [PROFILE]        HPC Enabled (7:58:45 PM  Nov 08, 2023)
[info] Project:clt_sweep_3830um_120um, Setup : [PROFILE]        Allow off core: True (7:58:45 PM  Nov 08, 2023)
[info] Project:clt_sweep_3830um_120um, Setup : [PROFILE]        Using automatic settings (7:58:45 PM  Nov 08, 2023)
[info] Project:clt_sweep_3830um_120um, Setup : [PROFILE]        Machines: (7:58:45 PM  Nov 08, 2023)
[info] Project:clt_sweep_3830um_120um, Setup : [PROFILE]        DTS-MJ0GK06Y [128 GB]: RAM Limit: 90.000000%, 16 cores (7:58:45 PM  Nov 08, 2023)
[info] Project:clt_sweep_3830um_120um, Setup : [PROFILE]        Solution Basis Order: Mixed (7:58:45 PM  Nov 08, 2023)
[info] Project:clt_sweep_3830um_120um, Setup : [PROFILE] Design Validation : Elapsed time : 00:00:00 , HFSS ComEngine Memory : 141 M (7:58:45 PM  Nov 08, 2023)
[info] Project:clt_sweep_3830um_120um, Setup : [PROFILE]        Perform full validations with standard port validations (7:58:45 PM  Nov 08, 2023)
[info] Project:clt_sweep_3830um_120um, Setup : [PROFILE] Initial Meshing : Time:  11/08/2023 19:58:45 (7:58:45 PM  Nov 08, 2023)
[info] Project:clt_sweep_3830um_120um, Setup : [PROFILE] Volume (7:58:45 PM  Nov 08, 2023)
[info] Project:clt_sweep_3830um_120um, Setup : [PROFILE] Mesh Phi : Real Time 00:00:00 : CPU Time 00:00:00 : Memory 70 M : 2038 tetrahedra (7:58:45 PM  Nov 08, 2023)
[info] Project:clt_sweep_3830um_120um, Setup : [PROFILE] Mesh Post : Real Time 00:00:00 : CPU Time 00:00:00 : Memory 71.2 M : 2722 tetrahedra (7:58:45 PM  Nov 08, 2023)
[info] Project:clt_sweep_3830um_120um, Setup : [PROFILE] Mesh Refinement : Manual Seed Based (7:58:46 PM  Nov 08, 2023)
[info] Project:clt_sweep_3830um_120um, Setup : [PROFILE] Mesh (volume, seed) : Real Time 00:02:08 : CPU Time 00:02:08 : Memory 643 M : 571953 tetrahedra (8:00:54 PM  Nov 08, 2023)
[info] Project:clt_sweep_3830um_120um, Setup : [PROFILE] Mesh Refinement : Lambda Based (8:00:54 PM  Nov 08, 2023)
[info] Project:clt_sweep_3830um_120um, Setup : [PROFILE] Mesh (lambda based) : Real Time 00:00:22 : CPU Time 00:00:22 : Memory 446 M : 574308 tetrahedra (8:01:17 PM  Nov 08, 2023)
[info] Project:clt_sweep_3830um_120um, Setup : [PROFILE]        port_mesh, mesh1, mesh_ground_strip (8:01:17 PM  Nov 08, 2023)
[info] Project:clt_sweep_3830um_120um, Setup : [PROFILE] Initial Meshing : Elapsed time: 00:02:32 (8:01:17 PM  Nov 08, 2023)
[info] Project:clt_sweep_3830um_120um, Setup : [PROFILE] Adaptive Meshing : Time:  11/08/2023 20:01:17 (8:01:17 PM  Nov 08, 2023)
[info] Project:clt_sweep_3830um_120um, Setup : [PROFILE] Adaptive Pass 1 : Eigenmode Solution (8:01:17 PM  Nov 08, 2023)
[info] Project:clt_sweep_3830um_120um, Setup : [PROFILE] Simulation Setup : Real Time 00:00:18 : CPU Time 00:00:18 : Memory 897 M : Disk = 0 Bytes (8:01:36 PM  Nov 08, 2023)
[info] Project:clt_sweep_3830um_120um, Setup : [PROFILE] Matrix Assembly : Real Time 00:00:12 : CPU Time 00:00:15 : Memory 1.34 G : Disk = 0 Bytes, 574308 tetrahedra  (8:01:49 PM  Nov 08, 2023)
[info] Project:clt_sweep_3830um_120um, Setup : [PROFILE] EigenSolver DCS16 : Real Time 00:00:20 : CPU Time 00:02:27 : Memory 3.69 G : Disk = 9.63 MB, matrix size 630956, matrix bandwidth   8.4, 17 eigen iterations (8:02:09 PM  Nov 08, 2023)
[info] Project:clt_sweep_3830um_120um, Setup : [PROFILE] Field Recovery : Real Time 00:00:07 : CPU Time 00:00:21 : Memory 3.69 G : Disk = 207 MB, 1 computed eigenmodes, Average Order 0.004221 (8:02:16 PM  Nov 08, 2023)
[info] Project:clt_sweep_3830um_120um, Setup : [CONVERGE] Pass Number:  1;  Solved Elements:  574308;  Max Delta Freq. %:  N/A;   (8:02:17 PM  Nov 08, 2023)
[info] Project:clt_sweep_3830um_120um, Setup : [PROFILE] Adaptive Pass 2 : Eigenmode Solution (8:02:17 PM  Nov 08, 2023)
[info] Project:clt_sweep_3830um_120um, Setup : [PROFILE] Mesh (volume, adaptive) : Real Time 00:00:49 : CPU Time 00:00:49 : Memory 628 M : 746606 tetrahedra (8:03:06 PM  Nov 08, 2023)
[info] Project:clt_sweep_3830um_120um, Setup : [PROFILE] Simulation Setup : Real Time 00:00:23 : CPU Time 00:00:23 : Memory 1.12 G : Disk = 0 Bytes (8:03:30 PM  Nov 08, 2023)
[info] Project:clt_sweep_3830um_120um, Setup : [PROFILE] Matrix Assembly : Real Time 00:00:33 : CPU Time 00:00:35 : Memory 2.77 G : Disk = 0 Bytes, 746606 tetrahedra  (8:04:03 PM  Nov 08, 2023)
[info] Project:clt_sweep_3830um_120um, Setup : [PROFILE] EigenSolver DCS16 : Real Time 00:01:11 : CPU Time 00:06:23 : Memory 9.52 G : Disk = 11.7 MB, matrix size 1395926, matrix bandwidth  14.4, 17 eigen iterations (8:05:15 PM  Nov 08, 2023)
[info] Project:clt_sweep_3830um_120um, Setup : [PROFILE] Field Recovery : Real Time 00:00:09 : CPU Time 00:00:30 : Memory 9.52 G : Disk = 73.2 MB, 1 computed eigenmodes, Average Order 0.115997 (8:05:25 PM  Nov 08, 2023)
[info] Project:clt_sweep_3830um_120um, Setup : [PROFILE]        Max Delta Freq. % = 7.36084 at adaptive pass 2 (8:05:25 PM  Nov 08, 2023)
[info] Project:clt_sweep_3830um_120um, Setup : [CONVERGE] Pass Number:  2;  Solved Elements:  746606;  Max Delta Freq. %:  7.3608;   (8:05:25 PM  Nov 08, 2023)
[info] Project:clt_sweep_3830um_120um, Setup : [PROFILE] Adaptive Pass 3 : Eigenmode Solution (8:05:25 PM  Nov 08, 2023)
[info] Project:clt_sweep_3830um_120um, Setup : [PROFILE] Mesh (volume, adaptive) : Real Time 00:00:31 : CPU Time 00:00:31 : Memory 638 M : 811876 tetrahedra (8:05:57 PM  Nov 08, 2023)
[info] Project:clt_sweep_3830um_120um, Setup : [PROFILE] Simulation Setup : Real Time 00:00:22 : CPU Time 00:00:22 : Memory 1.21 G : Disk = 0 Bytes (8:06:20 PM  Nov 08, 2023)
[info] Project:clt_sweep_3830um_120um, Setup : [PROFILE] Matrix Assembly : Real Time 00:00:47 : CPU Time 00:00:50 : Memory 3.88 G : Disk = 0 Bytes, 811876 tetrahedra  (8:07:08 PM  Nov 08, 2023)
[info] Project:clt_sweep_3830um_120um, Setup : [PROFILE] EigenSolver DCS16 : Real Time 00:02:00 : CPU Time 00:09:50 : Memory 14.6 G : Disk = 9.01 MB, matrix size 1986428, matrix bandwidth  16.6, 17 eigen iterations (8:09:08 PM  Nov 08, 2023)
[info] Project:clt_sweep_3830um_120um, Setup : [PROFILE] Field Recovery : Real Time 00:00:10 : CPU Time 00:00:30 : Memory 14.6 G : Disk = 38 MB, 1 computed eigenmodes, Average Order 0.218859 (8:09:19 PM  Nov 08, 2023)
[info] Project:clt_sweep_3830um_120um, Setup : [PROFILE]        Max Delta Freq. % = 0.62235 at adaptive pass 3 (8:09:19 PM  Nov 08, 2023)
[info] Project:clt_sweep_3830um_120um, Setup : [CONVERGE] Pass Number:  3;  Solved Elements:  811876;  Max Delta Freq. %:  0.62235;   (8:09:19 PM  Nov 08, 2023)
[info] Project:clt_sweep_3830um_120um, Setup : [PROFILE] Adaptive Pass 4 : Eigenmode Solution (8:09:19 PM  Nov 08, 2023)
[info] Project:clt_sweep_3830um_120um, Setup : [PROFILE] Mesh (volume, adaptive) : Real Time 00:00:31 : CPU Time 00:00:31 : Memory 652 M : 853188 tetrahedra (8:09:51 PM  Nov 08, 2023)
[info] Project:clt_sweep_3830um_120um, Setup : [PROFILE] Simulation Setup : Real Time 00:00:22 : CPU Time 00:00:22 : Memory 1.27 G : Disk = 0 Bytes (8:10:14 PM  Nov 08, 2023)
[info] Project:clt_sweep_3830um_120um, Setup : [PROFILE] Matrix Assembly : Real Time 00:01:04 : CPU Time 00:01:07 : Memory 4.85 G : Disk = 0 Bytes, 853188 tetrahedra  (8:11:19 PM  Nov 08, 2023)
[info] Project:clt_sweep_3830um_120um, Setup : [PROFILE] EigenSolver DCS16 : Real Time 00:02:43 : CPU Time 00:16:44 : Memory 20.5 G : Disk = 8.02 MB, matrix size 2512300, matrix bandwidth  17.8, 17 eigen iterations (8:14:02 PM  Nov 08, 2023)
[info] Project:clt_sweep_3830um_120um, Setup : [PROFILE] Field Recovery : Real Time 00:00:16 : CPU Time 00:00:48 : Memory 20.5 G : Disk = 30.7 MB, 1 computed eigenmodes, Average Order 0.306242 (8:14:18 PM  Nov 08, 2023)
[info] Project:clt_sweep_3830um_120um, Setup : [PROFILE]        Max Delta Freq. % = 0.22797 at adaptive pass 4 (8:14:18 PM  Nov 08, 2023)
[info] Project:clt_sweep_3830um_120um, Setup : [CONVERGE] Pass Number:  4;  Solved Elements:  853188;  Max Delta Freq. %:  0.22797;   (8:14:19 PM  Nov 08, 2023)
[info] Project:clt_sweep_3830um_120um, Setup : [PROFILE] Adaptive Pass 5 : Eigenmode Solution (8:14:19 PM  Nov 08, 2023)
[info] Project:clt_sweep_3830um_120um, Setup : [PROFILE] Mesh (volume, adaptive) : Real Time 00:00:56 : CPU Time 00:00:56 : Memory 758 M : 951183 tetrahedra (8:15:15 PM  Nov 08, 2023)
[info] Project:clt_sweep_3830um_120um, Setup : [PROFILE] Simulation Setup : Real Time 00:00:25 : CPU Time 00:00:25 : Memory 1.43 G : Disk = 0 Bytes (8:15:42 PM  Nov 08, 2023)
[info] Project:clt_sweep_3830um_120um, Setup : [PROFILE] Matrix Assembly : Real Time 00:01:12 : CPU Time 00:01:15 : Memory 6.13 G : Disk = 0 Bytes, 951183 tetrahedra  (8:16:55 PM  Nov 08, 2023)
[info] Project:clt_sweep_3830um_120um, Setup : [PROFILE] EigenSolver DCS16 : Real Time 00:04:49 : CPU Time 00:23:35 : Memory 27 G : Disk = 10.1 MB, matrix size 3175969, matrix bandwidth  18.6, 18 eigen iterations (8:21:44 PM  Nov 08, 2023)
[info] Project:clt_sweep_3830um_120um, Setup : [PROFILE] Field Recovery : Real Time 00:00:12 : CPU Time 00:00:39 : Memory 27 G : Disk = 52 MB, 1 computed eigenmodes, Average Order 0.383571 (8:21:57 PM  Nov 08, 2023)
[info] Project:clt_sweep_3830um_120um, Setup : [PROFILE]        Max Delta Freq. % = 0.14051 at adaptive pass 5 (8:21:57 PM  Nov 08, 2023)
[info] Project:clt_sweep_3830um_120um, Setup : [CONVERGE] Pass Number:  5;  Solved Elements:  951183;  Max Delta Freq. %:  0.14051;   (8:21:57 PM  Nov 08, 2023)
[info] Project:clt_sweep_3830um_120um, Setup : [PROFILE] Adaptive Pass 6 : Eigenmode Solution (8:21:57 PM  Nov 08, 2023)
[info] Project:clt_sweep_3830um_120um, Setup : [PROFILE] Mesh (volume, adaptive) : Real Time 00:01:14 : CPU Time 00:01:14 : Memory 1.01e+03 M : 1200957 tetrahedra (8:23:11 PM  Nov 08, 2023)
[info] Project:clt_sweep_3830um_120um, Setup : [PROFILE] Simulation Setup : Real Time 00:00:40 : CPU Time 00:00:40 : Memory 1.77 G : Disk = 0 Bytes (8:23:52 PM  Nov 08, 2023)
[info] Project:clt_sweep_3830um_120um, Setup : [PROFILE] Matrix Assembly : Real Time 00:02:35 : CPU Time 00:02:30 : Memory 8.98 G : Disk = 0 Bytes, 1200957 tetrahedra  (8:26:28 PM  Nov 08, 2023)
[info] Project:clt_sweep_3830um_120um, Setup : [PROFILE] EigenSolver MCS16 : Real Time 00:15:47 : CPU Time 01:19:39 : Memory 24.2 G : Disk = 22.8 MB, matrix size 4669427, matrix bandwidth  19.5, 17 eigen iterations (8:42:15 PM  Nov 08, 2023)
[info] Project:clt_sweep_3830um_120um, Setup : [PROFILE] Field Recovery : Real Time 00:00:24 : CPU Time 00:01:19 : Memory 24.2 G : Disk = 109 MB, 1 computed eigenmodes, Average Order 0.492747 (8:42:40 PM  Nov 08, 2023)
[info] Project:clt_sweep_3830um_120um, Setup : [PROFILE]        Max Delta Freq. % = 0.03247 at adaptive pass 6 (8:42:40 PM  Nov 08, 2023)
[info] Project:clt_sweep_3830um_120um, Setup : [CONVERGE] Pass Number:  6;  Solved Elements:  1200957;  Max Delta Freq. %:  0.03247;   (8:42:40 PM  Nov 08, 2023)
[info] Project:clt_sweep_3830um_120um, Setup : [PROFILE]        Adaptive Passes converged (8:42:40 PM  Nov 08, 2023)
[info] Project:clt_sweep_3830um_120um, Setup : [PROFILE] Adaptive Meshing : Elapsed time: 00:41:22 (8:42:40 PM  Nov 08, 2023)
[info] Project:clt_sweep_3830um_120um, Setup : [PROFILE] Simulation Summary: (8:42:40 PM  Nov 08, 2023)
[info] Project:clt_sweep_3830um_120um, Setup : [PROFILE] Design Validation : Elapsed time: 00:00:00, total memory: 141 MB (8:42:40 PM  Nov 08, 2023)
[info] Project:clt_sweep_3830um_120um, Setup : [PROFILE] Initial Meshing : Elapsed time: 00:02:32, total memory: 643 MB (8:42:40 PM  Nov 08, 2023)
[info] Project:clt_sweep_3830um_120um, Setup : [PROFILE] Adaptive Meshing : Elapsed time: 00:41:22, total memory: 27 GB, total number of cores: 16 (8:42:40 PM  Nov 08, 2023)
[info] Project:clt_sweep_3830um_120um, Setup : [PROFILE]        max solved tets: 1200957, max matrix size: 4669427, max bandwidth:  19.5 (8:42:40 PM  Nov 08, 2023)
[info] Project:clt_sweep_3830um_120um, Setup : [PROFILE]        Time:  11/08/2023 20:42:40, Status: Normal Completion (8:42:40 PM  Nov 08, 2023)
[info] Project:clt_sweep_3830um_120um, Setup : [PROFILE] Stop : Elapsed time : 00:43:55 , ComEngine Memory : 141 M (8:42:40 PM  Nov 08, 2023)
[info] Project:clt_sweep_3830um_120um, Design:CavitySweep_hfss (Eigenmode), Normal completion of simulation on server: Local Machine. (8:42:40 PM  Nov 08, 2023)
Stopping Batch Run: 8:42:48 PM  Nov 08, 2023
