 
ANSYS Electronics Desktop Version 2021.1.0, Build: 2020-11-16 21:49:12
Location: D:\Program Files\AnsysEM\AnsysEM21.1\Win64\ansysedt.exe
Batch Solve/Save: d:\andre\paper_sweeps\project_storage\clt_sweep_3900um_100um.aedt
Starting Batch Run: 10:22:14 AM  Nov 09, 2023
Running as user: DTS\lfl
Temp directory: D:\lfl\AppData\Local\Temp
Project directory: D:\lfl\Documents\Ansoft
Simulation settings:

Design type: HFSS
Allow off core: True
Using automatic settings
16 optimetrics variations will be solved simultaneously.
Partitions:
Machine: localhost, Cores: 1, GPUs: 0, GPU Indexes:<>, RAM pct: 5.625000
Machine: localhost, Cores: 1, GPUs: 0, GPU Indexes:<>, RAM pct: 5.625000
Machine: localhost, Cores: 1, GPUs: 0, GPU Indexes:<>, RAM pct: 5.625000
Machine: localhost, Cores: 1, GPUs: 0, GPU Indexes:<>, RAM pct: 5.625000
Machine: localhost, Cores: 1, GPUs: 0, GPU Indexes:<>, RAM pct: 5.625000
Machine: localhost, Cores: 1, GPUs: 0, GPU Indexes:<>, RAM pct: 5.625000
Machine: localhost, Cores: 1, GPUs: 0, GPU Indexes:<>, RAM pct: 5.625000
Machine: localhost, Cores: 1, GPUs: 0, GPU Indexes:<>, RAM pct: 5.625000
Machine: localhost, Cores: 1, GPUs: 0, GPU Indexes:<>, RAM pct: 5.625000
Machine: localhost, Cores: 1, GPUs: 0, GPU Indexes:<>, RAM pct: 5.625000
Machine: localhost, Cores: 1, GPUs: 0, GPU Indexes:<>, RAM pct: 5.625000
Machine: localhost, Cores: 1, GPUs: 0, GPU Indexes:<>, RAM pct: 5.625000
Machine: localhost, Cores: 1, GPUs: 0, GPU Indexes:<>, RAM pct: 5.625000
Machine: localhost, Cores: 1, GPUs: 0, GPU Indexes:<>, RAM pct: 5.625000
Machine: localhost, Cores: 1, GPUs: 0, GPU Indexes:<>, RAM pct: 5.625000
Machine: localhost, Cores: 1, GPUs: 0, GPU Indexes:<>, RAM pct: 5.625000

Machines:
localhost RAM: 90%, 16 cores, 1 GPUs

[info] Using command line: "D:\Program Files\AnsysEM\AnsysEM21.1\Win64\ansysedt.exe -jobid RSM_1031 -distributed -machinelist list=localhost:-1:16:90%:1 -auto NumDistributedVariations=16 -monitor -waitforlicense -useelectronicsppe -ng -batchoptions  'HFSS/AllowOffCore'=1 'HFSS/DefaultProcessPriority'='Normal' 'HFSS/EnableGPU'=0 'HFSS/EnableGPUForSBR'=1 'HFSS/MPIVendor'='Intel' 'HFSS/RemoteSpawnCommand'='SSH' -batchsolve d:\andre\paper_sweeps\project_storage\clt_sweep_3900um_100um.aedt".
[info] Project:clt_sweep_3900um_100um, Setup : [PROFILE] Solution Process : Time:  11/09/2023 10:22:19; Host: DTS-MJ0GK06Y; Processor: 32; OS: NT 10.0; HFSS Version 2021.1.0 (10:22:19 AM  Nov 09, 2023)
[info] Project:clt_sweep_3900um_100um, Setup : [PROFILE]        Executing from D:\Program Files\AnsysEM\AnsysEM21.1\Win64\HFSSCOMENGINE.exe (10:22:19 AM  Nov 09, 2023)
[info] Project:clt_sweep_3900um_100um, Setup : [PROFILE]        HPC Enabled (10:22:19 AM  Nov 09, 2023)
[info] Project:clt_sweep_3900um_100um, Setup : [PROFILE]        Allow off core: True (10:22:19 AM  Nov 09, 2023)
[info] Project:clt_sweep_3900um_100um, Setup : [PROFILE]        Using automatic settings (10:22:19 AM  Nov 09, 2023)
[info] Project:clt_sweep_3900um_100um, Setup : [PROFILE]        Machines: (10:22:19 AM  Nov 09, 2023)
[info] Project:clt_sweep_3900um_100um, Setup : [PROFILE]        DTS-MJ0GK06Y [128 GB]: RAM Limit: 90.000000%, 16 cores (10:22:19 AM  Nov 09, 2023)
[info] Project:clt_sweep_3900um_100um, Setup : [PROFILE]        Solution Basis Order: Mixed (10:22:19 AM  Nov 09, 2023)
[error] Project:clt_sweep_3900um_100um, Design:CavitySweep (Eigenmode), There are no objects in the design. (10:22:19 AM  Nov 09, 2023)
[info] Project:clt_sweep_3900um_100um, Setup : [PROFILE] Design Validation : Elapsed time : 00:00:00 , HFSS ComEngine Memory : 126 M (10:22:19 AM  Nov 09, 2023)
[info] Project:clt_sweep_3900um_100um, Setup : [PROFILE]        Perform full validations with standard port validations (10:22:19 AM  Nov 09, 2023)
[info] Project:clt_sweep_3900um_100um, Setup : [PROFILE]        Time:  11/09/2023 10:22:19, Status: Engine Detected Error (10:22:19 AM  Nov 09, 2023)
[info] Project:clt_sweep_3900um_100um, Setup : [PROFILE] Stop : Elapsed time : 00:00:00 , ComEngine Memory : 126 M (10:22:19 AM  Nov 09, 2023)
[error] Project:clt_sweep_3900um_100um, Design:CavitySweep (Eigenmode), Simulation completed with execution error on server: Local Machine. (10:22:19 AM  Nov 09, 2023)
[info] Project:clt_sweep_3900um_100um, Setup : [PROFILE] Solution Process : Time:  11/09/2023 10:22:21; Host: DTS-MJ0GK06Y; Processor: 32; OS: NT 10.0; HFSS Version 2021.1.0 (10:22:21 AM  Nov 09, 2023)
[info] Project:clt_sweep_3900um_100um, Setup : [PROFILE]        Executing from D:\Program Files\AnsysEM\AnsysEM21.1\Win64\HFSSCOMENGINE.exe (10:22:21 AM  Nov 09, 2023)
[info] Project:clt_sweep_3900um_100um, Setup : [PROFILE]        HPC Enabled (10:22:21 AM  Nov 09, 2023)
[info] Project:clt_sweep_3900um_100um, Setup : [PROFILE]        Allow off core: True (10:22:21 AM  Nov 09, 2023)
[info] Project:clt_sweep_3900um_100um, Setup : [PROFILE]        Using automatic settings (10:22:21 AM  Nov 09, 2023)
[info] Project:clt_sweep_3900um_100um, Setup : [PROFILE]        Machines: (10:22:21 AM  Nov 09, 2023)
[info] Project:clt_sweep_3900um_100um, Setup : [PROFILE]        DTS-MJ0GK06Y [128 GB]: RAM Limit: 90.000000%, 16 cores (10:22:21 AM  Nov 09, 2023)
[info] Project:clt_sweep_3900um_100um, Setup : [PROFILE]        Solution Basis Order: Mixed (10:22:21 AM  Nov 09, 2023)
[info] Project:clt_sweep_3900um_100um, Setup : [PROFILE] Design Validation : Elapsed time : 00:00:00 , HFSS ComEngine Memory : 144 M (10:22:21 AM  Nov 09, 2023)
[info] Project:clt_sweep_3900um_100um, Setup : [PROFILE]        Perform full validations with standard port validations (10:22:21 AM  Nov 09, 2023)
[info] Project:clt_sweep_3900um_100um, Setup : [PROFILE] Initial Meshing : Time:  11/09/2023 10:22:21 (10:22:21 AM  Nov 09, 2023)
[info] Project:clt_sweep_3900um_100um, Setup : [PROFILE] Volume (10:22:21 AM  Nov 09, 2023)
[info] Project:clt_sweep_3900um_100um, Setup : [PROFILE] Mesh Phi : Real Time 00:00:00 : CPU Time 00:00:00 : Memory 69.9 M : 2038 tetrahedra (10:22:22 AM  Nov 09, 2023)
[info] Project:clt_sweep_3900um_100um, Setup : [PROFILE] Mesh Post : Real Time 00:00:00 : CPU Time 00:00:00 : Memory 71.1 M : 2722 tetrahedra (10:22:22 AM  Nov 09, 2023)
[info] Project:clt_sweep_3900um_100um, Setup : [PROFILE] Mesh Refinement : Manual Seed Based (10:22:22 AM  Nov 09, 2023)
[info] Project:clt_sweep_3900um_100um, Setup : [PROFILE] Mesh (volume, seed) : Real Time 00:02:12 : CPU Time 00:02:12 : Memory 660 M : 589989 tetrahedra (10:24:35 AM  Nov 09, 2023)
[info] Project:clt_sweep_3900um_100um, Setup : [PROFILE] Mesh Refinement : Lambda Based (10:24:35 AM  Nov 09, 2023)
[info] Project:clt_sweep_3900um_100um, Setup : [PROFILE] Mesh (lambda based) : Real Time 00:00:22 : CPU Time 00:00:22 : Memory 456 M : 592402 tetrahedra (10:24:58 AM  Nov 09, 2023)
[info] Project:clt_sweep_3900um_100um, Setup : [PROFILE]        port_mesh, mesh1, mesh_ground_strip (10:24:58 AM  Nov 09, 2023)
[info] Project:clt_sweep_3900um_100um, Setup : [PROFILE] Initial Meshing : Elapsed time: 00:02:36 (10:24:58 AM  Nov 09, 2023)
[info] Project:clt_sweep_3900um_100um, Setup : [PROFILE] Adaptive Meshing : Time:  11/09/2023 10:24:58 (10:24:58 AM  Nov 09, 2023)
[info] Project:clt_sweep_3900um_100um, Setup : [PROFILE] Adaptive Pass 1 : Eigenmode Solution (10:24:58 AM  Nov 09, 2023)
[info] Project:clt_sweep_3900um_100um, Setup : [PROFILE] Simulation Setup : Real Time 00:00:14 : CPU Time 00:00:14 : Memory 922 M : Disk = 0 Bytes (10:25:12 AM  Nov 09, 2023)
[info] Project:clt_sweep_3900um_100um, Setup : [PROFILE] Matrix Assembly : Real Time 00:00:12 : CPU Time 00:00:15 : Memory 1.38 G : Disk = 0 Bytes, 592402 tetrahedra  (10:25:24 AM  Nov 09, 2023)
[info] Project:clt_sweep_3900um_100um, Setup : [PROFILE] EigenSolver DCS16 : Real Time 00:00:21 : CPU Time 00:02:42 : Memory 3.93 G : Disk = 9.96 MB, matrix size 652445, matrix bandwidth   8.4, 19 eigen iterations (10:25:46 AM  Nov 09, 2023)
[info] Project:clt_sweep_3900um_100um, Setup : [PROFILE] Field Recovery : Real Time 00:00:07 : CPU Time 00:00:22 : Memory 3.93 G : Disk = 214 MB, 1 computed eigenmodes, Average Order 0.004072 (10:25:53 AM  Nov 09, 2023)
[info] Project:clt_sweep_3900um_100um, Setup : [CONVERGE] Pass Number:  1;  Solved Elements:  592402;  Max Delta Freq. %:  N/A;   (10:25:53 AM  Nov 09, 2023)
[info] Project:clt_sweep_3900um_100um, Setup : [PROFILE] Adaptive Pass 2 : Eigenmode Solution (10:25:53 AM  Nov 09, 2023)
[info] Project:clt_sweep_3900um_100um, Setup : [PROFILE] Mesh (volume, adaptive) : Real Time 00:00:50 : CPU Time 00:00:50 : Memory 607 M : 733763 tetrahedra (10:26:44 AM  Nov 09, 2023)
[info] Project:clt_sweep_3900um_100um, Setup : [PROFILE] Simulation Setup : Real Time 00:00:24 : CPU Time 00:00:23 : Memory 1.11 G : Disk = 0 Bytes (10:27:09 AM  Nov 09, 2023)
[info] Project:clt_sweep_3900um_100um, Setup : [PROFILE] Matrix Assembly : Real Time 00:00:33 : CPU Time 00:00:35 : Memory 2.67 G : Disk = 0 Bytes, 733763 tetrahedra  (10:27:42 AM  Nov 09, 2023)
[info] Project:clt_sweep_3900um_100um, Setup : [PROFILE] EigenSolver DCS16 : Real Time 00:00:56 : CPU Time 00:05:53 : Memory 9.23 G : Disk = 10.6 MB, matrix size 1344350, matrix bandwidth  14.2, 17 eigen iterations (10:28:38 AM  Nov 09, 2023)
[info] Project:clt_sweep_3900um_100um, Setup : [PROFILE] Field Recovery : Real Time 00:00:09 : CPU Time 00:00:26 : Memory 9.23 G : Disk = 62.4 MB, 1 computed eigenmodes, Average Order 0.110293 (10:28:48 AM  Nov 09, 2023)
[info] Project:clt_sweep_3900um_100um, Setup : [PROFILE]        Max Delta Freq. % = 7.57717 at adaptive pass 2 (10:28:48 AM  Nov 09, 2023)
[info] Project:clt_sweep_3900um_100um, Setup : [CONVERGE] Pass Number:  2;  Solved Elements:  733763;  Max Delta Freq. %:  7.5772;   (10:28:48 AM  Nov 09, 2023)
[info] Project:clt_sweep_3900um_100um, Setup : [PROFILE] Adaptive Pass 3 : Eigenmode Solution (10:28:48 AM  Nov 09, 2023)
[info] Project:clt_sweep_3900um_100um, Setup : [PROFILE] Mesh (volume, adaptive) : Real Time 00:00:35 : CPU Time 00:00:35 : Memory 615 M : 782450 tetrahedra (10:29:24 AM  Nov 09, 2023)
[info] Project:clt_sweep_3900um_100um, Setup : [PROFILE] Simulation Setup : Real Time 00:00:27 : CPU Time 00:00:27 : Memory 1.18 G : Disk = 0 Bytes (10:29:52 AM  Nov 09, 2023)
[info] Project:clt_sweep_3900um_100um, Setup : [PROFILE] Matrix Assembly : Real Time 00:00:43 : CPU Time 00:00:46 : Memory 3.59 G : Disk = 0 Bytes, 782450 tetrahedra  (10:30:35 AM  Nov 09, 2023)
[info] Project:clt_sweep_3900um_100um, Setup : [PROFILE] EigenSolver DCS16 : Real Time 00:01:36 : CPU Time 00:08:29 : Memory 13.2 G : Disk = 7.51 MB, matrix size 1836673, matrix bandwidth  16.3, 17 eigen iterations (10:32:12 AM  Nov 09, 2023)
[info] Project:clt_sweep_3900um_100um, Setup : [PROFILE] Field Recovery : Real Time 00:00:09 : CPU Time 00:00:28 : Memory 13.2 G : Disk = 31.8 MB, 1 computed eigenmodes, Average Order 0.201222 (10:32:21 AM  Nov 09, 2023)
[info] Project:clt_sweep_3900um_100um, Setup : [PROFILE]        Max Delta Freq. % = 0.79878 at adaptive pass 3 (10:32:21 AM  Nov 09, 2023)
[info] Project:clt_sweep_3900um_100um, Setup : [CONVERGE] Pass Number:  3;  Solved Elements:  782450;  Max Delta Freq. %:  0.79878;   (10:32:21 AM  Nov 09, 2023)
[info] Project:clt_sweep_3900um_100um, Setup : [PROFILE] Adaptive Pass 4 : Eigenmode Solution (10:32:21 AM  Nov 09, 2023)
[info] Project:clt_sweep_3900um_100um, Setup : [PROFILE] Mesh (volume, adaptive) : Real Time 00:00:26 : CPU Time 00:00:26 : Memory 632 M : 820444 tetrahedra (10:32:48 AM  Nov 09, 2023)
[info] Project:clt_sweep_3900um_100um, Setup : [PROFILE] Simulation Setup : Real Time 00:00:22 : CPU Time 00:00:22 : Memory 1.23 G : Disk = 0 Bytes (10:33:11 AM  Nov 09, 2023)
[info] Project:clt_sweep_3900um_100um, Setup : [PROFILE] Matrix Assembly : Real Time 00:01:03 : CPU Time 00:01:06 : Memory 4.54 G : Disk = 0 Bytes, 820444 tetrahedra  (10:34:15 AM  Nov 09, 2023)
[info] Project:clt_sweep_3900um_100um, Setup : [PROFILE] EigenSolver DCS16 : Real Time 00:02:55 : CPU Time 00:15:25 : Memory 19 G : Disk = 7.76 MB, matrix size 2345334, matrix bandwidth  17.6, 17 eigen iterations (10:37:11 AM  Nov 09, 2023)
[info] Project:clt_sweep_3900um_100um, Setup : [PROFILE] Field Recovery : Real Time 00:00:11 : CPU Time 00:00:31 : Memory 19 G : Disk = 28.9 MB, 1 computed eigenmodes, Average Order 0.291118 (10:37:22 AM  Nov 09, 2023)
[info] Project:clt_sweep_3900um_100um, Setup : [PROFILE]        Max Delta Freq. % = 0.23783 at adaptive pass 4 (10:37:22 AM  Nov 09, 2023)
[info] Project:clt_sweep_3900um_100um, Setup : [CONVERGE] Pass Number:  4;  Solved Elements:  820444;  Max Delta Freq. %:  0.23783;   (10:37:22 AM  Nov 09, 2023)
[info] Project:clt_sweep_3900um_100um, Setup : [PROFILE] Adaptive Pass 5 : Eigenmode Solution (10:37:22 AM  Nov 09, 2023)
[info] Project:clt_sweep_3900um_100um, Setup : [PROFILE] Mesh (volume, adaptive) : Real Time 00:00:50 : CPU Time 00:00:51 : Memory 770 M : 949983 tetrahedra (10:38:13 AM  Nov 09, 2023)
[info] Project:clt_sweep_3900um_100um, Setup : [PROFILE] Simulation Setup : Real Time 00:00:27 : CPU Time 00:00:27 : Memory 1.43 G : Disk = 0 Bytes (10:38:41 AM  Nov 09, 2023)
[info] Project:clt_sweep_3900um_100um, Setup : [PROFILE] Matrix Assembly : Real Time 00:01:00 : CPU Time 00:01:03 : Memory 6.16 G : Disk = 0 Bytes, 949983 tetrahedra  (10:39:41 AM  Nov 09, 2023)
[info] Project:clt_sweep_3900um_100um, Setup : [PROFILE] EigenSolver DCS16 : Real Time 00:04:42 : CPU Time 00:25:11 : Memory 26.9 G : Disk = 12.8 MB, matrix size 3187001, matrix bandwidth  18.7, 18 eigen iterations (10:44:24 AM  Nov 09, 2023)
[info] Project:clt_sweep_3900um_100um, Setup : [PROFILE] Field Recovery : Real Time 00:00:21 : CPU Time 00:01:14 : Memory 26.9 G : Disk = 62.7 MB, 1 computed eigenmodes, Average Order 0.387464 (10:44:45 AM  Nov 09, 2023)
[info] Project:clt_sweep_3900um_100um, Setup : [PROFILE]        Max Delta Freq. % = 0.13085 at adaptive pass 5 (10:44:45 AM  Nov 09, 2023)
[info] Project:clt_sweep_3900um_100um, Setup : [CONVERGE] Pass Number:  5;  Solved Elements:  949983;  Max Delta Freq. %:  0.13085;   (10:44:46 AM  Nov 09, 2023)
[info] Project:clt_sweep_3900um_100um, Setup : [PROFILE] Adaptive Pass 6 : Eigenmode Solution (10:44:46 AM  Nov 09, 2023)
[info] Project:clt_sweep_3900um_100um, Setup : [PROFILE] Mesh (volume, adaptive) : Real Time 00:01:13 : CPU Time 00:01:13 : Memory 887 M : 1121188 tetrahedra (10:45:59 AM  Nov 09, 2023)
[info] Project:clt_sweep_3900um_100um, Setup : [PROFILE] Simulation Setup : Real Time 00:00:33 : CPU Time 00:00:33 : Memory 1.66 G : Disk = 0 Bytes (10:46:33 AM  Nov 09, 2023)
[info] Project:clt_sweep_3900um_100um, Setup : [PROFILE] Matrix Assembly : Real Time 00:01:15 : CPU Time 00:01:19 : Memory 8.21 G : Disk = 0 Bytes, 1121188 tetrahedra  (10:47:49 AM  Nov 09, 2023)
[info] Project:clt_sweep_3900um_100um, Setup : [PROFILE] EigenSolver DCS16 : Real Time 00:06:42 : CPU Time 00:32:36 : Memory 36.7 G : Disk = 16.4 MB, matrix size 4262089, matrix bandwidth  19.4, 17 eigen iterations (10:54:31 AM  Nov 09, 2023)
[info] Project:clt_sweep_3900um_100um, Setup : [PROFILE] Field Recovery : Real Time 00:00:15 : CPU Time 00:00:43 : Memory 36.7 G : Disk = 80.5 MB, 1 computed eigenmodes, Average Order 0.476644 (10:54:46 AM  Nov 09, 2023)
[info] Project:clt_sweep_3900um_100um, Setup : [PROFILE]        Max Delta Freq. % = 0.06273 at adaptive pass 6 (10:54:46 AM  Nov 09, 2023)
[info] Project:clt_sweep_3900um_100um, Setup : [CONVERGE] Pass Number:  6;  Solved Elements:  1121188;  Max Delta Freq. %:  0.062733;   (10:54:47 AM  Nov 09, 2023)
[info] Project:clt_sweep_3900um_100um, Setup : [PROFILE]        Adaptive Passes converged (10:54:47 AM  Nov 09, 2023)
[info] Project:clt_sweep_3900um_100um, Setup : [PROFILE] Adaptive Meshing : Elapsed time: 00:29:48 (10:54:47 AM  Nov 09, 2023)
[info] Project:clt_sweep_3900um_100um, Setup : [PROFILE] Simulation Summary: (10:54:47 AM  Nov 09, 2023)
[info] Project:clt_sweep_3900um_100um, Setup : [PROFILE] Design Validation : Elapsed time: 00:00:00, total memory: 144 MB (10:54:47 AM  Nov 09, 2023)
[info] Project:clt_sweep_3900um_100um, Setup : [PROFILE] Initial Meshing : Elapsed time: 00:02:36, total memory: 660 MB (10:54:47 AM  Nov 09, 2023)
[info] Project:clt_sweep_3900um_100um, Setup : [PROFILE] Adaptive Meshing : Elapsed time: 00:29:48, total memory: 36.7 GB, total number of cores: 16 (10:54:47 AM  Nov 09, 2023)
[info] Project:clt_sweep_3900um_100um, Setup : [PROFILE]        max solved tets: 1121188, max matrix size: 4262089, max bandwidth:  19.4 (10:54:47 AM  Nov 09, 2023)
[info] Project:clt_sweep_3900um_100um, Setup : [PROFILE]        Time:  11/09/2023 10:54:47, Status: Normal Completion (10:54:47 AM  Nov 09, 2023)
[info] Project:clt_sweep_3900um_100um, Setup : [PROFILE] Stop : Elapsed time : 00:32:25 , ComEngine Memory : 144 M (10:54:47 AM  Nov 09, 2023)
[info] Project:clt_sweep_3900um_100um, Design:CavitySweep_hfss (Eigenmode), Normal completion of simulation on server: Local Machine. (10:54:48 AM  Nov 09, 2023)
Stopping Batch Run: 10:54:55 AM  Nov 09, 2023
