 
ANSYS Electronics Desktop Version 2021.1.0, Build: 2020-11-16 21:49:12
Location: D:\Program Files\AnsysEM\AnsysEM21.1\Win64\ansysedt.exe
Batch Solve/Save: d:\andre\paper_sweeps\project_storage\clt_sweep_3830um_90um.aedt
Starting Batch Run: 10:21:34 AM  Nov 09, 2023
Running as user: DTS\lfl
Temp directory: D:\lfl\AppData\Local\Temp
Project directory: D:\lfl\Documents\Ansoft
Simulation settings:

Design type: HFSS
Allow off core: True
Using automatic settings
16 optimetrics variations will be solved simultaneously.
Partitions:
Machine: localhost, Cores: 1, GPUs: 0, GPU Indexes:<>, RAM pct: 5.625000
Machine: localhost, Cores: 1, GPUs: 0, GPU Indexes:<>, RAM pct: 5.625000
Machine: localhost, Cores: 1, GPUs: 0, GPU Indexes:<>, RAM pct: 5.625000
Machine: localhost, Cores: 1, GPUs: 0, GPU Indexes:<>, RAM pct: 5.625000
Machine: localhost, Cores: 1, GPUs: 0, GPU Indexes:<>, RAM pct: 5.625000
Machine: localhost, Cores: 1, GPUs: 0, GPU Indexes:<>, RAM pct: 5.625000
Machine: localhost, Cores: 1, GPUs: 0, GPU Indexes:<>, RAM pct: 5.625000
Machine: localhost, Cores: 1, GPUs: 0, GPU Indexes:<>, RAM pct: 5.625000
Machine: localhost, Cores: 1, GPUs: 0, GPU Indexes:<>, RAM pct: 5.625000
Machine: localhost, Cores: 1, GPUs: 0, GPU Indexes:<>, RAM pct: 5.625000
Machine: localhost, Cores: 1, GPUs: 0, GPU Indexes:<>, RAM pct: 5.625000
Machine: localhost, Cores: 1, GPUs: 0, GPU Indexes:<>, RAM pct: 5.625000
Machine: localhost, Cores: 1, GPUs: 0, GPU Indexes:<>, RAM pct: 5.625000
Machine: localhost, Cores: 1, GPUs: 0, GPU Indexes:<>, RAM pct: 5.625000
Machine: localhost, Cores: 1, GPUs: 0, GPU Indexes:<>, RAM pct: 5.625000
Machine: localhost, Cores: 1, GPUs: 0, GPU Indexes:<>, RAM pct: 5.625000

Machines:
localhost RAM: 90%, 16 cores, 1 GPUs

[info] Using command line: "D:\Program Files\AnsysEM\AnsysEM21.1\Win64\ansysedt.exe -jobid RSM_1031 -distributed -machinelist list=localhost:-1:16:90%:1 -auto NumDistributedVariations=16 -monitor -waitforlicense -useelectronicsppe -ng -batchoptions  'HFSS/AllowOffCore'=1 'HFSS/DefaultProcessPriority'='Normal' 'HFSS/EnableGPU'=0 'HFSS/EnableGPUForSBR'=1 'HFSS/MPIVendor'='Intel' 'HFSS/RemoteSpawnCommand'='SSH' -batchsolve d:\andre\paper_sweeps\project_storage\clt_sweep_3830um_90um.aedt".
[info] Project:clt_sweep_3830um_90um, Setup : [PROFILE] Solution Process : Time:  11/09/2023 10:21:38; Host: DTS-MJ0GK06Y; Processor: 32; OS: NT 10.0; HFSS Version 2021.1.0 (10:21:38 AM  Nov 09, 2023)
[info] Project:clt_sweep_3830um_90um, Setup : [PROFILE]        Executing from D:\Program Files\AnsysEM\AnsysEM21.1\Win64\HFSSCOMENGINE.exe (10:21:38 AM  Nov 09, 2023)
[info] Project:clt_sweep_3830um_90um, Setup : [PROFILE]        HPC Enabled (10:21:38 AM  Nov 09, 2023)
[info] Project:clt_sweep_3830um_90um, Setup : [PROFILE]        Allow off core: True (10:21:38 AM  Nov 09, 2023)
[info] Project:clt_sweep_3830um_90um, Setup : [PROFILE]        Using automatic settings (10:21:38 AM  Nov 09, 2023)
[info] Project:clt_sweep_3830um_90um, Setup : [PROFILE]        Machines: (10:21:38 AM  Nov 09, 2023)
[info] Project:clt_sweep_3830um_90um, Setup : [PROFILE]        DTS-MJ0GK06Y [128 GB]: RAM Limit: 90.000000%, 16 cores (10:21:38 AM  Nov 09, 2023)
[info] Project:clt_sweep_3830um_90um, Setup : [PROFILE]        Solution Basis Order: Mixed (10:21:38 AM  Nov 09, 2023)
[error] Project:clt_sweep_3830um_90um, Design:CavitySweep (Eigenmode), There are no objects in the design. (10:21:38 AM  Nov 09, 2023)
[info] Project:clt_sweep_3830um_90um, Setup : [PROFILE] Design Validation : Elapsed time : 00:00:00 , HFSS ComEngine Memory : 126 M (10:21:38 AM  Nov 09, 2023)
[info] Project:clt_sweep_3830um_90um, Setup : [PROFILE]        Perform full validations with standard port validations (10:21:38 AM  Nov 09, 2023)
[info] Project:clt_sweep_3830um_90um, Setup : [PROFILE]        Time:  11/09/2023 10:21:38, Status: Engine Detected Error (10:21:38 AM  Nov 09, 2023)
[info] Project:clt_sweep_3830um_90um, Setup : [PROFILE] Stop : Elapsed time : 00:00:00 , ComEngine Memory : 126 M (10:21:38 AM  Nov 09, 2023)
[error] Project:clt_sweep_3830um_90um, Design:CavitySweep (Eigenmode), Simulation completed with execution error on server: Local Machine. (10:21:39 AM  Nov 09, 2023)
[info] Project:clt_sweep_3830um_90um, Setup : [PROFILE] Solution Process : Time:  11/09/2023 10:21:41; Host: DTS-MJ0GK06Y; Processor: 32; OS: NT 10.0; HFSS Version 2021.1.0 (10:21:41 AM  Nov 09, 2023)
[info] Project:clt_sweep_3830um_90um, Setup : [PROFILE]        Executing from D:\Program Files\AnsysEM\AnsysEM21.1\Win64\HFSSCOMENGINE.exe (10:21:41 AM  Nov 09, 2023)
[info] Project:clt_sweep_3830um_90um, Setup : [PROFILE]        HPC Enabled (10:21:41 AM  Nov 09, 2023)
[info] Project:clt_sweep_3830um_90um, Setup : [PROFILE]        Allow off core: True (10:21:41 AM  Nov 09, 2023)
[info] Project:clt_sweep_3830um_90um, Setup : [PROFILE]        Using automatic settings (10:21:41 AM  Nov 09, 2023)
[info] Project:clt_sweep_3830um_90um, Setup : [PROFILE]        Machines: (10:21:41 AM  Nov 09, 2023)
[info] Project:clt_sweep_3830um_90um, Setup : [PROFILE]        DTS-MJ0GK06Y [128 GB]: RAM Limit: 90.000000%, 16 cores (10:21:41 AM  Nov 09, 2023)
[info] Project:clt_sweep_3830um_90um, Setup : [PROFILE]        Solution Basis Order: Mixed (10:21:41 AM  Nov 09, 2023)
[info] Project:clt_sweep_3830um_90um, Setup : [PROFILE] Design Validation : Elapsed time : 00:00:00 , HFSS ComEngine Memory : 140 M (10:21:41 AM  Nov 09, 2023)
[info] Project:clt_sweep_3830um_90um, Setup : [PROFILE]        Perform full validations with standard port validations (10:21:41 AM  Nov 09, 2023)
[info] Project:clt_sweep_3830um_90um, Setup : [PROFILE] Initial Meshing : Time:  11/09/2023 10:21:41 (10:21:41 AM  Nov 09, 2023)
[info] Project:clt_sweep_3830um_90um, Setup : [PROFILE] Volume (10:21:41 AM  Nov 09, 2023)
[info] Project:clt_sweep_3830um_90um, Setup : [PROFILE] Mesh Phi : Real Time 00:00:00 : CPU Time 00:00:00 : Memory 70.2 M : 2042 tetrahedra (10:21:42 AM  Nov 09, 2023)
[info] Project:clt_sweep_3830um_90um, Setup : [PROFILE] Mesh Post : Real Time 00:00:00 : CPU Time 00:00:00 : Memory 72.6 M : 2042 tetrahedra (10:21:42 AM  Nov 09, 2023)
[info] Project:clt_sweep_3830um_90um, Setup : [PROFILE] Mesh Refinement : Manual Seed Based (10:21:42 AM  Nov 09, 2023)
[info] Project:clt_sweep_3830um_90um, Setup : [PROFILE] Mesh (volume, seed) : Real Time 00:02:03 : CPU Time 00:02:03 : Memory 634 M : 561563 tetrahedra (10:23:46 AM  Nov 09, 2023)
[info] Project:clt_sweep_3830um_90um, Setup : [PROFILE] Mesh Refinement : Lambda Based (10:23:46 AM  Nov 09, 2023)
[info] Project:clt_sweep_3830um_90um, Setup : [PROFILE] Mesh (lambda based) : Real Time 00:00:22 : CPU Time 00:00:22 : Memory 439 M : 563662 tetrahedra (10:24:08 AM  Nov 09, 2023)
[info] Project:clt_sweep_3830um_90um, Setup : [PROFILE]        port_mesh, mesh1, mesh_ground_strip (10:24:09 AM  Nov 09, 2023)
[info] Project:clt_sweep_3830um_90um, Setup : [PROFILE] Initial Meshing : Elapsed time: 00:02:27 (10:24:09 AM  Nov 09, 2023)
[info] Project:clt_sweep_3830um_90um, Setup : [PROFILE] Adaptive Meshing : Time:  11/09/2023 10:24:09 (10:24:09 AM  Nov 09, 2023)
[info] Project:clt_sweep_3830um_90um, Setup : [PROFILE] Adaptive Pass 1 : Eigenmode Solution (10:24:09 AM  Nov 09, 2023)
[info] Project:clt_sweep_3830um_90um, Setup : [PROFILE] Simulation Setup : Real Time 00:00:13 : CPU Time 00:00:13 : Memory 881 M : Disk = 0 Bytes (10:24:22 AM  Nov 09, 2023)
[info] Project:clt_sweep_3830um_90um, Setup : [PROFILE] Matrix Assembly : Real Time 00:00:11 : CPU Time 00:00:14 : Memory 1.31 G : Disk = 0 Bytes, 563662 tetrahedra  (10:24:34 AM  Nov 09, 2023)
[info] Project:clt_sweep_3830um_90um, Setup : [PROFILE] EigenSolver DCS16 : Real Time 00:00:20 : CPU Time 00:02:37 : Memory 3.72 G : Disk = 9.44 MB, matrix size 618749, matrix bandwidth   8.3, 19 eigen iterations (10:24:54 AM  Nov 09, 2023)
[info] Project:clt_sweep_3830um_90um, Setup : [PROFILE] Field Recovery : Real Time 00:00:06 : CPU Time 00:00:21 : Memory 3.72 G : Disk = 203 MB, 1 computed eigenmodes, Average Order 0.004100 (10:25:01 AM  Nov 09, 2023)
[info] Project:clt_sweep_3830um_90um, Setup : [CONVERGE] Pass Number:  1;  Solved Elements:  563662;  Max Delta Freq. %:  N/A;   (10:25:01 AM  Nov 09, 2023)
[info] Project:clt_sweep_3830um_90um, Setup : [PROFILE] Adaptive Pass 2 : Eigenmode Solution (10:25:01 AM  Nov 09, 2023)
[info] Project:clt_sweep_3830um_90um, Setup : [PROFILE] Mesh (volume, adaptive) : Real Time 00:00:49 : CPU Time 00:00:49 : Memory 609 M : 724022 tetrahedra (10:25:51 AM  Nov 09, 2023)
[info] Project:clt_sweep_3830um_90um, Setup : [PROFILE] Simulation Setup : Real Time 00:00:19 : CPU Time 00:00:19 : Memory 1.09 G : Disk = 0 Bytes (10:26:10 AM  Nov 09, 2023)
[info] Project:clt_sweep_3830um_90um, Setup : [PROFILE] Matrix Assembly : Real Time 00:00:34 : CPU Time 00:00:37 : Memory 2.67 G : Disk = 0 Bytes, 724022 tetrahedra  (10:26:45 AM  Nov 09, 2023)
[info] Project:clt_sweep_3830um_90um, Setup : [PROFILE] EigenSolver DCS16 : Real Time 00:00:59 : CPU Time 00:05:56 : Memory 9.22 G : Disk = 11.1 MB, matrix size 1344380, matrix bandwidth  14.3, 17 eigen iterations (10:27:44 AM  Nov 09, 2023)
[info] Project:clt_sweep_3830um_90um, Setup : [PROFILE] Field Recovery : Real Time 00:00:09 : CPU Time 00:00:26 : Memory 9.22 G : Disk = 68.7 MB, 1 computed eigenmodes, Average Order 0.113635 (10:27:53 AM  Nov 09, 2023)
[info] Project:clt_sweep_3830um_90um, Setup : [PROFILE]        Max Delta Freq. % = 7.75818 at adaptive pass 2 (10:27:53 AM  Nov 09, 2023)
[info] Project:clt_sweep_3830um_90um, Setup : [CONVERGE] Pass Number:  2;  Solved Elements:  724022;  Max Delta Freq. %:  7.7582;   (10:27:53 AM  Nov 09, 2023)
[info] Project:clt_sweep_3830um_90um, Setup : [PROFILE] Adaptive Pass 3 : Eigenmode Solution (10:27:53 AM  Nov 09, 2023)
[info] Project:clt_sweep_3830um_90um, Setup : [PROFILE] Mesh (volume, adaptive) : Real Time 00:00:46 : CPU Time 00:00:46 : Memory 672 M : 832624 tetrahedra (10:28:40 AM  Nov 09, 2023)
[info] Project:clt_sweep_3830um_90um, Setup : [PROFILE] Simulation Setup : Real Time 00:00:21 : CPU Time 00:00:21 : Memory 1.24 G : Disk = 0 Bytes (10:29:02 AM  Nov 09, 2023)
[info] Project:clt_sweep_3830um_90um, Setup : [PROFILE] Matrix Assembly : Real Time 00:00:53 : CPU Time 00:00:56 : Memory 4.2 G : Disk = 0 Bytes, 832624 tetrahedra  (10:29:56 AM  Nov 09, 2023)
[info] Project:clt_sweep_3830um_90um, Setup : [PROFILE] EigenSolver DCS16 : Real Time 00:02:01 : CPU Time 00:10:00 : Memory 15.8 G : Disk = 12.4 MB, matrix size 2157497, matrix bandwidth  17.1, 17 eigen iterations (10:31:57 AM  Nov 09, 2023)
[info] Project:clt_sweep_3830um_90um, Setup : [PROFILE] Field Recovery : Real Time 00:00:11 : CPU Time 00:00:32 : Memory 15.8 G : Disk = 53.2 MB, 1 computed eigenmodes, Average Order 0.244624 (10:32:08 AM  Nov 09, 2023)
[info] Project:clt_sweep_3830um_90um, Setup : [PROFILE]        Max Delta Freq. % = 0.70221 at adaptive pass 3 (10:32:08 AM  Nov 09, 2023)
[info] Project:clt_sweep_3830um_90um, Setup : [CONVERGE] Pass Number:  3;  Solved Elements:  832624;  Max Delta Freq. %:  0.70221;   (10:32:08 AM  Nov 09, 2023)
[info] Project:clt_sweep_3830um_90um, Setup : [PROFILE] Adaptive Pass 4 : Eigenmode Solution (10:32:08 AM  Nov 09, 2023)
[info] Project:clt_sweep_3830um_90um, Setup : [PROFILE] Mesh (volume, adaptive) : Real Time 00:00:45 : CPU Time 00:00:45 : Memory 771 M : 957517 tetrahedra (10:32:54 AM  Nov 09, 2023)
[info] Project:clt_sweep_3830um_90um, Setup : [PROFILE] Simulation Setup : Real Time 00:00:33 : CPU Time 00:00:33 : Memory 1.44 G : Disk = 0 Bytes (10:33:28 AM  Nov 09, 2023)
[info] Project:clt_sweep_3830um_90um, Setup : [PROFILE] Matrix Assembly : Real Time 00:01:20 : CPU Time 00:01:22 : Memory 6.17 G : Disk = 0 Bytes, 957517 tetrahedra  (10:34:48 AM  Nov 09, 2023)
[info] Project:clt_sweep_3830um_90um, Setup : [PROFILE] EigenSolver DCS16 : Real Time 00:03:34 : CPU Time 00:18:27 : Memory 25.8 G : Disk = 15.8 MB, matrix size 3194309, matrix bandwidth  18.6, 18 eigen iterations (10:38:23 AM  Nov 09, 2023)
[info] Project:clt_sweep_3830um_90um, Setup : [PROFILE] Field Recovery : Real Time 00:00:12 : CPU Time 00:00:35 : Memory 25.8 G : Disk = 61.3 MB, 1 computed eigenmodes, Average Order 0.378209 (10:38:35 AM  Nov 09, 2023)
[info] Project:clt_sweep_3830um_90um, Setup : [PROFILE]        Max Delta Freq. % = 0.29235 at adaptive pass 4 (10:38:35 AM  Nov 09, 2023)
[info] Project:clt_sweep_3830um_90um, Setup : [CONVERGE] Pass Number:  4;  Solved Elements:  957517;  Max Delta Freq. %:  0.29235;   (10:38:35 AM  Nov 09, 2023)
[info] Project:clt_sweep_3830um_90um, Setup : [PROFILE] Adaptive Pass 5 : Eigenmode Solution (10:38:35 AM  Nov 09, 2023)
[info] Project:clt_sweep_3830um_90um, Setup : [PROFILE] Mesh (volume, adaptive) : Real Time 00:01:09 : CPU Time 00:01:09 : Memory 887 M : 1122615 tetrahedra (10:39:45 AM  Nov 09, 2023)
[info] Project:clt_sweep_3830um_90um, Setup : [PROFILE] Simulation Setup : Real Time 00:00:40 : CPU Time 00:00:40 : Memory 1.66 G : Disk = 0 Bytes (10:40:27 AM  Nov 09, 2023)
[info] Project:clt_sweep_3830um_90um, Setup : [PROFILE] Matrix Assembly : Real Time 00:02:04 : CPU Time 00:02:03 : Memory 8.24 G : Disk = 0 Bytes, 1122615 tetrahedra  (10:42:31 AM  Nov 09, 2023)
[info] Project:clt_sweep_3830um_90um, Setup : [PROFILE] EigenSolver DCS16 : Real Time 00:05:02 : CPU Time 00:28:39 : Memory 36.9 G : Disk = 16.6 MB, matrix size 4281390, matrix bandwidth  19.4, 18 eigen iterations (10:47:33 AM  Nov 09, 2023)
[info] Project:clt_sweep_3830um_90um, Setup : [PROFILE] Field Recovery : Real Time 00:00:13 : CPU Time 00:00:41 : Memory 36.9 G : Disk = 78.4 MB, 1 computed eigenmodes, Average Order 0.472198 (10:47:47 AM  Nov 09, 2023)
[info] Project:clt_sweep_3830um_90um, Setup : [PROFILE]        Max Delta Freq. % = 0.10483 at adaptive pass 5 (10:47:47 AM  Nov 09, 2023)
[info] Project:clt_sweep_3830um_90um, Setup : [CONVERGE] Pass Number:  5;  Solved Elements:  1122615;  Max Delta Freq. %:  0.10483;   (10:47:47 AM  Nov 09, 2023)
[info] Project:clt_sweep_3830um_90um, Setup : [PROFILE] Adaptive Pass 6 : Eigenmode Solution (10:47:47 AM  Nov 09, 2023)
[info] Project:clt_sweep_3830um_90um, Setup : [PROFILE] Mesh (volume, adaptive) : Real Time 00:02:14 : CPU Time 00:02:14 : Memory 1.12 G : 1410777 tetrahedra (10:50:02 AM  Nov 09, 2023)
[info] Project:clt_sweep_3830um_90um, Setup : [PROFILE] Simulation Setup : Real Time 00:01:02 : CPU Time 00:01:02 : Memory 2.07 G : Disk = 0 Bytes (10:51:06 AM  Nov 09, 2023)
[info] Project:clt_sweep_3830um_90um, Setup : [PROFILE] Matrix Assembly : Real Time 00:02:28 : CPU Time 00:02:30 : Memory 11.7 G : Disk = 0 Bytes, 1410777 tetrahedra  (10:53:35 AM  Nov 09, 2023)
[info] Project:clt_sweep_3830um_90um, Setup : [PROFILE] EigenSolver DCS16 : Real Time 00:08:39 : CPU Time 00:49:39 : Memory 56.7 G : Disk = 27.2 MB, matrix size 6066229, matrix bandwidth  20.0, 18 eigen iterations (11:02:15 AM  Nov 09, 2023)
[info] Project:clt_sweep_3830um_90um, Setup : [PROFILE] Field Recovery : Real Time 00:00:18 : CPU Time 00:00:51 : Memory 56.7 G : Disk = 126 MB, 1 computed eigenmodes, Average Order 0.569463 (11:02:33 AM  Nov 09, 2023)
[info] Project:clt_sweep_3830um_90um, Setup : [PROFILE]        Max Delta Freq. % = 0.00131 at adaptive pass 6 (11:02:33 AM  Nov 09, 2023)
[info] Project:clt_sweep_3830um_90um, Setup : [CONVERGE] Pass Number:  6;  Solved Elements:  1410777;  Max Delta Freq. %:  0.0013121;   (11:02:34 AM  Nov 09, 2023)
[info] Project:clt_sweep_3830um_90um, Setup : [PROFILE]        Adaptive Passes converged (11:02:34 AM  Nov 09, 2023)
[info] Project:clt_sweep_3830um_90um, Setup : [PROFILE] Adaptive Meshing : Elapsed time: 00:38:24 (11:02:34 AM  Nov 09, 2023)
[info] Project:clt_sweep_3830um_90um, Setup : [PROFILE] Simulation Summary: (11:02:34 AM  Nov 09, 2023)
[info] Project:clt_sweep_3830um_90um, Setup : [PROFILE] Design Validation : Elapsed time: 00:00:00, total memory: 140 MB (11:02:34 AM  Nov 09, 2023)
[info] Project:clt_sweep_3830um_90um, Setup : [PROFILE] Initial Meshing : Elapsed time: 00:02:27, total memory: 634 MB (11:02:34 AM  Nov 09, 2023)
[info] Project:clt_sweep_3830um_90um, Setup : [PROFILE] Adaptive Meshing : Elapsed time: 00:38:24, total memory: 56.7 GB, total number of cores: 16 (11:02:34 AM  Nov 09, 2023)
[info] Project:clt_sweep_3830um_90um, Setup : [PROFILE]        max solved tets: 1410777, max matrix size: 6066229, max bandwidth:  20.0 (11:02:34 AM  Nov 09, 2023)
[info] Project:clt_sweep_3830um_90um, Setup : [PROFILE]        Time:  11/09/2023 11:02:34, Status: Normal Completion (11:02:34 AM  Nov 09, 2023)
[info] Project:clt_sweep_3830um_90um, Setup : [PROFILE] Stop : Elapsed time : 00:40:52 , ComEngine Memory : 140 M (11:02:34 AM  Nov 09, 2023)
[info] Project:clt_sweep_3830um_90um, Design:CavitySweep_hfss (Eigenmode), Normal completion of simulation on server: Local Machine. (11:02:35 AM  Nov 09, 2023)
Stopping Batch Run: 11:02:42 AM  Nov 09, 2023
