 
ANSYS Electronics Desktop Version 2021.1.0, Build: 2020-11-16 21:49:12
Location: D:\Program Files\AnsysEM\AnsysEM21.1\Win64\ansysedt.exe
Batch Solve/Save: D:\andre\paper_sweeps\project_storage\clt_sweep_3900um_70um.aedt
Starting Batch Run: 3:37:24 PM  Nov 16, 2023
Running as user: DTS\lfl
Temp directory: D:\lfl\AppData\Local\Temp
Project directory: D:\lfl\Documents\Ansoft
Simulation settings:

Design type: HFSS
Allow off core: True
Using automatic settings
16 optimetrics variations will be solved simultaneously.
Partitions:
Machine: localhost, Cores: 1, GPUs: 0, GPU Indexes:<>, RAM pct: 5.625000
Machine: localhost, Cores: 1, GPUs: 0, GPU Indexes:<>, RAM pct: 5.625000
Machine: localhost, Cores: 1, GPUs: 0, GPU Indexes:<>, RAM pct: 5.625000
Machine: localhost, Cores: 1, GPUs: 0, GPU Indexes:<>, RAM pct: 5.625000
Machine: localhost, Cores: 1, GPUs: 0, GPU Indexes:<>, RAM pct: 5.625000
Machine: localhost, Cores: 1, GPUs: 0, GPU Indexes:<>, RAM pct: 5.625000
Machine: localhost, Cores: 1, GPUs: 0, GPU Indexes:<>, RAM pct: 5.625000
Machine: localhost, Cores: 1, GPUs: 0, GPU Indexes:<>, RAM pct: 5.625000
Machine: localhost, Cores: 1, GPUs: 0, GPU Indexes:<>, RAM pct: 5.625000
Machine: localhost, Cores: 1, GPUs: 0, GPU Indexes:<>, RAM pct: 5.625000
Machine: localhost, Cores: 1, GPUs: 0, GPU Indexes:<>, RAM pct: 5.625000
Machine: localhost, Cores: 1, GPUs: 0, GPU Indexes:<>, RAM pct: 5.625000
Machine: localhost, Cores: 1, GPUs: 0, GPU Indexes:<>, RAM pct: 5.625000
Machine: localhost, Cores: 1, GPUs: 0, GPU Indexes:<>, RAM pct: 5.625000
Machine: localhost, Cores: 1, GPUs: 0, GPU Indexes:<>, RAM pct: 5.625000
Machine: localhost, Cores: 1, GPUs: 0, GPU Indexes:<>, RAM pct: 5.625000

Machines:
localhost RAM: 90%, 16 cores, 1 GPUs

[info] Using command line: "D:\Program Files\AnsysEM\AnsysEM21.1\Win64\ansysedt.exe -jobid RSM_19399 -distributed -machinelist list=localhost:-1:16:90%:1 -auto NumDistributedVariations=16 -monitor -useelectronicsppe -ng -batchoptions  'HFSS/AllowOffCore'=1 'HFSS/DefaultProcessPriority'='Normal' 'HFSS/EnableGPU'=1 'HFSS/EnableGPUForSBR'=1 'HFSS/MPIVendor'='Intel' 'HFSS/RemoteSpawnCommand'='SSH' -batchsolve D:\andre\paper_sweeps\project_storage\clt_sweep_3900um_70um.aedt".
[info] Project:clt_sweep_3900um_70um, Setup : [PROFILE] Solution Process : Time:  11/16/2023 15:37:29; Host: DTS-MJ0GK06Y; Processor: 32; OS: NT 10.0; HFSS Version 2021.1.0 (3:37:29 PM  Nov 16, 2023)
[info] Project:clt_sweep_3900um_70um, Setup : [PROFILE]        Executing from D:\Program Files\AnsysEM\AnsysEM21.1\Win64\HFSSCOMENGINE.exe (3:37:29 PM  Nov 16, 2023)
[info] Project:clt_sweep_3900um_70um, Setup : [PROFILE]        HPC Enabled (3:37:29 PM  Nov 16, 2023)
[info] Project:clt_sweep_3900um_70um, Setup : [PROFILE]        Allow off core: True (3:37:29 PM  Nov 16, 2023)
[info] Project:clt_sweep_3900um_70um, Setup : [PROFILE]        Using automatic settings (3:37:29 PM  Nov 16, 2023)
[info] Project:clt_sweep_3900um_70um, Setup : [PROFILE]        Machines: (3:37:29 PM  Nov 16, 2023)
[info] Project:clt_sweep_3900um_70um, Setup : [PROFILE]        DTS-MJ0GK06Y [128 GB]: RAM Limit: 90.000000%, 16 cores (3:37:29 PM  Nov 16, 2023)
[info] Project:clt_sweep_3900um_70um, Setup : [PROFILE]        Solution Basis Order: Mixed (3:37:29 PM  Nov 16, 2023)
[error] Project:clt_sweep_3900um_70um, Design:CavitySweep (Eigenmode), There are no objects in the design. (3:37:29 PM  Nov 16, 2023)
[info] Project:clt_sweep_3900um_70um, Setup : [PROFILE] Design Validation : Elapsed time : 00:00:00 , HFSS ComEngine Memory : 123 M (3:37:29 PM  Nov 16, 2023)
[info] Project:clt_sweep_3900um_70um, Setup : [PROFILE]        Perform full validations with standard port validations (3:37:29 PM  Nov 16, 2023)
[info] Project:clt_sweep_3900um_70um, Setup : [PROFILE]        Time:  11/16/2023 15:37:29, Status: Engine Detected Error (3:37:29 PM  Nov 16, 2023)
[info] Project:clt_sweep_3900um_70um, Setup : [PROFILE] Stop : Elapsed time : 00:00:00 , ComEngine Memory : 123 M (3:37:29 PM  Nov 16, 2023)
[error] Project:clt_sweep_3900um_70um, Design:CavitySweep (Eigenmode), Simulation completed with execution error on server: Local Machine. (3:37:29 PM  Nov 16, 2023)
[info] Project:clt_sweep_3900um_70um, Setup : [PROFILE] Solution Process : Time:  11/16/2023 15:37:32; Host: DTS-MJ0GK06Y; Processor: 32; OS: NT 10.0; HFSS Version 2021.1.0 (3:37:32 PM  Nov 16, 2023)
[info] Project:clt_sweep_3900um_70um, Setup : [PROFILE]        Executing from D:\Program Files\AnsysEM\AnsysEM21.1\Win64\HFSSCOMENGINE.exe (3:37:32 PM  Nov 16, 2023)
[info] Project:clt_sweep_3900um_70um, Setup : [PROFILE]        HPC Enabled (3:37:32 PM  Nov 16, 2023)
[info] Project:clt_sweep_3900um_70um, Setup : [PROFILE]        Allow off core: True (3:37:32 PM  Nov 16, 2023)
[info] Project:clt_sweep_3900um_70um, Setup : [PROFILE]        Using automatic settings (3:37:32 PM  Nov 16, 2023)
[info] Project:clt_sweep_3900um_70um, Setup : [PROFILE]        Machines: (3:37:32 PM  Nov 16, 2023)
[info] Project:clt_sweep_3900um_70um, Setup : [PROFILE]        DTS-MJ0GK06Y [128 GB]: RAM Limit: 90.000000%, 16 cores (3:37:32 PM  Nov 16, 2023)
[info] Project:clt_sweep_3900um_70um, Setup : [PROFILE]        Solution Basis Order: Mixed (3:37:32 PM  Nov 16, 2023)
[info] Project:clt_sweep_3900um_70um, Setup : [PROFILE] Design Validation : Elapsed time : 00:00:00 , HFSS ComEngine Memory : 139 M (3:37:32 PM  Nov 16, 2023)
[info] Project:clt_sweep_3900um_70um, Setup : [PROFILE]        Perform full validations with standard port validations (3:37:32 PM  Nov 16, 2023)
[info] Project:clt_sweep_3900um_70um, Setup : [PROFILE] Initial Meshing : Time:  11/16/2023 15:37:32 (3:37:32 PM  Nov 16, 2023)
[info] Project:clt_sweep_3900um_70um, Setup : [PROFILE] Volume (3:37:32 PM  Nov 16, 2023)
[info] Project:clt_sweep_3900um_70um, Setup : [PROFILE] Mesh Phi : Real Time 00:00:00 : CPU Time 00:00:00 : Memory 68.8 M : 2042 tetrahedra (3:37:32 PM  Nov 16, 2023)
[info] Project:clt_sweep_3900um_70um, Setup : [PROFILE] Mesh Post : Real Time 00:00:00 : CPU Time 00:00:00 : Memory 70.2 M : 2726 tetrahedra (3:37:33 PM  Nov 16, 2023)
[info] Project:clt_sweep_3900um_70um, Setup : [PROFILE] Mesh Refinement : Manual Seed Based (3:37:33 PM  Nov 16, 2023)
[info] Project:clt_sweep_3900um_70um, Setup : [PROFILE] Mesh (volume, seed) : Real Time 00:01:52 : CPU Time 00:01:52 : Memory 637 M : 566500 tetrahedra (3:39:25 PM  Nov 16, 2023)
[info] Project:clt_sweep_3900um_70um, Setup : [PROFILE] Mesh Refinement : Lambda Based (3:39:26 PM  Nov 16, 2023)
[info] Project:clt_sweep_3900um_70um, Setup : [PROFILE] Mesh (lambda based) : Real Time 00:00:16 : CPU Time 00:00:17 : Memory 442 M : 568734 tetrahedra (3:39:43 PM  Nov 16, 2023)
[info] Project:clt_sweep_3900um_70um, Setup : [PROFILE]        port_mesh, mesh1, mesh_ground_strip (3:39:43 PM  Nov 16, 2023)
[info] Project:clt_sweep_3900um_70um, Setup : [PROFILE] Initial Meshing : Elapsed time: 00:02:11 (3:39:43 PM  Nov 16, 2023)
[info] Project:clt_sweep_3900um_70um, Setup : [PROFILE] Adaptive Meshing : Time:  11/16/2023 15:39:43 (3:39:43 PM  Nov 16, 2023)
[info] Project:clt_sweep_3900um_70um, Setup : [PROFILE] Adaptive Pass 1 : Eigenmode Solution (3:39:43 PM  Nov 16, 2023)
[info] Project:clt_sweep_3900um_70um, Setup : [PROFILE] Simulation Setup : Real Time 00:00:11 : CPU Time 00:00:11 : Memory 885 M : Disk = 0 Bytes (3:39:55 PM  Nov 16, 2023)
[info] Project:clt_sweep_3900um_70um, Setup : [PROFILE] Matrix Assembly : Real Time 00:00:10 : CPU Time 00:00:13 : Memory 1.32 G : Disk = 0 Bytes, 568734 tetrahedra  (3:40:06 PM  Nov 16, 2023)
[info] Project:clt_sweep_3900um_70um, Setup : [PROFILE] EigenSolver DCS16 : Real Time 00:00:19 : CPU Time 00:02:33 : Memory 3.74 G : Disk = 9.54 MB, matrix size 625014, matrix bandwidth   8.4, 19 eigen iterations (3:40:25 PM  Nov 16, 2023)
[info] Project:clt_sweep_3900um_70um, Setup : [PROFILE] Field Recovery : Real Time 00:00:06 : CPU Time 00:00:20 : Memory 3.74 G : Disk = 205 MB, 1 computed eigenmodes, Average Order 0.004208 (3:40:32 PM  Nov 16, 2023)
[info] Project:clt_sweep_3900um_70um, Setup : [CONVERGE] Pass Number:  1;  Solved Elements:  568734;  Max Delta Freq. %:  N/A;   (3:40:32 PM  Nov 16, 2023)
[info] Project:clt_sweep_3900um_70um, Setup : [PROFILE] Adaptive Pass 2 : Eigenmode Solution (3:40:32 PM  Nov 16, 2023)
[info] Project:clt_sweep_3900um_70um, Setup : [PROFILE] Mesh (volume, adaptive) : Real Time 00:00:45 : CPU Time 00:00:45 : Memory 622 M : 739358 tetrahedra (3:41:18 PM  Nov 16, 2023)
[info] Project:clt_sweep_3900um_70um, Setup : [PROFILE] Simulation Setup : Real Time 00:00:17 : CPU Time 00:00:17 : Memory 1.11 G : Disk = 0 Bytes (3:41:36 PM  Nov 16, 2023)
[info] Project:clt_sweep_3900um_70um, Setup : [PROFILE] Matrix Assembly : Real Time 00:00:28 : CPU Time 00:00:31 : Memory 2.74 G : Disk = 0 Bytes, 739358 tetrahedra  (3:42:05 PM  Nov 16, 2023)
[info] Project:clt_sweep_3900um_70um, Setup : [PROFILE] EigenSolver DCS16 : Real Time 00:00:57 : CPU Time 00:05:45 : Memory 9.29 G : Disk = 11.5 MB, matrix size 1379511, matrix bandwidth  14.4, 17 eigen iterations (3:43:02 PM  Nov 16, 2023)
[info] Project:clt_sweep_3900um_70um, Setup : [PROFILE] Field Recovery : Real Time 00:00:08 : CPU Time 00:00:26 : Memory 9.29 G : Disk = 72.5 MB, 1 computed eigenmodes, Average Order 0.115123 (3:43:10 PM  Nov 16, 2023)
[info] Project:clt_sweep_3900um_70um, Setup : [PROFILE]        Max Delta Freq. % = 7.47932 at adaptive pass 2 (3:43:10 PM  Nov 16, 2023)
[info] Project:clt_sweep_3900um_70um, Setup : [CONVERGE] Pass Number:  2;  Solved Elements:  739358;  Max Delta Freq. %:  7.4793;   (3:43:11 PM  Nov 16, 2023)
[info] Project:clt_sweep_3900um_70um, Setup : [PROFILE] Adaptive Pass 3 : Eigenmode Solution (3:43:11 PM  Nov 16, 2023)
[info] Project:clt_sweep_3900um_70um, Setup : [PROFILE] Mesh (volume, adaptive) : Real Time 00:00:31 : CPU Time 00:00:31 : Memory 617 M : 787893 tetrahedra (3:43:42 PM  Nov 16, 2023)
[info] Project:clt_sweep_3900um_70um, Setup : [PROFILE] Simulation Setup : Real Time 00:00:20 : CPU Time 00:00:20 : Memory 1.18 G : Disk = 0 Bytes (3:44:03 PM  Nov 16, 2023)
[info] Project:clt_sweep_3900um_70um, Setup : [PROFILE] Matrix Assembly : Real Time 00:00:35 : CPU Time 00:00:38 : Memory 3.66 G : Disk = 0 Bytes, 787893 tetrahedra  (3:44:39 PM  Nov 16, 2023)
[info] Project:clt_sweep_3900um_70um, Setup : [PROFILE] EigenSolver DCS16 : Real Time 00:01:46 : CPU Time 00:09:00 : Memory 13.4 G : Disk = 7.59 MB, matrix size 1876766, matrix bandwidth  16.4, 17 eigen iterations (3:46:26 PM  Nov 16, 2023)
[info] Project:clt_sweep_3900um_70um, Setup : [PROFILE] Field Recovery : Real Time 00:00:12 : CPU Time 00:00:36 : Memory 13.4 G : Disk = 31.8 MB, 1 computed eigenmodes, Average Order 0.206550 (3:46:39 PM  Nov 16, 2023)
[info] Project:clt_sweep_3900um_70um, Setup : [PROFILE]        Max Delta Freq. % = 0.53709 at adaptive pass 3 (3:46:39 PM  Nov 16, 2023)
[info] Project:clt_sweep_3900um_70um, Setup : [CONVERGE] Pass Number:  3;  Solved Elements:  787893;  Max Delta Freq. %:  0.53709;   (3:46:39 PM  Nov 16, 2023)
[info] Project:clt_sweep_3900um_70um, Setup : [PROFILE] Adaptive Pass 4 : Eigenmode Solution (3:46:39 PM  Nov 16, 2023)
[info] Project:clt_sweep_3900um_70um, Setup : [PROFILE] Mesh (volume, adaptive) : Real Time 00:00:52 : CPU Time 00:00:52 : Memory 741 M : 906081 tetrahedra (3:47:31 PM  Nov 16, 2023)
[info] Project:clt_sweep_3900um_70um, Setup : [PROFILE] Simulation Setup : Real Time 00:00:38 : CPU Time 00:00:38 : Memory 1.37 G : Disk = 0 Bytes (3:48:10 PM  Nov 16, 2023)
[info] Project:clt_sweep_3900um_70um, Setup : [PROFILE] Matrix Assembly : Real Time 00:00:58 : CPU Time 00:01:01 : Memory 5.52 G : Disk = 0 Bytes, 906081 tetrahedra  (3:49:09 PM  Nov 16, 2023)
[info] Project:clt_sweep_3900um_70um, Setup : [PROFILE] EigenSolver DCS16 : Real Time 00:04:18 : CPU Time 00:18:49 : Memory 23.1 G : Disk = 14.9 MB, matrix size 2852871, matrix bandwidth  18.3, 18 eigen iterations (3:53:27 PM  Nov 16, 2023)
[info] Project:clt_sweep_3900um_70um, Setup : [PROFILE] Field Recovery : Real Time 00:00:43 : CPU Time 00:03:33 : Memory 23.1 G : Disk = 58 MB, 1 computed eigenmodes, Average Order 0.344590 (3:54:11 PM  Nov 16, 2023)
[info] Project:clt_sweep_3900um_70um, Setup : [PROFILE]        Max Delta Freq. % = 0.27673 at adaptive pass 4 (3:54:11 PM  Nov 16, 2023)
[info] Project:clt_sweep_3900um_70um, Setup : [CONVERGE] Pass Number:  4;  Solved Elements:  906081;  Max Delta Freq. %:  0.27673;   (3:54:11 PM  Nov 16, 2023)
[info] Project:clt_sweep_3900um_70um, Setup : [PROFILE] Adaptive Pass 5 : Eigenmode Solution (3:54:11 PM  Nov 16, 2023)
[info] Project:clt_sweep_3900um_70um, Setup : [PROFILE] Mesh (volume, adaptive) : Real Time 00:01:10 : CPU Time 00:01:09 : Memory 826 M : 1044069 tetrahedra (3:55:21 PM  Nov 16, 2023)
[info] Project:clt_sweep_3900um_70um, Setup : [PROFILE] Simulation Setup : Real Time 00:00:44 : CPU Time 00:00:44 : Memory 1.55 G : Disk = 0 Bytes (3:56:06 PM  Nov 16, 2023)
[info] Project:clt_sweep_3900um_70um, Setup : [PROFILE] Matrix Assembly : Real Time 00:01:42 : CPU Time 00:01:43 : Memory 7.28 G : Disk = 0 Bytes, 1044069 tetrahedra  (3:57:48 PM  Nov 16, 2023)
[info] Project:clt_sweep_3900um_70um, Setup : [PROFILE] EigenSolver DCS16 : Real Time 00:08:33 : CPU Time 00:34:29 : Memory 27.7 G : Disk = 14.1 MB, matrix size 3774563, matrix bandwidth  19.1, 17 eigen iterations (4:06:22 PM  Nov 16, 2023)
[info] Project:clt_sweep_3900um_70um, Setup : [PROFILE] Field Recovery : Real Time 00:00:18 : CPU Time 00:00:54 : Memory 27.7 G : Disk = 67.5 MB, 1 computed eigenmodes, Average Order 0.436604 (4:06:40 PM  Nov 16, 2023)
[info] Project:clt_sweep_3900um_70um, Setup : [PROFILE]        Max Delta Freq. % = 0.11068 at adaptive pass 5 (4:06:40 PM  Nov 16, 2023)
[info] Project:clt_sweep_3900um_70um, Setup : [CONVERGE] Pass Number:  5;  Solved Elements:  1044069;  Max Delta Freq. %:  0.11068;   (4:06:40 PM  Nov 16, 2023)
[info] Project:clt_sweep_3900um_70um, Setup : [PROFILE] Adaptive Pass 6 : Eigenmode Solution (4:06:40 PM  Nov 16, 2023)
[info] Project:clt_sweep_3900um_70um, Setup : [PROFILE] Mesh (volume, adaptive) : Real Time 00:01:51 : CPU Time 00:01:42 : Memory 1e+03 M : 1243977 tetrahedra (4:08:32 PM  Nov 16, 2023)
[info] Project:clt_sweep_3900um_70um, Setup : [PROFILE] Simulation Setup : Real Time 00:02:15 : CPU Time 00:01:01 : Memory 1.83 G : Disk = 0 Bytes (4:10:48 PM  Nov 16, 2023)
[info] Project:clt_sweep_3900um_70um, Setup : [PROFILE] Matrix Assembly : Real Time 00:02:30 : CPU Time 00:02:27 : Memory 9.4 G : Disk = 0 Bytes, 1243977 tetrahedra  (4:13:18 PM  Nov 16, 2023)
[info] Project:clt_sweep_3900um_70um, Setup : [PROFILE]        Matrix solver exception: out of memory, please verify RAM Limit (%) setting (4:15:51 PM  Nov 16, 2023)
[error] Project:clt_sweep_3900um_70um, Design:CavitySweep_hfss (Eigenmode), Adaptive solution setup, process hf3d error: Matrix solver exception: out of memory, please verify RAM Limit (%) setting. Please contact ANSYS technical support. (4:15:51 PM  Nov 16, 2023)
[info] Project:clt_sweep_3900um_70um, Setup : [PROFILE] Simulation Summary: (4:15:51 PM  Nov 16, 2023)
[info] Project:clt_sweep_3900um_70um, Setup : [PROFILE] Design Validation : Elapsed time: 00:00:00, total memory: 139 MB (4:15:51 PM  Nov 16, 2023)
[info] Project:clt_sweep_3900um_70um, Setup : [PROFILE] Initial Meshing : Elapsed time: 00:02:11, total memory: 637 MB (4:15:51 PM  Nov 16, 2023)
[info] Project:clt_sweep_3900um_70um, Setup : [PROFILE] Adaptive Meshing : Elapsed time: 00:36:07, total memory: 27.7 GB, total number of cores: 16 (4:15:51 PM  Nov 16, 2023)
[info] Project:clt_sweep_3900um_70um, Setup : [PROFILE]        max solved tets: 1044069, max matrix size: 3774563, max bandwidth:  19.1 (4:15:51 PM  Nov 16, 2023)
[warning] Project:clt_sweep_3900um_70um, Design:CavitySweep_hfss (Eigenmode), Com Engine non-responsive since 16:16:31, November 16, 2023. 
 Can be due to CPU intensive processing or network problems. 
 If persisting for long, manually kill the com engine process and restart analysis. Retrying.....  (4:17:31 PM  Nov 16, 2023)
[error] Project:clt_sweep_3900um_70um, Design:CavitySweep_hfss (Eigenmode), Machine Local Machine: Engine terminated unexpectedly, or machine reported error or was inaccessible. (4:18:30 PM  Nov 16, 2023)
Stopping Batch Run: 4:18:38 PM  Nov 16, 2023
