 
ANSYS Electronics Desktop Version 2021.1.0, Build: 2020-11-16 21:49:12
Location: D:\Program Files\AnsysEM\AnsysEM21.1\Win64\ansysedt.exe
Batch Solve/Save: D:\andre\paper_sweeps\project_storage\clt_sweep_3900um_70um.aedt
Starting Batch Run: 3:06:55 PM  Nov 16, 2023
Running as user: DTS\lfl
Temp directory: D:\lfl\AppData\Local\Temp
Project directory: D:\lfl\Documents\Ansoft
Simulation settings:

Design type: HFSS
Allow off core: True
Using automatic settings
16 optimetrics variations will be solved simultaneously.
Partitions:
Machine: localhost, Cores: 1, GPUs: 0, GPU Indexes:<>, RAM pct: 5.625000
Machine: localhost, Cores: 1, GPUs: 0, GPU Indexes:<>, RAM pct: 5.625000
Machine: localhost, Cores: 1, GPUs: 0, GPU Indexes:<>, RAM pct: 5.625000
Machine: localhost, Cores: 1, GPUs: 0, GPU Indexes:<>, RAM pct: 5.625000
Machine: localhost, Cores: 1, GPUs: 0, GPU Indexes:<>, RAM pct: 5.625000
Machine: localhost, Cores: 1, GPUs: 0, GPU Indexes:<>, RAM pct: 5.625000
Machine: localhost, Cores: 1, GPUs: 0, GPU Indexes:<>, RAM pct: 5.625000
Machine: localhost, Cores: 1, GPUs: 0, GPU Indexes:<>, RAM pct: 5.625000
Machine: localhost, Cores: 1, GPUs: 0, GPU Indexes:<>, RAM pct: 5.625000
Machine: localhost, Cores: 1, GPUs: 0, GPU Indexes:<>, RAM pct: 5.625000
Machine: localhost, Cores: 1, GPUs: 0, GPU Indexes:<>, RAM pct: 5.625000
Machine: localhost, Cores: 1, GPUs: 0, GPU Indexes:<>, RAM pct: 5.625000
Machine: localhost, Cores: 1, GPUs: 0, GPU Indexes:<>, RAM pct: 5.625000
Machine: localhost, Cores: 1, GPUs: 0, GPU Indexes:<>, RAM pct: 5.625000
Machine: localhost, Cores: 1, GPUs: 0, GPU Indexes:<>, RAM pct: 5.625000
Machine: localhost, Cores: 1, GPUs: 0, GPU Indexes:<>, RAM pct: 5.625000

Machines:
localhost RAM: 90%, 16 cores, 1 GPUs

[info] Using command line: "D:\Program Files\AnsysEM\AnsysEM21.1\Win64\ansysedt.exe -jobid RSM_13426 -distributed -machinelist list=localhost:-1:16:90%:1 -auto NumDistributedVariations=16 -monitor -useelectronicsppe -ng -batchoptions  'HFSS/AllowOffCore'=1 'HFSS/DefaultProcessPriority'='Normal' 'HFSS/EnableGPU'=1 'HFSS/EnableGPUForSBR'=1 'HFSS/MPIVendor'='Intel' 'HFSS/RemoteSpawnCommand'='SSH' -batchsolve D:\andre\paper_sweeps\project_storage\clt_sweep_3900um_70um.aedt".
[info] Project:clt_sweep_3900um_70um, Setup : [PROFILE] Solution Process : Time:  11/16/2023 15:07:00; Host: DTS-MJ0GK06Y; Processor: 32; OS: NT 10.0; HFSS Version 2021.1.0 (3:07:00 PM  Nov 16, 2023)
[info] Project:clt_sweep_3900um_70um, Setup : [PROFILE]        Executing from D:\Program Files\AnsysEM\AnsysEM21.1\Win64\HFSSCOMENGINE.exe (3:07:00 PM  Nov 16, 2023)
[info] Project:clt_sweep_3900um_70um, Setup : [PROFILE]        HPC Enabled (3:07:00 PM  Nov 16, 2023)
[info] Project:clt_sweep_3900um_70um, Setup : [PROFILE]        Allow off core: True (3:07:00 PM  Nov 16, 2023)
[info] Project:clt_sweep_3900um_70um, Setup : [PROFILE]        Using automatic settings (3:07:00 PM  Nov 16, 2023)
[info] Project:clt_sweep_3900um_70um, Setup : [PROFILE]        Machines: (3:07:00 PM  Nov 16, 2023)
[info] Project:clt_sweep_3900um_70um, Setup : [PROFILE]        DTS-MJ0GK06Y [128 GB]: RAM Limit: 90.000000%, 16 cores (3:07:00 PM  Nov 16, 2023)
[info] Project:clt_sweep_3900um_70um, Setup : [PROFILE]        Solution Basis Order: Mixed (3:07:00 PM  Nov 16, 2023)
[error] Project:clt_sweep_3900um_70um, Design:CavitySweep (Eigenmode), There are no objects in the design. (3:07:00 PM  Nov 16, 2023)
[info] Project:clt_sweep_3900um_70um, Setup : [PROFILE] Design Validation : Elapsed time : 00:00:00 , HFSS ComEngine Memory : 123 M (3:07:00 PM  Nov 16, 2023)
[info] Project:clt_sweep_3900um_70um, Setup : [PROFILE]        Perform full validations with standard port validations (3:07:00 PM  Nov 16, 2023)
[info] Project:clt_sweep_3900um_70um, Setup : [PROFILE]        Time:  11/16/2023 15:07:00, Status: Engine Detected Error (3:07:00 PM  Nov 16, 2023)
[info] Project:clt_sweep_3900um_70um, Setup : [PROFILE] Stop : Elapsed time : 00:00:00 , ComEngine Memory : 123 M (3:07:00 PM  Nov 16, 2023)
[error] Project:clt_sweep_3900um_70um, Design:CavitySweep (Eigenmode), Simulation completed with execution error on server: Local Machine. (3:07:00 PM  Nov 16, 2023)
[info] Project:clt_sweep_3900um_70um, Setup : [PROFILE] Solution Process : Time:  11/16/2023 15:07:03; Host: DTS-MJ0GK06Y; Processor: 32; OS: NT 10.0; HFSS Version 2021.1.0 (3:07:03 PM  Nov 16, 2023)
[info] Project:clt_sweep_3900um_70um, Setup : [PROFILE]        Executing from D:\Program Files\AnsysEM\AnsysEM21.1\Win64\HFSSCOMENGINE.exe (3:07:03 PM  Nov 16, 2023)
[info] Project:clt_sweep_3900um_70um, Setup : [PROFILE]        HPC Enabled (3:07:03 PM  Nov 16, 2023)
[info] Project:clt_sweep_3900um_70um, Setup : [PROFILE]        Allow off core: True (3:07:03 PM  Nov 16, 2023)
[info] Project:clt_sweep_3900um_70um, Setup : [PROFILE]        Using automatic settings (3:07:03 PM  Nov 16, 2023)
[info] Project:clt_sweep_3900um_70um, Setup : [PROFILE]        Machines: (3:07:03 PM  Nov 16, 2023)
[info] Project:clt_sweep_3900um_70um, Setup : [PROFILE]        DTS-MJ0GK06Y [128 GB]: RAM Limit: 90.000000%, 16 cores (3:07:03 PM  Nov 16, 2023)
[info] Project:clt_sweep_3900um_70um, Setup : [PROFILE]        Solution Basis Order: Mixed (3:07:03 PM  Nov 16, 2023)
[info] Project:clt_sweep_3900um_70um, Setup : [PROFILE] Design Validation : Elapsed time : 00:00:00 , HFSS ComEngine Memory : 133 M (3:07:03 PM  Nov 16, 2023)
[info] Project:clt_sweep_3900um_70um, Setup : [PROFILE]        Perform full validations with standard port validations (3:07:03 PM  Nov 16, 2023)
[info] Project:clt_sweep_3900um_70um, Setup : [PROFILE]        Adaptive Passes converged (3:07:03 PM  Nov 16, 2023)
[info] Project:clt_sweep_3900um_70um, Setup : [PROFILE] Simulation Summary: (3:07:03 PM  Nov 16, 2023)
[info] Project:clt_sweep_3900um_70um, Setup : [PROFILE] Design Validation : Elapsed time: 00:00:00, total memory: 133 MB (3:07:03 PM  Nov 16, 2023)
[info] Project:clt_sweep_3900um_70um, Setup : [PROFILE]        Time:  11/16/2023 15:07:03, Status: Normal Completion (3:07:03 PM  Nov 16, 2023)
[info] Project:clt_sweep_3900um_70um, Setup : [PROFILE] Stop : Elapsed time : 00:00:00 , ComEngine Memory : 134 M (3:07:03 PM  Nov 16, 2023)
[info] Project:clt_sweep_3900um_70um, Design:CavitySweep_hfss (Eigenmode), Normal completion of simulation on server: Local Machine. (3:07:04 PM  Nov 16, 2023)
Stopping Batch Run: 3:07:11 PM  Nov 16, 2023
